[0.086s] Invoking command in '/home/marina/Senior-Design/NavQPlus/build/rover_project': CMAKE_PREFIX_PATH=/opt/ros/humble /usr/bin/cmake --build /home/marina/Senior-Design/NavQPlus/build/rover_project -- -j4 -l4
[0.282s] -- Found ament_cmake: 1.3.12 (/opt/ros/humble/share/ament_cmake/cmake)
[1.426s] -- Found rosidl_default_generators: 1.2.0 (/opt/ros/humble/share/rosidl_default_generators/cmake)
[1.438s] -- Using all available rosidl_typesupport_c: rosidl_typesupport_fastrtps_c;rosidl_typesupport_introspection_c
[1.460s] -- Found rosidl_adapter: 3.1.8 (/opt/ros/humble/share/rosidl_adapter/cmake)
[1.727s] -- Using all available rosidl_typesupport_cpp: rosidl_typesupport_fastrtps_cpp;rosidl_typesupport_introspection_cpp
[4.302s] -- Found ament_cmake_ros: 0.10.0 (/opt/ros/humble/share/ament_cmake_ros/cmake)
[5.807s] -- Using all available rosidl_typesupport_c: rosidl_typesupport_fastrtps_c;rosidl_typesupport_introspection_c
[7.773s] -- Using all available rosidl_typesupport_cpp: rosidl_typesupport_fastrtps_cpp;rosidl_typesupport_introspection_cpp
[7.945s] -- Found python_cmake_module: 0.10.0 (/opt/ros/humble/share/python_cmake_module/cmake)
[8.118s] -- Using PYTHON_EXECUTABLE: /usr/bin/python3
[8.119s] -- Using PYTHON_INCLUDE_DIRS: /usr/include/python3.10
[8.119s] -- Using PYTHON_LIBRARIES: /usr/lib/aarch64-linux-gnu/libpython3.10.so
[8.224s] -- Configuring done
[8.486s] -- Generating done
[8.586s] -- Build files have been written to: /home/marina/Senior-Design/NavQPlus/build/rover_project
[8.735s] [35m[1mConsolidate compiler generated dependencies of target rover_project__rosidl_generator_c[0m
[8.836s] [  3%] Built target rover_project__cpp
[8.852s] [ 12%] Built target rover_project__rosidl_generator_c
[8.951s] [35m[1mConsolidate compiler generated dependencies of target rover_project__rosidl_typesupport_fastrtps_cpp[0m
[8.953s] [35m[1mConsolidate compiler generated dependencies of target rover_project__rosidl_typesupport_introspection_cpp[0m
[8.993s] [35m[1mConsolidate compiler generated dependencies of target rover_project__rosidl_typesupport_cpp[0m
[9.086s] [ 12%] Built target ament_cmake_python_copy_rover_project
[9.161s] [ 23%] Built target rover_project__rosidl_typesupport_cpp
[9.168s] [ 34%] Built target rover_project__rosidl_typesupport_introspection_cpp
[9.204s] [ 46%] Built target rover_project__rosidl_typesupport_fastrtps_cpp
[9.230s] [35m[1mConsolidate compiler generated dependencies of target rover_project__rosidl_typesupport_fastrtps_c[0m
[9.278s] [35m[1mConsolidate compiler generated dependencies of target rover_project__rosidl_typesupport_introspection_c[0m
[9.347s] [35m[1mConsolidate compiler generated dependencies of target rover_project__rosidl_typesupport_c[0m
[9.392s] [ 57%] Built target rover_project__rosidl_typesupport_introspection_c
[9.409s] [ 68%] Built target rover_project__rosidl_typesupport_fastrtps_c
[9.467s] [ 79%] Built target rover_project__rosidl_typesupport_c
[9.688s] [ 79%] Built target rover_project
[9.821s] [ 80%] Built target rover_project__py
[9.899s] [35m[1mConsolidate compiler generated dependencies of target rover_project__rosidl_generator_py[0m
[10.044s] [ 90%] Built target rover_project__rosidl_generator_py
[10.122s] [35m[1mConsolidate compiler generated dependencies of target rover_project__rosidl_typesupport_c__pyext[0m
[10.178s] [35m[1mConsolidate compiler generated dependencies of target rover_project__rosidl_typesupport_fastrtps_c__pyext[0m
[10.203s] [ 93%] Built target rover_project__rosidl_typesupport_c__pyext
[10.219s] [35m[1mConsolidate compiler generated dependencies of target rover_project__rosidl_typesupport_introspection_c__pyext[0m
[10.315s] [ 96%] Built target rover_project__rosidl_typesupport_fastrtps_c__pyext
[10.372s] [100%] Built target rover_project__rosidl_typesupport_introspection_c__pyext
[12.132s] running egg_info
[12.407s] writing rover_project.egg-info/PKG-INFO
[12.410s] writing dependency_links to rover_project.egg-info/dependency_links.txt
[12.413s] writing top-level names to rover_project.egg-info/top_level.txt
[15.477s] reading manifest file 'rover_project.egg-info/SOURCES.txt'
[15.487s] writing manifest file 'rover_project.egg-info/SOURCES.txt'
[15.780s] [100%] Built target ament_cmake_python_build_rover_project_egg
[15.841s] Invoked command in '/home/marina/Senior-Design/NavQPlus/build/rover_project' returned '0': CMAKE_PREFIX_PATH=/opt/ros/humble /usr/bin/cmake --build /home/marina/Senior-Design/NavQPlus/build/rover_project -- -j4 -l4
[15.893s] Invoking command in '/home/marina/Senior-Design/NavQPlus/build/rover_project': CMAKE_PREFIX_PATH=/opt/ros/humble /usr/bin/cmake --install /home/marina/Senior-Design/NavQPlus/build/rover_project
[15.937s] -- Install configuration: ""
[15.939s] -- Up-to-date: /home/marina/Senior-Design/NavQPlus/install/rover_project/share/ament_index/resource_index/rosidl_interfaces/rover_project
[15.941s] -- Up-to-date: /home/marina/Senior-Design/NavQPlus/install/rover_project/include/rover_project/rover_project
[15.942s] -- Up-to-date: /home/marina/Senior-Design/NavQPlus/install/rover_project/include/rover_project/rover_project/msg
[15.943s] -- Up-to-date: /home/marina/Senior-Design/NavQPlus/install/rover_project/include/rover_project/rover_project/msg/rosidl_generator_c__visibility_control.h
[15.944s] -- Up-to-date: /home/marina/Senior-Design/NavQPlus/install/rover_project/include/rover_project/rover_project/msg/gps_fix.h
[15.945s] -- Up-to-date: /home/marina/Senior-Design/NavQPlus/install/rover_project/include/rover_project/rover_project/msg/detail
[15.947s] -- Up-to-date: /home/marina/Senior-Design/NavQPlus/install/rover_project/include/rover_project/rover_project/msg/detail/gps_fix__functions.h
[15.949s] -- Up-to-date: /home/marina/Senior-Design/NavQPlus/install/rover_project/include/rover_project/rover_project/msg/detail/imu_orientation__type_support.h
[15.951s] -- Up-to-date: /home/marina/Senior-Design/NavQPlus/install/rover_project/include/rover_project/rover_project/msg/detail/proximity__functions.h
[15.953s] -- Up-to-date: /home/marina/Senior-Design/NavQPlus/install/rover_project/include/rover_project/rover_project/msg/detail/waypoint_list__struct.h
[15.954s] -- Up-to-date: /home/marina/Senior-Design/NavQPlus/install/rover_project/include/rover_project/rover_project/msg/detail/nav_goal__type_support.h
[15.955s] -- Up-to-date: /home/marina/Senior-Design/NavQPlus/install/rover_project/include/rover_project/rover_project/msg/detail/proximity__functions.c
[15.956s] -- Up-to-date: /home/marina/Senior-Design/NavQPlus/install/rover_project/include/rover_project/rover_project/msg/detail/waypoint_list__functions.c
[15.957s] -- Up-to-date: /home/marina/Senior-Design/NavQPlus/install/rover_project/include/rover_project/rover_project/msg/detail/imu_orientation__functions.h
[15.958s] -- Up-to-date: /home/marina/Senior-Design/NavQPlus/install/rover_project/include/rover_project/rover_project/msg/detail/imu_orientation__struct.h
[15.959s] -- Up-to-date: /home/marina/Senior-Design/NavQPlus/install/rover_project/include/rover_project/rover_project/msg/detail/waypoint_list__functions.h
[15.960s] -- Up-to-date: /home/marina/Senior-Design/NavQPlus/install/rover_project/include/rover_project/rover_project/msg/detail/gps_fix__functions.c
[15.961s] -- Up-to-date: /home/marina/Senior-Design/NavQPlus/install/rover_project/include/rover_project/rover_project/msg/detail/gps_fix__type_support.h
[15.962s] -- Up-to-date: /home/marina/Senior-Design/NavQPlus/install/rover_project/include/rover_project/rover_project/msg/detail/nav_goal__functions.h
[15.965s] -- Up-to-date: /home/marina/Senior-Design/NavQPlus/install/rover_project/include/rover_project/rover_project/msg/detail/nav_goal__struct.h
[15.967s] -- Up-to-date: /home/marina/Senior-Design/NavQPlus/install/rover_project/include/rover_project/rover_project/msg/detail/waypoint_list__type_support.h
[15.968s] -- Up-to-date: /home/marina/Senior-Design/NavQPlus/install/rover_project/include/rover_project/rover_project/msg/detail/imu_orientation__functions.c
[15.969s] -- Up-to-date: /home/marina/Senior-Design/NavQPlus/install/rover_project/include/rover_project/rover_project/msg/detail/proximity__type_support.h
[15.971s] -- Up-to-date: /home/marina/Senior-Design/NavQPlus/install/rover_project/include/rover_project/rover_project/msg/detail/proximity__struct.h
[15.972s] -- Up-to-date: /home/marina/Senior-Design/NavQPlus/install/rover_project/include/rover_project/rover_project/msg/detail/gps_fix__struct.h
[15.974s] -- Up-to-date: /home/marina/Senior-Design/NavQPlus/install/rover_project/include/rover_project/rover_project/msg/detail/nav_goal__functions.c
[15.977s] -- Up-to-date: /home/marina/Senior-Design/NavQPlus/install/rover_project/include/rover_project/rover_project/msg/imu_orientation.h
[15.980s] -- Up-to-date: /home/marina/Senior-Design/NavQPlus/install/rover_project/include/rover_project/rover_project/msg/nav_goal.h
[15.983s] -- Up-to-date: /home/marina/Senior-Design/NavQPlus/install/rover_project/include/rover_project/rover_project/msg/proximity.h
[15.984s] -- Up-to-date: /home/marina/Senior-Design/NavQPlus/install/rover_project/include/rover_project/rover_project/msg/waypoint_list.h
[15.985s] -- Up-to-date: /home/marina/Senior-Design/NavQPlus/install/rover_project/share/rover_project/environment/library_path.sh
[15.986s] -- Installing: /home/marina/Senior-Design/NavQPlus/install/rover_project/share/rover_project/environment/library_path.dsv
[15.987s] -- Up-to-date: /home/marina/Senior-Design/NavQPlus/install/rover_project/lib/librover_project__rosidl_generator_c.so
[15.988s] -- Up-to-date: /home/marina/Senior-Design/NavQPlus/install/rover_project/include/rover_project/rover_project
[15.989s] -- Up-to-date: /home/marina/Senior-Design/NavQPlus/install/rover_project/include/rover_project/rover_project/msg
[15.990s] -- Up-to-date: /home/marina/Senior-Design/NavQPlus/install/rover_project/include/rover_project/rover_project/msg/detail
[15.990s] -- Up-to-date: /home/marina/Senior-Design/NavQPlus/install/rover_project/include/rover_project/rover_project/msg/detail/imu_orientation__rosidl_typesupport_fastrtps_c.h
[15.991s] -- Up-to-date: /home/marina/Senior-Design/NavQPlus/install/rover_project/include/rover_project/rover_project/msg/detail/nav_goal__rosidl_typesupport_fastrtps_c.h
[15.992s] -- Up-to-date: /home/marina/Senior-Design/NavQPlus/install/rover_project/include/rover_project/rover_project/msg/detail/waypoint_list__rosidl_typesupport_fastrtps_c.h
[15.994s] -- Up-to-date: /home/marina/Senior-Design/NavQPlus/install/rover_project/include/rover_project/rover_project/msg/detail/proximity__rosidl_typesupport_fastrtps_c.h
[15.995s] -- Up-to-date: /home/marina/Senior-Design/NavQPlus/install/rover_project/include/rover_project/rover_project/msg/detail/gps_fix__rosidl_typesupport_fastrtps_c.h
[15.998s] -- Up-to-date: /home/marina/Senior-Design/NavQPlus/install/rover_project/include/rover_project/rover_project/msg/rosidl_typesupport_fastrtps_c__visibility_control.h
[15.999s] -- Up-to-date: /home/marina/Senior-Design/NavQPlus/install/rover_project/lib/librover_project__rosidl_typesupport_fastrtps_c.so
[16.000s] -- Up-to-date: /home/marina/Senior-Design/NavQPlus/install/rover_project/include/rover_project/rover_project
[16.001s] -- Up-to-date: /home/marina/Senior-Design/NavQPlus/install/rover_project/include/rover_project/rover_project/msg
[16.003s] -- Up-to-date: /home/marina/Senior-Design/NavQPlus/install/rover_project/include/rover_project/rover_project/msg/rosidl_typesupport_introspection_c__visibility_control.h
[16.005s] -- Up-to-date: /home/marina/Senior-Design/NavQPlus/install/rover_project/include/rover_project/rover_project/msg/detail
[16.006s] -- Up-to-date: /home/marina/Senior-Design/NavQPlus/install/rover_project/include/rover_project/rover_project/msg/detail/imu_orientation__rosidl_typesupport_introspection_c.h
[16.007s] -- Up-to-date: /home/marina/Senior-Design/NavQPlus/install/rover_project/include/rover_project/rover_project/msg/detail/gps_fix__rosidl_typesupport_introspection_c.h
[16.008s] -- Up-to-date: /home/marina/Senior-Design/NavQPlus/install/rover_project/include/rover_project/rover_project/msg/detail/nav_goal__type_support.c
[16.009s] -- Up-to-date: /home/marina/Senior-Design/NavQPlus/install/rover_project/include/rover_project/rover_project/msg/detail/waypoint_list__rosidl_typesupport_introspection_c.h
[16.011s] -- Up-to-date: /home/marina/Senior-Design/NavQPlus/install/rover_project/include/rover_project/rover_project/msg/detail/gps_fix__type_support.c
[16.012s] -- Up-to-date: /home/marina/Senior-Design/NavQPlus/install/rover_project/include/rover_project/rover_project/msg/detail/waypoint_list__type_support.c
[16.013s] -- Up-to-date: /home/marina/Senior-Design/NavQPlus/install/rover_project/include/rover_project/rover_project/msg/detail/nav_goal__rosidl_typesupport_introspection_c.h
[16.014s] -- Up-to-date: /home/marina/Senior-Design/NavQPlus/install/rover_project/include/rover_project/rover_project/msg/detail/proximity__rosidl_typesupport_introspection_c.h
[16.015s] -- Up-to-date: /home/marina/Senior-Design/NavQPlus/install/rover_project/include/rover_project/rover_project/msg/detail/proximity__type_support.c
[16.016s] -- Up-to-date: /home/marina/Senior-Design/NavQPlus/install/rover_project/include/rover_project/rover_project/msg/detail/imu_orientation__type_support.c
[16.017s] -- Up-to-date: /home/marina/Senior-Design/NavQPlus/install/rover_project/lib/librover_project__rosidl_typesupport_introspection_c.so
[16.018s] -- Up-to-date: /home/marina/Senior-Design/NavQPlus/install/rover_project/lib/librover_project__rosidl_typesupport_c.so
[16.019s] -- Up-to-date: /home/marina/Senior-Design/NavQPlus/install/rover_project/include/rover_project/rover_project
[16.020s] -- Up-to-date: /home/marina/Senior-Design/NavQPlus/install/rover_project/include/rover_project/rover_project/msg
[16.020s] -- Up-to-date: /home/marina/Senior-Design/NavQPlus/install/rover_project/include/rover_project/rover_project/msg/rosidl_generator_cpp__visibility_control.hpp
[16.021s] -- Up-to-date: /home/marina/Senior-Design/NavQPlus/install/rover_project/include/rover_project/rover_project/msg/proximity.hpp
[16.022s] -- Up-to-date: /home/marina/Senior-Design/NavQPlus/install/rover_project/include/rover_project/rover_project/msg/detail
[16.023s] -- Up-to-date: /home/marina/Senior-Design/NavQPlus/install/rover_project/include/rover_project/rover_project/msg/detail/proximity__type_support.hpp
[16.024s] -- Up-to-date: /home/marina/Senior-Design/NavQPlus/install/rover_project/include/rover_project/rover_project/msg/detail/waypoint_list__type_support.hpp
[16.025s] -- Up-to-date: /home/marina/Senior-Design/NavQPlus/install/rover_project/include/rover_project/rover_project/msg/detail/gps_fix__type_support.hpp
[16.026s] -- Up-to-date: /home/marina/Senior-Design/NavQPlus/install/rover_project/include/rover_project/rover_project/msg/detail/nav_goal__type_support.hpp
[16.026s] -- Up-to-date: /home/marina/Senior-Design/NavQPlus/install/rover_project/include/rover_project/rover_project/msg/detail/imu_orientation__type_support.hpp
[16.028s] -- Up-to-date: /home/marina/Senior-Design/NavQPlus/install/rover_project/include/rover_project/rover_project/msg/detail/nav_goal__struct.hpp
[16.028s] -- Up-to-date: /home/marina/Senior-Design/NavQPlus/install/rover_project/include/rover_project/rover_project/msg/detail/waypoint_list__traits.hpp
[16.029s] -- Up-to-date: /home/marina/Senior-Design/NavQPlus/install/rover_project/include/rover_project/rover_project/msg/detail/proximity__builder.hpp
[16.030s] -- Up-to-date: /home/marina/Senior-Design/NavQPlus/install/rover_project/include/rover_project/rover_project/msg/detail/imu_orientation__builder.hpp
[16.031s] -- Up-to-date: /home/marina/Senior-Design/NavQPlus/install/rover_project/include/rover_project/rover_project/msg/detail/proximity__traits.hpp
[16.032s] -- Up-to-date: /home/marina/Senior-Design/NavQPlus/install/rover_project/include/rover_project/rover_project/msg/detail/waypoint_list__struct.hpp
[16.033s] -- Up-to-date: /home/marina/Senior-Design/NavQPlus/install/rover_project/include/rover_project/rover_project/msg/detail/imu_orientation__struct.hpp
[16.033s] -- Up-to-date: /home/marina/Senior-Design/NavQPlus/install/rover_project/include/rover_project/rover_project/msg/detail/nav_goal__builder.hpp
[16.034s] -- Up-to-date: /home/marina/Senior-Design/NavQPlus/install/rover_project/include/rover_project/rover_project/msg/detail/waypoint_list__builder.hpp
[16.035s] -- Up-to-date: /home/marina/Senior-Design/NavQPlus/install/rover_project/include/rover_project/rover_project/msg/detail/gps_fix__traits.hpp
[16.036s] -- Up-to-date: /home/marina/Senior-Design/NavQPlus/install/rover_project/include/rover_project/rover_project/msg/detail/proximity__struct.hpp
[16.037s] -- Up-to-date: /home/marina/Senior-Design/NavQPlus/install/rover_project/include/rover_project/rover_project/msg/detail/imu_orientation__traits.hpp
[16.038s] -- Up-to-date: /home/marina/Senior-Design/NavQPlus/install/rover_project/include/rover_project/rover_project/msg/detail/gps_fix__struct.hpp
[16.038s] -- Up-to-date: /home/marina/Senior-Design/NavQPlus/install/rover_project/include/rover_project/rover_project/msg/detail/nav_goal__traits.hpp
[16.039s] -- Up-to-date: /home/marina/Senior-Design/NavQPlus/install/rover_project/include/rover_project/rover_project/msg/detail/gps_fix__builder.hpp
[16.040s] -- Up-to-date: /home/marina/Senior-Design/NavQPlus/install/rover_project/include/rover_project/rover_project/msg/waypoint_list.hpp
[16.041s] -- Up-to-date: /home/marina/Senior-Design/NavQPlus/install/rover_project/include/rover_project/rover_project/msg/imu_orientation.hpp
[16.042s] -- Up-to-date: /home/marina/Senior-Design/NavQPlus/install/rover_project/include/rover_project/rover_project/msg/nav_goal.hpp
[16.043s] -- Up-to-date: /home/marina/Senior-Design/NavQPlus/install/rover_project/include/rover_project/rover_project/msg/gps_fix.hpp
[16.044s] -- Up-to-date: /home/marina/Senior-Design/NavQPlus/install/rover_project/include/rover_project/rover_project
[16.045s] -- Up-to-date: /home/marina/Senior-Design/NavQPlus/install/rover_project/include/rover_project/rover_project/msg
[16.046s] -- Up-to-date: /home/marina/Senior-Design/NavQPlus/install/rover_project/include/rover_project/rover_project/msg/rosidl_typesupport_fastrtps_cpp__visibility_control.h
[16.047s] -- Up-to-date: /home/marina/Senior-Design/NavQPlus/install/rover_project/include/rover_project/rover_project/msg/detail
[16.048s] -- Up-to-date: /home/marina/Senior-Design/NavQPlus/install/rover_project/include/rover_project/rover_project/msg/detail/nav_goal__rosidl_typesupport_fastrtps_cpp.hpp
[16.049s] -- Up-to-date: /home/marina/Senior-Design/NavQPlus/install/rover_project/include/rover_project/rover_project/msg/detail/imu_orientation__rosidl_typesupport_fastrtps_cpp.hpp
[16.049s] -- Up-to-date: /home/marina/Senior-Design/NavQPlus/install/rover_project/include/rover_project/rover_project/msg/detail/waypoint_list__rosidl_typesupport_fastrtps_cpp.hpp
[16.050s] -- Up-to-date: /home/marina/Senior-Design/NavQPlus/install/rover_project/include/rover_project/rover_project/msg/detail/proximity__rosidl_typesupport_fastrtps_cpp.hpp
[16.051s] -- Up-to-date: /home/marina/Senior-Design/NavQPlus/install/rover_project/include/rover_project/rover_project/msg/detail/gps_fix__rosidl_typesupport_fastrtps_cpp.hpp
[16.052s] -- Up-to-date: /home/marina/Senior-Design/NavQPlus/install/rover_project/include/rover_project/rover_project/msg/detail/dds_fastrtps
[16.053s] -- Up-to-date: /home/marina/Senior-Design/NavQPlus/install/rover_project/lib/librover_project__rosidl_typesupport_fastrtps_cpp.so
[16.054s] -- Up-to-date: /home/marina/Senior-Design/NavQPlus/install/rover_project/include/rover_project/rover_project
[16.055s] -- Up-to-date: /home/marina/Senior-Design/NavQPlus/install/rover_project/include/rover_project/rover_project/msg
[16.056s] -- Up-to-date: /home/marina/Senior-Design/NavQPlus/install/rover_project/include/rover_project/rover_project/msg/detail
[16.057s] -- Up-to-date: /home/marina/Senior-Design/NavQPlus/install/rover_project/include/rover_project/rover_project/msg/detail/proximity__type_support.cpp
[16.058s] -- Up-to-date: /home/marina/Senior-Design/NavQPlus/install/rover_project/include/rover_project/rover_project/msg/detail/nav_goal__rosidl_typesupport_introspection_cpp.hpp
[16.059s] -- Up-to-date: /home/marina/Senior-Design/NavQPlus/install/rover_project/include/rover_project/rover_project/msg/detail/nav_goal__type_support.cpp
[16.060s] -- Up-to-date: /home/marina/Senior-Design/NavQPlus/install/rover_project/include/rover_project/rover_project/msg/detail/gps_fix__type_support.cpp
[16.061s] -- Up-to-date: /home/marina/Senior-Design/NavQPlus/install/rover_project/include/rover_project/rover_project/msg/detail/proximity__rosidl_typesupport_introspection_cpp.hpp
[16.062s] -- Up-to-date: /home/marina/Senior-Design/NavQPlus/install/rover_project/include/rover_project/rover_project/msg/detail/gps_fix__rosidl_typesupport_introspection_cpp.hpp
[16.063s] -- Up-to-date: /home/marina/Senior-Design/NavQPlus/install/rover_project/include/rover_project/rover_project/msg/detail/imu_orientation__type_support.cpp
[16.064s] -- Up-to-date: /home/marina/Senior-Design/NavQPlus/install/rover_project/include/rover_project/rover_project/msg/detail/imu_orientation__rosidl_typesupport_introspection_cpp.hpp
[16.064s] -- Up-to-date: /home/marina/Senior-Design/NavQPlus/install/rover_project/include/rover_project/rover_project/msg/detail/waypoint_list__rosidl_typesupport_introspection_cpp.hpp
[16.065s] -- Up-to-date: /home/marina/Senior-Design/NavQPlus/install/rover_project/include/rover_project/rover_project/msg/detail/waypoint_list__type_support.cpp
[16.067s] -- Up-to-date: /home/marina/Senior-Design/NavQPlus/install/rover_project/lib/librover_project__rosidl_typesupport_introspection_cpp.so
[16.068s] -- Up-to-date: /home/marina/Senior-Design/NavQPlus/install/rover_project/lib/librover_project__rosidl_typesupport_cpp.so
[16.070s] -- Up-to-date: /home/marina/Senior-Design/NavQPlus/install/rover_project/share/rover_project/environment/pythonpath.sh
[16.071s] -- Installing: /home/marina/Senior-Design/NavQPlus/install/rover_project/share/rover_project/environment/pythonpath.dsv
[16.072s] -- Up-to-date: /home/marina/Senior-Design/NavQPlus/install/rover_project/local/lib/python3.10/dist-packages/rover_project-0.0.0-py3.10.egg-info
[16.073s] -- Installing: /home/marina/Senior-Design/NavQPlus/install/rover_project/local/lib/python3.10/dist-packages/rover_project-0.0.0-py3.10.egg-info/PKG-INFO
[16.074s] -- Installing: /home/marina/Senior-Design/NavQPlus/install/rover_project/local/lib/python3.10/dist-packages/rover_project-0.0.0-py3.10.egg-info/SOURCES.txt
[16.075s] -- Installing: /home/marina/Senior-Design/NavQPlus/install/rover_project/local/lib/python3.10/dist-packages/rover_project-0.0.0-py3.10.egg-info/dependency_links.txt
[16.076s] -- Installing: /home/marina/Senior-Design/NavQPlus/install/rover_project/local/lib/python3.10/dist-packages/rover_project-0.0.0-py3.10.egg-info/top_level.txt
[16.077s] -- Up-to-date: /home/marina/Senior-Design/NavQPlus/install/rover_project/local/lib/python3.10/dist-packages/rover_project
[16.078s] -- Up-to-date: /home/marina/Senior-Design/NavQPlus/install/rover_project/local/lib/python3.10/dist-packages/rover_project/rover_project_s__rosidl_typesupport_introspection_c.cpython-310-aarch64-linux-gnu.so
[16.079s] -- Up-to-date: /home/marina/Senior-Design/NavQPlus/install/rover_project/local/lib/python3.10/dist-packages/rover_project/_rover_project_s.ep.rosidl_typesupport_fastrtps_c.c
[16.081s] -- Installing: /home/marina/Senior-Design/NavQPlus/install/rover_project/local/lib/python3.10/dist-packages/rover_project/__init__.py
[16.082s] -- Up-to-date: /home/marina/Senior-Design/NavQPlus/install/rover_project/local/lib/python3.10/dist-packages/rover_project/_rover_project_s.ep.rosidl_typesupport_introspection_c.c
[16.083s] -- Up-to-date: /home/marina/Senior-Design/NavQPlus/install/rover_project/local/lib/python3.10/dist-packages/rover_project/msg
[16.084s] -- Up-to-date: /home/marina/Senior-Design/NavQPlus/install/rover_project/local/lib/python3.10/dist-packages/rover_project/msg/_proximity.py
[16.085s] -- Up-to-date: /home/marina/Senior-Design/NavQPlus/install/rover_project/local/lib/python3.10/dist-packages/rover_project/msg/_nav_goal.py
[16.087s] -- Up-to-date: /home/marina/Senior-Design/NavQPlus/install/rover_project/local/lib/python3.10/dist-packages/rover_project/msg/_gps_fix_s.c
[16.088s] -- Up-to-date: /home/marina/Senior-Design/NavQPlus/install/rover_project/local/lib/python3.10/dist-packages/rover_project/msg/_imu_orientation.py
[16.089s] -- Up-to-date: /home/marina/Senior-Design/NavQPlus/install/rover_project/local/lib/python3.10/dist-packages/rover_project/msg/__init__.py
[16.090s] -- Up-to-date: /home/marina/Senior-Design/NavQPlus/install/rover_project/local/lib/python3.10/dist-packages/rover_project/msg/_imu_orientation_s.c
[16.092s] -- Up-to-date: /home/marina/Senior-Design/NavQPlus/install/rover_project/local/lib/python3.10/dist-packages/rover_project/msg/_waypoint_list_s.c
[16.093s] -- Up-to-date: /home/marina/Senior-Design/NavQPlus/install/rover_project/local/lib/python3.10/dist-packages/rover_project/msg/_waypoint_list.py
[16.094s] -- Up-to-date: /home/marina/Senior-Design/NavQPlus/install/rover_project/local/lib/python3.10/dist-packages/rover_project/msg/_gps_fix.py
[16.095s] -- Up-to-date: /home/marina/Senior-Design/NavQPlus/install/rover_project/local/lib/python3.10/dist-packages/rover_project/msg/_proximity_s.c
[16.096s] -- Up-to-date: /home/marina/Senior-Design/NavQPlus/install/rover_project/local/lib/python3.10/dist-packages/rover_project/msg/_nav_goal_s.c
[16.098s] -- Up-to-date: /home/marina/Senior-Design/NavQPlus/install/rover_project/local/lib/python3.10/dist-packages/rover_project/_rover_project_s.ep.rosidl_typesupport_c.c
[16.099s] -- Up-to-date: /home/marina/Senior-Design/NavQPlus/install/rover_project/local/lib/python3.10/dist-packages/rover_project/rover_project_s__rosidl_typesupport_c.cpython-310-aarch64-linux-gnu.so
[16.100s] -- Up-to-date: /home/marina/Senior-Design/NavQPlus/install/rover_project/local/lib/python3.10/dist-packages/rover_project/librover_project__rosidl_generator_py.so
[16.101s] -- Up-to-date: /home/marina/Senior-Design/NavQPlus/install/rover_project/local/lib/python3.10/dist-packages/rover_project/rover_project_s__rosidl_typesupport_fastrtps_c.cpython-310-aarch64-linux-gnu.so
[16.275s] Listing '/home/marina/Senior-Design/NavQPlus/install/rover_project/local/lib/python3.10/dist-packages/rover_project'...
[16.276s] Compiling '/home/marina/Senior-Design/NavQPlus/install/rover_project/local/lib/python3.10/dist-packages/rover_project/__init__.py'...
[16.277s] Listing '/home/marina/Senior-Design/NavQPlus/install/rover_project/local/lib/python3.10/dist-packages/rover_project/msg'...
[16.335s] -- Up-to-date: /home/marina/Senior-Design/NavQPlus/install/rover_project/local/lib/python3.10/dist-packages/rover_project/rover_project_s__rosidl_typesupport_fastrtps_c.cpython-310-aarch64-linux-gnu.so
[16.337s] -- Up-to-date: /home/marina/Senior-Design/NavQPlus/install/rover_project/local/lib/python3.10/dist-packages/rover_project/rover_project_s__rosidl_typesupport_introspection_c.cpython-310-aarch64-linux-gnu.so
[16.339s] -- Up-to-date: /home/marina/Senior-Design/NavQPlus/install/rover_project/local/lib/python3.10/dist-packages/rover_project/rover_project_s__rosidl_typesupport_c.cpython-310-aarch64-linux-gnu.so
[16.342s] -- Up-to-date: /home/marina/Senior-Design/NavQPlus/install/rover_project/lib/librover_project__rosidl_generator_py.so
[16.344s] -- Up-to-date: /home/marina/Senior-Design/NavQPlus/install/rover_project/share/rover_project/msg/Proximity.idl
[16.346s] -- Up-to-date: /home/marina/Senior-Design/NavQPlus/install/rover_project/share/rover_project/msg/GpsFix.idl
[16.354s] -- Up-to-date: /home/marina/Senior-Design/NavQPlus/install/rover_project/share/rover_project/msg/ImuOrientation.idl
[16.355s] -- Up-to-date: /home/marina/Senior-Design/NavQPlus/install/rover_project/share/rover_project/msg/NavGoal.idl
[16.356s] -- Up-to-date: /home/marina/Senior-Design/NavQPlus/install/rover_project/share/rover_project/msg/WaypointList.idl
[16.357s] -- Up-to-date: /home/marina/Senior-Design/NavQPlus/install/rover_project/share/rover_project/msg/Proximity.msg
[16.359s] -- Up-to-date: /home/marina/Senior-Design/NavQPlus/install/rover_project/share/rover_project/msg/GpsFix.msg
[16.361s] -- Up-to-date: /home/marina/Senior-Design/NavQPlus/install/rover_project/share/rover_project/msg/ImuOrientation.msg
[16.362s] -- Up-to-date: /home/marina/Senior-Design/NavQPlus/install/rover_project/share/rover_project/msg/NavGoal.msg
[16.364s] -- Up-to-date: /home/marina/Senior-Design/NavQPlus/install/rover_project/share/rover_project/msg/WaypointList.msg
[16.366s] -- Up-to-date: /home/marina/Senior-Design/NavQPlus/install/rover_project/lib/rover_project/can_bridge_node.py
[16.367s] -- Up-to-date: /home/marina/Senior-Design/NavQPlus/install/rover_project/lib/rover_project/uart_node.py
[16.369s] -- Up-to-date: /home/marina/Senior-Design/NavQPlus/install/rover_project/lib/rover_project/autonomous_drive_node.py
[16.370s] -- Up-to-date: /home/marina/Senior-Design/NavQPlus/install/rover_project/lib/rover_project/bluetooth_node.py
[16.371s] -- Up-to-date: /home/marina/Senior-Design/NavQPlus/install/rover_project/lib/rover_project/path_planner_node.py
[16.373s] -- Up-to-date: /home/marina/Senior-Design/NavQPlus/install/rover_project/lib/rover_project/waypoint_follower_node.py
[16.375s] -- Up-to-date: /home/marina/Senior-Design/NavQPlus/install/rover_project/lib/rover_project/send_goal.py
[16.376s] -- Up-to-date: /home/marina/Senior-Design/NavQPlus/install/rover_project/lib/rover_project/fast_scnn_node.py
[16.377s] -- Installing: /home/marina/Senior-Design/NavQPlus/install/rover_project/lib/rover_project/audio_IO.py
[16.378s] -- Up-to-date: /home/marina/Senior-Design/NavQPlus/install/rover_project/share/rover_project/launch
[16.380s] -- Installing: /home/marina/Senior-Design/NavQPlus/install/rover_project/share/rover_project/launch/rover_launch.py
[16.381s] -- Installing: /home/marina/Senior-Design/NavQPlus/install/rover_project/share/rover_project/rover.dbc
[16.383s] -- Up-to-date: /home/marina/Senior-Design/NavQPlus/install/rover_project/share/rover_project/maps
[16.384s] -- Installing: /home/marina/Senior-Design/NavQPlus/install/rover_project/share/rover_project/maps/UCR_Centerlines.shp
[16.385s] -- Installing: /home/marina/Senior-Design/NavQPlus/install/rover_project/share/rover_project/maps/UCR_Centerlines.dbf
[16.387s] -- Installing: /home/marina/Senior-Design/NavQPlus/install/rover_project/share/rover_project/maps/UCR_Centerlines.shx
[16.388s] -- Installing: /home/marina/Senior-Design/NavQPlus/install/rover_project/share/rover_project/maps/UCR_Centerlines.prj
[16.390s] -- Installing: /home/marina/Senior-Design/NavQPlus/install/rover_project/share/rover_project/package.xml
[16.392s] -- Up-to-date: /home/marina/Senior-Design/NavQPlus/install/rover_project/share/ament_index/resource_index/package_run_dependencies/rover_project
[16.394s] -- Up-to-date: /home/marina/Senior-Design/NavQPlus/install/rover_project/share/ament_index/resource_index/parent_prefix_path/rover_project
[16.396s] -- Up-to-date: /home/marina/Senior-Design/NavQPlus/install/rover_project/share/rover_project/environment/ament_prefix_path.sh
[16.397s] -- Installing: /home/marina/Senior-Design/NavQPlus/install/rover_project/share/rover_project/environment/ament_prefix_path.dsv
[16.399s] -- Up-to-date: /home/marina/Senior-Design/NavQPlus/install/rover_project/share/rover_project/environment/path.sh
[16.400s] -- Installing: /home/marina/Senior-Design/NavQPlus/install/rover_project/share/rover_project/environment/path.dsv
[16.401s] -- Up-to-date: /home/marina/Senior-Design/NavQPlus/install/rover_project/share/rover_project/local_setup.bash
[16.402s] -- Up-to-date: /home/marina/Senior-Design/NavQPlus/install/rover_project/share/rover_project/local_setup.sh
[16.402s] -- Up-to-date: /home/marina/Senior-Design/NavQPlus/install/rover_project/share/rover_project/local_setup.zsh
[16.404s] -- Installing: /home/marina/Senior-Design/NavQPlus/install/rover_project/share/rover_project/local_setup.dsv
[16.405s] -- Installing: /home/marina/Senior-Design/NavQPlus/install/rover_project/share/rover_project/package.dsv
[16.412s] -- Up-to-date: /home/marina/Senior-Design/NavQPlus/install/rover_project/share/ament_index/resource_index/packages/rover_project
[16.413s] -- Up-to-date: /home/marina/Senior-Design/NavQPlus/install/rover_project/share/rover_project/cmake/export_rover_project__rosidl_generator_cExport.cmake
[16.415s] -- Up-to-date: /home/marina/Senior-Design/NavQPlus/install/rover_project/share/rover_project/cmake/export_rover_project__rosidl_generator_cExport-noconfig.cmake
[16.417s] -- Up-to-date: /home/marina/Senior-Design/NavQPlus/install/rover_project/share/rover_project/cmake/export_rover_project__rosidl_typesupport_fastrtps_cExport.cmake
[16.418s] -- Up-to-date: /home/marina/Senior-Design/NavQPlus/install/rover_project/share/rover_project/cmake/export_rover_project__rosidl_typesupport_fastrtps_cExport-noconfig.cmake
[16.419s] -- Up-to-date: /home/marina/Senior-Design/NavQPlus/install/rover_project/share/rover_project/cmake/rover_project__rosidl_typesupport_introspection_cExport.cmake
[16.421s] -- Up-to-date: /home/marina/Senior-Design/NavQPlus/install/rover_project/share/rover_project/cmake/rover_project__rosidl_typesupport_introspection_cExport-noconfig.cmake
[16.422s] -- Up-to-date: /home/marina/Senior-Design/NavQPlus/install/rover_project/share/rover_project/cmake/rover_project__rosidl_typesupport_cExport.cmake
[16.424s] -- Up-to-date: /home/marina/Senior-Design/NavQPlus/install/rover_project/share/rover_project/cmake/rover_project__rosidl_typesupport_cExport-noconfig.cmake
[16.427s] -- Up-to-date: /home/marina/Senior-Design/NavQPlus/install/rover_project/share/rover_project/cmake/export_rover_project__rosidl_generator_cppExport.cmake
[16.437s] -- Up-to-date: /home/marina/Senior-Design/NavQPlus/install/rover_project/share/rover_project/cmake/export_rover_project__rosidl_typesupport_fastrtps_cppExport.cmake
[16.439s] -- Up-to-date: /home/marina/Senior-Design/NavQPlus/install/rover_project/share/rover_project/cmake/export_rover_project__rosidl_typesupport_fastrtps_cppExport-noconfig.cmake
[16.440s] -- Up-to-date: /home/marina/Senior-Design/NavQPlus/install/rover_project/share/rover_project/cmake/rover_project__rosidl_typesupport_introspection_cppExport.cmake
[16.440s] -- Up-to-date: /home/marina/Senior-Design/NavQPlus/install/rover_project/share/rover_project/cmake/rover_project__rosidl_typesupport_introspection_cppExport-noconfig.cmake
[16.441s] -- Up-to-date: /home/marina/Senior-Design/NavQPlus/install/rover_project/share/rover_project/cmake/rover_project__rosidl_typesupport_cppExport.cmake
[16.442s] -- Up-to-date: /home/marina/Senior-Design/NavQPlus/install/rover_project/share/rover_project/cmake/rover_project__rosidl_typesupport_cppExport-noconfig.cmake
[16.444s] -- Up-to-date: /home/marina/Senior-Design/NavQPlus/install/rover_project/share/rover_project/cmake/export_rover_project__rosidl_generator_pyExport.cmake
[16.447s] -- Up-to-date: /home/marina/Senior-Design/NavQPlus/install/rover_project/share/rover_project/cmake/export_rover_project__rosidl_generator_pyExport-noconfig.cmake
[16.450s] -- Up-to-date: /home/marina/Senior-Design/NavQPlus/install/rover_project/share/rover_project/cmake/rosidl_cmake-extras.cmake
[16.452s] -- Up-to-date: /home/marina/Senior-Design/NavQPlus/install/rover_project/share/rover_project/cmake/ament_cmake_export_include_directories-extras.cmake
[16.454s] -- Up-to-date: /home/marina/Senior-Design/NavQPlus/install/rover_project/share/rover_project/cmake/ament_cmake_export_libraries-extras.cmake
[16.456s] -- Up-to-date: /home/marina/Senior-Design/NavQPlus/install/rover_project/share/rover_project/cmake/ament_cmake_export_targets-extras.cmake
[16.459s] -- Up-to-date: /home/marina/Senior-Design/NavQPlus/install/rover_project/share/rover_project/cmake/rosidl_cmake_export_typesupport_targets-extras.cmake
[16.461s] -- Up-to-date: /home/marina/Senior-Design/NavQPlus/install/rover_project/share/rover_project/cmake/ament_cmake_export_dependencies-extras.cmake
[16.462s] -- Up-to-date: /home/marina/Senior-Design/NavQPlus/install/rover_project/share/rover_project/cmake/rosidl_cmake_export_typesupport_libraries-extras.cmake
[16.464s] -- Up-to-date: /home/marina/Senior-Design/NavQPlus/install/rover_project/share/rover_project/cmake/rover_projectConfig.cmake
[16.465s] -- Up-to-date: /home/marina/Senior-Design/NavQPlus/install/rover_project/share/rover_project/cmake/rover_projectConfig-version.cmake
[16.467s] -- Up-to-date: /home/marina/Senior-Design/NavQPlus/install/rover_project/share/rover_project/package.xml
[16.470s] Invoked command in '/home/marina/Senior-Design/NavQPlus/build/rover_project' returned '0': CMAKE_PREFIX_PATH=/opt/ros/humble /usr/bin/cmake --install /home/marina/Senior-Design/NavQPlus/build/rover_project
