[1.019s] DEBUG:colcon:Command line arguments: ['/usr/bin/colcon', 'build', '--packages-select', 'rover_project']
[1.019s] DEBUG:colcon:Parsed command line arguments: Namespace(log_base=None, log_level=None, verb_name='build', build_base='build', install_base='install', merge_install=False, symlink_install=False, test_result_base=None, continue_on_error=False, executor='parallel', parallel_workers=4, event_handlers=None, ignore_user_meta=False, metas=['./colcon.meta'], base_paths=['.'], packages_ignore=None, packages_ignore_regex=None, paths=None, packages_up_to=None, packages_up_to_regex=None, packages_above=None, packages_above_and_dependencies=None, packages_above_depth=None, packages_select_by_dep=None, packages_skip_by_dep=None, packages_skip_up_to=None, packages_select_build_failed=False, packages_skip_build_finished=False, packages_select_test_failures=False, packages_skip_test_passed=False, packages_select=['rover_project'], packages_skip=None, packages_select_regex=None, packages_skip_regex=None, packages_start=None, packages_end=None, allow_overriding=[], cmake_args=None, cmake_target=None, cmake_target_skip_unavailable=False, cmake_clean_cache=False, cmake_clean_first=False, cmake_force_configure=False, ament_cmake_args=None, catkin_cmake_args=None, catkin_skip_building_tests=False, verb_parser=<colcon_defaults.argument_parser.defaults.DefaultArgumentsDecorator object at 0xffff8b5b2a40>, verb_extension=<colcon_core.verb.build.BuildVerb object at 0xffff8b5b24a0>, main=<bound method BuildVerb.main of <colcon_core.verb.build.BuildVerb object at 0xffff8b5b24a0>>)
[1.367s] Level 1:colcon.colcon_core.package_discovery:discover_packages(colcon_meta) check parameters
[1.368s] Level 1:colcon.colcon_core.package_discovery:discover_packages(recursive) check parameters
[1.369s] Level 1:colcon.colcon_core.package_discovery:discover_packages(ignore) check parameters
[1.369s] Level 1:colcon.colcon_core.package_discovery:discover_packages(path) check parameters
[1.369s] Level 1:colcon.colcon_core.package_discovery:discover_packages(colcon_meta) discover
[1.370s] Level 1:colcon.colcon_core.package_discovery:discover_packages(recursive) discover
[1.370s] INFO:colcon.colcon_core.package_discovery:Crawling recursively for packages in '/home/marina/Senior-Design/NavQPlus'
[1.371s] Level 1:colcon.colcon_core.package_identification:_identify(.) by extensions ['ignore', 'ignore_ament_install']
[1.371s] Level 1:colcon.colcon_core.package_identification:_identify(.) by extension 'ignore'
[1.372s] Level 1:colcon.colcon_core.package_identification:_identify(.) by extension 'ignore_ament_install'
[1.373s] Level 1:colcon.colcon_core.package_identification:_identify(.) by extensions ['colcon_pkg']
[1.373s] Level 1:colcon.colcon_core.package_identification:_identify(.) by extension 'colcon_pkg'
[1.373s] Level 1:colcon.colcon_core.package_identification:_identify(.) by extensions ['colcon_meta']
[1.374s] Level 1:colcon.colcon_core.package_identification:_identify(.) by extension 'colcon_meta'
[1.374s] Level 1:colcon.colcon_core.package_identification:_identify(.) by extensions ['ros']
[1.374s] Level 1:colcon.colcon_core.package_identification:_identify(.) by extension 'ros'
[1.505s] Level 1:colcon.colcon_core.package_identification:_identify(.) by extensions ['cmake', 'python']
[1.505s] Level 1:colcon.colcon_core.package_identification:_identify(.) by extension 'cmake'
[1.506s] Level 1:colcon.colcon_core.package_identification:_identify(.) by extension 'python'
[1.506s] Level 1:colcon.colcon_core.package_identification:_identify(.) by extensions ['python_setup_py']
[1.507s] Level 1:colcon.colcon_core.package_identification:_identify(.) by extension 'python_setup_py'
[1.508s] Level 1:colcon.colcon_core.package_identification:_identify(build) by extensions ['ignore', 'ignore_ament_install']
[1.508s] Level 1:colcon.colcon_core.package_identification:_identify(build) by extension 'ignore'
[1.509s] Level 1:colcon.colcon_core.package_identification:_identify(build) ignored
[1.510s] Level 1:colcon.colcon_core.package_identification:_identify(install) by extensions ['ignore', 'ignore_ament_install']
[1.511s] Level 1:colcon.colcon_core.package_identification:_identify(install) by extension 'ignore'
[1.511s] Level 1:colcon.colcon_core.package_identification:_identify(install) ignored
[1.512s] Level 1:colcon.colcon_core.package_identification:_identify(log) by extensions ['ignore', 'ignore_ament_install']
[1.513s] Level 1:colcon.colcon_core.package_identification:_identify(log) by extension 'ignore'
[1.513s] Level 1:colcon.colcon_core.package_identification:_identify(log) ignored
[1.514s] Level 1:colcon.colcon_core.package_identification:_identify(models) by extensions ['ignore', 'ignore_ament_install']
[1.515s] Level 1:colcon.colcon_core.package_identification:_identify(models) by extension 'ignore'
[1.515s] Level 1:colcon.colcon_core.package_identification:_identify(models) by extension 'ignore_ament_install'
[1.516s] Level 1:colcon.colcon_core.package_identification:_identify(models) by extensions ['colcon_pkg']
[1.516s] Level 1:colcon.colcon_core.package_identification:_identify(models) by extension 'colcon_pkg'
[1.517s] Level 1:colcon.colcon_core.package_identification:_identify(models) by extensions ['colcon_meta']
[1.517s] Level 1:colcon.colcon_core.package_identification:_identify(models) by extension 'colcon_meta'
[1.517s] Level 1:colcon.colcon_core.package_identification:_identify(models) by extensions ['ros']
[1.518s] Level 1:colcon.colcon_core.package_identification:_identify(models) by extension 'ros'
[1.519s] Level 1:colcon.colcon_core.package_identification:_identify(models) by extensions ['cmake', 'python']
[1.519s] Level 1:colcon.colcon_core.package_identification:_identify(models) by extension 'cmake'
[1.519s] Level 1:colcon.colcon_core.package_identification:_identify(models) by extension 'python'
[1.520s] Level 1:colcon.colcon_core.package_identification:_identify(models) by extensions ['python_setup_py']
[1.520s] Level 1:colcon.colcon_core.package_identification:_identify(models) by extension 'python_setup_py'
[1.521s] Level 1:colcon.colcon_core.package_identification:_identify(models/vosk-model) by extensions ['ignore', 'ignore_ament_install']
[1.522s] Level 1:colcon.colcon_core.package_identification:_identify(models/vosk-model) by extension 'ignore'
[1.522s] Level 1:colcon.colcon_core.package_identification:_identify(models/vosk-model) by extension 'ignore_ament_install'
[1.523s] Level 1:colcon.colcon_core.package_identification:_identify(models/vosk-model) by extensions ['colcon_pkg']
[1.523s] Level 1:colcon.colcon_core.package_identification:_identify(models/vosk-model) by extension 'colcon_pkg'
[1.524s] Level 1:colcon.colcon_core.package_identification:_identify(models/vosk-model) by extensions ['colcon_meta']
[1.524s] Level 1:colcon.colcon_core.package_identification:_identify(models/vosk-model) by extension 'colcon_meta'
[1.525s] Level 1:colcon.colcon_core.package_identification:_identify(models/vosk-model) by extensions ['ros']
[1.525s] Level 1:colcon.colcon_core.package_identification:_identify(models/vosk-model) by extension 'ros'
[1.526s] Level 1:colcon.colcon_core.package_identification:_identify(models/vosk-model) by extensions ['cmake', 'python']
[1.526s] Level 1:colcon.colcon_core.package_identification:_identify(models/vosk-model) by extension 'cmake'
[1.526s] Level 1:colcon.colcon_core.package_identification:_identify(models/vosk-model) by extension 'python'
[1.527s] Level 1:colcon.colcon_core.package_identification:_identify(models/vosk-model) by extensions ['python_setup_py']
[1.527s] Level 1:colcon.colcon_core.package_identification:_identify(models/vosk-model) by extension 'python_setup_py'
[1.528s] Level 1:colcon.colcon_core.package_identification:_identify(models/vosk-model/am) by extensions ['ignore', 'ignore_ament_install']
[1.529s] Level 1:colcon.colcon_core.package_identification:_identify(models/vosk-model/am) by extension 'ignore'
[1.529s] Level 1:colcon.colcon_core.package_identification:_identify(models/vosk-model/am) by extension 'ignore_ament_install'
[1.530s] Level 1:colcon.colcon_core.package_identification:_identify(models/vosk-model/am) by extensions ['colcon_pkg']
[1.530s] Level 1:colcon.colcon_core.package_identification:_identify(models/vosk-model/am) by extension 'colcon_pkg'
[1.531s] Level 1:colcon.colcon_core.package_identification:_identify(models/vosk-model/am) by extensions ['colcon_meta']
[1.531s] Level 1:colcon.colcon_core.package_identification:_identify(models/vosk-model/am) by extension 'colcon_meta'
[1.532s] Level 1:colcon.colcon_core.package_identification:_identify(models/vosk-model/am) by extensions ['ros']
[1.532s] Level 1:colcon.colcon_core.package_identification:_identify(models/vosk-model/am) by extension 'ros'
[1.533s] Level 1:colcon.colcon_core.package_identification:_identify(models/vosk-model/am) by extensions ['cmake', 'python']
[1.533s] Level 1:colcon.colcon_core.package_identification:_identify(models/vosk-model/am) by extension 'cmake'
[1.534s] Level 1:colcon.colcon_core.package_identification:_identify(models/vosk-model/am) by extension 'python'
[1.534s] Level 1:colcon.colcon_core.package_identification:_identify(models/vosk-model/am) by extensions ['python_setup_py']
[1.534s] Level 1:colcon.colcon_core.package_identification:_identify(models/vosk-model/am) by extension 'python_setup_py'
[1.535s] Level 1:colcon.colcon_core.package_identification:_identify(models/vosk-model/conf) by extensions ['ignore', 'ignore_ament_install']
[1.536s] Level 1:colcon.colcon_core.package_identification:_identify(models/vosk-model/conf) by extension 'ignore'
[1.537s] Level 1:colcon.colcon_core.package_identification:_identify(models/vosk-model/conf) by extension 'ignore_ament_install'
[1.537s] Level 1:colcon.colcon_core.package_identification:_identify(models/vosk-model/conf) by extensions ['colcon_pkg']
[1.538s] Level 1:colcon.colcon_core.package_identification:_identify(models/vosk-model/conf) by extension 'colcon_pkg'
[1.538s] Level 1:colcon.colcon_core.package_identification:_identify(models/vosk-model/conf) by extensions ['colcon_meta']
[1.538s] Level 1:colcon.colcon_core.package_identification:_identify(models/vosk-model/conf) by extension 'colcon_meta'
[1.539s] Level 1:colcon.colcon_core.package_identification:_identify(models/vosk-model/conf) by extensions ['ros']
[1.539s] Level 1:colcon.colcon_core.package_identification:_identify(models/vosk-model/conf) by extension 'ros'
[1.540s] Level 1:colcon.colcon_core.package_identification:_identify(models/vosk-model/conf) by extensions ['cmake', 'python']
[1.540s] Level 1:colcon.colcon_core.package_identification:_identify(models/vosk-model/conf) by extension 'cmake'
[1.541s] Level 1:colcon.colcon_core.package_identification:_identify(models/vosk-model/conf) by extension 'python'
[1.541s] Level 1:colcon.colcon_core.package_identification:_identify(models/vosk-model/conf) by extensions ['python_setup_py']
[1.542s] Level 1:colcon.colcon_core.package_identification:_identify(models/vosk-model/conf) by extension 'python_setup_py'
[1.543s] Level 1:colcon.colcon_core.package_identification:_identify(models/vosk-model/graph) by extensions ['ignore', 'ignore_ament_install']
[1.543s] Level 1:colcon.colcon_core.package_identification:_identify(models/vosk-model/graph) by extension 'ignore'
[1.544s] Level 1:colcon.colcon_core.package_identification:_identify(models/vosk-model/graph) by extension 'ignore_ament_install'
[1.544s] Level 1:colcon.colcon_core.package_identification:_identify(models/vosk-model/graph) by extensions ['colcon_pkg']
[1.545s] Level 1:colcon.colcon_core.package_identification:_identify(models/vosk-model/graph) by extension 'colcon_pkg'
[1.545s] Level 1:colcon.colcon_core.package_identification:_identify(models/vosk-model/graph) by extensions ['colcon_meta']
[1.546s] Level 1:colcon.colcon_core.package_identification:_identify(models/vosk-model/graph) by extension 'colcon_meta'
[1.546s] Level 1:colcon.colcon_core.package_identification:_identify(models/vosk-model/graph) by extensions ['ros']
[1.546s] Level 1:colcon.colcon_core.package_identification:_identify(models/vosk-model/graph) by extension 'ros'
[1.547s] Level 1:colcon.colcon_core.package_identification:_identify(models/vosk-model/graph) by extensions ['cmake', 'python']
[1.548s] Level 1:colcon.colcon_core.package_identification:_identify(models/vosk-model/graph) by extension 'cmake'
[1.548s] Level 1:colcon.colcon_core.package_identification:_identify(models/vosk-model/graph) by extension 'python'
[1.549s] Level 1:colcon.colcon_core.package_identification:_identify(models/vosk-model/graph) by extensions ['python_setup_py']
[1.549s] Level 1:colcon.colcon_core.package_identification:_identify(models/vosk-model/graph) by extension 'python_setup_py'
[1.550s] Level 1:colcon.colcon_core.package_identification:_identify(models/vosk-model/graph/phones) by extensions ['ignore', 'ignore_ament_install']
[1.551s] Level 1:colcon.colcon_core.package_identification:_identify(models/vosk-model/graph/phones) by extension 'ignore'
[1.551s] Level 1:colcon.colcon_core.package_identification:_identify(models/vosk-model/graph/phones) by extension 'ignore_ament_install'
[1.552s] Level 1:colcon.colcon_core.package_identification:_identify(models/vosk-model/graph/phones) by extensions ['colcon_pkg']
[1.552s] Level 1:colcon.colcon_core.package_identification:_identify(models/vosk-model/graph/phones) by extension 'colcon_pkg'
[1.553s] Level 1:colcon.colcon_core.package_identification:_identify(models/vosk-model/graph/phones) by extensions ['colcon_meta']
[1.553s] Level 1:colcon.colcon_core.package_identification:_identify(models/vosk-model/graph/phones) by extension 'colcon_meta'
[1.553s] Level 1:colcon.colcon_core.package_identification:_identify(models/vosk-model/graph/phones) by extensions ['ros']
[1.554s] Level 1:colcon.colcon_core.package_identification:_identify(models/vosk-model/graph/phones) by extension 'ros'
[1.555s] Level 1:colcon.colcon_core.package_identification:_identify(models/vosk-model/graph/phones) by extensions ['cmake', 'python']
[1.555s] Level 1:colcon.colcon_core.package_identification:_identify(models/vosk-model/graph/phones) by extension 'cmake'
[1.555s] Level 1:colcon.colcon_core.package_identification:_identify(models/vosk-model/graph/phones) by extension 'python'
[1.556s] Level 1:colcon.colcon_core.package_identification:_identify(models/vosk-model/graph/phones) by extensions ['python_setup_py']
[1.556s] Level 1:colcon.colcon_core.package_identification:_identify(models/vosk-model/graph/phones) by extension 'python_setup_py'
[1.557s] Level 1:colcon.colcon_core.package_identification:_identify(models/vosk-model/ivector) by extensions ['ignore', 'ignore_ament_install']
[1.558s] Level 1:colcon.colcon_core.package_identification:_identify(models/vosk-model/ivector) by extension 'ignore'
[1.558s] Level 1:colcon.colcon_core.package_identification:_identify(models/vosk-model/ivector) by extension 'ignore_ament_install'
[1.559s] Level 1:colcon.colcon_core.package_identification:_identify(models/vosk-model/ivector) by extensions ['colcon_pkg']
[1.559s] Level 1:colcon.colcon_core.package_identification:_identify(models/vosk-model/ivector) by extension 'colcon_pkg'
[1.560s] Level 1:colcon.colcon_core.package_identification:_identify(models/vosk-model/ivector) by extensions ['colcon_meta']
[1.560s] Level 1:colcon.colcon_core.package_identification:_identify(models/vosk-model/ivector) by extension 'colcon_meta'
[1.561s] Level 1:colcon.colcon_core.package_identification:_identify(models/vosk-model/ivector) by extensions ['ros']
[1.561s] Level 1:colcon.colcon_core.package_identification:_identify(models/vosk-model/ivector) by extension 'ros'
[1.562s] Level 1:colcon.colcon_core.package_identification:_identify(models/vosk-model/ivector) by extensions ['cmake', 'python']
[1.562s] Level 1:colcon.colcon_core.package_identification:_identify(models/vosk-model/ivector) by extension 'cmake'
[1.563s] Level 1:colcon.colcon_core.package_identification:_identify(models/vosk-model/ivector) by extension 'python'
[1.563s] Level 1:colcon.colcon_core.package_identification:_identify(models/vosk-model/ivector) by extensions ['python_setup_py']
[1.563s] Level 1:colcon.colcon_core.package_identification:_identify(models/vosk-model/ivector) by extension 'python_setup_py'
[1.564s] Level 1:colcon.colcon_core.package_identification:_identify(ros2_ws) by extensions ['ignore', 'ignore_ament_install']
[1.565s] Level 1:colcon.colcon_core.package_identification:_identify(ros2_ws) by extension 'ignore'
[1.566s] Level 1:colcon.colcon_core.package_identification:_identify(ros2_ws) by extension 'ignore_ament_install'
[1.566s] Level 1:colcon.colcon_core.package_identification:_identify(ros2_ws) by extensions ['colcon_pkg']
[1.567s] Level 1:colcon.colcon_core.package_identification:_identify(ros2_ws) by extension 'colcon_pkg'
[1.567s] Level 1:colcon.colcon_core.package_identification:_identify(ros2_ws) by extensions ['colcon_meta']
[1.567s] Level 1:colcon.colcon_core.package_identification:_identify(ros2_ws) by extension 'colcon_meta'
[1.568s] Level 1:colcon.colcon_core.package_identification:_identify(ros2_ws) by extensions ['ros']
[1.568s] Level 1:colcon.colcon_core.package_identification:_identify(ros2_ws) by extension 'ros'
[1.569s] Level 1:colcon.colcon_core.package_identification:_identify(ros2_ws) by extensions ['cmake', 'python']
[1.569s] Level 1:colcon.colcon_core.package_identification:_identify(ros2_ws) by extension 'cmake'
[1.570s] Level 1:colcon.colcon_core.package_identification:_identify(ros2_ws) by extension 'python'
[1.570s] Level 1:colcon.colcon_core.package_identification:_identify(ros2_ws) by extensions ['python_setup_py']
[1.570s] Level 1:colcon.colcon_core.package_identification:_identify(ros2_ws) by extension 'python_setup_py'
[1.571s] Level 1:colcon.colcon_core.package_identification:_identify(ros2_ws/build) by extensions ['ignore', 'ignore_ament_install']
[1.572s] Level 1:colcon.colcon_core.package_identification:_identify(ros2_ws/build) by extension 'ignore'
[1.573s] Level 1:colcon.colcon_core.package_identification:_identify(ros2_ws/build) ignored
[1.573s] Level 1:colcon.colcon_core.package_identification:_identify(ros2_ws/install) by extensions ['ignore', 'ignore_ament_install']
[1.574s] Level 1:colcon.colcon_core.package_identification:_identify(ros2_ws/install) by extension 'ignore'
[1.575s] Level 1:colcon.colcon_core.package_identification:_identify(ros2_ws/install) ignored
[1.576s] Level 1:colcon.colcon_core.package_identification:_identify(ros2_ws/log) by extensions ['ignore', 'ignore_ament_install']
[1.577s] Level 1:colcon.colcon_core.package_identification:_identify(ros2_ws/log) by extension 'ignore'
[1.577s] Level 1:colcon.colcon_core.package_identification:_identify(ros2_ws/log) ignored
[1.578s] Level 1:colcon.colcon_core.package_identification:_identify(ros2_ws/rover_project) by extensions ['ignore', 'ignore_ament_install']
[1.579s] Level 1:colcon.colcon_core.package_identification:_identify(ros2_ws/rover_project) by extension 'ignore'
[1.579s] Level 1:colcon.colcon_core.package_identification:_identify(ros2_ws/rover_project) by extension 'ignore_ament_install'
[1.580s] Level 1:colcon.colcon_core.package_identification:_identify(ros2_ws/rover_project) by extensions ['colcon_pkg']
[1.580s] Level 1:colcon.colcon_core.package_identification:_identify(ros2_ws/rover_project) by extension 'colcon_pkg'
[1.581s] Level 1:colcon.colcon_core.package_identification:_identify(ros2_ws/rover_project) by extensions ['colcon_meta']
[1.581s] Level 1:colcon.colcon_core.package_identification:_identify(ros2_ws/rover_project) by extension 'colcon_meta'
[1.581s] Level 1:colcon.colcon_core.package_identification:_identify(ros2_ws/rover_project) by extensions ['ros']
[1.582s] Level 1:colcon.colcon_core.package_identification:_identify(ros2_ws/rover_project) by extension 'ros'
[1.606s] DEBUG:colcon.colcon_core.package_identification:Package 'ros2_ws/rover_project' with type 'ros.ament_cmake' and name 'rover_project'
[1.607s] Level 1:colcon.colcon_core.package_discovery:discover_packages(recursive) using defaults
[1.607s] Level 1:colcon.colcon_core.package_discovery:discover_packages(ignore) discover
[1.608s] Level 1:colcon.colcon_core.package_discovery:discover_packages(ignore) using defaults
[1.608s] Level 1:colcon.colcon_core.package_discovery:discover_packages(path) discover
[1.609s] Level 1:colcon.colcon_core.package_discovery:discover_packages(path) using defaults
[1.779s] Level 1:colcon.colcon_core.package_discovery:discover_packages(prefix_path) check parameters
[1.779s] Level 1:colcon.colcon_core.package_discovery:discover_packages(prefix_path) discover
[1.808s] DEBUG:colcon.colcon_installed_package_information.package_discovery:Found 581 installed packages in /opt/ros/humble
[1.840s] Level 1:colcon.colcon_core.package_discovery:discover_packages(prefix_path) using defaults
[2.622s] Level 5:colcon.colcon_core.verb:set package 'rover_project' build argument 'cmake_args' from command line to 'None'
[2.625s] Level 5:colcon.colcon_core.verb:set package 'rover_project' build argument 'cmake_target' from command line to 'None'
[2.625s] Level 5:colcon.colcon_core.verb:set package 'rover_project' build argument 'cmake_target_skip_unavailable' from command line to 'False'
[2.626s] Level 5:colcon.colcon_core.verb:set package 'rover_project' build argument 'cmake_clean_cache' from command line to 'False'
[2.626s] Level 5:colcon.colcon_core.verb:set package 'rover_project' build argument 'cmake_clean_first' from command line to 'False'
[2.627s] Level 5:colcon.colcon_core.verb:set package 'rover_project' build argument 'cmake_force_configure' from command line to 'False'
[2.627s] Level 5:colcon.colcon_core.verb:set package 'rover_project' build argument 'ament_cmake_args' from command line to 'None'
[2.627s] Level 5:colcon.colcon_core.verb:set package 'rover_project' build argument 'catkin_cmake_args' from command line to 'None'
[2.628s] Level 5:colcon.colcon_core.verb:set package 'rover_project' build argument 'catkin_skip_building_tests' from command line to 'False'
[2.628s] DEBUG:colcon.colcon_core.verb:Building package 'rover_project' with the following arguments: {'ament_cmake_args': None, 'build_base': '/home/marina/Senior-Design/NavQPlus/build/rover_project', 'catkin_cmake_args': None, 'catkin_skip_building_tests': False, 'cmake_args': None, 'cmake_clean_cache': False, 'cmake_clean_first': False, 'cmake_force_configure': False, 'cmake_target': None, 'cmake_target_skip_unavailable': False, 'install_base': '/home/marina/Senior-Design/NavQPlus/install/rover_project', 'merge_install': False, 'path': '/home/marina/Senior-Design/NavQPlus/ros2_ws/rover_project', 'symlink_install': False, 'test_result_base': None}
[2.629s] INFO:colcon.colcon_core.executor:Executing jobs using 'parallel' executor
[2.651s] DEBUG:colcon.colcon_parallel_executor.executor.parallel:run_until_complete
[2.652s] INFO:colcon.colcon_ros.task.ament_cmake.build:Building ROS package in '/home/marina/Senior-Design/NavQPlus/ros2_ws/rover_project' with build type 'ament_cmake'
[2.654s] INFO:colcon.colcon_cmake.task.cmake.build:Building CMake package in '/home/marina/Senior-Design/NavQPlus/ros2_ws/rover_project'
[2.673s] INFO:colcon.colcon_core.plugin_system:Skipping extension 'colcon_core.shell.bat': Not used on non-Windows systems
[2.674s] INFO:colcon.colcon_core.shell:Skip shell extension 'powershell' for command environment: Not usable outside of PowerShell
[2.675s] DEBUG:colcon.colcon_core.shell:Skip shell extension 'dsv' for command environment
[2.743s] DEBUG:colcon.colcon_core.event_handler.log_command:Invoking command in '/home/marina/Senior-Design/NavQPlus/build/rover_project': CMAKE_PREFIX_PATH=/opt/ros/humble /usr/bin/cmake --build /home/marina/Senior-Design/NavQPlus/build/rover_project -- -j4 -l4
[18.498s] DEBUG:colcon.colcon_core.event_handler.log_command:Invoked command in '/home/marina/Senior-Design/NavQPlus/build/rover_project' returned '0': CMAKE_PREFIX_PATH=/opt/ros/humble /usr/bin/cmake --build /home/marina/Senior-Design/NavQPlus/build/rover_project -- -j4 -l4
[18.551s] DEBUG:colcon.colcon_core.event_handler.log_command:Invoking command in '/home/marina/Senior-Design/NavQPlus/build/rover_project': CMAKE_PREFIX_PATH=/opt/ros/humble /usr/bin/cmake --install /home/marina/Senior-Design/NavQPlus/build/rover_project
[19.066s] Level 1:colcon.colcon_core.environment:create_environment_scripts_only(rover_project)
[19.127s] DEBUG:colcon.colcon_core.event_handler.log_command:Invoked command in '/home/marina/Senior-Design/NavQPlus/build/rover_project' returned '0': CMAKE_PREFIX_PATH=/opt/ros/humble /usr/bin/cmake --install /home/marina/Senior-Design/NavQPlus/build/rover_project
[19.131s] Level 1:colcon.colcon_core.environment:checking '/home/marina/Senior-Design/NavQPlus/install/rover_project' for CMake module files
[19.139s] Level 1:colcon.colcon_core.environment:checking '/home/marina/Senior-Design/NavQPlus/install/rover_project' for CMake config files
[19.143s] Level 1:colcon.colcon_core.shell:create_environment_hook('rover_project', 'cmake_prefix_path')
[19.145s] INFO:colcon.colcon_core.shell:Creating environment hook '/home/marina/Senior-Design/NavQPlus/install/rover_project/share/rover_project/hook/cmake_prefix_path.ps1'
[19.150s] INFO:colcon.colcon_core.shell:Creating environment descriptor '/home/marina/Senior-Design/NavQPlus/install/rover_project/share/rover_project/hook/cmake_prefix_path.dsv'
[19.156s] INFO:colcon.colcon_core.shell:Creating environment hook '/home/marina/Senior-Design/NavQPlus/install/rover_project/share/rover_project/hook/cmake_prefix_path.sh'
[19.165s] Level 1:colcon.colcon_core.environment:checking '/home/marina/Senior-Design/NavQPlus/install/rover_project/lib'
[19.167s] Level 1:colcon.colcon_core.shell:create_environment_hook('rover_project', 'ld_library_path_lib')
[19.169s] INFO:colcon.colcon_core.shell:Creating environment hook '/home/marina/Senior-Design/NavQPlus/install/rover_project/share/rover_project/hook/ld_library_path_lib.ps1'
[19.173s] INFO:colcon.colcon_core.shell:Creating environment descriptor '/home/marina/Senior-Design/NavQPlus/install/rover_project/share/rover_project/hook/ld_library_path_lib.dsv'
[19.176s] INFO:colcon.colcon_core.shell:Creating environment hook '/home/marina/Senior-Design/NavQPlus/install/rover_project/share/rover_project/hook/ld_library_path_lib.sh'
[19.180s] Level 1:colcon.colcon_core.environment:checking '/home/marina/Senior-Design/NavQPlus/install/rover_project/bin'
[19.181s] Level 1:colcon.colcon_core.environment:checking '/home/marina/Senior-Design/NavQPlus/install/rover_project/lib/pkgconfig/rover_project.pc'
[19.183s] Level 1:colcon.colcon_core.environment:checking '/home/marina/Senior-Design/NavQPlus/install/rover_project/lib/python3.10/site-packages'
[19.187s] Level 1:colcon.colcon_core.environment:checking '/home/marina/Senior-Design/NavQPlus/install/rover_project/bin'
[19.192s] INFO:colcon.colcon_core.shell:Creating package script '/home/marina/Senior-Design/NavQPlus/install/rover_project/share/rover_project/package.ps1'
[19.200s] INFO:colcon.colcon_core.shell:Creating package descriptor '/home/marina/Senior-Design/NavQPlus/install/rover_project/share/rover_project/package.dsv'
[19.206s] INFO:colcon.colcon_core.shell:Creating package script '/home/marina/Senior-Design/NavQPlus/install/rover_project/share/rover_project/package.sh'
[19.213s] INFO:colcon.colcon_core.shell:Creating package script '/home/marina/Senior-Design/NavQPlus/install/rover_project/share/rover_project/package.bash'
[19.221s] INFO:colcon.colcon_core.shell:Creating package script '/home/marina/Senior-Design/NavQPlus/install/rover_project/share/rover_project/package.zsh'
[19.229s] Level 1:colcon.colcon_core.environment:create_file_with_runtime_dependencies(/home/marina/Senior-Design/NavQPlus/install/rover_project/share/colcon-core/packages/rover_project)
[19.238s] Level 1:colcon.colcon_core.environment:create_environment_scripts_only(rover_project)
[19.241s] Level 1:colcon.colcon_core.environment:checking '/home/marina/Senior-Design/NavQPlus/install/rover_project' for CMake module files
[19.248s] Level 1:colcon.colcon_core.environment:checking '/home/marina/Senior-Design/NavQPlus/install/rover_project' for CMake config files
[19.252s] Level 1:colcon.colcon_core.shell:create_environment_hook('rover_project', 'cmake_prefix_path')
[19.255s] INFO:colcon.colcon_core.shell:Creating environment hook '/home/marina/Senior-Design/NavQPlus/install/rover_project/share/rover_project/hook/cmake_prefix_path.ps1'
[19.260s] INFO:colcon.colcon_core.shell:Creating environment descriptor '/home/marina/Senior-Design/NavQPlus/install/rover_project/share/rover_project/hook/cmake_prefix_path.dsv'
[19.265s] INFO:colcon.colcon_core.shell:Creating environment hook '/home/marina/Senior-Design/NavQPlus/install/rover_project/share/rover_project/hook/cmake_prefix_path.sh'
[19.271s] Level 1:colcon.colcon_core.environment:checking '/home/marina/Senior-Design/NavQPlus/install/rover_project/lib'
[19.272s] Level 1:colcon.colcon_core.shell:create_environment_hook('rover_project', 'ld_library_path_lib')
[19.275s] INFO:colcon.colcon_core.shell:Creating environment hook '/home/marina/Senior-Design/NavQPlus/install/rover_project/share/rover_project/hook/ld_library_path_lib.ps1'
[19.279s] INFO:colcon.colcon_core.shell:Creating environment descriptor '/home/marina/Senior-Design/NavQPlus/install/rover_project/share/rover_project/hook/ld_library_path_lib.dsv'
[19.283s] INFO:colcon.colcon_core.shell:Creating environment hook '/home/marina/Senior-Design/NavQPlus/install/rover_project/share/rover_project/hook/ld_library_path_lib.sh'
[19.287s] Level 1:colcon.colcon_core.environment:checking '/home/marina/Senior-Design/NavQPlus/install/rover_project/bin'
[19.288s] Level 1:colcon.colcon_core.environment:checking '/home/marina/Senior-Design/NavQPlus/install/rover_project/lib/pkgconfig/rover_project.pc'
[19.291s] Level 1:colcon.colcon_core.environment:checking '/home/marina/Senior-Design/NavQPlus/install/rover_project/lib/python3.10/site-packages'
[19.296s] Level 1:colcon.colcon_core.environment:checking '/home/marina/Senior-Design/NavQPlus/install/rover_project/bin'
[19.299s] INFO:colcon.colcon_core.shell:Creating package script '/home/marina/Senior-Design/NavQPlus/install/rover_project/share/rover_project/package.ps1'
[19.304s] INFO:colcon.colcon_core.shell:Creating package descriptor '/home/marina/Senior-Design/NavQPlus/install/rover_project/share/rover_project/package.dsv'
[19.310s] INFO:colcon.colcon_core.shell:Creating package script '/home/marina/Senior-Design/NavQPlus/install/rover_project/share/rover_project/package.sh'
[19.315s] INFO:colcon.colcon_core.shell:Creating package script '/home/marina/Senior-Design/NavQPlus/install/rover_project/share/rover_project/package.bash'
[19.320s] INFO:colcon.colcon_core.shell:Creating package script '/home/marina/Senior-Design/NavQPlus/install/rover_project/share/rover_project/package.zsh'
[19.325s] Level 1:colcon.colcon_core.environment:create_file_with_runtime_dependencies(/home/marina/Senior-Design/NavQPlus/install/rover_project/share/colcon-core/packages/rover_project)
[19.328s] DEBUG:colcon.colcon_parallel_executor.executor.parallel:closing loop
[19.331s] DEBUG:colcon.colcon_parallel_executor.executor.parallel:loop closed
[19.332s] DEBUG:colcon.colcon_parallel_executor.executor.parallel:run_until_complete finished with '0'
[19.333s] DEBUG:colcon.colcon_core.event_reactor:joining thread
[19.377s] INFO:colcon.colcon_core.plugin_system:Skipping extension 'colcon_notification.desktop_notification.terminal_notifier': Not used on non-Darwin systems
[19.378s] INFO:colcon.colcon_core.plugin_system:Skipping extension 'colcon_notification.desktop_notification.win32': Not used on non-Windows systems
[19.379s] INFO:colcon.colcon_notification.desktop_notification:Sending desktop notification using 'notify2'
[44.408s] DEBUG:colcon.colcon_notification.desktop_notification.notify2:Failed to initialize notify2: org.freedesktop.DBus.Error.NoReply: Did not receive a reply. Possible causes include: the remote application did not send a reply, the message bus security policy blocked the reply, the reply timeout expired, or the network connection was broken.
[44.408s] DEBUG:colcon.colcon_core.event_reactor:joined thread
[44.411s] INFO:colcon.colcon_core.shell:Creating prefix script '/home/marina/Senior-Design/NavQPlus/install/local_setup.ps1'
[44.418s] INFO:colcon.colcon_core.shell:Creating prefix util module '/home/marina/Senior-Design/NavQPlus/install/_local_setup_util_ps1.py'
[44.432s] INFO:colcon.colcon_core.shell:Creating prefix chain script '/home/marina/Senior-Design/NavQPlus/install/setup.ps1'
[44.441s] INFO:colcon.colcon_core.shell:Creating prefix script '/home/marina/Senior-Design/NavQPlus/install/local_setup.sh'
[44.446s] INFO:colcon.colcon_core.shell:Creating prefix util module '/home/marina/Senior-Design/NavQPlus/install/_local_setup_util_sh.py'
[44.451s] INFO:colcon.colcon_core.shell:Creating prefix chain script '/home/marina/Senior-Design/NavQPlus/install/setup.sh'
[44.459s] INFO:colcon.colcon_core.shell:Creating prefix script '/home/marina/Senior-Design/NavQPlus/install/local_setup.bash'
[44.464s] INFO:colcon.colcon_core.shell:Creating prefix chain script '/home/marina/Senior-Design/NavQPlus/install/setup.bash'
[44.473s] INFO:colcon.colcon_core.shell:Creating prefix script '/home/marina/Senior-Design/NavQPlus/install/local_setup.zsh'
[44.477s] INFO:colcon.colcon_core.shell:Creating prefix chain script '/home/marina/Senior-Design/NavQPlus/install/setup.zsh'
