running egg_info
creating ../../../build/yolo_npu_ros/yolo_npu_ros.egg-info
writing ../../../build/yolo_npu_ros/yolo_npu_ros.egg-info/PKG-INFO
writing dependency_links to ../../../build/yolo_npu_ros/yolo_npu_ros.egg-info/dependency_links.txt
writing entry points to ../../../build/yolo_npu_ros/yolo_npu_ros.egg-info/entry_points.txt
writing requirements to ../../../build/yolo_npu_ros/yolo_npu_ros.egg-info/requires.txt
writing top-level names to ../../../build/yolo_npu_ros/yolo_npu_ros.egg-info/top_level.txt
writing manifest file '../../../build/yolo_npu_ros/yolo_npu_ros.egg-info/SOURCES.txt'
reading manifest file '../../../build/yolo_npu_ros/yolo_npu_ros.egg-info/SOURCES.txt'
writing manifest file '../../../build/yolo_npu_ros/yolo_npu_ros.egg-info/SOURCES.txt'
running build
running build_py
creating /home/marina/Senior-Design/NavQPlus/build/yolo_npu_ros/build/lib/yolo_npu_ros
copying yolo_npu_ros/__init__.py -> /home/marina/Senior-Design/NavQPlus/build/yolo_npu_ros/build/lib/yolo_npu_ros
copying yolo_npu_ros/yolo_npu_node.py -> /home/marina/Senior-Design/NavQPlus/build/yolo_npu_ros/build/lib/yolo_npu_ros
copying yolo_npu_ros/fast_scnn_node.py -> /home/marina/Senior-Design/NavQPlus/build/yolo_npu_ros/build/lib/yolo_npu_ros
running install
running install_lib
creating /home/marina/Senior-Design/NavQPlus/install/yolo_npu_ros/lib/python3.10/site-packages/yolo_npu_ros
copying /home/marina/Senior-Design/NavQPlus/build/yolo_npu_ros/build/lib/yolo_npu_ros/__init__.py -> /home/marina/Senior-Design/NavQPlus/install/yolo_npu_ros/lib/python3.10/site-packages/yolo_npu_ros
copying /home/marina/Senior-Design/NavQPlus/build/yolo_npu_ros/build/lib/yolo_npu_ros/yolo_npu_node.py -> /home/marina/Senior-Design/NavQPlus/install/yolo_npu_ros/lib/python3.10/site-packages/yolo_npu_ros
copying /home/marina/Senior-Design/NavQPlus/build/yolo_npu_ros/build/lib/yolo_npu_ros/fast_scnn_node.py -> /home/marina/Senior-Design/NavQPlus/install/yolo_npu_ros/lib/python3.10/site-packages/yolo_npu_ros
byte-compiling /home/marina/Senior-Design/NavQPlus/install/yolo_npu_ros/lib/python3.10/site-packages/yolo_npu_ros/__init__.py to __init__.cpython-310.pyc
byte-compiling /home/marina/Senior-Design/NavQPlus/install/yolo_npu_ros/lib/python3.10/site-packages/yolo_npu_ros/yolo_npu_node.py to yolo_npu_node.cpython-310.pyc
byte-compiling /home/marina/Senior-Design/NavQPlus/install/yolo_npu_ros/lib/python3.10/site-packages/yolo_npu_ros/fast_scnn_node.py to fast_scnn_node.cpython-310.pyc
running install_data
creating /home/marina/Senior-Design/NavQPlus/install/yolo_npu_ros/share/ament_index/resource_index/packages
copying resource/yolo_npu_ros -> /home/marina/Senior-Design/NavQPlus/install/yolo_npu_ros/share/ament_index/resource_index/packages
copying package.xml -> /home/marina/Senior-Design/NavQPlus/install/yolo_npu_ros/share/yolo_npu_ros
running install_egg_info
Copying ../../../build/yolo_npu_ros/yolo_npu_ros.egg-info to /home/marina/Senior-Design/NavQPlus/install/yolo_npu_ros/lib/python3.10/site-packages/yolo_npu_ros-0.0.0-py3.10.egg-info
running install_scripts
Installing fast_scnn_node script to /home/marina/Senior-Design/NavQPlus/install/yolo_npu_ros/lib/yolo_npu_ros
writing list of installed files to '/home/marina/Senior-Design/NavQPlus/build/yolo_npu_ros/install.log'
