[1.870s] DEBUG:colcon:Command line arguments: ['/usr/bin/colcon', 'build']
[1.871s] DEBUG:colcon:Parsed command line arguments: Namespace(log_base=None, log_level=None, verb_name='build', build_base='build', install_base='install', merge_install=False, symlink_install=False, test_result_base=None, continue_on_error=False, executor='parallel', parallel_workers=4, event_handlers=None, ignore_user_meta=False, metas=['./colcon.meta'], base_paths=['.'], packages_ignore=None, packages_ignore_regex=None, paths=None, packages_up_to=None, packages_up_to_regex=None, packages_above=None, packages_above_and_dependencies=None, packages_above_depth=None, packages_select_by_dep=None, packages_skip_by_dep=None, packages_skip_up_to=None, packages_select_build_failed=False, packages_skip_build_finished=False, packages_select_test_failures=False, packages_skip_test_passed=False, packages_select=None, packages_skip=None, packages_select_regex=None, packages_skip_regex=None, packages_start=None, packages_end=None, allow_overriding=[], cmake_args=None, cmake_target=None, cmake_target_skip_unavailable=False, cmake_clean_cache=False, cmake_clean_first=False, cmake_force_configure=False, ament_cmake_args=None, catkin_cmake_args=None, catkin_skip_building_tests=False, verb_parser=<colcon_defaults.argument_parser.defaults.DefaultArgumentsDecorator object at 0xffffb0369cc0>, verb_extension=<colcon_core.verb.build.BuildVerb object at 0xffffb0369720>, main=<bound method BuildVerb.main of <colcon_core.verb.build.BuildVerb object at 0xffffb0369720>>)
[2.421s] Level 1:colcon.colcon_core.package_discovery:discover_packages(colcon_meta) check parameters
[2.422s] Level 1:colcon.colcon_core.package_discovery:discover_packages(recursive) check parameters
[2.423s] Level 1:colcon.colcon_core.package_discovery:discover_packages(ignore) check parameters
[2.423s] Level 1:colcon.colcon_core.package_discovery:discover_packages(path) check parameters
[2.424s] Level 1:colcon.colcon_core.package_discovery:discover_packages(colcon_meta) discover
[2.425s] Level 1:colcon.colcon_core.package_discovery:discover_packages(recursive) discover
[2.425s] INFO:colcon.colcon_core.package_discovery:Crawling recursively for packages in '/home/marina/Senior-Design/NavQPlus'
[2.426s] Level 1:colcon.colcon_core.package_identification:_identify(.) by extensions ['ignore', 'ignore_ament_install']
[2.427s] Level 1:colcon.colcon_core.package_identification:_identify(.) by extension 'ignore'
[2.428s] Level 1:colcon.colcon_core.package_identification:_identify(.) by extension 'ignore_ament_install'
[2.429s] Level 1:colcon.colcon_core.package_identification:_identify(.) by extensions ['colcon_pkg']
[2.429s] Level 1:colcon.colcon_core.package_identification:_identify(.) by extension 'colcon_pkg'
[2.430s] Level 1:colcon.colcon_core.package_identification:_identify(.) by extensions ['colcon_meta']
[2.430s] Level 1:colcon.colcon_core.package_identification:_identify(.) by extension 'colcon_meta'
[2.431s] Level 1:colcon.colcon_core.package_identification:_identify(.) by extensions ['ros']
[2.431s] Level 1:colcon.colcon_core.package_identification:_identify(.) by extension 'ros'
[2.608s] Level 1:colcon.colcon_core.package_identification:_identify(.) by extensions ['cmake', 'python']
[2.609s] Level 1:colcon.colcon_core.package_identification:_identify(.) by extension 'cmake'
[2.610s] Level 1:colcon.colcon_core.package_identification:_identify(.) by extension 'python'
[2.610s] Level 1:colcon.colcon_core.package_identification:_identify(.) by extensions ['python_setup_py']
[2.611s] Level 1:colcon.colcon_core.package_identification:_identify(.) by extension 'python_setup_py'
[2.612s] Level 1:colcon.colcon_core.package_identification:_identify(build) by extensions ['ignore', 'ignore_ament_install']
[2.613s] Level 1:colcon.colcon_core.package_identification:_identify(build) by extension 'ignore'
[2.614s] Level 1:colcon.colcon_core.package_identification:_identify(build) ignored
[2.615s] Level 1:colcon.colcon_core.package_identification:_identify(can_comms) by extensions ['ignore', 'ignore_ament_install']
[2.616s] Level 1:colcon.colcon_core.package_identification:_identify(can_comms) by extension 'ignore'
[2.617s] Level 1:colcon.colcon_core.package_identification:_identify(can_comms) by extension 'ignore_ament_install'
[2.618s] Level 1:colcon.colcon_core.package_identification:_identify(can_comms) by extensions ['colcon_pkg']
[2.618s] Level 1:colcon.colcon_core.package_identification:_identify(can_comms) by extension 'colcon_pkg'
[2.619s] Level 1:colcon.colcon_core.package_identification:_identify(can_comms) by extensions ['colcon_meta']
[2.619s] Level 1:colcon.colcon_core.package_identification:_identify(can_comms) by extension 'colcon_meta'
[2.620s] Level 1:colcon.colcon_core.package_identification:_identify(can_comms) by extensions ['ros']
[2.621s] Level 1:colcon.colcon_core.package_identification:_identify(can_comms) by extension 'ros'
[2.622s] Level 1:colcon.colcon_core.package_identification:_identify(can_comms) by extensions ['cmake', 'python']
[2.623s] Level 1:colcon.colcon_core.package_identification:_identify(can_comms) by extension 'cmake'
[2.624s] Level 1:colcon.colcon_core.package_identification:_identify(can_comms) by extension 'python'
[2.625s] Level 1:colcon.colcon_core.package_identification:_identify(can_comms) by extensions ['python_setup_py']
[2.625s] Level 1:colcon.colcon_core.package_identification:_identify(can_comms) by extension 'python_setup_py'
[2.626s] Level 1:colcon.colcon_core.package_identification:_identify(can_comms/rover_ws) by extensions ['ignore', 'ignore_ament_install']
[2.627s] Level 1:colcon.colcon_core.package_identification:_identify(can_comms/rover_ws) by extension 'ignore'
[2.628s] Level 1:colcon.colcon_core.package_identification:_identify(can_comms/rover_ws) by extension 'ignore_ament_install'
[2.629s] Level 1:colcon.colcon_core.package_identification:_identify(can_comms/rover_ws) by extensions ['colcon_pkg']
[2.629s] Level 1:colcon.colcon_core.package_identification:_identify(can_comms/rover_ws) by extension 'colcon_pkg'
[2.630s] Level 1:colcon.colcon_core.package_identification:_identify(can_comms/rover_ws) by extensions ['colcon_meta']
[2.631s] Level 1:colcon.colcon_core.package_identification:_identify(can_comms/rover_ws) by extension 'colcon_meta'
[2.631s] Level 1:colcon.colcon_core.package_identification:_identify(can_comms/rover_ws) by extensions ['ros']
[2.632s] Level 1:colcon.colcon_core.package_identification:_identify(can_comms/rover_ws) by extension 'ros'
[2.633s] Level 1:colcon.colcon_core.package_identification:_identify(can_comms/rover_ws) by extensions ['cmake', 'python']
[2.634s] Level 1:colcon.colcon_core.package_identification:_identify(can_comms/rover_ws) by extension 'cmake'
[2.634s] Level 1:colcon.colcon_core.package_identification:_identify(can_comms/rover_ws) by extension 'python'
[2.635s] Level 1:colcon.colcon_core.package_identification:_identify(can_comms/rover_ws) by extensions ['python_setup_py']
[2.635s] Level 1:colcon.colcon_core.package_identification:_identify(can_comms/rover_ws) by extension 'python_setup_py'
[2.637s] Level 1:colcon.colcon_core.package_identification:_identify(can_comms/rover_ws/src) by extensions ['ignore', 'ignore_ament_install']
[2.638s] Level 1:colcon.colcon_core.package_identification:_identify(can_comms/rover_ws/src) by extension 'ignore'
[2.638s] Level 1:colcon.colcon_core.package_identification:_identify(can_comms/rover_ws/src) by extension 'ignore_ament_install'
[2.639s] Level 1:colcon.colcon_core.package_identification:_identify(can_comms/rover_ws/src) by extensions ['colcon_pkg']
[2.640s] Level 1:colcon.colcon_core.package_identification:_identify(can_comms/rover_ws/src) by extension 'colcon_pkg'
[2.640s] Level 1:colcon.colcon_core.package_identification:_identify(can_comms/rover_ws/src) by extensions ['colcon_meta']
[2.641s] Level 1:colcon.colcon_core.package_identification:_identify(can_comms/rover_ws/src) by extension 'colcon_meta'
[2.642s] Level 1:colcon.colcon_core.package_identification:_identify(can_comms/rover_ws/src) by extensions ['ros']
[2.642s] Level 1:colcon.colcon_core.package_identification:_identify(can_comms/rover_ws/src) by extension 'ros'
[2.643s] Level 1:colcon.colcon_core.package_identification:_identify(can_comms/rover_ws/src) by extensions ['cmake', 'python']
[2.644s] Level 1:colcon.colcon_core.package_identification:_identify(can_comms/rover_ws/src) by extension 'cmake'
[2.645s] Level 1:colcon.colcon_core.package_identification:_identify(can_comms/rover_ws/src) by extension 'python'
[2.645s] Level 1:colcon.colcon_core.package_identification:_identify(can_comms/rover_ws/src) by extensions ['python_setup_py']
[2.646s] Level 1:colcon.colcon_core.package_identification:_identify(can_comms/rover_ws/src) by extension 'python_setup_py'
[2.647s] Level 1:colcon.colcon_core.package_identification:_identify(can_comms/rover_ws/src/can_interface) by extensions ['ignore', 'ignore_ament_install']
[2.648s] Level 1:colcon.colcon_core.package_identification:_identify(can_comms/rover_ws/src/can_interface) by extension 'ignore'
[2.649s] Level 1:colcon.colcon_core.package_identification:_identify(can_comms/rover_ws/src/can_interface) by extension 'ignore_ament_install'
[2.650s] Level 1:colcon.colcon_core.package_identification:_identify(can_comms/rover_ws/src/can_interface) by extensions ['colcon_pkg']
[2.650s] Level 1:colcon.colcon_core.package_identification:_identify(can_comms/rover_ws/src/can_interface) by extension 'colcon_pkg'
[2.651s] Level 1:colcon.colcon_core.package_identification:_identify(can_comms/rover_ws/src/can_interface) by extensions ['colcon_meta']
[2.651s] Level 1:colcon.colcon_core.package_identification:_identify(can_comms/rover_ws/src/can_interface) by extension 'colcon_meta'
[2.652s] Level 1:colcon.colcon_core.package_identification:_identify(can_comms/rover_ws/src/can_interface) by extensions ['ros']
[2.653s] Level 1:colcon.colcon_core.package_identification:_identify(can_comms/rover_ws/src/can_interface) by extension 'ros'
[2.677s] DEBUG:colcon.colcon_core.package_identification:Package 'can_comms/rover_ws/src/can_interface' with type 'ros.ament_python' and name 'can_interface'
[2.678s] Level 1:colcon.colcon_core.package_identification:_identify(can_comms/scripts) by extensions ['ignore', 'ignore_ament_install']
[2.679s] Level 1:colcon.colcon_core.package_identification:_identify(can_comms/scripts) by extension 'ignore'
[2.680s] Level 1:colcon.colcon_core.package_identification:_identify(can_comms/scripts) by extension 'ignore_ament_install'
[2.681s] Level 1:colcon.colcon_core.package_identification:_identify(can_comms/scripts) by extensions ['colcon_pkg']
[2.681s] Level 1:colcon.colcon_core.package_identification:_identify(can_comms/scripts) by extension 'colcon_pkg'
[2.682s] Level 1:colcon.colcon_core.package_identification:_identify(can_comms/scripts) by extensions ['colcon_meta']
[2.682s] Level 1:colcon.colcon_core.package_identification:_identify(can_comms/scripts) by extension 'colcon_meta'
[2.683s] Level 1:colcon.colcon_core.package_identification:_identify(can_comms/scripts) by extensions ['ros']
[2.684s] Level 1:colcon.colcon_core.package_identification:_identify(can_comms/scripts) by extension 'ros'
[2.685s] Level 1:colcon.colcon_core.package_identification:_identify(can_comms/scripts) by extensions ['cmake', 'python']
[2.685s] Level 1:colcon.colcon_core.package_identification:_identify(can_comms/scripts) by extension 'cmake'
[2.686s] Level 1:colcon.colcon_core.package_identification:_identify(can_comms/scripts) by extension 'python'
[2.687s] Level 1:colcon.colcon_core.package_identification:_identify(can_comms/scripts) by extensions ['python_setup_py']
[2.687s] Level 1:colcon.colcon_core.package_identification:_identify(can_comms/scripts) by extension 'python_setup_py'
[2.688s] Level 1:colcon.colcon_core.package_identification:_identify(install) by extensions ['ignore', 'ignore_ament_install']
[2.689s] Level 1:colcon.colcon_core.package_identification:_identify(install) by extension 'ignore'
[2.690s] Level 1:colcon.colcon_core.package_identification:_identify(install) ignored
[2.691s] Level 1:colcon.colcon_core.package_identification:_identify(log) by extensions ['ignore', 'ignore_ament_install']
[2.692s] Level 1:colcon.colcon_core.package_identification:_identify(log) by extension 'ignore'
[2.693s] Level 1:colcon.colcon_core.package_identification:_identify(log) ignored
[2.694s] Level 1:colcon.colcon_core.package_identification:_identify(models) by extensions ['ignore', 'ignore_ament_install']
[2.695s] Level 1:colcon.colcon_core.package_identification:_identify(models) by extension 'ignore'
[2.695s] Level 1:colcon.colcon_core.package_identification:_identify(models) by extension 'ignore_ament_install'
[2.696s] Level 1:colcon.colcon_core.package_identification:_identify(models) by extensions ['colcon_pkg']
[2.697s] Level 1:colcon.colcon_core.package_identification:_identify(models) by extension 'colcon_pkg'
[2.698s] Level 1:colcon.colcon_core.package_identification:_identify(models) by extensions ['colcon_meta']
[2.698s] Level 1:colcon.colcon_core.package_identification:_identify(models) by extension 'colcon_meta'
[2.699s] Level 1:colcon.colcon_core.package_identification:_identify(models) by extensions ['ros']
[2.699s] Level 1:colcon.colcon_core.package_identification:_identify(models) by extension 'ros'
[2.700s] Level 1:colcon.colcon_core.package_identification:_identify(models) by extensions ['cmake', 'python']
[2.701s] Level 1:colcon.colcon_core.package_identification:_identify(models) by extension 'cmake'
[2.702s] Level 1:colcon.colcon_core.package_identification:_identify(models) by extension 'python'
[2.702s] Level 1:colcon.colcon_core.package_identification:_identify(models) by extensions ['python_setup_py']
[2.703s] Level 1:colcon.colcon_core.package_identification:_identify(models) by extension 'python_setup_py'
[2.704s] Level 1:colcon.colcon_core.package_identification:_identify(models/output) by extensions ['ignore', 'ignore_ament_install']
[2.705s] Level 1:colcon.colcon_core.package_identification:_identify(models/output) by extension 'ignore'
[2.706s] Level 1:colcon.colcon_core.package_identification:_identify(models/output) by extension 'ignore_ament_install'
[2.707s] Level 1:colcon.colcon_core.package_identification:_identify(models/output) by extensions ['colcon_pkg']
[2.707s] Level 1:colcon.colcon_core.package_identification:_identify(models/output) by extension 'colcon_pkg'
[2.708s] Level 1:colcon.colcon_core.package_identification:_identify(models/output) by extensions ['colcon_meta']
[2.708s] Level 1:colcon.colcon_core.package_identification:_identify(models/output) by extension 'colcon_meta'
[2.709s] Level 1:colcon.colcon_core.package_identification:_identify(models/output) by extensions ['ros']
[2.709s] Level 1:colcon.colcon_core.package_identification:_identify(models/output) by extension 'ros'
[2.711s] Level 1:colcon.colcon_core.package_identification:_identify(models/output) by extensions ['cmake', 'python']
[2.711s] Level 1:colcon.colcon_core.package_identification:_identify(models/output) by extension 'cmake'
[2.712s] Level 1:colcon.colcon_core.package_identification:_identify(models/output) by extension 'python'
[2.713s] Level 1:colcon.colcon_core.package_identification:_identify(models/output) by extensions ['python_setup_py']
[2.713s] Level 1:colcon.colcon_core.package_identification:_identify(models/output) by extension 'python_setup_py'
[2.714s] Level 1:colcon.colcon_core.package_identification:_identify(models/vosk-model) by extensions ['ignore', 'ignore_ament_install']
[2.715s] Level 1:colcon.colcon_core.package_identification:_identify(models/vosk-model) by extension 'ignore'
[2.716s] Level 1:colcon.colcon_core.package_identification:_identify(models/vosk-model) by extension 'ignore_ament_install'
[2.717s] Level 1:colcon.colcon_core.package_identification:_identify(models/vosk-model) by extensions ['colcon_pkg']
[2.717s] Level 1:colcon.colcon_core.package_identification:_identify(models/vosk-model) by extension 'colcon_pkg'
[2.718s] Level 1:colcon.colcon_core.package_identification:_identify(models/vosk-model) by extensions ['colcon_meta']
[2.718s] Level 1:colcon.colcon_core.package_identification:_identify(models/vosk-model) by extension 'colcon_meta'
[2.719s] Level 1:colcon.colcon_core.package_identification:_identify(models/vosk-model) by extensions ['ros']
[2.719s] Level 1:colcon.colcon_core.package_identification:_identify(models/vosk-model) by extension 'ros'
[2.720s] Level 1:colcon.colcon_core.package_identification:_identify(models/vosk-model) by extensions ['cmake', 'python']
[2.721s] Level 1:colcon.colcon_core.package_identification:_identify(models/vosk-model) by extension 'cmake'
[2.721s] Level 1:colcon.colcon_core.package_identification:_identify(models/vosk-model) by extension 'python'
[2.722s] Level 1:colcon.colcon_core.package_identification:_identify(models/vosk-model) by extensions ['python_setup_py']
[2.723s] Level 1:colcon.colcon_core.package_identification:_identify(models/vosk-model) by extension 'python_setup_py'
[2.724s] Level 1:colcon.colcon_core.package_identification:_identify(models/vosk-model/am) by extensions ['ignore', 'ignore_ament_install']
[2.725s] Level 1:colcon.colcon_core.package_identification:_identify(models/vosk-model/am) by extension 'ignore'
[2.726s] Level 1:colcon.colcon_core.package_identification:_identify(models/vosk-model/am) by extension 'ignore_ament_install'
[2.727s] Level 1:colcon.colcon_core.package_identification:_identify(models/vosk-model/am) by extensions ['colcon_pkg']
[2.727s] Level 1:colcon.colcon_core.package_identification:_identify(models/vosk-model/am) by extension 'colcon_pkg'
[2.728s] Level 1:colcon.colcon_core.package_identification:_identify(models/vosk-model/am) by extensions ['colcon_meta']
[2.728s] Level 1:colcon.colcon_core.package_identification:_identify(models/vosk-model/am) by extension 'colcon_meta'
[2.729s] Level 1:colcon.colcon_core.package_identification:_identify(models/vosk-model/am) by extensions ['ros']
[2.730s] Level 1:colcon.colcon_core.package_identification:_identify(models/vosk-model/am) by extension 'ros'
[2.731s] Level 1:colcon.colcon_core.package_identification:_identify(models/vosk-model/am) by extensions ['cmake', 'python']
[2.731s] Level 1:colcon.colcon_core.package_identification:_identify(models/vosk-model/am) by extension 'cmake'
[2.732s] Level 1:colcon.colcon_core.package_identification:_identify(models/vosk-model/am) by extension 'python'
[2.733s] Level 1:colcon.colcon_core.package_identification:_identify(models/vosk-model/am) by extensions ['python_setup_py']
[2.733s] Level 1:colcon.colcon_core.package_identification:_identify(models/vosk-model/am) by extension 'python_setup_py'
[2.734s] Level 1:colcon.colcon_core.package_identification:_identify(models/vosk-model/conf) by extensions ['ignore', 'ignore_ament_install']
[2.735s] Level 1:colcon.colcon_core.package_identification:_identify(models/vosk-model/conf) by extension 'ignore'
[2.736s] Level 1:colcon.colcon_core.package_identification:_identify(models/vosk-model/conf) by extension 'ignore_ament_install'
[2.737s] Level 1:colcon.colcon_core.package_identification:_identify(models/vosk-model/conf) by extensions ['colcon_pkg']
[2.738s] Level 1:colcon.colcon_core.package_identification:_identify(models/vosk-model/conf) by extension 'colcon_pkg'
[2.738s] Level 1:colcon.colcon_core.package_identification:_identify(models/vosk-model/conf) by extensions ['colcon_meta']
[2.739s] Level 1:colcon.colcon_core.package_identification:_identify(models/vosk-model/conf) by extension 'colcon_meta'
[2.740s] Level 1:colcon.colcon_core.package_identification:_identify(models/vosk-model/conf) by extensions ['ros']
[2.740s] Level 1:colcon.colcon_core.package_identification:_identify(models/vosk-model/conf) by extension 'ros'
[2.741s] Level 1:colcon.colcon_core.package_identification:_identify(models/vosk-model/conf) by extensions ['cmake', 'python']
[2.742s] Level 1:colcon.colcon_core.package_identification:_identify(models/vosk-model/conf) by extension 'cmake'
[2.742s] Level 1:colcon.colcon_core.package_identification:_identify(models/vosk-model/conf) by extension 'python'
[2.743s] Level 1:colcon.colcon_core.package_identification:_identify(models/vosk-model/conf) by extensions ['python_setup_py']
[2.744s] Level 1:colcon.colcon_core.package_identification:_identify(models/vosk-model/conf) by extension 'python_setup_py'
[2.745s] Level 1:colcon.colcon_core.package_identification:_identify(models/vosk-model/graph) by extensions ['ignore', 'ignore_ament_install']
[2.746s] Level 1:colcon.colcon_core.package_identification:_identify(models/vosk-model/graph) by extension 'ignore'
[2.747s] Level 1:colcon.colcon_core.package_identification:_identify(models/vosk-model/graph) by extension 'ignore_ament_install'
[2.747s] Level 1:colcon.colcon_core.package_identification:_identify(models/vosk-model/graph) by extensions ['colcon_pkg']
[2.748s] Level 1:colcon.colcon_core.package_identification:_identify(models/vosk-model/graph) by extension 'colcon_pkg'
[2.749s] Level 1:colcon.colcon_core.package_identification:_identify(models/vosk-model/graph) by extensions ['colcon_meta']
[2.749s] Level 1:colcon.colcon_core.package_identification:_identify(models/vosk-model/graph) by extension 'colcon_meta'
[2.750s] Level 1:colcon.colcon_core.package_identification:_identify(models/vosk-model/graph) by extensions ['ros']
[2.750s] Level 1:colcon.colcon_core.package_identification:_identify(models/vosk-model/graph) by extension 'ros'
[2.751s] Level 1:colcon.colcon_core.package_identification:_identify(models/vosk-model/graph) by extensions ['cmake', 'python']
[2.752s] Level 1:colcon.colcon_core.package_identification:_identify(models/vosk-model/graph) by extension 'cmake'
[2.752s] Level 1:colcon.colcon_core.package_identification:_identify(models/vosk-model/graph) by extension 'python'
[2.753s] Level 1:colcon.colcon_core.package_identification:_identify(models/vosk-model/graph) by extensions ['python_setup_py']
[2.754s] Level 1:colcon.colcon_core.package_identification:_identify(models/vosk-model/graph) by extension 'python_setup_py'
[2.755s] Level 1:colcon.colcon_core.package_identification:_identify(models/vosk-model/graph/phones) by extensions ['ignore', 'ignore_ament_install']
[2.756s] Level 1:colcon.colcon_core.package_identification:_identify(models/vosk-model/graph/phones) by extension 'ignore'
[2.757s] Level 1:colcon.colcon_core.package_identification:_identify(models/vosk-model/graph/phones) by extension 'ignore_ament_install'
[2.758s] Level 1:colcon.colcon_core.package_identification:_identify(models/vosk-model/graph/phones) by extensions ['colcon_pkg']
[2.758s] Level 1:colcon.colcon_core.package_identification:_identify(models/vosk-model/graph/phones) by extension 'colcon_pkg'
[2.759s] Level 1:colcon.colcon_core.package_identification:_identify(models/vosk-model/graph/phones) by extensions ['colcon_meta']
[2.759s] Level 1:colcon.colcon_core.package_identification:_identify(models/vosk-model/graph/phones) by extension 'colcon_meta'
[2.760s] Level 1:colcon.colcon_core.package_identification:_identify(models/vosk-model/graph/phones) by extensions ['ros']
[2.760s] Level 1:colcon.colcon_core.package_identification:_identify(models/vosk-model/graph/phones) by extension 'ros'
[2.761s] Level 1:colcon.colcon_core.package_identification:_identify(models/vosk-model/graph/phones) by extensions ['cmake', 'python']
[2.762s] Level 1:colcon.colcon_core.package_identification:_identify(models/vosk-model/graph/phones) by extension 'cmake'
[2.762s] Level 1:colcon.colcon_core.package_identification:_identify(models/vosk-model/graph/phones) by extension 'python'
[2.763s] Level 1:colcon.colcon_core.package_identification:_identify(models/vosk-model/graph/phones) by extensions ['python_setup_py']
[2.764s] Level 1:colcon.colcon_core.package_identification:_identify(models/vosk-model/graph/phones) by extension 'python_setup_py'
[2.765s] Level 1:colcon.colcon_core.package_identification:_identify(models/vosk-model/ivector) by extensions ['ignore', 'ignore_ament_install']
[2.766s] Level 1:colcon.colcon_core.package_identification:_identify(models/vosk-model/ivector) by extension 'ignore'
[2.766s] Level 1:colcon.colcon_core.package_identification:_identify(models/vosk-model/ivector) by extension 'ignore_ament_install'
[2.767s] Level 1:colcon.colcon_core.package_identification:_identify(models/vosk-model/ivector) by extensions ['colcon_pkg']
[2.768s] Level 1:colcon.colcon_core.package_identification:_identify(models/vosk-model/ivector) by extension 'colcon_pkg'
[2.769s] Level 1:colcon.colcon_core.package_identification:_identify(models/vosk-model/ivector) by extensions ['colcon_meta']
[2.769s] Level 1:colcon.colcon_core.package_identification:_identify(models/vosk-model/ivector) by extension 'colcon_meta'
[2.770s] Level 1:colcon.colcon_core.package_identification:_identify(models/vosk-model/ivector) by extensions ['ros']
[2.770s] Level 1:colcon.colcon_core.package_identification:_identify(models/vosk-model/ivector) by extension 'ros'
[2.771s] Level 1:colcon.colcon_core.package_identification:_identify(models/vosk-model/ivector) by extensions ['cmake', 'python']
[2.772s] Level 1:colcon.colcon_core.package_identification:_identify(models/vosk-model/ivector) by extension 'cmake'
[2.772s] Level 1:colcon.colcon_core.package_identification:_identify(models/vosk-model/ivector) by extension 'python'
[2.773s] Level 1:colcon.colcon_core.package_identification:_identify(models/vosk-model/ivector) by extensions ['python_setup_py']
[2.774s] Level 1:colcon.colcon_core.package_identification:_identify(models/vosk-model/ivector) by extension 'python_setup_py'
[2.775s] Level 1:colcon.colcon_core.package_identification:_identify(ros2_ws) by extensions ['ignore', 'ignore_ament_install']
[2.776s] Level 1:colcon.colcon_core.package_identification:_identify(ros2_ws) by extension 'ignore'
[2.777s] Level 1:colcon.colcon_core.package_identification:_identify(ros2_ws) by extension 'ignore_ament_install'
[2.777s] Level 1:colcon.colcon_core.package_identification:_identify(ros2_ws) by extensions ['colcon_pkg']
[2.778s] Level 1:colcon.colcon_core.package_identification:_identify(ros2_ws) by extension 'colcon_pkg'
[2.778s] Level 1:colcon.colcon_core.package_identification:_identify(ros2_ws) by extensions ['colcon_meta']
[2.779s] Level 1:colcon.colcon_core.package_identification:_identify(ros2_ws) by extension 'colcon_meta'
[2.780s] Level 1:colcon.colcon_core.package_identification:_identify(ros2_ws) by extensions ['ros']
[2.780s] Level 1:colcon.colcon_core.package_identification:_identify(ros2_ws) by extension 'ros'
[2.781s] Level 1:colcon.colcon_core.package_identification:_identify(ros2_ws) by extensions ['cmake', 'python']
[2.782s] Level 1:colcon.colcon_core.package_identification:_identify(ros2_ws) by extension 'cmake'
[2.782s] Level 1:colcon.colcon_core.package_identification:_identify(ros2_ws) by extension 'python'
[2.783s] Level 1:colcon.colcon_core.package_identification:_identify(ros2_ws) by extensions ['python_setup_py']
[2.784s] Level 1:colcon.colcon_core.package_identification:_identify(ros2_ws) by extension 'python_setup_py'
[2.785s] Level 1:colcon.colcon_core.package_identification:_identify(ros2_ws/build) by extensions ['ignore', 'ignore_ament_install']
[2.786s] Level 1:colcon.colcon_core.package_identification:_identify(ros2_ws/build) by extension 'ignore'
[2.786s] Level 1:colcon.colcon_core.package_identification:_identify(ros2_ws/build) ignored
[2.787s] Level 1:colcon.colcon_core.package_identification:_identify(ros2_ws/install) by extensions ['ignore', 'ignore_ament_install']
[2.788s] Level 1:colcon.colcon_core.package_identification:_identify(ros2_ws/install) by extension 'ignore'
[2.789s] Level 1:colcon.colcon_core.package_identification:_identify(ros2_ws/install) ignored
[2.790s] Level 1:colcon.colcon_core.package_identification:_identify(ros2_ws/log) by extensions ['ignore', 'ignore_ament_install']
[2.791s] Level 1:colcon.colcon_core.package_identification:_identify(ros2_ws/log) by extension 'ignore'
[2.792s] Level 1:colcon.colcon_core.package_identification:_identify(ros2_ws/log) ignored
[2.793s] Level 1:colcon.colcon_core.package_identification:_identify(ros2_ws/rover_project) by extensions ['ignore', 'ignore_ament_install']
[2.794s] Level 1:colcon.colcon_core.package_identification:_identify(ros2_ws/rover_project) by extension 'ignore'
[2.795s] Level 1:colcon.colcon_core.package_identification:_identify(ros2_ws/rover_project) by extension 'ignore_ament_install'
[2.795s] Level 1:colcon.colcon_core.package_identification:_identify(ros2_ws/rover_project) by extensions ['colcon_pkg']
[2.796s] Level 1:colcon.colcon_core.package_identification:_identify(ros2_ws/rover_project) by extension 'colcon_pkg'
[2.797s] Level 1:colcon.colcon_core.package_identification:_identify(ros2_ws/rover_project) by extensions ['colcon_meta']
[2.797s] Level 1:colcon.colcon_core.package_identification:_identify(ros2_ws/rover_project) by extension 'colcon_meta'
[2.798s] Level 1:colcon.colcon_core.package_identification:_identify(ros2_ws/rover_project) by extensions ['ros']
[2.798s] Level 1:colcon.colcon_core.package_identification:_identify(ros2_ws/rover_project) by extension 'ros'
[2.799s] Level 1:colcon.colcon_core.package_identification:_identify(ros2_ws/rover_project) by extensions ['cmake', 'python']
[2.800s] Level 1:colcon.colcon_core.package_identification:_identify(ros2_ws/rover_project) by extension 'cmake'
[2.800s] Level 1:colcon.colcon_core.package_identification:_identify(ros2_ws/rover_project) by extension 'python'
[2.801s] Level 1:colcon.colcon_core.package_identification:_identify(ros2_ws/rover_project) by extensions ['python_setup_py']
[2.802s] Level 1:colcon.colcon_core.package_identification:_identify(ros2_ws/rover_project) by extension 'python_setup_py'
[2.803s] Level 1:colcon.colcon_core.package_identification:_identify(ros2_ws/rover_project/scripts) by extensions ['ignore', 'ignore_ament_install']
[2.804s] Level 1:colcon.colcon_core.package_identification:_identify(ros2_ws/rover_project/scripts) by extension 'ignore'
[2.805s] Level 1:colcon.colcon_core.package_identification:_identify(ros2_ws/rover_project/scripts) by extension 'ignore_ament_install'
[2.805s] Level 1:colcon.colcon_core.package_identification:_identify(ros2_ws/rover_project/scripts) by extensions ['colcon_pkg']
[2.806s] Level 1:colcon.colcon_core.package_identification:_identify(ros2_ws/rover_project/scripts) by extension 'colcon_pkg'
[2.807s] Level 1:colcon.colcon_core.package_identification:_identify(ros2_ws/rover_project/scripts) by extensions ['colcon_meta']
[2.807s] Level 1:colcon.colcon_core.package_identification:_identify(ros2_ws/rover_project/scripts) by extension 'colcon_meta'
[2.808s] Level 1:colcon.colcon_core.package_identification:_identify(ros2_ws/rover_project/scripts) by extensions ['ros']
[2.808s] Level 1:colcon.colcon_core.package_identification:_identify(ros2_ws/rover_project/scripts) by extension 'ros'
[2.809s] Level 1:colcon.colcon_core.package_identification:_identify(ros2_ws/rover_project/scripts) by extensions ['cmake', 'python']
[2.810s] Level 1:colcon.colcon_core.package_identification:_identify(ros2_ws/rover_project/scripts) by extension 'cmake'
[2.811s] Level 1:colcon.colcon_core.package_identification:_identify(ros2_ws/rover_project/scripts) by extension 'python'
[2.811s] Level 1:colcon.colcon_core.package_identification:_identify(ros2_ws/rover_project/scripts) by extensions ['python_setup_py']
[2.812s] Level 1:colcon.colcon_core.package_identification:_identify(ros2_ws/rover_project/scripts) by extension 'python_setup_py'
[2.813s] Level 1:colcon.colcon_core.package_identification:_identify(ros2_ws/rover_project/scripts/build) by extensions ['ignore', 'ignore_ament_install']
[2.814s] Level 1:colcon.colcon_core.package_identification:_identify(ros2_ws/rover_project/scripts/build) by extension 'ignore'
[2.815s] Level 1:colcon.colcon_core.package_identification:_identify(ros2_ws/rover_project/scripts/build) ignored
[2.816s] Level 1:colcon.colcon_core.package_identification:_identify(ros2_ws/rover_project/scripts/install) by extensions ['ignore', 'ignore_ament_install']
[2.817s] Level 1:colcon.colcon_core.package_identification:_identify(ros2_ws/rover_project/scripts/install) by extension 'ignore'
[2.817s] Level 1:colcon.colcon_core.package_identification:_identify(ros2_ws/rover_project/scripts/install) ignored
[2.819s] Level 1:colcon.colcon_core.package_identification:_identify(ros2_ws/rover_project/scripts/log) by extensions ['ignore', 'ignore_ament_install']
[2.820s] Level 1:colcon.colcon_core.package_identification:_identify(ros2_ws/rover_project/scripts/log) by extension 'ignore'
[2.820s] Level 1:colcon.colcon_core.package_identification:_identify(ros2_ws/rover_project/scripts/log) ignored
[2.821s] Level 1:colcon.colcon_core.package_identification:_identify(ros2_ws/src) by extensions ['ignore', 'ignore_ament_install']
[2.822s] Level 1:colcon.colcon_core.package_identification:_identify(ros2_ws/src) by extension 'ignore'
[2.823s] Level 1:colcon.colcon_core.package_identification:_identify(ros2_ws/src) by extension 'ignore_ament_install'
[2.824s] Level 1:colcon.colcon_core.package_identification:_identify(ros2_ws/src) by extensions ['colcon_pkg']
[2.825s] Level 1:colcon.colcon_core.package_identification:_identify(ros2_ws/src) by extension 'colcon_pkg'
[2.825s] Level 1:colcon.colcon_core.package_identification:_identify(ros2_ws/src) by extensions ['colcon_meta']
[2.826s] Level 1:colcon.colcon_core.package_identification:_identify(ros2_ws/src) by extension 'colcon_meta'
[2.826s] Level 1:colcon.colcon_core.package_identification:_identify(ros2_ws/src) by extensions ['ros']
[2.827s] Level 1:colcon.colcon_core.package_identification:_identify(ros2_ws/src) by extension 'ros'
[2.828s] Level 1:colcon.colcon_core.package_identification:_identify(ros2_ws/src) by extensions ['cmake', 'python']
[2.828s] Level 1:colcon.colcon_core.package_identification:_identify(ros2_ws/src) by extension 'cmake'
[2.829s] Level 1:colcon.colcon_core.package_identification:_identify(ros2_ws/src) by extension 'python'
[2.830s] Level 1:colcon.colcon_core.package_identification:_identify(ros2_ws/src) by extensions ['python_setup_py']
[2.830s] Level 1:colcon.colcon_core.package_identification:_identify(ros2_ws/src) by extension 'python_setup_py'
[2.831s] Level 1:colcon.colcon_core.package_identification:_identify(ros2_ws/src/yolo_npu_ros) by extensions ['ignore', 'ignore_ament_install']
[2.832s] Level 1:colcon.colcon_core.package_identification:_identify(ros2_ws/src/yolo_npu_ros) by extension 'ignore'
[2.833s] Level 1:colcon.colcon_core.package_identification:_identify(ros2_ws/src/yolo_npu_ros) by extension 'ignore_ament_install'
[2.834s] Level 1:colcon.colcon_core.package_identification:_identify(ros2_ws/src/yolo_npu_ros) by extensions ['colcon_pkg']
[2.834s] Level 1:colcon.colcon_core.package_identification:_identify(ros2_ws/src/yolo_npu_ros) by extension 'colcon_pkg'
[2.835s] Level 1:colcon.colcon_core.package_identification:_identify(ros2_ws/src/yolo_npu_ros) by extensions ['colcon_meta']
[2.835s] Level 1:colcon.colcon_core.package_identification:_identify(ros2_ws/src/yolo_npu_ros) by extension 'colcon_meta'
[2.836s] Level 1:colcon.colcon_core.package_identification:_identify(ros2_ws/src/yolo_npu_ros) by extensions ['ros']
[2.837s] Level 1:colcon.colcon_core.package_identification:_identify(ros2_ws/src/yolo_npu_ros) by extension 'ros'
[2.845s] DEBUG:colcon.colcon_core.package_identification:Package 'ros2_ws/src/yolo_npu_ros' with type 'ros.ament_python' and name 'yolo_npu_ros'
[2.846s] Level 1:colcon.colcon_core.package_identification:_identify(vosk-model) by extensions ['ignore', 'ignore_ament_install']
[2.847s] Level 1:colcon.colcon_core.package_identification:_identify(vosk-model) by extension 'ignore'
[2.847s] Level 1:colcon.colcon_core.package_identification:_identify(vosk-model) by extension 'ignore_ament_install'
[2.848s] Level 1:colcon.colcon_core.package_identification:_identify(vosk-model) by extensions ['colcon_pkg']
[2.849s] Level 1:colcon.colcon_core.package_identification:_identify(vosk-model) by extension 'colcon_pkg'
[2.850s] Level 1:colcon.colcon_core.package_identification:_identify(vosk-model) by extensions ['colcon_meta']
[2.850s] Level 1:colcon.colcon_core.package_identification:_identify(vosk-model) by extension 'colcon_meta'
[2.851s] Level 1:colcon.colcon_core.package_identification:_identify(vosk-model) by extensions ['ros']
[2.851s] Level 1:colcon.colcon_core.package_identification:_identify(vosk-model) by extension 'ros'
[2.852s] Level 1:colcon.colcon_core.package_identification:_identify(vosk-model) by extensions ['cmake', 'python']
[2.853s] Level 1:colcon.colcon_core.package_identification:_identify(vosk-model) by extension 'cmake'
[2.853s] Level 1:colcon.colcon_core.package_identification:_identify(vosk-model) by extension 'python'
[2.854s] Level 1:colcon.colcon_core.package_identification:_identify(vosk-model) by extensions ['python_setup_py']
[2.855s] Level 1:colcon.colcon_core.package_identification:_identify(vosk-model) by extension 'python_setup_py'
[2.855s] Level 1:colcon.colcon_core.package_discovery:discover_packages(recursive) using defaults
[2.856s] Level 1:colcon.colcon_core.package_discovery:discover_packages(ignore) discover
[2.856s] Level 1:colcon.colcon_core.package_discovery:discover_packages(ignore) using defaults
[2.857s] Level 1:colcon.colcon_core.package_discovery:discover_packages(path) discover
[2.857s] Level 1:colcon.colcon_core.package_discovery:discover_packages(path) using defaults
[3.090s] Level 1:colcon.colcon_core.package_discovery:discover_packages(prefix_path) check parameters
[3.090s] Level 1:colcon.colcon_core.package_discovery:discover_packages(prefix_path) discover
[3.104s] Level 1:colcon.colcon_core.package_discovery:discover_packages(prefix_path) using defaults
[3.116s] Level 5:colcon.colcon_core.verb:set package 'can_interface' build argument 'cmake_args' from command line to 'None'
[3.116s] Level 5:colcon.colcon_core.verb:set package 'can_interface' build argument 'cmake_target' from command line to 'None'
[3.117s] Level 5:colcon.colcon_core.verb:set package 'can_interface' build argument 'cmake_target_skip_unavailable' from command line to 'False'
[3.117s] Level 5:colcon.colcon_core.verb:set package 'can_interface' build argument 'cmake_clean_cache' from command line to 'False'
[3.118s] Level 5:colcon.colcon_core.verb:set package 'can_interface' build argument 'cmake_clean_first' from command line to 'False'
[3.118s] Level 5:colcon.colcon_core.verb:set package 'can_interface' build argument 'cmake_force_configure' from command line to 'False'
[3.119s] Level 5:colcon.colcon_core.verb:set package 'can_interface' build argument 'ament_cmake_args' from command line to 'None'
[3.119s] Level 5:colcon.colcon_core.verb:set package 'can_interface' build argument 'catkin_cmake_args' from command line to 'None'
[3.119s] Level 5:colcon.colcon_core.verb:set package 'can_interface' build argument 'catkin_skip_building_tests' from command line to 'False'
[3.120s] DEBUG:colcon.colcon_core.verb:Building package 'can_interface' with the following arguments: {'ament_cmake_args': None, 'build_base': '/home/marina/Senior-Design/NavQPlus/build/can_interface', 'catkin_cmake_args': None, 'catkin_skip_building_tests': False, 'cmake_args': None, 'cmake_clean_cache': False, 'cmake_clean_first': False, 'cmake_force_configure': False, 'cmake_target': None, 'cmake_target_skip_unavailable': False, 'install_base': '/home/marina/Senior-Design/NavQPlus/install/can_interface', 'merge_install': False, 'path': '/home/marina/Senior-Design/NavQPlus/can_comms/rover_ws/src/can_interface', 'symlink_install': False, 'test_result_base': None}
[3.123s] Level 5:colcon.colcon_core.verb:set package 'yolo_npu_ros' build argument 'cmake_args' from command line to 'None'
[3.124s] Level 5:colcon.colcon_core.verb:set package 'yolo_npu_ros' build argument 'cmake_target' from command line to 'None'
[3.124s] Level 5:colcon.colcon_core.verb:set package 'yolo_npu_ros' build argument 'cmake_target_skip_unavailable' from command line to 'False'
[3.124s] Level 5:colcon.colcon_core.verb:set package 'yolo_npu_ros' build argument 'cmake_clean_cache' from command line to 'False'
[3.125s] Level 5:colcon.colcon_core.verb:set package 'yolo_npu_ros' build argument 'cmake_clean_first' from command line to 'False'
[3.125s] Level 5:colcon.colcon_core.verb:set package 'yolo_npu_ros' build argument 'cmake_force_configure' from command line to 'False'
[3.125s] Level 5:colcon.colcon_core.verb:set package 'yolo_npu_ros' build argument 'ament_cmake_args' from command line to 'None'
[3.125s] Level 5:colcon.colcon_core.verb:set package 'yolo_npu_ros' build argument 'catkin_cmake_args' from command line to 'None'
[3.126s] Level 5:colcon.colcon_core.verb:set package 'yolo_npu_ros' build argument 'catkin_skip_building_tests' from command line to 'False'
[3.126s] DEBUG:colcon.colcon_core.verb:Building package 'yolo_npu_ros' with the following arguments: {'ament_cmake_args': None, 'build_base': '/home/marina/Senior-Design/NavQPlus/build/yolo_npu_ros', 'catkin_cmake_args': None, 'catkin_skip_building_tests': False, 'cmake_args': None, 'cmake_clean_cache': False, 'cmake_clean_first': False, 'cmake_force_configure': False, 'cmake_target': None, 'cmake_target_skip_unavailable': False, 'install_base': '/home/marina/Senior-Design/NavQPlus/install/yolo_npu_ros', 'merge_install': False, 'path': '/home/marina/Senior-Design/NavQPlus/ros2_ws/src/yolo_npu_ros', 'symlink_install': False, 'test_result_base': None}
[3.128s] INFO:colcon.colcon_core.executor:Executing jobs using 'parallel' executor
[3.134s] DEBUG:colcon.colcon_parallel_executor.executor.parallel:run_until_complete
[3.136s] INFO:colcon.colcon_ros.task.ament_python.build:Building ROS package in '/home/marina/Senior-Design/NavQPlus/can_comms/rover_ws/src/can_interface' with build type 'ament_python'
[3.137s] Level 1:colcon.colcon_core.shell:create_environment_hook('can_interface', 'ament_prefix_path')
[3.172s] INFO:colcon.colcon_core.plugin_system:Skipping extension 'colcon_core.shell.bat': Not used on non-Windows systems
[3.174s] INFO:colcon.colcon_core.shell:Creating environment hook '/home/marina/Senior-Design/NavQPlus/install/can_interface/share/can_interface/hook/ament_prefix_path.ps1'
[3.181s] INFO:colcon.colcon_core.shell:Creating environment descriptor '/home/marina/Senior-Design/NavQPlus/install/can_interface/share/can_interface/hook/ament_prefix_path.dsv'
[3.186s] INFO:colcon.colcon_core.shell:Creating environment hook '/home/marina/Senior-Design/NavQPlus/install/can_interface/share/can_interface/hook/ament_prefix_path.sh'
[3.194s] INFO:colcon.colcon_core.shell:Skip shell extension 'powershell' for command environment: Not usable outside of PowerShell
[3.194s] DEBUG:colcon.colcon_core.shell:Skip shell extension 'dsv' for command environment
[3.205s] INFO:colcon.colcon_ros.task.ament_python.build:Building ROS package in '/home/marina/Senior-Design/NavQPlus/ros2_ws/src/yolo_npu_ros' with build type 'ament_python'
[3.206s] Level 1:colcon.colcon_core.shell:create_environment_hook('yolo_npu_ros', 'ament_prefix_path')
[3.208s] INFO:colcon.colcon_core.shell:Creating environment hook '/home/marina/Senior-Design/NavQPlus/install/yolo_npu_ros/share/yolo_npu_ros/hook/ament_prefix_path.ps1'
[3.213s] INFO:colcon.colcon_core.shell:Creating environment descriptor '/home/marina/Senior-Design/NavQPlus/install/yolo_npu_ros/share/yolo_npu_ros/hook/ament_prefix_path.dsv'
[3.217s] INFO:colcon.colcon_core.shell:Creating environment hook '/home/marina/Senior-Design/NavQPlus/install/yolo_npu_ros/share/yolo_npu_ros/hook/ament_prefix_path.sh'
[3.222s] INFO:colcon.colcon_core.shell:Skip shell extension 'powershell' for command environment: Not usable outside of PowerShell
[3.222s] DEBUG:colcon.colcon_core.shell:Skip shell extension 'dsv' for command environment
[5.069s] INFO:colcon.colcon_core.task.python.build:Building Python package in '/home/marina/Senior-Design/NavQPlus/can_comms/rover_ws/src/can_interface'
[5.071s] INFO:colcon.colcon_core.shell:Skip shell extension 'powershell' for command environment: Not usable outside of PowerShell
[5.072s] DEBUG:colcon.colcon_core.shell:Skip shell extension 'dsv' for command environment
[6.912s] INFO:colcon.colcon_core.task.python.build:Building Python package in '/home/marina/Senior-Design/NavQPlus/ros2_ws/src/yolo_npu_ros'
[6.915s] INFO:colcon.colcon_core.shell:Skip shell extension 'powershell' for command environment: Not usable outside of PowerShell
[6.915s] DEBUG:colcon.colcon_core.shell:Skip shell extension 'dsv' for command environment
[11.828s] DEBUG:colcon.colcon_core.event_handler.log_command:Invoking command in '/home/marina/Senior-Design/NavQPlus/ros2_ws/src/yolo_npu_ros': PYTHONPATH=/home/marina/Senior-Design/NavQPlus/build/yolo_npu_ros/prefix_override:/usr/lib/python3/dist-packages/colcon_core/task/python/colcon_distutils_commands:/home/marina/Senior-Design/NavQPlus/install/yolo_npu_ros/lib/python3.10/site-packages: /usr/bin/python3 -W ignore:setup.py install is deprecated -W ignore:easy_install command is deprecated setup.py egg_info --egg-base ../../../build/yolo_npu_ros build --build-base /home/marina/Senior-Design/NavQPlus/build/yolo_npu_ros/build install --record /home/marina/Senior-Design/NavQPlus/build/yolo_npu_ros/install.log --single-version-externally-managed install_data
[11.872s] DEBUG:colcon.colcon_core.event_handler.log_command:Invoking command in '/home/marina/Senior-Design/NavQPlus/can_comms/rover_ws/src/can_interface': PYTHONPATH=/home/marina/Senior-Design/NavQPlus/build/can_interface/prefix_override:/usr/lib/python3/dist-packages/colcon_core/task/python/colcon_distutils_commands:/home/marina/Senior-Design/NavQPlus/install/can_interface/lib/python3.10/site-packages: /usr/bin/python3 -W ignore:setup.py install is deprecated -W ignore:easy_install command is deprecated setup.py egg_info --egg-base ../../../../build/can_interface build --build-base /home/marina/Senior-Design/NavQPlus/build/can_interface/build install --record /home/marina/Senior-Design/NavQPlus/build/can_interface/install.log --single-version-externally-managed install_data
[17.469s] DEBUG:colcon.colcon_core.event_handler.log_command:Invoked command in '/home/marina/Senior-Design/NavQPlus/can_comms/rover_ws/src/can_interface' returned '0': PYTHONPATH=/home/marina/Senior-Design/NavQPlus/build/can_interface/prefix_override:/usr/lib/python3/dist-packages/colcon_core/task/python/colcon_distutils_commands:/home/marina/Senior-Design/NavQPlus/install/can_interface/lib/python3.10/site-packages: /usr/bin/python3 -W ignore:setup.py install is deprecated -W ignore:easy_install command is deprecated setup.py egg_info --egg-base ../../../../build/can_interface build --build-base /home/marina/Senior-Design/NavQPlus/build/can_interface/build install --record /home/marina/Senior-Design/NavQPlus/build/can_interface/install.log --single-version-externally-managed install_data
[17.502s] Level 1:colcon.colcon_core.environment:checking '/home/marina/Senior-Design/NavQPlus/install/can_interface' for CMake module files
[17.506s] Level 1:colcon.colcon_core.environment:checking '/home/marina/Senior-Design/NavQPlus/install/can_interface' for CMake config files
[17.511s] Level 1:colcon.colcon_core.environment:checking '/home/marina/Senior-Design/NavQPlus/install/can_interface/lib'
[17.513s] Level 1:colcon.colcon_core.environment:checking '/home/marina/Senior-Design/NavQPlus/install/can_interface/bin'
[17.513s] Level 1:colcon.colcon_core.environment:checking '/home/marina/Senior-Design/NavQPlus/install/can_interface/lib/pkgconfig/can_interface.pc'
[17.516s] Level 1:colcon.colcon_core.environment:checking '/home/marina/Senior-Design/NavQPlus/install/can_interface/lib/python3.10/site-packages'
[17.516s] Level 1:colcon.colcon_core.shell:create_environment_hook('can_interface', 'pythonpath')
[17.518s] INFO:colcon.colcon_core.shell:Creating environment hook '/home/marina/Senior-Design/NavQPlus/install/can_interface/share/can_interface/hook/pythonpath.ps1'
[17.521s] INFO:colcon.colcon_core.shell:Creating environment descriptor '/home/marina/Senior-Design/NavQPlus/install/can_interface/share/can_interface/hook/pythonpath.dsv'
[17.524s] INFO:colcon.colcon_core.shell:Creating environment hook '/home/marina/Senior-Design/NavQPlus/install/can_interface/share/can_interface/hook/pythonpath.sh'
[17.530s] Level 1:colcon.colcon_core.environment:checking '/home/marina/Senior-Design/NavQPlus/install/can_interface/bin'
[17.531s] Level 1:colcon.colcon_core.environment:create_environment_scripts_only(can_interface)
[17.533s] INFO:colcon.colcon_core.shell:Creating package script '/home/marina/Senior-Design/NavQPlus/install/can_interface/share/can_interface/package.ps1'
[17.542s] INFO:colcon.colcon_core.shell:Creating package descriptor '/home/marina/Senior-Design/NavQPlus/install/can_interface/share/can_interface/package.dsv'
[17.548s] INFO:colcon.colcon_core.shell:Creating package script '/home/marina/Senior-Design/NavQPlus/install/can_interface/share/can_interface/package.sh'
[17.555s] INFO:colcon.colcon_core.shell:Creating package script '/home/marina/Senior-Design/NavQPlus/install/can_interface/share/can_interface/package.bash'
[17.563s] INFO:colcon.colcon_core.shell:Creating package script '/home/marina/Senior-Design/NavQPlus/install/can_interface/share/can_interface/package.zsh'
[17.571s] Level 1:colcon.colcon_core.environment:create_file_with_runtime_dependencies(/home/marina/Senior-Design/NavQPlus/install/can_interface/share/colcon-core/packages/can_interface)
[17.579s] Level 1:colcon.colcon_core.environment:checking '/home/marina/Senior-Design/NavQPlus/install/yolo_npu_ros' for CMake module files
[17.584s] DEBUG:colcon.colcon_core.event_handler.log_command:Invoked command in '/home/marina/Senior-Design/NavQPlus/ros2_ws/src/yolo_npu_ros' returned '0': PYTHONPATH=/home/marina/Senior-Design/NavQPlus/build/yolo_npu_ros/prefix_override:/usr/lib/python3/dist-packages/colcon_core/task/python/colcon_distutils_commands:/home/marina/Senior-Design/NavQPlus/install/yolo_npu_ros/lib/python3.10/site-packages: /usr/bin/python3 -W ignore:setup.py install is deprecated -W ignore:easy_install command is deprecated setup.py egg_info --egg-base ../../../build/yolo_npu_ros build --build-base /home/marina/Senior-Design/NavQPlus/build/yolo_npu_ros/build install --record /home/marina/Senior-Design/NavQPlus/build/yolo_npu_ros/install.log --single-version-externally-managed install_data
[17.586s] Level 1:colcon.colcon_core.environment:checking '/home/marina/Senior-Design/NavQPlus/install/yolo_npu_ros' for CMake config files
[17.589s] Level 1:colcon.colcon_core.environment:checking '/home/marina/Senior-Design/NavQPlus/install/yolo_npu_ros/lib'
[17.590s] Level 1:colcon.colcon_core.environment:checking '/home/marina/Senior-Design/NavQPlus/install/yolo_npu_ros/bin'
[17.591s] Level 1:colcon.colcon_core.environment:checking '/home/marina/Senior-Design/NavQPlus/install/yolo_npu_ros/lib/pkgconfig/yolo_npu_ros.pc'
[17.593s] Level 1:colcon.colcon_core.environment:checking '/home/marina/Senior-Design/NavQPlus/install/yolo_npu_ros/lib/python3.10/site-packages'
[17.593s] Level 1:colcon.colcon_core.shell:create_environment_hook('yolo_npu_ros', 'pythonpath')
[17.595s] INFO:colcon.colcon_core.shell:Creating environment hook '/home/marina/Senior-Design/NavQPlus/install/yolo_npu_ros/share/yolo_npu_ros/hook/pythonpath.ps1'
[17.598s] INFO:colcon.colcon_core.shell:Creating environment descriptor '/home/marina/Senior-Design/NavQPlus/install/yolo_npu_ros/share/yolo_npu_ros/hook/pythonpath.dsv'
[17.601s] INFO:colcon.colcon_core.shell:Creating environment hook '/home/marina/Senior-Design/NavQPlus/install/yolo_npu_ros/share/yolo_npu_ros/hook/pythonpath.sh'
[17.608s] Level 1:colcon.colcon_core.environment:checking '/home/marina/Senior-Design/NavQPlus/install/yolo_npu_ros/bin'
[17.608s] Level 1:colcon.colcon_core.environment:create_environment_scripts_only(yolo_npu_ros)
[17.611s] INFO:colcon.colcon_core.shell:Creating package script '/home/marina/Senior-Design/NavQPlus/install/yolo_npu_ros/share/yolo_npu_ros/package.ps1'
[17.616s] INFO:colcon.colcon_core.shell:Creating package descriptor '/home/marina/Senior-Design/NavQPlus/install/yolo_npu_ros/share/yolo_npu_ros/package.dsv'
[17.620s] INFO:colcon.colcon_core.shell:Creating package script '/home/marina/Senior-Design/NavQPlus/install/yolo_npu_ros/share/yolo_npu_ros/package.sh'
[17.624s] INFO:colcon.colcon_core.shell:Creating package script '/home/marina/Senior-Design/NavQPlus/install/yolo_npu_ros/share/yolo_npu_ros/package.bash'
[17.627s] INFO:colcon.colcon_core.shell:Creating package script '/home/marina/Senior-Design/NavQPlus/install/yolo_npu_ros/share/yolo_npu_ros/package.zsh'
[17.630s] Level 1:colcon.colcon_core.environment:create_file_with_runtime_dependencies(/home/marina/Senior-Design/NavQPlus/install/yolo_npu_ros/share/colcon-core/packages/yolo_npu_ros)
[17.633s] DEBUG:colcon.colcon_parallel_executor.executor.parallel:closing loop
[17.634s] DEBUG:colcon.colcon_parallel_executor.executor.parallel:loop closed
[17.635s] DEBUG:colcon.colcon_parallel_executor.executor.parallel:run_until_complete finished with '0'
[17.636s] DEBUG:colcon.colcon_core.event_reactor:joining thread
[17.760s] INFO:colcon.colcon_core.plugin_system:Skipping extension 'colcon_notification.desktop_notification.terminal_notifier': Not used on non-Darwin systems
[17.761s] INFO:colcon.colcon_core.plugin_system:Skipping extension 'colcon_notification.desktop_notification.win32': Not used on non-Windows systems
[17.761s] INFO:colcon.colcon_notification.desktop_notification:Sending desktop notification using 'notify2'
[42.789s] DEBUG:colcon.colcon_notification.desktop_notification.notify2:Failed to initialize notify2: org.freedesktop.DBus.Error.NoReply: Did not receive a reply. Possible causes include: the remote application did not send a reply, the message bus security policy blocked the reply, the reply timeout expired, or the network connection was broken.
[42.790s] DEBUG:colcon.colcon_core.event_reactor:joined thread
[42.792s] INFO:colcon.colcon_core.shell:Creating prefix script '/home/marina/Senior-Design/NavQPlus/install/local_setup.ps1'
[42.801s] INFO:colcon.colcon_core.shell:Creating prefix util module '/home/marina/Senior-Design/NavQPlus/install/_local_setup_util_ps1.py'
[42.815s] INFO:colcon.colcon_core.shell:Creating prefix chain script '/home/marina/Senior-Design/NavQPlus/install/setup.ps1'
[42.823s] INFO:colcon.colcon_core.shell:Creating prefix script '/home/marina/Senior-Design/NavQPlus/install/local_setup.sh'
[42.828s] INFO:colcon.colcon_core.shell:Creating prefix util module '/home/marina/Senior-Design/NavQPlus/install/_local_setup_util_sh.py'
[42.833s] INFO:colcon.colcon_core.shell:Creating prefix chain script '/home/marina/Senior-Design/NavQPlus/install/setup.sh'
[42.843s] INFO:colcon.colcon_core.shell:Creating prefix script '/home/marina/Senior-Design/NavQPlus/install/local_setup.bash'
[42.848s] INFO:colcon.colcon_core.shell:Creating prefix chain script '/home/marina/Senior-Design/NavQPlus/install/setup.bash'
[42.855s] INFO:colcon.colcon_core.shell:Creating prefix script '/home/marina/Senior-Design/NavQPlus/install/local_setup.zsh'
[42.861s] INFO:colcon.colcon_core.shell:Creating prefix chain script '/home/marina/Senior-Design/NavQPlus/install/setup.zsh'
