-- Found ament_cmake: 1.3.12 (/opt/ros/humble/share/ament_cmake/cmake)
-- Found rosidl_default_generators: 1.2.0 (/opt/ros/humble/share/rosidl_default_generators/cmake)
-- Using all available rosidl_typesupport_c: rosidl_typesupport_fastrtps_c;rosidl_typesupport_introspection_c
-- Found rosidl_adapter: 3.1.8 (/opt/ros/humble/share/rosidl_adapter/cmake)
-- Using all available rosidl_typesupport_cpp: rosidl_typesupport_fastrtps_cpp;rosidl_typesupport_introspection_cpp
-- Found ament_cmake_ros: 0.10.0 (/opt/ros/humble/share/ament_cmake_ros/cmake)
-- Using all available rosidl_typesupport_c: rosidl_typesupport_fastrtps_c;rosidl_typesupport_introspection_c
-- Using all available rosidl_typesupport_cpp: rosidl_typesupport_fastrtps_cpp;rosidl_typesupport_introspection_cpp
-- Found python_cmake_module: 0.10.0 (/opt/ros/humble/share/python_cmake_module/cmake)
-- Using PYTHON_EXECUTABLE: /usr/bin/python3
-- Using PYTHON_INCLUDE_DIRS: /usr/include/python3.10
-- Using PYTHON_LIBRARIES: /usr/lib/aarch64-linux-gnu/libpython3.10.so
-- Configuring done
-- Generating done
-- Build files have been written to: /home/marina/Senior-Design/NavQPlus/build/rover_project
[35m[1mConsolidate compiler generated dependencies of target rover_project__rosidl_generator_c[0m
[  1%] Built target rover_project__cpp
[35m[1mConsolidate compiler generated dependencies of target rover_project__rosidl_typesupport_fastrtps_cpp[0m
[ 12%] Built target rover_project__rosidl_generator_c
[35m[1mConsolidate compiler generated dependencies of target rover_project__rosidl_typesupport_introspection_cpp[0m
[ 12%] Built target ament_cmake_python_copy_rover_project
[35m[1mConsolidate compiler generated dependencies of target rover_project__rosidl_typesupport_cpp[0m
[35m[1mConsolidate compiler generated dependencies of target rover_project__rosidl_typesupport_fastrtps_c[0m
[ 34%] Built target rover_project__rosidl_typesupport_introspection_cpp
[ 34%] Built target rover_project__rosidl_typesupport_fastrtps_cpp
[35m[1mConsolidate compiler generated dependencies of target rover_project__rosidl_typesupport_introspection_c[0m
[ 46%] Built target rover_project__rosidl_typesupport_cpp
[35m[1mConsolidate compiler generated dependencies of target rover_project__rosidl_typesupport_c[0m
[ 57%] Built target rover_project__rosidl_typesupport_fastrtps_c
[ 68%] Built target rover_project__rosidl_typesupport_introspection_c
[ 79%] Built target rover_project__rosidl_typesupport_c
[ 79%] Built target rover_project
[ 80%] Built target rover_project__py
[35m[1mConsolidate compiler generated dependencies of target rover_project__rosidl_generator_py[0m
[ 90%] Built target rover_project__rosidl_generator_py
[35m[1mConsolidate compiler generated dependencies of target rover_project__rosidl_typesupport_introspection_c__pyext[0m
[35m[1mConsolidate compiler generated dependencies of target rover_project__rosidl_typesupport_c__pyext[0m
[35m[1mConsolidate compiler generated dependencies of target rover_project__rosidl_typesupport_fastrtps_c__pyext[0m
[ 93%] Built target rover_project__rosidl_typesupport_c__pyext
[ 96%] Built target rover_project__rosidl_typesupport_introspection_c__pyext
[100%] Built target rover_project__rosidl_typesupport_fastrtps_c__pyext
running egg_info
writing rover_project.egg-info/PKG-INFO
writing dependency_links to rover_project.egg-info/dependency_links.txt
writing top-level names to rover_project.egg-info/top_level.txt
reading manifest file 'rover_project.egg-info/SOURCES.txt'
writing manifest file 'rover_project.egg-info/SOURCES.txt'
[100%] Built target ament_cmake_python_build_rover_project_egg
-- Install configuration: ""
-- Up-to-date: /home/marina/Senior-Design/NavQPlus/install/rover_project/share/ament_index/resource_index/rosidl_interfaces/rover_project
-- Up-to-date: /home/marina/Senior-Design/NavQPlus/install/rover_project/include/rover_project/rover_project
-- Up-to-date: /home/marina/Senior-Design/NavQPlus/install/rover_project/include/rover_project/rover_project/msg
-- Up-to-date: /home/marina/Senior-Design/NavQPlus/install/rover_project/include/rover_project/rover_project/msg/rosidl_generator_c__visibility_control.h
-- Up-to-date: /home/marina/Senior-Design/NavQPlus/install/rover_project/include/rover_project/rover_project/msg/gps_fix.h
-- Up-to-date: /home/marina/Senior-Design/NavQPlus/install/rover_project/include/rover_project/rover_project/msg/detail
-- Up-to-date: /home/marina/Senior-Design/NavQPlus/install/rover_project/include/rover_project/rover_project/msg/detail/gps_fix__functions.h
-- Up-to-date: /home/marina/Senior-Design/NavQPlus/install/rover_project/include/rover_project/rover_project/msg/detail/imu_orientation__type_support.h
-- Up-to-date: /home/marina/Senior-Design/NavQPlus/install/rover_project/include/rover_project/rover_project/msg/detail/proximity__functions.h
-- Up-to-date: /home/marina/Senior-Design/NavQPlus/install/rover_project/include/rover_project/rover_project/msg/detail/waypoint_list__struct.h
-- Up-to-date: /home/marina/Senior-Design/NavQPlus/install/rover_project/include/rover_project/rover_project/msg/detail/nav_goal__type_support.h
-- Up-to-date: /home/marina/Senior-Design/NavQPlus/install/rover_project/include/rover_project/rover_project/msg/detail/proximity__functions.c
-- Up-to-date: /home/marina/Senior-Design/NavQPlus/install/rover_project/include/rover_project/rover_project/msg/detail/waypoint_list__functions.c
-- Up-to-date: /home/marina/Senior-Design/NavQPlus/install/rover_project/include/rover_project/rover_project/msg/detail/imu_orientation__functions.h
-- Up-to-date: /home/marina/Senior-Design/NavQPlus/install/rover_project/include/rover_project/rover_project/msg/detail/imu_orientation__struct.h
-- Up-to-date: /home/marina/Senior-Design/NavQPlus/install/rover_project/include/rover_project/rover_project/msg/detail/waypoint_list__functions.h
-- Up-to-date: /home/marina/Senior-Design/NavQPlus/install/rover_project/include/rover_project/rover_project/msg/detail/gps_fix__functions.c
-- Up-to-date: /home/marina/Senior-Design/NavQPlus/install/rover_project/include/rover_project/rover_project/msg/detail/gps_fix__type_support.h
-- Up-to-date: /home/marina/Senior-Design/NavQPlus/install/rover_project/include/rover_project/rover_project/msg/detail/nav_goal__functions.h
-- Up-to-date: /home/marina/Senior-Design/NavQPlus/install/rover_project/include/rover_project/rover_project/msg/detail/nav_goal__struct.h
-- Up-to-date: /home/marina/Senior-Design/NavQPlus/install/rover_project/include/rover_project/rover_project/msg/detail/waypoint_list__type_support.h
-- Up-to-date: /home/marina/Senior-Design/NavQPlus/install/rover_project/include/rover_project/rover_project/msg/detail/imu_orientation__functions.c
-- Up-to-date: /home/marina/Senior-Design/NavQPlus/install/rover_project/include/rover_project/rover_project/msg/detail/proximity__type_support.h
-- Up-to-date: /home/marina/Senior-Design/NavQPlus/install/rover_project/include/rover_project/rover_project/msg/detail/proximity__struct.h
-- Up-to-date: /home/marina/Senior-Design/NavQPlus/install/rover_project/include/rover_project/rover_project/msg/detail/gps_fix__struct.h
-- Up-to-date: /home/marina/Senior-Design/NavQPlus/install/rover_project/include/rover_project/rover_project/msg/detail/nav_goal__functions.c
-- Up-to-date: /home/marina/Senior-Design/NavQPlus/install/rover_project/include/rover_project/rover_project/msg/imu_orientation.h
-- Up-to-date: /home/marina/Senior-Design/NavQPlus/install/rover_project/include/rover_project/rover_project/msg/nav_goal.h
-- Up-to-date: /home/marina/Senior-Design/NavQPlus/install/rover_project/include/rover_project/rover_project/msg/proximity.h
-- Up-to-date: /home/marina/Senior-Design/NavQPlus/install/rover_project/include/rover_project/rover_project/msg/waypoint_list.h
-- Up-to-date: /home/marina/Senior-Design/NavQPlus/install/rover_project/share/rover_project/environment/library_path.sh
-- Installing: /home/marina/Senior-Design/NavQPlus/install/rover_project/share/rover_project/environment/library_path.dsv
-- Up-to-date: /home/marina/Senior-Design/NavQPlus/install/rover_project/lib/librover_project__rosidl_generator_c.so
-- Up-to-date: /home/marina/Senior-Design/NavQPlus/install/rover_project/include/rover_project/rover_project
-- Up-to-date: /home/marina/Senior-Design/NavQPlus/install/rover_project/include/rover_project/rover_project/msg
-- Up-to-date: /home/marina/Senior-Design/NavQPlus/install/rover_project/include/rover_project/rover_project/msg/detail
-- Up-to-date: /home/marina/Senior-Design/NavQPlus/install/rover_project/include/rover_project/rover_project/msg/detail/imu_orientation__rosidl_typesupport_fastrtps_c.h
-- Up-to-date: /home/marina/Senior-Design/NavQPlus/install/rover_project/include/rover_project/rover_project/msg/detail/nav_goal__rosidl_typesupport_fastrtps_c.h
-- Up-to-date: /home/marina/Senior-Design/NavQPlus/install/rover_project/include/rover_project/rover_project/msg/detail/waypoint_list__rosidl_typesupport_fastrtps_c.h
-- Up-to-date: /home/marina/Senior-Design/NavQPlus/install/rover_project/include/rover_project/rover_project/msg/detail/proximity__rosidl_typesupport_fastrtps_c.h
-- Up-to-date: /home/marina/Senior-Design/NavQPlus/install/rover_project/include/rover_project/rover_project/msg/detail/gps_fix__rosidl_typesupport_fastrtps_c.h
-- Up-to-date: /home/marina/Senior-Design/NavQPlus/install/rover_project/include/rover_project/rover_project/msg/rosidl_typesupport_fastrtps_c__visibility_control.h
-- Up-to-date: /home/marina/Senior-Design/NavQPlus/install/rover_project/lib/librover_project__rosidl_typesupport_fastrtps_c.so
-- Up-to-date: /home/marina/Senior-Design/NavQPlus/install/rover_project/include/rover_project/rover_project
-- Up-to-date: /home/marina/Senior-Design/NavQPlus/install/rover_project/include/rover_project/rover_project/msg
-- Up-to-date: /home/marina/Senior-Design/NavQPlus/install/rover_project/include/rover_project/rover_project/msg/rosidl_typesupport_introspection_c__visibility_control.h
-- Up-to-date: /home/marina/Senior-Design/NavQPlus/install/rover_project/include/rover_project/rover_project/msg/detail
-- Up-to-date: /home/marina/Senior-Design/NavQPlus/install/rover_project/include/rover_project/rover_project/msg/detail/imu_orientation__rosidl_typesupport_introspection_c.h
-- Up-to-date: /home/marina/Senior-Design/NavQPlus/install/rover_project/include/rover_project/rover_project/msg/detail/gps_fix__rosidl_typesupport_introspection_c.h
-- Up-to-date: /home/marina/Senior-Design/NavQPlus/install/rover_project/include/rover_project/rover_project/msg/detail/nav_goal__type_support.c
-- Up-to-date: /home/marina/Senior-Design/NavQPlus/install/rover_project/include/rover_project/rover_project/msg/detail/waypoint_list__rosidl_typesupport_introspection_c.h
-- Up-to-date: /home/marina/Senior-Design/NavQPlus/install/rover_project/include/rover_project/rover_project/msg/detail/gps_fix__type_support.c
-- Up-to-date: /home/marina/Senior-Design/NavQPlus/install/rover_project/include/rover_project/rover_project/msg/detail/waypoint_list__type_support.c
-- Up-to-date: /home/marina/Senior-Design/NavQPlus/install/rover_project/include/rover_project/rover_project/msg/detail/nav_goal__rosidl_typesupport_introspection_c.h
-- Up-to-date: /home/marina/Senior-Design/NavQPlus/install/rover_project/include/rover_project/rover_project/msg/detail/proximity__rosidl_typesupport_introspection_c.h
-- Up-to-date: /home/marina/Senior-Design/NavQPlus/install/rover_project/include/rover_project/rover_project/msg/detail/proximity__type_support.c
-- Up-to-date: /home/marina/Senior-Design/NavQPlus/install/rover_project/include/rover_project/rover_project/msg/detail/imu_orientation__type_support.c
-- Up-to-date: /home/marina/Senior-Design/NavQPlus/install/rover_project/lib/librover_project__rosidl_typesupport_introspection_c.so
-- Up-to-date: /home/marina/Senior-Design/NavQPlus/install/rover_project/lib/librover_project__rosidl_typesupport_c.so
-- Up-to-date: /home/marina/Senior-Design/NavQPlus/install/rover_project/include/rover_project/rover_project
-- Up-to-date: /home/marina/Senior-Design/NavQPlus/install/rover_project/include/rover_project/rover_project/msg
-- Up-to-date: /home/marina/Senior-Design/NavQPlus/install/rover_project/include/rover_project/rover_project/msg/rosidl_generator_cpp__visibility_control.hpp
-- Up-to-date: /home/marina/Senior-Design/NavQPlus/install/rover_project/include/rover_project/rover_project/msg/proximity.hpp
-- Up-to-date: /home/marina/Senior-Design/NavQPlus/install/rover_project/include/rover_project/rover_project/msg/detail
-- Up-to-date: /home/marina/Senior-Design/NavQPlus/install/rover_project/include/rover_project/rover_project/msg/detail/proximity__type_support.hpp
-- Up-to-date: /home/marina/Senior-Design/NavQPlus/install/rover_project/include/rover_project/rover_project/msg/detail/waypoint_list__type_support.hpp
-- Up-to-date: /home/marina/Senior-Design/NavQPlus/install/rover_project/include/rover_project/rover_project/msg/detail/gps_fix__type_support.hpp
-- Up-to-date: /home/marina/Senior-Design/NavQPlus/install/rover_project/include/rover_project/rover_project/msg/detail/nav_goal__type_support.hpp
-- Up-to-date: /home/marina/Senior-Design/NavQPlus/install/rover_project/include/rover_project/rover_project/msg/detail/imu_orientation__type_support.hpp
-- Up-to-date: /home/marina/Senior-Design/NavQPlus/install/rover_project/include/rover_project/rover_project/msg/detail/nav_goal__struct.hpp
-- Up-to-date: /home/marina/Senior-Design/NavQPlus/install/rover_project/include/rover_project/rover_project/msg/detail/waypoint_list__traits.hpp
-- Up-to-date: /home/marina/Senior-Design/NavQPlus/install/rover_project/include/rover_project/rover_project/msg/detail/proximity__builder.hpp
-- Up-to-date: /home/marina/Senior-Design/NavQPlus/install/rover_project/include/rover_project/rover_project/msg/detail/imu_orientation__builder.hpp
-- Up-to-date: /home/marina/Senior-Design/NavQPlus/install/rover_project/include/rover_project/rover_project/msg/detail/proximity__traits.hpp
-- Up-to-date: /home/marina/Senior-Design/NavQPlus/install/rover_project/include/rover_project/rover_project/msg/detail/waypoint_list__struct.hpp
-- Up-to-date: /home/marina/Senior-Design/NavQPlus/install/rover_project/include/rover_project/rover_project/msg/detail/imu_orientation__struct.hpp
-- Up-to-date: /home/marina/Senior-Design/NavQPlus/install/rover_project/include/rover_project/rover_project/msg/detail/nav_goal__builder.hpp
-- Up-to-date: /home/marina/Senior-Design/NavQPlus/install/rover_project/include/rover_project/rover_project/msg/detail/waypoint_list__builder.hpp
-- Up-to-date: /home/marina/Senior-Design/NavQPlus/install/rover_project/include/rover_project/rover_project/msg/detail/gps_fix__traits.hpp
-- Up-to-date: /home/marina/Senior-Design/NavQPlus/install/rover_project/include/rover_project/rover_project/msg/detail/proximity__struct.hpp
-- Up-to-date: /home/marina/Senior-Design/NavQPlus/install/rover_project/include/rover_project/rover_project/msg/detail/imu_orientation__traits.hpp
-- Up-to-date: /home/marina/Senior-Design/NavQPlus/install/rover_project/include/rover_project/rover_project/msg/detail/gps_fix__struct.hpp
-- Up-to-date: /home/marina/Senior-Design/NavQPlus/install/rover_project/include/rover_project/rover_project/msg/detail/nav_goal__traits.hpp
-- Up-to-date: /home/marina/Senior-Design/NavQPlus/install/rover_project/include/rover_project/rover_project/msg/detail/gps_fix__builder.hpp
-- Up-to-date: /home/marina/Senior-Design/NavQPlus/install/rover_project/include/rover_project/rover_project/msg/waypoint_list.hpp
-- Up-to-date: /home/marina/Senior-Design/NavQPlus/install/rover_project/include/rover_project/rover_project/msg/imu_orientation.hpp
-- Up-to-date: /home/marina/Senior-Design/NavQPlus/install/rover_project/include/rover_project/rover_project/msg/nav_goal.hpp
-- Up-to-date: /home/marina/Senior-Design/NavQPlus/install/rover_project/include/rover_project/rover_project/msg/gps_fix.hpp
-- Up-to-date: /home/marina/Senior-Design/NavQPlus/install/rover_project/include/rover_project/rover_project
-- Up-to-date: /home/marina/Senior-Design/NavQPlus/install/rover_project/include/rover_project/rover_project/msg
-- Up-to-date: /home/marina/Senior-Design/NavQPlus/install/rover_project/include/rover_project/rover_project/msg/rosidl_typesupport_fastrtps_cpp__visibility_control.h
-- Up-to-date: /home/marina/Senior-Design/NavQPlus/install/rover_project/include/rover_project/rover_project/msg/detail
-- Up-to-date: /home/marina/Senior-Design/NavQPlus/install/rover_project/include/rover_project/rover_project/msg/detail/nav_goal__rosidl_typesupport_fastrtps_cpp.hpp
-- Up-to-date: /home/marina/Senior-Design/NavQPlus/install/rover_project/include/rover_project/rover_project/msg/detail/imu_orientation__rosidl_typesupport_fastrtps_cpp.hpp
-- Up-to-date: /home/marina/Senior-Design/NavQPlus/install/rover_project/include/rover_project/rover_project/msg/detail/waypoint_list__rosidl_typesupport_fastrtps_cpp.hpp
-- Up-to-date: /home/marina/Senior-Design/NavQPlus/install/rover_project/include/rover_project/rover_project/msg/detail/proximity__rosidl_typesupport_fastrtps_cpp.hpp
-- Up-to-date: /home/marina/Senior-Design/NavQPlus/install/rover_project/include/rover_project/rover_project/msg/detail/gps_fix__rosidl_typesupport_fastrtps_cpp.hpp
-- Up-to-date: /home/marina/Senior-Design/NavQPlus/install/rover_project/include/rover_project/rover_project/msg/detail/dds_fastrtps
-- Up-to-date: /home/marina/Senior-Design/NavQPlus/install/rover_project/lib/librover_project__rosidl_typesupport_fastrtps_cpp.so
-- Up-to-date: /home/marina/Senior-Design/NavQPlus/install/rover_project/include/rover_project/rover_project
-- Up-to-date: /home/marina/Senior-Design/NavQPlus/install/rover_project/include/rover_project/rover_project/msg
-- Up-to-date: /home/marina/Senior-Design/NavQPlus/install/rover_project/include/rover_project/rover_project/msg/detail
-- Up-to-date: /home/marina/Senior-Design/NavQPlus/install/rover_project/include/rover_project/rover_project/msg/detail/proximity__type_support.cpp
-- Up-to-date: /home/marina/Senior-Design/NavQPlus/install/rover_project/include/rover_project/rover_project/msg/detail/nav_goal__rosidl_typesupport_introspection_cpp.hpp
-- Up-to-date: /home/marina/Senior-Design/NavQPlus/install/rover_project/include/rover_project/rover_project/msg/detail/nav_goal__type_support.cpp
-- Up-to-date: /home/marina/Senior-Design/NavQPlus/install/rover_project/include/rover_project/rover_project/msg/detail/gps_fix__type_support.cpp
-- Up-to-date: /home/marina/Senior-Design/NavQPlus/install/rover_project/include/rover_project/rover_project/msg/detail/proximity__rosidl_typesupport_introspection_cpp.hpp
-- Up-to-date: /home/marina/Senior-Design/NavQPlus/install/rover_project/include/rover_project/rover_project/msg/detail/gps_fix__rosidl_typesupport_introspection_cpp.hpp
-- Up-to-date: /home/marina/Senior-Design/NavQPlus/install/rover_project/include/rover_project/rover_project/msg/detail/imu_orientation__type_support.cpp
-- Up-to-date: /home/marina/Senior-Design/NavQPlus/install/rover_project/include/rover_project/rover_project/msg/detail/imu_orientation__rosidl_typesupport_introspection_cpp.hpp
-- Up-to-date: /home/marina/Senior-Design/NavQPlus/install/rover_project/include/rover_project/rover_project/msg/detail/waypoint_list__rosidl_typesupport_introspection_cpp.hpp
-- Up-to-date: /home/marina/Senior-Design/NavQPlus/install/rover_project/include/rover_project/rover_project/msg/detail/waypoint_list__type_support.cpp
-- Up-to-date: /home/marina/Senior-Design/NavQPlus/install/rover_project/lib/librover_project__rosidl_typesupport_introspection_cpp.so
-- Up-to-date: /home/marina/Senior-Design/NavQPlus/install/rover_project/lib/librover_project__rosidl_typesupport_cpp.so
-- Up-to-date: /home/marina/Senior-Design/NavQPlus/install/rover_project/share/rover_project/environment/pythonpath.sh
-- Installing: /home/marina/Senior-Design/NavQPlus/install/rover_project/share/rover_project/environment/pythonpath.dsv
-- Up-to-date: /home/marina/Senior-Design/NavQPlus/install/rover_project/local/lib/python3.10/dist-packages/rover_project-0.0.0-py3.10.egg-info
-- Installing: /home/marina/Senior-Design/NavQPlus/install/rover_project/local/lib/python3.10/dist-packages/rover_project-0.0.0-py3.10.egg-info/PKG-INFO
-- Installing: /home/marina/Senior-Design/NavQPlus/install/rover_project/local/lib/python3.10/dist-packages/rover_project-0.0.0-py3.10.egg-info/SOURCES.txt
-- Installing: /home/marina/Senior-Design/NavQPlus/install/rover_project/local/lib/python3.10/dist-packages/rover_project-0.0.0-py3.10.egg-info/dependency_links.txt
-- Installing: /home/marina/Senior-Design/NavQPlus/install/rover_project/local/lib/python3.10/dist-packages/rover_project-0.0.0-py3.10.egg-info/top_level.txt
-- Up-to-date: /home/marina/Senior-Design/NavQPlus/install/rover_project/local/lib/python3.10/dist-packages/rover_project
-- Up-to-date: /home/marina/Senior-Design/NavQPlus/install/rover_project/local/lib/python3.10/dist-packages/rover_project/rover_project_s__rosidl_typesupport_introspection_c.cpython-310-aarch64-linux-gnu.so
-- Up-to-date: /home/marina/Senior-Design/NavQPlus/install/rover_project/local/lib/python3.10/dist-packages/rover_project/_rover_project_s.ep.rosidl_typesupport_fastrtps_c.c
-- Installing: /home/marina/Senior-Design/NavQPlus/install/rover_project/local/lib/python3.10/dist-packages/rover_project/__init__.py
-- Up-to-date: /home/marina/Senior-Design/NavQPlus/install/rover_project/local/lib/python3.10/dist-packages/rover_project/_rover_project_s.ep.rosidl_typesupport_introspection_c.c
-- Up-to-date: /home/marina/Senior-Design/NavQPlus/install/rover_project/local/lib/python3.10/dist-packages/rover_project/msg
-- Up-to-date: /home/marina/Senior-Design/NavQPlus/install/rover_project/local/lib/python3.10/dist-packages/rover_project/msg/_proximity.py
-- Up-to-date: /home/marina/Senior-Design/NavQPlus/install/rover_project/local/lib/python3.10/dist-packages/rover_project/msg/_nav_goal.py
-- Up-to-date: /home/marina/Senior-Design/NavQPlus/install/rover_project/local/lib/python3.10/dist-packages/rover_project/msg/_gps_fix_s.c
-- Up-to-date: /home/marina/Senior-Design/NavQPlus/install/rover_project/local/lib/python3.10/dist-packages/rover_project/msg/_imu_orientation.py
-- Up-to-date: /home/marina/Senior-Design/NavQPlus/install/rover_project/local/lib/python3.10/dist-packages/rover_project/msg/__init__.py
-- Up-to-date: /home/marina/Senior-Design/NavQPlus/install/rover_project/local/lib/python3.10/dist-packages/rover_project/msg/_imu_orientation_s.c
-- Up-to-date: /home/marina/Senior-Design/NavQPlus/install/rover_project/local/lib/python3.10/dist-packages/rover_project/msg/_waypoint_list_s.c
-- Up-to-date: /home/marina/Senior-Design/NavQPlus/install/rover_project/local/lib/python3.10/dist-packages/rover_project/msg/_waypoint_list.py
-- Up-to-date: /home/marina/Senior-Design/NavQPlus/install/rover_project/local/lib/python3.10/dist-packages/rover_project/msg/_gps_fix.py
-- Up-to-date: /home/marina/Senior-Design/NavQPlus/install/rover_project/local/lib/python3.10/dist-packages/rover_project/msg/_proximity_s.c
-- Up-to-date: /home/marina/Senior-Design/NavQPlus/install/rover_project/local/lib/python3.10/dist-packages/rover_project/msg/_nav_goal_s.c
-- Up-to-date: /home/marina/Senior-Design/NavQPlus/install/rover_project/local/lib/python3.10/dist-packages/rover_project/_rover_project_s.ep.rosidl_typesupport_c.c
-- Up-to-date: /home/marina/Senior-Design/NavQPlus/install/rover_project/local/lib/python3.10/dist-packages/rover_project/rover_project_s__rosidl_typesupport_c.cpython-310-aarch64-linux-gnu.so
-- Up-to-date: /home/marina/Senior-Design/NavQPlus/install/rover_project/local/lib/python3.10/dist-packages/rover_project/librover_project__rosidl_generator_py.so
-- Up-to-date: /home/marina/Senior-Design/NavQPlus/install/rover_project/local/lib/python3.10/dist-packages/rover_project/rover_project_s__rosidl_typesupport_fastrtps_c.cpython-310-aarch64-linux-gnu.so
Listing '/home/marina/Senior-Design/NavQPlus/install/rover_project/local/lib/python3.10/dist-packages/rover_project'...
Compiling '/home/marina/Senior-Design/NavQPlus/install/rover_project/local/lib/python3.10/dist-packages/rover_project/__init__.py'...
Listing '/home/marina/Senior-Design/NavQPlus/install/rover_project/local/lib/python3.10/dist-packages/rover_project/msg'...
-- Up-to-date: /home/marina/Senior-Design/NavQPlus/install/rover_project/local/lib/python3.10/dist-packages/rover_project/rover_project_s__rosidl_typesupport_fastrtps_c.cpython-310-aarch64-linux-gnu.so
-- Up-to-date: /home/marina/Senior-Design/NavQPlus/install/rover_project/local/lib/python3.10/dist-packages/rover_project/rover_project_s__rosidl_typesupport_introspection_c.cpython-310-aarch64-linux-gnu.so
-- Up-to-date: /home/marina/Senior-Design/NavQPlus/install/rover_project/local/lib/python3.10/dist-packages/rover_project/rover_project_s__rosidl_typesupport_c.cpython-310-aarch64-linux-gnu.so
-- Up-to-date: /home/marina/Senior-Design/NavQPlus/install/rover_project/lib/librover_project__rosidl_generator_py.so
-- Up-to-date: /home/marina/Senior-Design/NavQPlus/install/rover_project/share/rover_project/msg/Proximity.idl
-- Up-to-date: /home/marina/Senior-Design/NavQPlus/install/rover_project/share/rover_project/msg/GpsFix.idl
-- Up-to-date: /home/marina/Senior-Design/NavQPlus/install/rover_project/share/rover_project/msg/ImuOrientation.idl
-- Up-to-date: /home/marina/Senior-Design/NavQPlus/install/rover_project/share/rover_project/msg/NavGoal.idl
-- Up-to-date: /home/marina/Senior-Design/NavQPlus/install/rover_project/share/rover_project/msg/WaypointList.idl
-- Installing: /home/marina/Senior-Design/NavQPlus/install/rover_project/share/rover_project/msg/Proximity.msg
-- Installing: /home/marina/Senior-Design/NavQPlus/install/rover_project/share/rover_project/msg/GpsFix.msg
-- Installing: /home/marina/Senior-Design/NavQPlus/install/rover_project/share/rover_project/msg/ImuOrientation.msg
-- Installing: /home/marina/Senior-Design/NavQPlus/install/rover_project/share/rover_project/msg/NavGoal.msg
-- Installing: /home/marina/Senior-Design/NavQPlus/install/rover_project/share/rover_project/msg/WaypointList.msg
-- Installing: /home/marina/Senior-Design/NavQPlus/install/rover_project/lib/rover_project/can_bridge_node.py
-- Installing: /home/marina/Senior-Design/NavQPlus/install/rover_project/lib/rover_project/uart_node.py
-- Installing: /home/marina/Senior-Design/NavQPlus/install/rover_project/lib/rover_project/autonomous_drive_node.py
-- Installing: /home/marina/Senior-Design/NavQPlus/install/rover_project/lib/rover_project/bluetooth_node.py
-- Installing: /home/marina/Senior-Design/NavQPlus/install/rover_project/lib/rover_project/path_planner_node.py
-- Installing: /home/marina/Senior-Design/NavQPlus/install/rover_project/lib/rover_project/waypoint_follower_node.py
-- Installing: /home/marina/Senior-Design/NavQPlus/install/rover_project/lib/rover_project/send_goal.py
-- Installing: /home/marina/Senior-Design/NavQPlus/install/rover_project/lib/rover_project/fast_scnn_node.py
[31mCMake Error at cmake_install.cmake:399 (file):
  file INSTALL cannot find
  "/home/marina/Senior-Design/NavQPlus/ros2_ws/rover_project/script/audio_IO.py":
  No such file or directory.

[0m
