[0.068s] Invoking command in '/home/marina/Senior-Design/NavQPlus/build/rover_project': /usr/bin/cmake --build /home/marina/Senior-Design/NavQPlus/build/rover_project -- -j4 -l4
[0.840s] [  1%] Built target rover_project__cpp
[0.957s] [ 12%] Built target rover_project__rosidl_generator_c
[0.968s] [ 12%] Built target ament_cmake_python_copy_rover_project
[1.134s] [ 26%] Built target rover_project__rosidl_typesupport_fastrtps_cpp
[1.140s] [ 34%] Built target rover_project__rosidl_typesupport_introspection_cpp
[1.154s] [ 46%] Built target rover_project__rosidl_typesupport_fastrtps_c
[1.178s] [ 57%] Built target rover_project__rosidl_typesupport_cpp
[1.265s] [ 68%] Built target rover_project__rosidl_typesupport_c
[1.266s] [ 79%] Built target rover_project__rosidl_typesupport_introspection_c
[1.378s] [ 79%] Built target rover_project
[1.491s] [ 80%] Built target rover_project__py
[1.646s] [ 90%] Built target rover_project__rosidl_generator_py
[1.779s] [ 93%] Built target rover_project__rosidl_typesupport_c__pyext
[1.784s] [ 96%] Built target rover_project__rosidl_typesupport_introspection_c__pyext
[1.785s] [100%] Built target rover_project__rosidl_typesupport_fastrtps_c__pyext
[2.840s] running egg_info
[2.946s] writing rover_project.egg-info/PKG-INFO
[2.949s] writing dependency_links to rover_project.egg-info/dependency_links.txt
[2.952s] writing top-level names to rover_project.egg-info/top_level.txt
[4.606s] reading manifest file 'rover_project.egg-info/SOURCES.txt'
[4.617s] writing manifest file 'rover_project.egg-info/SOURCES.txt'
[4.899s] [100%] Built target ament_cmake_python_build_rover_project_egg
[4.958s] Invoked command in '/home/marina/Senior-Design/NavQPlus/build/rover_project' returned '0': /usr/bin/cmake --build /home/marina/Senior-Design/NavQPlus/build/rover_project -- -j4 -l4
[5.008s] Invoking command in '/home/marina/Senior-Design/NavQPlus/build/rover_project': /usr/bin/cmake --install /home/marina/Senior-Design/NavQPlus/build/rover_project
[5.053s] -- Install configuration: ""
[5.055s] -- Up-to-date: /home/marina/Senior-Design/NavQPlus/install/rover_project/share/ament_index/resource_index/rosidl_interfaces/rover_project
[5.057s] -- Up-to-date: /home/marina/Senior-Design/NavQPlus/install/rover_project/include/rover_project/rover_project
[5.059s] -- Up-to-date: /home/marina/Senior-Design/NavQPlus/install/rover_project/include/rover_project/rover_project/msg
[5.061s] -- Up-to-date: /home/marina/Senior-Design/NavQPlus/install/rover_project/include/rover_project/rover_project/msg/rosidl_generator_c__visibility_control.h
[5.063s] -- Up-to-date: /home/marina/Senior-Design/NavQPlus/install/rover_project/include/rover_project/rover_project/msg/gps_fix.h
[5.064s] -- Up-to-date: /home/marina/Senior-Design/NavQPlus/install/rover_project/include/rover_project/rover_project/msg/detail
[5.065s] -- Up-to-date: /home/marina/Senior-Design/NavQPlus/install/rover_project/include/rover_project/rover_project/msg/detail/gps_fix__functions.h
[5.066s] -- Up-to-date: /home/marina/Senior-Design/NavQPlus/install/rover_project/include/rover_project/rover_project/msg/detail/imu_orientation__type_support.h
[5.066s] -- Up-to-date: /home/marina/Senior-Design/NavQPlus/install/rover_project/include/rover_project/rover_project/msg/detail/proximity__functions.h
[5.067s] -- Up-to-date: /home/marina/Senior-Design/NavQPlus/install/rover_project/include/rover_project/rover_project/msg/detail/waypoint_list__struct.h
[5.068s] -- Up-to-date: /home/marina/Senior-Design/NavQPlus/install/rover_project/include/rover_project/rover_project/msg/detail/nav_goal__type_support.h
[5.068s] -- Up-to-date: /home/marina/Senior-Design/NavQPlus/install/rover_project/include/rover_project/rover_project/msg/detail/proximity__functions.c
[5.069s] -- Up-to-date: /home/marina/Senior-Design/NavQPlus/install/rover_project/include/rover_project/rover_project/msg/detail/waypoint_list__functions.c
[5.070s] -- Up-to-date: /home/marina/Senior-Design/NavQPlus/install/rover_project/include/rover_project/rover_project/msg/detail/imu_orientation__functions.h
[5.071s] -- Up-to-date: /home/marina/Senior-Design/NavQPlus/install/rover_project/include/rover_project/rover_project/msg/detail/imu_orientation__struct.h
[5.072s] -- Up-to-date: /home/marina/Senior-Design/NavQPlus/install/rover_project/include/rover_project/rover_project/msg/detail/waypoint_list__functions.h
[5.073s] -- Up-to-date: /home/marina/Senior-Design/NavQPlus/install/rover_project/include/rover_project/rover_project/msg/detail/gps_fix__functions.c
[5.074s] -- Up-to-date: /home/marina/Senior-Design/NavQPlus/install/rover_project/include/rover_project/rover_project/msg/detail/gps_fix__type_support.h
[5.075s] -- Up-to-date: /home/marina/Senior-Design/NavQPlus/install/rover_project/include/rover_project/rover_project/msg/detail/nav_goal__functions.h
[5.076s] -- Up-to-date: /home/marina/Senior-Design/NavQPlus/install/rover_project/include/rover_project/rover_project/msg/detail/nav_goal__struct.h
[5.077s] -- Up-to-date: /home/marina/Senior-Design/NavQPlus/install/rover_project/include/rover_project/rover_project/msg/detail/waypoint_list__type_support.h
[5.077s] -- Up-to-date: /home/marina/Senior-Design/NavQPlus/install/rover_project/include/rover_project/rover_project/msg/detail/imu_orientation__functions.c
[5.078s] -- Up-to-date: /home/marina/Senior-Design/NavQPlus/install/rover_project/include/rover_project/rover_project/msg/detail/proximity__type_support.h
[5.079s] -- Up-to-date: /home/marina/Senior-Design/NavQPlus/install/rover_project/include/rover_project/rover_project/msg/detail/proximity__struct.h
[5.081s] -- Up-to-date: /home/marina/Senior-Design/NavQPlus/install/rover_project/include/rover_project/rover_project/msg/detail/gps_fix__struct.h
[5.082s] -- Up-to-date: /home/marina/Senior-Design/NavQPlus/install/rover_project/include/rover_project/rover_project/msg/detail/nav_goal__functions.c
[5.083s] -- Up-to-date: /home/marina/Senior-Design/NavQPlus/install/rover_project/include/rover_project/rover_project/msg/imu_orientation.h
[5.084s] -- Up-to-date: /home/marina/Senior-Design/NavQPlus/install/rover_project/include/rover_project/rover_project/msg/nav_goal.h
[5.084s] -- Up-to-date: /home/marina/Senior-Design/NavQPlus/install/rover_project/include/rover_project/rover_project/msg/proximity.h
[5.085s] -- Up-to-date: /home/marina/Senior-Design/NavQPlus/install/rover_project/include/rover_project/rover_project/msg/waypoint_list.h
[5.086s] -- Up-to-date: /home/marina/Senior-Design/NavQPlus/install/rover_project/share/rover_project/environment/library_path.sh
[5.087s] -- Up-to-date: /home/marina/Senior-Design/NavQPlus/install/rover_project/share/rover_project/environment/library_path.dsv
[5.088s] -- Up-to-date: /home/marina/Senior-Design/NavQPlus/install/rover_project/lib/librover_project__rosidl_generator_c.so
[5.089s] -- Up-to-date: /home/marina/Senior-Design/NavQPlus/install/rover_project/include/rover_project/rover_project
[5.091s] -- Up-to-date: /home/marina/Senior-Design/NavQPlus/install/rover_project/include/rover_project/rover_project/msg
[5.093s] -- Up-to-date: /home/marina/Senior-Design/NavQPlus/install/rover_project/include/rover_project/rover_project/msg/detail
[5.095s] -- Up-to-date: /home/marina/Senior-Design/NavQPlus/install/rover_project/include/rover_project/rover_project/msg/detail/imu_orientation__rosidl_typesupport_fastrtps_c.h
[5.096s] -- Up-to-date: /home/marina/Senior-Design/NavQPlus/install/rover_project/include/rover_project/rover_project/msg/detail/nav_goal__rosidl_typesupport_fastrtps_c.h
[5.097s] -- Up-to-date: /home/marina/Senior-Design/NavQPlus/install/rover_project/include/rover_project/rover_project/msg/detail/waypoint_list__rosidl_typesupport_fastrtps_c.h
[5.098s] -- Up-to-date: /home/marina/Senior-Design/NavQPlus/install/rover_project/include/rover_project/rover_project/msg/detail/proximity__rosidl_typesupport_fastrtps_c.h
[5.099s] -- Up-to-date: /home/marina/Senior-Design/NavQPlus/install/rover_project/include/rover_project/rover_project/msg/detail/gps_fix__rosidl_typesupport_fastrtps_c.h
[5.099s] -- Up-to-date: /home/marina/Senior-Design/NavQPlus/install/rover_project/include/rover_project/rover_project/msg/rosidl_typesupport_fastrtps_c__visibility_control.h
[5.101s] -- Up-to-date: /home/marina/Senior-Design/NavQPlus/install/rover_project/lib/librover_project__rosidl_typesupport_fastrtps_c.so
[5.102s] -- Up-to-date: /home/marina/Senior-Design/NavQPlus/install/rover_project/include/rover_project/rover_project
[5.104s] -- Up-to-date: /home/marina/Senior-Design/NavQPlus/install/rover_project/include/rover_project/rover_project/msg
[5.104s] -- Up-to-date: /home/marina/Senior-Design/NavQPlus/install/rover_project/include/rover_project/rover_project/msg/rosidl_typesupport_introspection_c__visibility_control.h
[5.105s] -- Up-to-date: /home/marina/Senior-Design/NavQPlus/install/rover_project/include/rover_project/rover_project/msg/detail
[5.106s] -- Up-to-date: /home/marina/Senior-Design/NavQPlus/install/rover_project/include/rover_project/rover_project/msg/detail/imu_orientation__rosidl_typesupport_introspection_c.h
[5.107s] -- Up-to-date: /home/marina/Senior-Design/NavQPlus/install/rover_project/include/rover_project/rover_project/msg/detail/gps_fix__rosidl_typesupport_introspection_c.h
[5.108s] -- Up-to-date: /home/marina/Senior-Design/NavQPlus/install/rover_project/include/rover_project/rover_project/msg/detail/nav_goal__type_support.c
[5.109s] -- Up-to-date: /home/marina/Senior-Design/NavQPlus/install/rover_project/include/rover_project/rover_project/msg/detail/waypoint_list__rosidl_typesupport_introspection_c.h
[5.110s] -- Up-to-date: /home/marina/Senior-Design/NavQPlus/install/rover_project/include/rover_project/rover_project/msg/detail/gps_fix__type_support.c
[5.111s] -- Up-to-date: /home/marina/Senior-Design/NavQPlus/install/rover_project/include/rover_project/rover_project/msg/detail/waypoint_list__type_support.c
[5.113s] -- Up-to-date: /home/marina/Senior-Design/NavQPlus/install/rover_project/include/rover_project/rover_project/msg/detail/nav_goal__rosidl_typesupport_introspection_c.h
[5.114s] -- Up-to-date: /home/marina/Senior-Design/NavQPlus/install/rover_project/include/rover_project/rover_project/msg/detail/proximity__rosidl_typesupport_introspection_c.h
[5.116s] -- Up-to-date: /home/marina/Senior-Design/NavQPlus/install/rover_project/include/rover_project/rover_project/msg/detail/proximity__type_support.c
[5.117s] -- Up-to-date: /home/marina/Senior-Design/NavQPlus/install/rover_project/include/rover_project/rover_project/msg/detail/imu_orientation__type_support.c
[5.118s] -- Up-to-date: /home/marina/Senior-Design/NavQPlus/install/rover_project/lib/librover_project__rosidl_typesupport_introspection_c.so
[5.120s] -- Up-to-date: /home/marina/Senior-Design/NavQPlus/install/rover_project/lib/librover_project__rosidl_typesupport_c.so
[5.121s] -- Up-to-date: /home/marina/Senior-Design/NavQPlus/install/rover_project/include/rover_project/rover_project
[5.122s] -- Up-to-date: /home/marina/Senior-Design/NavQPlus/install/rover_project/include/rover_project/rover_project/msg
[5.123s] -- Up-to-date: /home/marina/Senior-Design/NavQPlus/install/rover_project/include/rover_project/rover_project/msg/rosidl_generator_cpp__visibility_control.hpp
[5.124s] -- Up-to-date: /home/marina/Senior-Design/NavQPlus/install/rover_project/include/rover_project/rover_project/msg/proximity.hpp
[5.124s] -- Up-to-date: /home/marina/Senior-Design/NavQPlus/install/rover_project/include/rover_project/rover_project/msg/detail
[5.125s] -- Up-to-date: /home/marina/Senior-Design/NavQPlus/install/rover_project/include/rover_project/rover_project/msg/detail/proximity__type_support.hpp
[5.127s] -- Up-to-date: /home/marina/Senior-Design/NavQPlus/install/rover_project/include/rover_project/rover_project/msg/detail/waypoint_list__type_support.hpp
[5.127s] -- Up-to-date: /home/marina/Senior-Design/NavQPlus/install/rover_project/include/rover_project/rover_project/msg/detail/gps_fix__type_support.hpp
[5.128s] -- Up-to-date: /home/marina/Senior-Design/NavQPlus/install/rover_project/include/rover_project/rover_project/msg/detail/nav_goal__type_support.hpp
[5.129s] -- Up-to-date: /home/marina/Senior-Design/NavQPlus/install/rover_project/include/rover_project/rover_project/msg/detail/imu_orientation__type_support.hpp
[5.130s] -- Up-to-date: /home/marina/Senior-Design/NavQPlus/install/rover_project/include/rover_project/rover_project/msg/detail/nav_goal__struct.hpp
[5.131s] -- Up-to-date: /home/marina/Senior-Design/NavQPlus/install/rover_project/include/rover_project/rover_project/msg/detail/waypoint_list__traits.hpp
[5.132s] -- Up-to-date: /home/marina/Senior-Design/NavQPlus/install/rover_project/include/rover_project/rover_project/msg/detail/proximity__builder.hpp
[5.132s] -- Up-to-date: /home/marina/Senior-Design/NavQPlus/install/rover_project/include/rover_project/rover_project/msg/detail/imu_orientation__builder.hpp
[5.133s] -- Up-to-date: /home/marina/Senior-Design/NavQPlus/install/rover_project/include/rover_project/rover_project/msg/detail/proximity__traits.hpp
[5.134s] -- Up-to-date: /home/marina/Senior-Design/NavQPlus/install/rover_project/include/rover_project/rover_project/msg/detail/waypoint_list__struct.hpp
[5.135s] -- Up-to-date: /home/marina/Senior-Design/NavQPlus/install/rover_project/include/rover_project/rover_project/msg/detail/imu_orientation__struct.hpp
[5.136s] -- Up-to-date: /home/marina/Senior-Design/NavQPlus/install/rover_project/include/rover_project/rover_project/msg/detail/nav_goal__builder.hpp
[5.138s] -- Up-to-date: /home/marina/Senior-Design/NavQPlus/install/rover_project/include/rover_project/rover_project/msg/detail/waypoint_list__builder.hpp
[5.139s] -- Up-to-date: /home/marina/Senior-Design/NavQPlus/install/rover_project/include/rover_project/rover_project/msg/detail/gps_fix__traits.hpp
[5.139s] -- Up-to-date: /home/marina/Senior-Design/NavQPlus/install/rover_project/include/rover_project/rover_project/msg/detail/proximity__struct.hpp
[5.140s] -- Up-to-date: /home/marina/Senior-Design/NavQPlus/install/rover_project/include/rover_project/rover_project/msg/detail/imu_orientation__traits.hpp
[5.141s] -- Up-to-date: /home/marina/Senior-Design/NavQPlus/install/rover_project/include/rover_project/rover_project/msg/detail/gps_fix__struct.hpp
[5.142s] -- Up-to-date: /home/marina/Senior-Design/NavQPlus/install/rover_project/include/rover_project/rover_project/msg/detail/nav_goal__traits.hpp
[5.143s] -- Up-to-date: /home/marina/Senior-Design/NavQPlus/install/rover_project/include/rover_project/rover_project/msg/detail/gps_fix__builder.hpp
[5.145s] -- Up-to-date: /home/marina/Senior-Design/NavQPlus/install/rover_project/include/rover_project/rover_project/msg/waypoint_list.hpp
[5.146s] -- Up-to-date: /home/marina/Senior-Design/NavQPlus/install/rover_project/include/rover_project/rover_project/msg/imu_orientation.hpp
[5.147s] -- Up-to-date: /home/marina/Senior-Design/NavQPlus/install/rover_project/include/rover_project/rover_project/msg/nav_goal.hpp
[5.148s] -- Up-to-date: /home/marina/Senior-Design/NavQPlus/install/rover_project/include/rover_project/rover_project/msg/gps_fix.hpp
[5.149s] -- Up-to-date: /home/marina/Senior-Design/NavQPlus/install/rover_project/include/rover_project/rover_project
[5.150s] -- Up-to-date: /home/marina/Senior-Design/NavQPlus/install/rover_project/include/rover_project/rover_project/msg
[5.150s] -- Up-to-date: /home/marina/Senior-Design/NavQPlus/install/rover_project/include/rover_project/rover_project/msg/rosidl_typesupport_fastrtps_cpp__visibility_control.h
[5.151s] -- Up-to-date: /home/marina/Senior-Design/NavQPlus/install/rover_project/include/rover_project/rover_project/msg/detail
[5.152s] -- Up-to-date: /home/marina/Senior-Design/NavQPlus/install/rover_project/include/rover_project/rover_project/msg/detail/nav_goal__rosidl_typesupport_fastrtps_cpp.hpp
[5.153s] -- Up-to-date: /home/marina/Senior-Design/NavQPlus/install/rover_project/include/rover_project/rover_project/msg/detail/imu_orientation__rosidl_typesupport_fastrtps_cpp.hpp
[5.154s] -- Up-to-date: /home/marina/Senior-Design/NavQPlus/install/rover_project/include/rover_project/rover_project/msg/detail/waypoint_list__rosidl_typesupport_fastrtps_cpp.hpp
[5.155s] -- Up-to-date: /home/marina/Senior-Design/NavQPlus/install/rover_project/include/rover_project/rover_project/msg/detail/proximity__rosidl_typesupport_fastrtps_cpp.hpp
[5.156s] -- Up-to-date: /home/marina/Senior-Design/NavQPlus/install/rover_project/include/rover_project/rover_project/msg/detail/gps_fix__rosidl_typesupport_fastrtps_cpp.hpp
[5.157s] -- Up-to-date: /home/marina/Senior-Design/NavQPlus/install/rover_project/include/rover_project/rover_project/msg/detail/dds_fastrtps
[5.157s] -- Up-to-date: /home/marina/Senior-Design/NavQPlus/install/rover_project/lib/librover_project__rosidl_typesupport_fastrtps_cpp.so
[5.158s] -- Up-to-date: /home/marina/Senior-Design/NavQPlus/install/rover_project/include/rover_project/rover_project
[5.159s] -- Up-to-date: /home/marina/Senior-Design/NavQPlus/install/rover_project/include/rover_project/rover_project/msg
[5.160s] -- Up-to-date: /home/marina/Senior-Design/NavQPlus/install/rover_project/include/rover_project/rover_project/msg/detail
[5.161s] -- Up-to-date: /home/marina/Senior-Design/NavQPlus/install/rover_project/include/rover_project/rover_project/msg/detail/proximity__type_support.cpp
[5.162s] -- Up-to-date: /home/marina/Senior-Design/NavQPlus/install/rover_project/include/rover_project/rover_project/msg/detail/nav_goal__rosidl_typesupport_introspection_cpp.hpp
[5.163s] -- Up-to-date: /home/marina/Senior-Design/NavQPlus/install/rover_project/include/rover_project/rover_project/msg/detail/nav_goal__type_support.cpp
[5.163s] -- Up-to-date: /home/marina/Senior-Design/NavQPlus/install/rover_project/include/rover_project/rover_project/msg/detail/gps_fix__type_support.cpp
[5.164s] -- Up-to-date: /home/marina/Senior-Design/NavQPlus/install/rover_project/include/rover_project/rover_project/msg/detail/proximity__rosidl_typesupport_introspection_cpp.hpp
[5.165s] -- Up-to-date: /home/marina/Senior-Design/NavQPlus/install/rover_project/include/rover_project/rover_project/msg/detail/gps_fix__rosidl_typesupport_introspection_cpp.hpp
[5.166s] -- Up-to-date: /home/marina/Senior-Design/NavQPlus/install/rover_project/include/rover_project/rover_project/msg/detail/imu_orientation__type_support.cpp
[5.167s] -- Up-to-date: /home/marina/Senior-Design/NavQPlus/install/rover_project/include/rover_project/rover_project/msg/detail/imu_orientation__rosidl_typesupport_introspection_cpp.hpp
[5.169s] -- Up-to-date: /home/marina/Senior-Design/NavQPlus/install/rover_project/include/rover_project/rover_project/msg/detail/waypoint_list__rosidl_typesupport_introspection_cpp.hpp
[5.169s] -- Up-to-date: /home/marina/Senior-Design/NavQPlus/install/rover_project/include/rover_project/rover_project/msg/detail/waypoint_list__type_support.cpp
[5.170s] -- Up-to-date: /home/marina/Senior-Design/NavQPlus/install/rover_project/lib/librover_project__rosidl_typesupport_introspection_cpp.so
[5.171s] -- Up-to-date: /home/marina/Senior-Design/NavQPlus/install/rover_project/lib/librover_project__rosidl_typesupport_cpp.so
[5.172s] -- Up-to-date: /home/marina/Senior-Design/NavQPlus/install/rover_project/share/rover_project/environment/pythonpath.sh
[5.174s] -- Up-to-date: /home/marina/Senior-Design/NavQPlus/install/rover_project/share/rover_project/environment/pythonpath.dsv
[5.175s] -- Up-to-date: /home/marina/Senior-Design/NavQPlus/install/rover_project/local/lib/python3.10/dist-packages/rover_project-0.0.0-py3.10.egg-info
[5.176s] -- Installing: /home/marina/Senior-Design/NavQPlus/install/rover_project/local/lib/python3.10/dist-packages/rover_project-0.0.0-py3.10.egg-info/PKG-INFO
[5.177s] -- Installing: /home/marina/Senior-Design/NavQPlus/install/rover_project/local/lib/python3.10/dist-packages/rover_project-0.0.0-py3.10.egg-info/SOURCES.txt
[5.178s] -- Installing: /home/marina/Senior-Design/NavQPlus/install/rover_project/local/lib/python3.10/dist-packages/rover_project-0.0.0-py3.10.egg-info/dependency_links.txt
[5.179s] -- Installing: /home/marina/Senior-Design/NavQPlus/install/rover_project/local/lib/python3.10/dist-packages/rover_project-0.0.0-py3.10.egg-info/top_level.txt
[5.180s] -- Up-to-date: /home/marina/Senior-Design/NavQPlus/install/rover_project/local/lib/python3.10/dist-packages/rover_project
[5.180s] -- Up-to-date: /home/marina/Senior-Design/NavQPlus/install/rover_project/local/lib/python3.10/dist-packages/rover_project/rover_project_s__rosidl_typesupport_introspection_c.cpython-310-aarch64-linux-gnu.so
[5.181s] -- Up-to-date: /home/marina/Senior-Design/NavQPlus/install/rover_project/local/lib/python3.10/dist-packages/rover_project/_rover_project_s.ep.rosidl_typesupport_fastrtps_c.c
[5.182s] -- Up-to-date: /home/marina/Senior-Design/NavQPlus/install/rover_project/local/lib/python3.10/dist-packages/rover_project/__init__.py
[5.183s] -- Up-to-date: /home/marina/Senior-Design/NavQPlus/install/rover_project/local/lib/python3.10/dist-packages/rover_project/_rover_project_s.ep.rosidl_typesupport_introspection_c.c
[5.184s] -- Up-to-date: /home/marina/Senior-Design/NavQPlus/install/rover_project/local/lib/python3.10/dist-packages/rover_project/msg
[5.185s] -- Up-to-date: /home/marina/Senior-Design/NavQPlus/install/rover_project/local/lib/python3.10/dist-packages/rover_project/msg/_proximity.py
[5.186s] -- Up-to-date: /home/marina/Senior-Design/NavQPlus/install/rover_project/local/lib/python3.10/dist-packages/rover_project/msg/_nav_goal.py
[5.187s] -- Up-to-date: /home/marina/Senior-Design/NavQPlus/install/rover_project/local/lib/python3.10/dist-packages/rover_project/msg/_gps_fix_s.c
[5.187s] -- Up-to-date: /home/marina/Senior-Design/NavQPlus/install/rover_project/local/lib/python3.10/dist-packages/rover_project/msg/_imu_orientation.py
[5.188s] -- Up-to-date: /home/marina/Senior-Design/NavQPlus/install/rover_project/local/lib/python3.10/dist-packages/rover_project/msg/__init__.py
[5.189s] -- Up-to-date: /home/marina/Senior-Design/NavQPlus/install/rover_project/local/lib/python3.10/dist-packages/rover_project/msg/_imu_orientation_s.c
[5.190s] -- Up-to-date: /home/marina/Senior-Design/NavQPlus/install/rover_project/local/lib/python3.10/dist-packages/rover_project/msg/_waypoint_list_s.c
[5.191s] -- Up-to-date: /home/marina/Senior-Design/NavQPlus/install/rover_project/local/lib/python3.10/dist-packages/rover_project/msg/_waypoint_list.py
[5.192s] -- Up-to-date: /home/marina/Senior-Design/NavQPlus/install/rover_project/local/lib/python3.10/dist-packages/rover_project/msg/_gps_fix.py
[5.193s] -- Up-to-date: /home/marina/Senior-Design/NavQPlus/install/rover_project/local/lib/python3.10/dist-packages/rover_project/msg/_proximity_s.c
[5.194s] -- Up-to-date: /home/marina/Senior-Design/NavQPlus/install/rover_project/local/lib/python3.10/dist-packages/rover_project/msg/_nav_goal_s.c
[5.195s] -- Up-to-date: /home/marina/Senior-Design/NavQPlus/install/rover_project/local/lib/python3.10/dist-packages/rover_project/_rover_project_s.ep.rosidl_typesupport_c.c
[5.196s] -- Up-to-date: /home/marina/Senior-Design/NavQPlus/install/rover_project/local/lib/python3.10/dist-packages/rover_project/rover_project_s__rosidl_typesupport_c.cpython-310-aarch64-linux-gnu.so
[5.197s] -- Up-to-date: /home/marina/Senior-Design/NavQPlus/install/rover_project/local/lib/python3.10/dist-packages/rover_project/librover_project__rosidl_generator_py.so
[5.198s] -- Up-to-date: /home/marina/Senior-Design/NavQPlus/install/rover_project/local/lib/python3.10/dist-packages/rover_project/rover_project_s__rosidl_typesupport_fastrtps_c.cpython-310-aarch64-linux-gnu.so
[5.363s] Listing '/home/marina/Senior-Design/NavQPlus/install/rover_project/local/lib/python3.10/dist-packages/rover_project'...
[5.363s] Listing '/home/marina/Senior-Design/NavQPlus/install/rover_project/local/lib/python3.10/dist-packages/rover_project/msg'...
[5.416s] -- Up-to-date: /home/marina/Senior-Design/NavQPlus/install/rover_project/local/lib/python3.10/dist-packages/rover_project/rover_project_s__rosidl_typesupport_fastrtps_c.cpython-310-aarch64-linux-gnu.so
[5.420s] -- Up-to-date: /home/marina/Senior-Design/NavQPlus/install/rover_project/local/lib/python3.10/dist-packages/rover_project/rover_project_s__rosidl_typesupport_introspection_c.cpython-310-aarch64-linux-gnu.so
[5.424s] -- Up-to-date: /home/marina/Senior-Design/NavQPlus/install/rover_project/local/lib/python3.10/dist-packages/rover_project/rover_project_s__rosidl_typesupport_c.cpython-310-aarch64-linux-gnu.so
[5.428s] -- Up-to-date: /home/marina/Senior-Design/NavQPlus/install/rover_project/lib/librover_project__rosidl_generator_py.so
[5.429s] -- Up-to-date: /home/marina/Senior-Design/NavQPlus/install/rover_project/share/rover_project/msg/Proximity.idl
[5.431s] -- Up-to-date: /home/marina/Senior-Design/NavQPlus/install/rover_project/share/rover_project/msg/GpsFix.idl
[5.433s] -- Up-to-date: /home/marina/Senior-Design/NavQPlus/install/rover_project/share/rover_project/msg/ImuOrientation.idl
[5.434s] -- Up-to-date: /home/marina/Senior-Design/NavQPlus/install/rover_project/share/rover_project/msg/NavGoal.idl
[5.435s] -- Up-to-date: /home/marina/Senior-Design/NavQPlus/install/rover_project/share/rover_project/msg/WaypointList.idl
[5.437s] -- Up-to-date: /home/marina/Senior-Design/NavQPlus/install/rover_project/share/rover_project/msg/Proximity.msg
[5.438s] -- Up-to-date: /home/marina/Senior-Design/NavQPlus/install/rover_project/share/rover_project/msg/GpsFix.msg
[5.441s] -- Up-to-date: /home/marina/Senior-Design/NavQPlus/install/rover_project/share/rover_project/msg/ImuOrientation.msg
[5.443s] -- Up-to-date: /home/marina/Senior-Design/NavQPlus/install/rover_project/share/rover_project/msg/NavGoal.msg
[5.443s] -- Up-to-date: /home/marina/Senior-Design/NavQPlus/install/rover_project/share/rover_project/msg/WaypointList.msg
[5.444s] -- Up-to-date: /home/marina/Senior-Design/NavQPlus/install/rover_project/lib/rover_project/can_bridge_node.py
[5.445s] -- Up-to-date: /home/marina/Senior-Design/NavQPlus/install/rover_project/lib/rover_project/uart_node.py
[5.447s] -- Up-to-date: /home/marina/Senior-Design/NavQPlus/install/rover_project/lib/rover_project/autonomous_drive_node.py
[5.448s] -- Up-to-date: /home/marina/Senior-Design/NavQPlus/install/rover_project/lib/rover_project/bluetooth_node.py
[5.449s] -- Up-to-date: /home/marina/Senior-Design/NavQPlus/install/rover_project/lib/rover_project/path_planner_node.py
[5.451s] -- Up-to-date: /home/marina/Senior-Design/NavQPlus/install/rover_project/lib/rover_project/waypoint_follower_node.py
[5.451s] -- Up-to-date: /home/marina/Senior-Design/NavQPlus/install/rover_project/lib/rover_project/send_goal.py
[5.452s] -- Installing: /home/marina/Senior-Design/NavQPlus/install/rover_project/lib/rover_project/audio_IO.py
[5.454s] -- Up-to-date: /home/marina/Senior-Design/NavQPlus/install/rover_project/share/rover_project/launch
[5.454s] -- Up-to-date: /home/marina/Senior-Design/NavQPlus/install/rover_project/share/rover_project/launch/rover_launch.py
[5.455s] -- Up-to-date: /home/marina/Senior-Design/NavQPlus/install/rover_project/share/rover_project/rover.dbc
[5.456s] -- Up-to-date: /home/marina/Senior-Design/NavQPlus/install/rover_project/share/rover_project/maps
[5.457s] -- Up-to-date: /home/marina/Senior-Design/NavQPlus/install/rover_project/share/rover_project/maps/UCR_Centerlines.shp
[5.457s] -- Up-to-date: /home/marina/Senior-Design/NavQPlus/install/rover_project/share/rover_project/maps/UCR_Centerlines.dbf
[5.459s] -- Up-to-date: /home/marina/Senior-Design/NavQPlus/install/rover_project/share/rover_project/maps/UCR_Centerlines.shx
[5.460s] -- Up-to-date: /home/marina/Senior-Design/NavQPlus/install/rover_project/share/rover_project/maps/UCR_Centerlines.prj
[5.460s] -- Up-to-date: /home/marina/Senior-Design/NavQPlus/install/rover_project/share/rover_project/package.xml
[5.461s] -- Up-to-date: /home/marina/Senior-Design/NavQPlus/install/rover_project/share/ament_index/resource_index/package_run_dependencies/rover_project
[5.462s] -- Up-to-date: /home/marina/Senior-Design/NavQPlus/install/rover_project/share/ament_index/resource_index/parent_prefix_path/rover_project
[5.463s] -- Up-to-date: /home/marina/Senior-Design/NavQPlus/install/rover_project/share/rover_project/environment/ament_prefix_path.sh
[5.464s] -- Up-to-date: /home/marina/Senior-Design/NavQPlus/install/rover_project/share/rover_project/environment/ament_prefix_path.dsv
[5.465s] -- Up-to-date: /home/marina/Senior-Design/NavQPlus/install/rover_project/share/rover_project/environment/path.sh
[5.466s] -- Up-to-date: /home/marina/Senior-Design/NavQPlus/install/rover_project/share/rover_project/environment/path.dsv
[5.467s] -- Up-to-date: /home/marina/Senior-Design/NavQPlus/install/rover_project/share/rover_project/local_setup.bash
[5.468s] -- Up-to-date: /home/marina/Senior-Design/NavQPlus/install/rover_project/share/rover_project/local_setup.sh
[5.469s] -- Up-to-date: /home/marina/Senior-Design/NavQPlus/install/rover_project/share/rover_project/local_setup.zsh
[5.469s] -- Up-to-date: /home/marina/Senior-Design/NavQPlus/install/rover_project/share/rover_project/local_setup.dsv
[5.470s] -- Installing: /home/marina/Senior-Design/NavQPlus/install/rover_project/share/rover_project/package.dsv
[5.472s] -- Up-to-date: /home/marina/Senior-Design/NavQPlus/install/rover_project/share/ament_index/resource_index/packages/rover_project
[5.472s] -- Up-to-date: /home/marina/Senior-Design/NavQPlus/install/rover_project/share/rover_project/cmake/export_rover_project__rosidl_generator_cExport.cmake
[5.473s] -- Up-to-date: /home/marina/Senior-Design/NavQPlus/install/rover_project/share/rover_project/cmake/export_rover_project__rosidl_generator_cExport-noconfig.cmake
[5.474s] -- Up-to-date: /home/marina/Senior-Design/NavQPlus/install/rover_project/share/rover_project/cmake/export_rover_project__rosidl_typesupport_fastrtps_cExport.cmake
[5.476s] -- Up-to-date: /home/marina/Senior-Design/NavQPlus/install/rover_project/share/rover_project/cmake/export_rover_project__rosidl_typesupport_fastrtps_cExport-noconfig.cmake
[5.477s] -- Up-to-date: /home/marina/Senior-Design/NavQPlus/install/rover_project/share/rover_project/cmake/rover_project__rosidl_typesupport_introspection_cExport.cmake
[5.478s] -- Up-to-date: /home/marina/Senior-Design/NavQPlus/install/rover_project/share/rover_project/cmake/rover_project__rosidl_typesupport_introspection_cExport-noconfig.cmake
[5.480s] -- Up-to-date: /home/marina/Senior-Design/NavQPlus/install/rover_project/share/rover_project/cmake/rover_project__rosidl_typesupport_cExport.cmake
[5.481s] -- Up-to-date: /home/marina/Senior-Design/NavQPlus/install/rover_project/share/rover_project/cmake/rover_project__rosidl_typesupport_cExport-noconfig.cmake
[5.482s] -- Up-to-date: /home/marina/Senior-Design/NavQPlus/install/rover_project/share/rover_project/cmake/export_rover_project__rosidl_generator_cppExport.cmake
[5.483s] -- Up-to-date: /home/marina/Senior-Design/NavQPlus/install/rover_project/share/rover_project/cmake/export_rover_project__rosidl_typesupport_fastrtps_cppExport.cmake
[5.484s] -- Up-to-date: /home/marina/Senior-Design/NavQPlus/install/rover_project/share/rover_project/cmake/export_rover_project__rosidl_typesupport_fastrtps_cppExport-noconfig.cmake
[5.485s] -- Up-to-date: /home/marina/Senior-Design/NavQPlus/install/rover_project/share/rover_project/cmake/rover_project__rosidl_typesupport_introspection_cppExport.cmake
[5.485s] -- Up-to-date: /home/marina/Senior-Design/NavQPlus/install/rover_project/share/rover_project/cmake/rover_project__rosidl_typesupport_introspection_cppExport-noconfig.cmake
[5.486s] -- Up-to-date: /home/marina/Senior-Design/NavQPlus/install/rover_project/share/rover_project/cmake/rover_project__rosidl_typesupport_cppExport.cmake
[5.487s] -- Up-to-date: /home/marina/Senior-Design/NavQPlus/install/rover_project/share/rover_project/cmake/rover_project__rosidl_typesupport_cppExport-noconfig.cmake
[5.488s] -- Up-to-date: /home/marina/Senior-Design/NavQPlus/install/rover_project/share/rover_project/cmake/export_rover_project__rosidl_generator_pyExport.cmake
[5.490s] -- Up-to-date: /home/marina/Senior-Design/NavQPlus/install/rover_project/share/rover_project/cmake/export_rover_project__rosidl_generator_pyExport-noconfig.cmake
[5.492s] -- Up-to-date: /home/marina/Senior-Design/NavQPlus/install/rover_project/share/rover_project/cmake/rosidl_cmake-extras.cmake
[5.495s] -- Up-to-date: /home/marina/Senior-Design/NavQPlus/install/rover_project/share/rover_project/cmake/ament_cmake_export_include_directories-extras.cmake
[5.496s] -- Up-to-date: /home/marina/Senior-Design/NavQPlus/install/rover_project/share/rover_project/cmake/ament_cmake_export_libraries-extras.cmake
[5.497s] -- Up-to-date: /home/marina/Senior-Design/NavQPlus/install/rover_project/share/rover_project/cmake/ament_cmake_export_targets-extras.cmake
[5.498s] -- Up-to-date: /home/marina/Senior-Design/NavQPlus/install/rover_project/share/rover_project/cmake/rosidl_cmake_export_typesupport_targets-extras.cmake
[5.499s] -- Up-to-date: /home/marina/Senior-Design/NavQPlus/install/rover_project/share/rover_project/cmake/ament_cmake_export_dependencies-extras.cmake
[5.500s] -- Up-to-date: /home/marina/Senior-Design/NavQPlus/install/rover_project/share/rover_project/cmake/rosidl_cmake_export_typesupport_libraries-extras.cmake
[5.501s] -- Up-to-date: /home/marina/Senior-Design/NavQPlus/install/rover_project/share/rover_project/cmake/rover_projectConfig.cmake
[5.502s] -- Up-to-date: /home/marina/Senior-Design/NavQPlus/install/rover_project/share/rover_project/cmake/rover_projectConfig-version.cmake
[5.503s] -- Up-to-date: /home/marina/Senior-Design/NavQPlus/install/rover_project/share/rover_project/package.xml
[5.505s] Invoked command in '/home/marina/Senior-Design/NavQPlus/build/rover_project' returned '0': /usr/bin/cmake --install /home/marina/Senior-Design/NavQPlus/build/rover_project
