[1.364s] DEBUG:colcon:Command line arguments: ['/usr/bin/colcon', 'build', '--packages-select', 'rover_project']
[1.365s] DEBUG:colcon:Parsed command line arguments: Namespace(log_base=None, log_level=None, verb_name='build', build_base='build', install_base='install', merge_install=False, symlink_install=False, test_result_base=None, continue_on_error=False, executor='parallel', parallel_workers=4, event_handlers=None, ignore_user_meta=False, metas=['./colcon.meta'], base_paths=['.'], packages_ignore=None, packages_ignore_regex=None, paths=None, packages_up_to=None, packages_up_to_regex=None, packages_above=None, packages_above_and_dependencies=None, packages_above_depth=None, packages_select_by_dep=None, packages_skip_by_dep=None, packages_skip_up_to=None, packages_select_build_failed=False, packages_skip_build_finished=False, packages_select_test_failures=False, packages_skip_test_passed=False, packages_select=['rover_project'], packages_skip=None, packages_select_regex=None, packages_skip_regex=None, packages_start=None, packages_end=None, allow_overriding=[], cmake_args=None, cmake_target=None, cmake_target_skip_unavailable=False, cmake_clean_cache=False, cmake_clean_first=False, cmake_force_configure=False, ament_cmake_args=None, catkin_cmake_args=None, catkin_skip_building_tests=False, verb_parser=<colcon_defaults.argument_parser.defaults.DefaultArgumentsDecorator object at 0xffffa420ea40>, verb_extension=<colcon_core.verb.build.BuildVerb object at 0xffffa420e4a0>, main=<bound method BuildVerb.main of <colcon_core.verb.build.BuildVerb object at 0xffffa420e4a0>>)
[1.844s] Level 1:colcon.colcon_core.package_discovery:discover_packages(colcon_meta) check parameters
[1.845s] Level 1:colcon.colcon_core.package_discovery:discover_packages(recursive) check parameters
[1.846s] Level 1:colcon.colcon_core.package_discovery:discover_packages(ignore) check parameters
[1.846s] Level 1:colcon.colcon_core.package_discovery:discover_packages(path) check parameters
[1.846s] Level 1:colcon.colcon_core.package_discovery:discover_packages(colcon_meta) discover
[1.847s] Level 1:colcon.colcon_core.package_discovery:discover_packages(recursive) discover
[1.847s] INFO:colcon.colcon_core.package_discovery:Crawling recursively for packages in '/home/marina/Senior-Design/NavQPlus'
[1.848s] Level 1:colcon.colcon_core.package_identification:_identify(.) by extensions ['ignore', 'ignore_ament_install']
[1.848s] Level 1:colcon.colcon_core.package_identification:_identify(.) by extension 'ignore'
[1.849s] Level 1:colcon.colcon_core.package_identification:_identify(.) by extension 'ignore_ament_install'
[1.850s] Level 1:colcon.colcon_core.package_identification:_identify(.) by extensions ['colcon_pkg']
[1.850s] Level 1:colcon.colcon_core.package_identification:_identify(.) by extension 'colcon_pkg'
[1.850s] Level 1:colcon.colcon_core.package_identification:_identify(.) by extensions ['colcon_meta']
[1.851s] Level 1:colcon.colcon_core.package_identification:_identify(.) by extension 'colcon_meta'
[1.851s] Level 1:colcon.colcon_core.package_identification:_identify(.) by extensions ['ros']
[1.851s] Level 1:colcon.colcon_core.package_identification:_identify(.) by extension 'ros'
[1.998s] Level 1:colcon.colcon_core.package_identification:_identify(.) by extensions ['cmake', 'python']
[1.999s] Level 1:colcon.colcon_core.package_identification:_identify(.) by extension 'cmake'
[1.999s] Level 1:colcon.colcon_core.package_identification:_identify(.) by extension 'python'
[2.000s] Level 1:colcon.colcon_core.package_identification:_identify(.) by extensions ['python_setup_py']
[2.000s] Level 1:colcon.colcon_core.package_identification:_identify(.) by extension 'python_setup_py'
[2.001s] Level 1:colcon.colcon_core.package_identification:_identify(build) by extensions ['ignore', 'ignore_ament_install']
[2.002s] Level 1:colcon.colcon_core.package_identification:_identify(build) by extension 'ignore'
[2.003s] Level 1:colcon.colcon_core.package_identification:_identify(build) ignored
[2.004s] Level 1:colcon.colcon_core.package_identification:_identify(install) by extensions ['ignore', 'ignore_ament_install']
[2.004s] Level 1:colcon.colcon_core.package_identification:_identify(install) by extension 'ignore'
[2.005s] Level 1:colcon.colcon_core.package_identification:_identify(install) ignored
[2.006s] Level 1:colcon.colcon_core.package_identification:_identify(log) by extensions ['ignore', 'ignore_ament_install']
[2.006s] Level 1:colcon.colcon_core.package_identification:_identify(log) by extension 'ignore'
[2.007s] Level 1:colcon.colcon_core.package_identification:_identify(log) ignored
[2.008s] Level 1:colcon.colcon_core.package_identification:_identify(models) by extensions ['ignore', 'ignore_ament_install']
[2.008s] Level 1:colcon.colcon_core.package_identification:_identify(models) by extension 'ignore'
[2.009s] Level 1:colcon.colcon_core.package_identification:_identify(models) by extension 'ignore_ament_install'
[2.010s] Level 1:colcon.colcon_core.package_identification:_identify(models) by extensions ['colcon_pkg']
[2.010s] Level 1:colcon.colcon_core.package_identification:_identify(models) by extension 'colcon_pkg'
[2.010s] Level 1:colcon.colcon_core.package_identification:_identify(models) by extensions ['colcon_meta']
[2.011s] Level 1:colcon.colcon_core.package_identification:_identify(models) by extension 'colcon_meta'
[2.011s] Level 1:colcon.colcon_core.package_identification:_identify(models) by extensions ['ros']
[2.012s] Level 1:colcon.colcon_core.package_identification:_identify(models) by extension 'ros'
[2.013s] Level 1:colcon.colcon_core.package_identification:_identify(models) by extensions ['cmake', 'python']
[2.013s] Level 1:colcon.colcon_core.package_identification:_identify(models) by extension 'cmake'
[2.013s] Level 1:colcon.colcon_core.package_identification:_identify(models) by extension 'python'
[2.014s] Level 1:colcon.colcon_core.package_identification:_identify(models) by extensions ['python_setup_py']
[2.014s] Level 1:colcon.colcon_core.package_identification:_identify(models) by extension 'python_setup_py'
[2.015s] Level 1:colcon.colcon_core.package_identification:_identify(models/vosk-model) by extensions ['ignore', 'ignore_ament_install']
[2.016s] Level 1:colcon.colcon_core.package_identification:_identify(models/vosk-model) by extension 'ignore'
[2.016s] Level 1:colcon.colcon_core.package_identification:_identify(models/vosk-model) by extension 'ignore_ament_install'
[2.017s] Level 1:colcon.colcon_core.package_identification:_identify(models/vosk-model) by extensions ['colcon_pkg']
[2.017s] Level 1:colcon.colcon_core.package_identification:_identify(models/vosk-model) by extension 'colcon_pkg'
[2.018s] Level 1:colcon.colcon_core.package_identification:_identify(models/vosk-model) by extensions ['colcon_meta']
[2.018s] Level 1:colcon.colcon_core.package_identification:_identify(models/vosk-model) by extension 'colcon_meta'
[2.019s] Level 1:colcon.colcon_core.package_identification:_identify(models/vosk-model) by extensions ['ros']
[2.019s] Level 1:colcon.colcon_core.package_identification:_identify(models/vosk-model) by extension 'ros'
[2.020s] Level 1:colcon.colcon_core.package_identification:_identify(models/vosk-model) by extensions ['cmake', 'python']
[2.020s] Level 1:colcon.colcon_core.package_identification:_identify(models/vosk-model) by extension 'cmake'
[2.021s] Level 1:colcon.colcon_core.package_identification:_identify(models/vosk-model) by extension 'python'
[2.021s] Level 1:colcon.colcon_core.package_identification:_identify(models/vosk-model) by extensions ['python_setup_py']
[2.022s] Level 1:colcon.colcon_core.package_identification:_identify(models/vosk-model) by extension 'python_setup_py'
[2.022s] Level 1:colcon.colcon_core.package_identification:_identify(models/vosk-model/am) by extensions ['ignore', 'ignore_ament_install']
[2.023s] Level 1:colcon.colcon_core.package_identification:_identify(models/vosk-model/am) by extension 'ignore'
[2.024s] Level 1:colcon.colcon_core.package_identification:_identify(models/vosk-model/am) by extension 'ignore_ament_install'
[2.024s] Level 1:colcon.colcon_core.package_identification:_identify(models/vosk-model/am) by extensions ['colcon_pkg']
[2.025s] Level 1:colcon.colcon_core.package_identification:_identify(models/vosk-model/am) by extension 'colcon_pkg'
[2.025s] Level 1:colcon.colcon_core.package_identification:_identify(models/vosk-model/am) by extensions ['colcon_meta']
[2.026s] Level 1:colcon.colcon_core.package_identification:_identify(models/vosk-model/am) by extension 'colcon_meta'
[2.026s] Level 1:colcon.colcon_core.package_identification:_identify(models/vosk-model/am) by extensions ['ros']
[2.026s] Level 1:colcon.colcon_core.package_identification:_identify(models/vosk-model/am) by extension 'ros'
[2.027s] Level 1:colcon.colcon_core.package_identification:_identify(models/vosk-model/am) by extensions ['cmake', 'python']
[2.028s] Level 1:colcon.colcon_core.package_identification:_identify(models/vosk-model/am) by extension 'cmake'
[2.028s] Level 1:colcon.colcon_core.package_identification:_identify(models/vosk-model/am) by extension 'python'
[2.029s] Level 1:colcon.colcon_core.package_identification:_identify(models/vosk-model/am) by extensions ['python_setup_py']
[2.029s] Level 1:colcon.colcon_core.package_identification:_identify(models/vosk-model/am) by extension 'python_setup_py'
[2.030s] Level 1:colcon.colcon_core.package_identification:_identify(models/vosk-model/conf) by extensions ['ignore', 'ignore_ament_install']
[2.031s] Level 1:colcon.colcon_core.package_identification:_identify(models/vosk-model/conf) by extension 'ignore'
[2.031s] Level 1:colcon.colcon_core.package_identification:_identify(models/vosk-model/conf) by extension 'ignore_ament_install'
[2.032s] Level 1:colcon.colcon_core.package_identification:_identify(models/vosk-model/conf) by extensions ['colcon_pkg']
[2.032s] Level 1:colcon.colcon_core.package_identification:_identify(models/vosk-model/conf) by extension 'colcon_pkg'
[2.033s] Level 1:colcon.colcon_core.package_identification:_identify(models/vosk-model/conf) by extensions ['colcon_meta']
[2.033s] Level 1:colcon.colcon_core.package_identification:_identify(models/vosk-model/conf) by extension 'colcon_meta'
[2.034s] Level 1:colcon.colcon_core.package_identification:_identify(models/vosk-model/conf) by extensions ['ros']
[2.034s] Level 1:colcon.colcon_core.package_identification:_identify(models/vosk-model/conf) by extension 'ros'
[2.035s] Level 1:colcon.colcon_core.package_identification:_identify(models/vosk-model/conf) by extensions ['cmake', 'python']
[2.035s] Level 1:colcon.colcon_core.package_identification:_identify(models/vosk-model/conf) by extension 'cmake'
[2.036s] Level 1:colcon.colcon_core.package_identification:_identify(models/vosk-model/conf) by extension 'python'
[2.036s] Level 1:colcon.colcon_core.package_identification:_identify(models/vosk-model/conf) by extensions ['python_setup_py']
[2.036s] Level 1:colcon.colcon_core.package_identification:_identify(models/vosk-model/conf) by extension 'python_setup_py'
[2.037s] Level 1:colcon.colcon_core.package_identification:_identify(models/vosk-model/graph) by extensions ['ignore', 'ignore_ament_install']
[2.038s] Level 1:colcon.colcon_core.package_identification:_identify(models/vosk-model/graph) by extension 'ignore'
[2.039s] Level 1:colcon.colcon_core.package_identification:_identify(models/vosk-model/graph) by extension 'ignore_ament_install'
[2.039s] Level 1:colcon.colcon_core.package_identification:_identify(models/vosk-model/graph) by extensions ['colcon_pkg']
[2.040s] Level 1:colcon.colcon_core.package_identification:_identify(models/vosk-model/graph) by extension 'colcon_pkg'
[2.040s] Level 1:colcon.colcon_core.package_identification:_identify(models/vosk-model/graph) by extensions ['colcon_meta']
[2.040s] Level 1:colcon.colcon_core.package_identification:_identify(models/vosk-model/graph) by extension 'colcon_meta'
[2.041s] Level 1:colcon.colcon_core.package_identification:_identify(models/vosk-model/graph) by extensions ['ros']
[2.041s] Level 1:colcon.colcon_core.package_identification:_identify(models/vosk-model/graph) by extension 'ros'
[2.042s] Level 1:colcon.colcon_core.package_identification:_identify(models/vosk-model/graph) by extensions ['cmake', 'python']
[2.043s] Level 1:colcon.colcon_core.package_identification:_identify(models/vosk-model/graph) by extension 'cmake'
[2.043s] Level 1:colcon.colcon_core.package_identification:_identify(models/vosk-model/graph) by extension 'python'
[2.043s] Level 1:colcon.colcon_core.package_identification:_identify(models/vosk-model/graph) by extensions ['python_setup_py']
[2.044s] Level 1:colcon.colcon_core.package_identification:_identify(models/vosk-model/graph) by extension 'python_setup_py'
[2.045s] Level 1:colcon.colcon_core.package_identification:_identify(models/vosk-model/graph/phones) by extensions ['ignore', 'ignore_ament_install']
[2.046s] Level 1:colcon.colcon_core.package_identification:_identify(models/vosk-model/graph/phones) by extension 'ignore'
[2.046s] Level 1:colcon.colcon_core.package_identification:_identify(models/vosk-model/graph/phones) by extension 'ignore_ament_install'
[2.047s] Level 1:colcon.colcon_core.package_identification:_identify(models/vosk-model/graph/phones) by extensions ['colcon_pkg']
[2.047s] Level 1:colcon.colcon_core.package_identification:_identify(models/vosk-model/graph/phones) by extension 'colcon_pkg'
[2.048s] Level 1:colcon.colcon_core.package_identification:_identify(models/vosk-model/graph/phones) by extensions ['colcon_meta']
[2.048s] Level 1:colcon.colcon_core.package_identification:_identify(models/vosk-model/graph/phones) by extension 'colcon_meta'
[2.048s] Level 1:colcon.colcon_core.package_identification:_identify(models/vosk-model/graph/phones) by extensions ['ros']
[2.049s] Level 1:colcon.colcon_core.package_identification:_identify(models/vosk-model/graph/phones) by extension 'ros'
[2.050s] Level 1:colcon.colcon_core.package_identification:_identify(models/vosk-model/graph/phones) by extensions ['cmake', 'python']
[2.050s] Level 1:colcon.colcon_core.package_identification:_identify(models/vosk-model/graph/phones) by extension 'cmake'
[2.050s] Level 1:colcon.colcon_core.package_identification:_identify(models/vosk-model/graph/phones) by extension 'python'
[2.051s] Level 1:colcon.colcon_core.package_identification:_identify(models/vosk-model/graph/phones) by extensions ['python_setup_py']
[2.051s] Level 1:colcon.colcon_core.package_identification:_identify(models/vosk-model/graph/phones) by extension 'python_setup_py'
[2.052s] Level 1:colcon.colcon_core.package_identification:_identify(models/vosk-model/ivector) by extensions ['ignore', 'ignore_ament_install']
[2.053s] Level 1:colcon.colcon_core.package_identification:_identify(models/vosk-model/ivector) by extension 'ignore'
[2.054s] Level 1:colcon.colcon_core.package_identification:_identify(models/vosk-model/ivector) by extension 'ignore_ament_install'
[2.054s] Level 1:colcon.colcon_core.package_identification:_identify(models/vosk-model/ivector) by extensions ['colcon_pkg']
[2.054s] Level 1:colcon.colcon_core.package_identification:_identify(models/vosk-model/ivector) by extension 'colcon_pkg'
[2.055s] Level 1:colcon.colcon_core.package_identification:_identify(models/vosk-model/ivector) by extensions ['colcon_meta']
[2.055s] Level 1:colcon.colcon_core.package_identification:_identify(models/vosk-model/ivector) by extension 'colcon_meta'
[2.056s] Level 1:colcon.colcon_core.package_identification:_identify(models/vosk-model/ivector) by extensions ['ros']
[2.056s] Level 1:colcon.colcon_core.package_identification:_identify(models/vosk-model/ivector) by extension 'ros'
[2.057s] Level 1:colcon.colcon_core.package_identification:_identify(models/vosk-model/ivector) by extensions ['cmake', 'python']
[2.057s] Level 1:colcon.colcon_core.package_identification:_identify(models/vosk-model/ivector) by extension 'cmake'
[2.058s] Level 1:colcon.colcon_core.package_identification:_identify(models/vosk-model/ivector) by extension 'python'
[2.058s] Level 1:colcon.colcon_core.package_identification:_identify(models/vosk-model/ivector) by extensions ['python_setup_py']
[2.059s] Level 1:colcon.colcon_core.package_identification:_identify(models/vosk-model/ivector) by extension 'python_setup_py'
[2.060s] Level 1:colcon.colcon_core.package_identification:_identify(ros2_ws) by extensions ['ignore', 'ignore_ament_install']
[2.060s] Level 1:colcon.colcon_core.package_identification:_identify(ros2_ws) by extension 'ignore'
[2.061s] Level 1:colcon.colcon_core.package_identification:_identify(ros2_ws) by extension 'ignore_ament_install'
[2.061s] Level 1:colcon.colcon_core.package_identification:_identify(ros2_ws) by extensions ['colcon_pkg']
[2.062s] Level 1:colcon.colcon_core.package_identification:_identify(ros2_ws) by extension 'colcon_pkg'
[2.062s] Level 1:colcon.colcon_core.package_identification:_identify(ros2_ws) by extensions ['colcon_meta']
[2.063s] Level 1:colcon.colcon_core.package_identification:_identify(ros2_ws) by extension 'colcon_meta'
[2.063s] Level 1:colcon.colcon_core.package_identification:_identify(ros2_ws) by extensions ['ros']
[2.063s] Level 1:colcon.colcon_core.package_identification:_identify(ros2_ws) by extension 'ros'
[2.064s] Level 1:colcon.colcon_core.package_identification:_identify(ros2_ws) by extensions ['cmake', 'python']
[2.065s] Level 1:colcon.colcon_core.package_identification:_identify(ros2_ws) by extension 'cmake'
[2.065s] Level 1:colcon.colcon_core.package_identification:_identify(ros2_ws) by extension 'python'
[2.066s] Level 1:colcon.colcon_core.package_identification:_identify(ros2_ws) by extensions ['python_setup_py']
[2.066s] Level 1:colcon.colcon_core.package_identification:_identify(ros2_ws) by extension 'python_setup_py'
[2.067s] Level 1:colcon.colcon_core.package_identification:_identify(ros2_ws/build) by extensions ['ignore', 'ignore_ament_install']
[2.067s] Level 1:colcon.colcon_core.package_identification:_identify(ros2_ws/build) by extension 'ignore'
[2.068s] Level 1:colcon.colcon_core.package_identification:_identify(ros2_ws/build) ignored
[2.069s] Level 1:colcon.colcon_core.package_identification:_identify(ros2_ws/install) by extensions ['ignore', 'ignore_ament_install']
[2.070s] Level 1:colcon.colcon_core.package_identification:_identify(ros2_ws/install) by extension 'ignore'
[2.070s] Level 1:colcon.colcon_core.package_identification:_identify(ros2_ws/install) ignored
[2.071s] Level 1:colcon.colcon_core.package_identification:_identify(ros2_ws/log) by extensions ['ignore', 'ignore_ament_install']
[2.072s] Level 1:colcon.colcon_core.package_identification:_identify(ros2_ws/log) by extension 'ignore'
[2.073s] Level 1:colcon.colcon_core.package_identification:_identify(ros2_ws/log) ignored
[2.073s] Level 1:colcon.colcon_core.package_identification:_identify(ros2_ws/rover_project) by extensions ['ignore', 'ignore_ament_install']
[2.074s] Level 1:colcon.colcon_core.package_identification:_identify(ros2_ws/rover_project) by extension 'ignore'
[2.075s] Level 1:colcon.colcon_core.package_identification:_identify(ros2_ws/rover_project) by extension 'ignore_ament_install'
[2.075s] Level 1:colcon.colcon_core.package_identification:_identify(ros2_ws/rover_project) by extensions ['colcon_pkg']
[2.076s] Level 1:colcon.colcon_core.package_identification:_identify(ros2_ws/rover_project) by extension 'colcon_pkg'
[2.076s] Level 1:colcon.colcon_core.package_identification:_identify(ros2_ws/rover_project) by extensions ['colcon_meta']
[2.077s] Level 1:colcon.colcon_core.package_identification:_identify(ros2_ws/rover_project) by extension 'colcon_meta'
[2.077s] Level 1:colcon.colcon_core.package_identification:_identify(ros2_ws/rover_project) by extensions ['ros']
[2.077s] Level 1:colcon.colcon_core.package_identification:_identify(ros2_ws/rover_project) by extension 'ros'
[2.102s] DEBUG:colcon.colcon_core.package_identification:Package 'ros2_ws/rover_project' with type 'ros.ament_cmake' and name 'rover_project'
[2.103s] Level 1:colcon.colcon_core.package_discovery:discover_packages(recursive) using defaults
[2.103s] Level 1:colcon.colcon_core.package_discovery:discover_packages(ignore) discover
[2.103s] Level 1:colcon.colcon_core.package_discovery:discover_packages(ignore) using defaults
[2.104s] Level 1:colcon.colcon_core.package_discovery:discover_packages(path) discover
[2.104s] Level 1:colcon.colcon_core.package_discovery:discover_packages(path) using defaults
[2.321s] Level 1:colcon.colcon_core.package_discovery:discover_packages(prefix_path) check parameters
[2.322s] Level 1:colcon.colcon_core.package_discovery:discover_packages(prefix_path) discover
[2.357s] DEBUG:colcon.colcon_installed_package_information.package_discovery:Found 581 installed packages in /opt/ros/humble
[2.389s] Level 1:colcon.colcon_core.package_discovery:discover_packages(prefix_path) using defaults
[3.075s] Level 5:colcon.colcon_core.verb:set package 'rover_project' build argument 'cmake_args' from command line to 'None'
[3.075s] Level 5:colcon.colcon_core.verb:set package 'rover_project' build argument 'cmake_target' from command line to 'None'
[3.075s] Level 5:colcon.colcon_core.verb:set package 'rover_project' build argument 'cmake_target_skip_unavailable' from command line to 'False'
[3.076s] Level 5:colcon.colcon_core.verb:set package 'rover_project' build argument 'cmake_clean_cache' from command line to 'False'
[3.076s] Level 5:colcon.colcon_core.verb:set package 'rover_project' build argument 'cmake_clean_first' from command line to 'False'
[3.076s] Level 5:colcon.colcon_core.verb:set package 'rover_project' build argument 'cmake_force_configure' from command line to 'False'
[3.076s] Level 5:colcon.colcon_core.verb:set package 'rover_project' build argument 'ament_cmake_args' from command line to 'None'
[3.077s] Level 5:colcon.colcon_core.verb:set package 'rover_project' build argument 'catkin_cmake_args' from command line to 'None'
[3.077s] Level 5:colcon.colcon_core.verb:set package 'rover_project' build argument 'catkin_skip_building_tests' from command line to 'False'
[3.077s] DEBUG:colcon.colcon_core.verb:Building package 'rover_project' with the following arguments: {'ament_cmake_args': None, 'build_base': '/home/marina/Senior-Design/NavQPlus/build/rover_project', 'catkin_cmake_args': None, 'catkin_skip_building_tests': False, 'cmake_args': None, 'cmake_clean_cache': False, 'cmake_clean_first': False, 'cmake_force_configure': False, 'cmake_target': None, 'cmake_target_skip_unavailable': False, 'install_base': '/home/marina/Senior-Design/NavQPlus/install/rover_project', 'merge_install': False, 'path': '/home/marina/Senior-Design/NavQPlus/ros2_ws/rover_project', 'symlink_install': False, 'test_result_base': None}
[3.079s] INFO:colcon.colcon_core.executor:Executing jobs using 'parallel' executor
[3.086s] DEBUG:colcon.colcon_parallel_executor.executor.parallel:run_until_complete
[3.087s] INFO:colcon.colcon_ros.task.ament_cmake.build:Building ROS package in '/home/marina/Senior-Design/NavQPlus/ros2_ws/rover_project' with build type 'ament_cmake'
[3.088s] INFO:colcon.colcon_cmake.task.cmake.build:Building CMake package in '/home/marina/Senior-Design/NavQPlus/ros2_ws/rover_project'
[3.115s] INFO:colcon.colcon_core.plugin_system:Skipping extension 'colcon_core.shell.bat': Not used on non-Windows systems
[3.116s] INFO:colcon.colcon_core.shell:Skip shell extension 'powershell' for command environment: Not usable outside of PowerShell
[3.117s] DEBUG:colcon.colcon_core.shell:Skip shell extension 'dsv' for command environment
[3.177s] DEBUG:colcon.colcon_core.event_handler.log_command:Invoking command in '/home/marina/Senior-Design/NavQPlus/build/rover_project': CMAKE_PREFIX_PATH=/opt/ros/humble /usr/bin/cmake --build /home/marina/Senior-Design/NavQPlus/build/rover_project -- -j4 -l4
[18.477s] DEBUG:colcon.colcon_core.event_handler.log_command:Invoked command in '/home/marina/Senior-Design/NavQPlus/build/rover_project' returned '0': CMAKE_PREFIX_PATH=/opt/ros/humble /usr/bin/cmake --build /home/marina/Senior-Design/NavQPlus/build/rover_project -- -j4 -l4
[18.530s] DEBUG:colcon.colcon_core.event_handler.log_command:Invoking command in '/home/marina/Senior-Design/NavQPlus/build/rover_project': CMAKE_PREFIX_PATH=/opt/ros/humble /usr/bin/cmake --install /home/marina/Senior-Design/NavQPlus/build/rover_project
[18.995s] Level 1:colcon.colcon_core.environment:create_environment_scripts_only(rover_project)
[18.999s] DEBUG:colcon.colcon_core.event_handler.log_command:Invoked command in '/home/marina/Senior-Design/NavQPlus/build/rover_project' returned '1': CMAKE_PREFIX_PATH=/opt/ros/humble /usr/bin/cmake --install /home/marina/Senior-Design/NavQPlus/build/rover_project
[19.028s] Level 1:colcon.colcon_core.environment:checking '/home/marina/Senior-Design/NavQPlus/install/rover_project' for CMake module files
[19.036s] Level 1:colcon.colcon_core.environment:checking '/home/marina/Senior-Design/NavQPlus/install/rover_project' for CMake config files
[19.040s] Level 1:colcon.colcon_core.shell:create_environment_hook('rover_project', 'cmake_prefix_path')
[19.042s] INFO:colcon.colcon_core.shell:Creating environment hook '/home/marina/Senior-Design/NavQPlus/install/rover_project/share/rover_project/hook/cmake_prefix_path.ps1'
[19.049s] INFO:colcon.colcon_core.shell:Creating environment descriptor '/home/marina/Senior-Design/NavQPlus/install/rover_project/share/rover_project/hook/cmake_prefix_path.dsv'
[19.055s] INFO:colcon.colcon_core.shell:Creating environment hook '/home/marina/Senior-Design/NavQPlus/install/rover_project/share/rover_project/hook/cmake_prefix_path.sh'
[19.063s] Level 1:colcon.colcon_core.environment:checking '/home/marina/Senior-Design/NavQPlus/install/rover_project/lib'
[19.064s] Level 1:colcon.colcon_core.shell:create_environment_hook('rover_project', 'ld_library_path_lib')
[19.067s] INFO:colcon.colcon_core.shell:Creating environment hook '/home/marina/Senior-Design/NavQPlus/install/rover_project/share/rover_project/hook/ld_library_path_lib.ps1'
[19.070s] INFO:colcon.colcon_core.shell:Creating environment descriptor '/home/marina/Senior-Design/NavQPlus/install/rover_project/share/rover_project/hook/ld_library_path_lib.dsv'
[19.074s] INFO:colcon.colcon_core.shell:Creating environment hook '/home/marina/Senior-Design/NavQPlus/install/rover_project/share/rover_project/hook/ld_library_path_lib.sh'
[19.078s] Level 1:colcon.colcon_core.environment:checking '/home/marina/Senior-Design/NavQPlus/install/rover_project/bin'
[19.079s] Level 1:colcon.colcon_core.environment:checking '/home/marina/Senior-Design/NavQPlus/install/rover_project/lib/pkgconfig/rover_project.pc'
[19.082s] Level 1:colcon.colcon_core.environment:checking '/home/marina/Senior-Design/NavQPlus/install/rover_project/lib/python3.10/site-packages'
[19.086s] Level 1:colcon.colcon_core.environment:checking '/home/marina/Senior-Design/NavQPlus/install/rover_project/bin'
[19.089s] INFO:colcon.colcon_core.shell:Creating package script '/home/marina/Senior-Design/NavQPlus/install/rover_project/share/rover_project/package.ps1'
[19.098s] INFO:colcon.colcon_core.shell:Creating package descriptor '/home/marina/Senior-Design/NavQPlus/install/rover_project/share/rover_project/package.dsv'
[19.104s] INFO:colcon.colcon_core.shell:Creating package script '/home/marina/Senior-Design/NavQPlus/install/rover_project/share/rover_project/package.sh'
[19.112s] INFO:colcon.colcon_core.shell:Creating package script '/home/marina/Senior-Design/NavQPlus/install/rover_project/share/rover_project/package.bash'
[19.122s] INFO:colcon.colcon_core.shell:Creating package script '/home/marina/Senior-Design/NavQPlus/install/rover_project/share/rover_project/package.zsh'
[19.132s] Level 1:colcon.colcon_core.environment:create_file_with_runtime_dependencies(/home/marina/Senior-Design/NavQPlus/install/rover_project/share/colcon-core/packages/rover_project)
[19.145s] DEBUG:colcon.colcon_parallel_executor.executor.parallel:closing loop
[19.146s] DEBUG:colcon.colcon_parallel_executor.executor.parallel:loop closed
[19.147s] DEBUG:colcon.colcon_parallel_executor.executor.parallel:run_until_complete finished with '1'
[19.148s] DEBUG:colcon.colcon_core.event_reactor:joining thread
[19.194s] INFO:colcon.colcon_core.plugin_system:Skipping extension 'colcon_notification.desktop_notification.terminal_notifier': Not used on non-Darwin systems
[19.197s] INFO:colcon.colcon_core.plugin_system:Skipping extension 'colcon_notification.desktop_notification.win32': Not used on non-Windows systems
[19.197s] INFO:colcon.colcon_notification.desktop_notification:Sending desktop notification using 'notify2'
[44.226s] DEBUG:colcon.colcon_notification.desktop_notification.notify2:Failed to initialize notify2: org.freedesktop.DBus.Error.NoReply: Did not receive a reply. Possible causes include: the remote application did not send a reply, the message bus security policy blocked the reply, the reply timeout expired, or the network connection was broken.
[44.226s] DEBUG:colcon.colcon_core.event_reactor:joined thread
[44.229s] INFO:colcon.colcon_core.shell:Creating prefix script '/home/marina/Senior-Design/NavQPlus/install/local_setup.ps1'
[44.238s] INFO:colcon.colcon_core.shell:Creating prefix util module '/home/marina/Senior-Design/NavQPlus/install/_local_setup_util_ps1.py'
[44.254s] INFO:colcon.colcon_core.shell:Creating prefix chain script '/home/marina/Senior-Design/NavQPlus/install/setup.ps1'
[44.264s] INFO:colcon.colcon_core.shell:Creating prefix script '/home/marina/Senior-Design/NavQPlus/install/local_setup.sh'
[44.270s] INFO:colcon.colcon_core.shell:Creating prefix util module '/home/marina/Senior-Design/NavQPlus/install/_local_setup_util_sh.py'
[44.275s] INFO:colcon.colcon_core.shell:Creating prefix chain script '/home/marina/Senior-Design/NavQPlus/install/setup.sh'
[44.285s] INFO:colcon.colcon_core.shell:Creating prefix script '/home/marina/Senior-Design/NavQPlus/install/local_setup.bash'
[44.290s] INFO:colcon.colcon_core.shell:Creating prefix chain script '/home/marina/Senior-Design/NavQPlus/install/setup.bash'
[44.299s] INFO:colcon.colcon_core.shell:Creating prefix script '/home/marina/Senior-Design/NavQPlus/install/local_setup.zsh'
[44.305s] INFO:colcon.colcon_core.shell:Creating prefix chain script '/home/marina/Senior-Design/NavQPlus/install/setup.zsh'
