[2.182s] DEBUG:colcon:Command line arguments: ['/usr/bin/colcon', 'build', '--packages-select', 'rover_project']
[2.182s] DEBUG:colcon:Parsed command line arguments: Namespace(log_base=None, log_level=None, verb_name='build', build_base='build', install_base='install', merge_install=False, symlink_install=False, test_result_base=None, continue_on_error=False, executor='parallel', parallel_workers=4, event_handlers=None, ignore_user_meta=False, metas=['./colcon.meta'], base_paths=['.'], packages_ignore=None, packages_ignore_regex=None, paths=None, packages_up_to=None, packages_up_to_regex=None, packages_above=None, packages_above_and_dependencies=None, packages_above_depth=None, packages_select_by_dep=None, packages_skip_by_dep=None, packages_skip_up_to=None, packages_select_build_failed=False, packages_skip_build_finished=False, packages_select_test_failures=False, packages_skip_test_passed=False, packages_select=['rover_project'], packages_skip=None, packages_select_regex=None, packages_skip_regex=None, packages_start=None, packages_end=None, allow_overriding=[], cmake_args=None, cmake_target=None, cmake_target_skip_unavailable=False, cmake_clean_cache=False, cmake_clean_first=False, cmake_force_configure=False, ament_cmake_args=None, catkin_cmake_args=None, catkin_skip_building_tests=False, verb_parser=<colcon_defaults.argument_parser.defaults.DefaultArgumentsDecorator object at 0xffff83db2980>, verb_extension=<colcon_core.verb.build.BuildVerb object at 0xffff83db23e0>, main=<bound method BuildVerb.main of <colcon_core.verb.build.BuildVerb object at 0xffff83db23e0>>)
[2.691s] Level 1:colcon.colcon_core.package_discovery:discover_packages(colcon_meta) check parameters
[2.692s] Level 1:colcon.colcon_core.package_discovery:discover_packages(recursive) check parameters
[2.693s] Level 1:colcon.colcon_core.package_discovery:discover_packages(ignore) check parameters
[2.693s] Level 1:colcon.colcon_core.package_discovery:discover_packages(path) check parameters
[2.693s] Level 1:colcon.colcon_core.package_discovery:discover_packages(colcon_meta) discover
[2.694s] Level 1:colcon.colcon_core.package_discovery:discover_packages(recursive) discover
[2.694s] INFO:colcon.colcon_core.package_discovery:Crawling recursively for packages in '/home/marina/Senior-Design/NavQPlus'
[2.695s] Level 1:colcon.colcon_core.package_identification:_identify(.) by extensions ['ignore', 'ignore_ament_install']
[2.695s] Level 1:colcon.colcon_core.package_identification:_identify(.) by extension 'ignore'
[2.696s] Level 1:colcon.colcon_core.package_identification:_identify(.) by extension 'ignore_ament_install'
[2.697s] Level 1:colcon.colcon_core.package_identification:_identify(.) by extensions ['colcon_pkg']
[2.697s] Level 1:colcon.colcon_core.package_identification:_identify(.) by extension 'colcon_pkg'
[2.697s] Level 1:colcon.colcon_core.package_identification:_identify(.) by extensions ['colcon_meta']
[2.698s] Level 1:colcon.colcon_core.package_identification:_identify(.) by extension 'colcon_meta'
[2.698s] Level 1:colcon.colcon_core.package_identification:_identify(.) by extensions ['ros']
[2.698s] Level 1:colcon.colcon_core.package_identification:_identify(.) by extension 'ros'
[2.845s] Level 1:colcon.colcon_core.package_identification:_identify(.) by extensions ['cmake', 'python']
[2.845s] Level 1:colcon.colcon_core.package_identification:_identify(.) by extension 'cmake'
[2.846s] Level 1:colcon.colcon_core.package_identification:_identify(.) by extension 'python'
[2.846s] Level 1:colcon.colcon_core.package_identification:_identify(.) by extensions ['python_setup_py']
[2.847s] Level 1:colcon.colcon_core.package_identification:_identify(.) by extension 'python_setup_py'
[2.848s] Level 1:colcon.colcon_core.package_identification:_identify(build) by extensions ['ignore', 'ignore_ament_install']
[2.849s] Level 1:colcon.colcon_core.package_identification:_identify(build) by extension 'ignore'
[2.849s] Level 1:colcon.colcon_core.package_identification:_identify(build) ignored
[2.850s] Level 1:colcon.colcon_core.package_identification:_identify(install) by extensions ['ignore', 'ignore_ament_install']
[2.851s] Level 1:colcon.colcon_core.package_identification:_identify(install) by extension 'ignore'
[2.851s] Level 1:colcon.colcon_core.package_identification:_identify(install) ignored
[2.852s] Level 1:colcon.colcon_core.package_identification:_identify(log) by extensions ['ignore', 'ignore_ament_install']
[2.853s] Level 1:colcon.colcon_core.package_identification:_identify(log) by extension 'ignore'
[2.853s] Level 1:colcon.colcon_core.package_identification:_identify(log) ignored
[2.854s] Level 1:colcon.colcon_core.package_identification:_identify(ros2_ws) by extensions ['ignore', 'ignore_ament_install']
[2.855s] Level 1:colcon.colcon_core.package_identification:_identify(ros2_ws) by extension 'ignore'
[2.856s] Level 1:colcon.colcon_core.package_identification:_identify(ros2_ws) by extension 'ignore_ament_install'
[2.856s] Level 1:colcon.colcon_core.package_identification:_identify(ros2_ws) by extensions ['colcon_pkg']
[2.857s] Level 1:colcon.colcon_core.package_identification:_identify(ros2_ws) by extension 'colcon_pkg'
[2.857s] Level 1:colcon.colcon_core.package_identification:_identify(ros2_ws) by extensions ['colcon_meta']
[2.857s] Level 1:colcon.colcon_core.package_identification:_identify(ros2_ws) by extension 'colcon_meta'
[2.858s] Level 1:colcon.colcon_core.package_identification:_identify(ros2_ws) by extensions ['ros']
[2.858s] Level 1:colcon.colcon_core.package_identification:_identify(ros2_ws) by extension 'ros'
[2.859s] Level 1:colcon.colcon_core.package_identification:_identify(ros2_ws) by extensions ['cmake', 'python']
[2.859s] Level 1:colcon.colcon_core.package_identification:_identify(ros2_ws) by extension 'cmake'
[2.860s] Level 1:colcon.colcon_core.package_identification:_identify(ros2_ws) by extension 'python'
[2.860s] Level 1:colcon.colcon_core.package_identification:_identify(ros2_ws) by extensions ['python_setup_py']
[2.860s] Level 1:colcon.colcon_core.package_identification:_identify(ros2_ws) by extension 'python_setup_py'
[2.861s] Level 1:colcon.colcon_core.package_identification:_identify(ros2_ws/build) by extensions ['ignore', 'ignore_ament_install']
[2.862s] Level 1:colcon.colcon_core.package_identification:_identify(ros2_ws/build) by extension 'ignore'
[2.863s] Level 1:colcon.colcon_core.package_identification:_identify(ros2_ws/build) ignored
[2.864s] Level 1:colcon.colcon_core.package_identification:_identify(ros2_ws/install) by extensions ['ignore', 'ignore_ament_install']
[2.864s] Level 1:colcon.colcon_core.package_identification:_identify(ros2_ws/install) by extension 'ignore'
[2.865s] Level 1:colcon.colcon_core.package_identification:_identify(ros2_ws/install) ignored
[2.866s] Level 1:colcon.colcon_core.package_identification:_identify(ros2_ws/log) by extensions ['ignore', 'ignore_ament_install']
[2.867s] Level 1:colcon.colcon_core.package_identification:_identify(ros2_ws/log) by extension 'ignore'
[2.867s] Level 1:colcon.colcon_core.package_identification:_identify(ros2_ws/log) ignored
[2.868s] Level 1:colcon.colcon_core.package_identification:_identify(ros2_ws/rover_project) by extensions ['ignore', 'ignore_ament_install']
[2.869s] Level 1:colcon.colcon_core.package_identification:_identify(ros2_ws/rover_project) by extension 'ignore'
[2.870s] Level 1:colcon.colcon_core.package_identification:_identify(ros2_ws/rover_project) by extension 'ignore_ament_install'
[2.870s] Level 1:colcon.colcon_core.package_identification:_identify(ros2_ws/rover_project) by extensions ['colcon_pkg']
[2.871s] Level 1:colcon.colcon_core.package_identification:_identify(ros2_ws/rover_project) by extension 'colcon_pkg'
[2.871s] Level 1:colcon.colcon_core.package_identification:_identify(ros2_ws/rover_project) by extensions ['colcon_meta']
[2.871s] Level 1:colcon.colcon_core.package_identification:_identify(ros2_ws/rover_project) by extension 'colcon_meta'
[2.872s] Level 1:colcon.colcon_core.package_identification:_identify(ros2_ws/rover_project) by extensions ['ros']
[2.872s] Level 1:colcon.colcon_core.package_identification:_identify(ros2_ws/rover_project) by extension 'ros'
[2.898s] DEBUG:colcon.colcon_core.package_identification:Package 'ros2_ws/rover_project' with type 'ros.ament_cmake' and name 'rover_project'
[2.899s] Level 1:colcon.colcon_core.package_discovery:discover_packages(recursive) using defaults
[2.899s] Level 1:colcon.colcon_core.package_discovery:discover_packages(ignore) discover
[2.899s] Level 1:colcon.colcon_core.package_discovery:discover_packages(ignore) using defaults
[2.900s] Level 1:colcon.colcon_core.package_discovery:discover_packages(path) discover
[2.900s] Level 1:colcon.colcon_core.package_discovery:discover_packages(path) using defaults
[3.122s] Level 1:colcon.colcon_core.package_discovery:discover_packages(prefix_path) check parameters
[3.123s] Level 1:colcon.colcon_core.package_discovery:discover_packages(prefix_path) discover
[3.161s] DEBUG:colcon.colcon_installed_package_information.package_discovery:Found 581 installed packages in /opt/ros/humble
[3.194s] Level 1:colcon.colcon_core.package_discovery:discover_packages(prefix_path) using defaults
[3.884s] Level 5:colcon.colcon_core.verb:set package 'rover_project' build argument 'cmake_args' from command line to 'None'
[3.884s] Level 5:colcon.colcon_core.verb:set package 'rover_project' build argument 'cmake_target' from command line to 'None'
[3.884s] Level 5:colcon.colcon_core.verb:set package 'rover_project' build argument 'cmake_target_skip_unavailable' from command line to 'False'
[3.885s] Level 5:colcon.colcon_core.verb:set package 'rover_project' build argument 'cmake_clean_cache' from command line to 'False'
[3.885s] Level 5:colcon.colcon_core.verb:set package 'rover_project' build argument 'cmake_clean_first' from command line to 'False'
[3.885s] Level 5:colcon.colcon_core.verb:set package 'rover_project' build argument 'cmake_force_configure' from command line to 'False'
[3.885s] Level 5:colcon.colcon_core.verb:set package 'rover_project' build argument 'ament_cmake_args' from command line to 'None'
[3.886s] Level 5:colcon.colcon_core.verb:set package 'rover_project' build argument 'catkin_cmake_args' from command line to 'None'
[3.886s] Level 5:colcon.colcon_core.verb:set package 'rover_project' build argument 'catkin_skip_building_tests' from command line to 'False'
[3.886s] DEBUG:colcon.colcon_core.verb:Building package 'rover_project' with the following arguments: {'ament_cmake_args': None, 'build_base': '/home/marina/Senior-Design/NavQPlus/build/rover_project', 'catkin_cmake_args': None, 'catkin_skip_building_tests': False, 'cmake_args': None, 'cmake_clean_cache': False, 'cmake_clean_first': False, 'cmake_force_configure': False, 'cmake_target': None, 'cmake_target_skip_unavailable': False, 'install_base': '/home/marina/Senior-Design/NavQPlus/install/rover_project', 'merge_install': False, 'path': '/home/marina/Senior-Design/NavQPlus/ros2_ws/rover_project', 'symlink_install': False, 'test_result_base': None}
[3.888s] INFO:colcon.colcon_core.executor:Executing jobs using 'parallel' executor
[3.895s] DEBUG:colcon.colcon_parallel_executor.executor.parallel:run_until_complete
[3.896s] INFO:colcon.colcon_ros.task.ament_cmake.build:Building ROS package in '/home/marina/Senior-Design/NavQPlus/ros2_ws/rover_project' with build type 'ament_cmake'
[3.897s] INFO:colcon.colcon_cmake.task.cmake.build:Building CMake package in '/home/marina/Senior-Design/NavQPlus/ros2_ws/rover_project'
[3.925s] INFO:colcon.colcon_core.plugin_system:Skipping extension 'colcon_core.shell.bat': Not used on non-Windows systems
[3.926s] INFO:colcon.colcon_core.shell:Skip shell extension 'powershell' for command environment: Not usable outside of PowerShell
[3.927s] DEBUG:colcon.colcon_core.shell:Skip shell extension 'dsv' for command environment
[3.989s] DEBUG:colcon.colcon_core.event_handler.log_command:Invoking command in '/home/marina/Senior-Design/NavQPlus/build/rover_project': CMAKE_PREFIX_PATH=/opt/ros/humble /usr/bin/cmake --build /home/marina/Senior-Design/NavQPlus/build/rover_project -- -j4 -l4
[11.400s] DEBUG:colcon.colcon_core.event_handler.log_command:Invoked command in '/home/marina/Senior-Design/NavQPlus/build/rover_project' returned '0': CMAKE_PREFIX_PATH=/opt/ros/humble /usr/bin/cmake --build /home/marina/Senior-Design/NavQPlus/build/rover_project -- -j4 -l4
[11.454s] DEBUG:colcon.colcon_core.event_handler.log_command:Invoking command in '/home/marina/Senior-Design/NavQPlus/build/rover_project': CMAKE_PREFIX_PATH=/opt/ros/humble /usr/bin/cmake --install /home/marina/Senior-Design/NavQPlus/build/rover_project
[11.964s] Level 1:colcon.colcon_core.environment:create_environment_scripts_only(rover_project)
[11.992s] DEBUG:colcon.colcon_core.event_handler.log_command:Invoked command in '/home/marina/Senior-Design/NavQPlus/build/rover_project' returned '0': CMAKE_PREFIX_PATH=/opt/ros/humble /usr/bin/cmake --install /home/marina/Senior-Design/NavQPlus/build/rover_project
[12.010s] Level 1:colcon.colcon_core.environment:checking '/home/marina/Senior-Design/NavQPlus/install/rover_project' for CMake module files
[12.017s] Level 1:colcon.colcon_core.environment:checking '/home/marina/Senior-Design/NavQPlus/install/rover_project' for CMake config files
[12.021s] Level 1:colcon.colcon_core.shell:create_environment_hook('rover_project', 'cmake_prefix_path')
[12.023s] INFO:colcon.colcon_core.shell:Creating environment hook '/home/marina/Senior-Design/NavQPlus/install/rover_project/share/rover_project/hook/cmake_prefix_path.ps1'
[12.029s] INFO:colcon.colcon_core.shell:Creating environment descriptor '/home/marina/Senior-Design/NavQPlus/install/rover_project/share/rover_project/hook/cmake_prefix_path.dsv'
[12.034s] INFO:colcon.colcon_core.shell:Creating environment hook '/home/marina/Senior-Design/NavQPlus/install/rover_project/share/rover_project/hook/cmake_prefix_path.sh'
[12.042s] Level 1:colcon.colcon_core.environment:checking '/home/marina/Senior-Design/NavQPlus/install/rover_project/lib'
[12.043s] Level 1:colcon.colcon_core.shell:create_environment_hook('rover_project', 'ld_library_path_lib')
[12.045s] INFO:colcon.colcon_core.shell:Creating environment hook '/home/marina/Senior-Design/NavQPlus/install/rover_project/share/rover_project/hook/ld_library_path_lib.ps1'
[12.049s] INFO:colcon.colcon_core.shell:Creating environment descriptor '/home/marina/Senior-Design/NavQPlus/install/rover_project/share/rover_project/hook/ld_library_path_lib.dsv'
[12.052s] INFO:colcon.colcon_core.shell:Creating environment hook '/home/marina/Senior-Design/NavQPlus/install/rover_project/share/rover_project/hook/ld_library_path_lib.sh'
[12.056s] Level 1:colcon.colcon_core.environment:checking '/home/marina/Senior-Design/NavQPlus/install/rover_project/bin'
[12.057s] Level 1:colcon.colcon_core.environment:checking '/home/marina/Senior-Design/NavQPlus/install/rover_project/lib/pkgconfig/rover_project.pc'
[12.059s] Level 1:colcon.colcon_core.environment:checking '/home/marina/Senior-Design/NavQPlus/install/rover_project/lib/python3.10/site-packages'
[12.063s] Level 1:colcon.colcon_core.environment:checking '/home/marina/Senior-Design/NavQPlus/install/rover_project/bin'
[12.066s] INFO:colcon.colcon_core.shell:Creating package script '/home/marina/Senior-Design/NavQPlus/install/rover_project/share/rover_project/package.ps1'
[12.074s] INFO:colcon.colcon_core.shell:Creating package descriptor '/home/marina/Senior-Design/NavQPlus/install/rover_project/share/rover_project/package.dsv'
[12.081s] INFO:colcon.colcon_core.shell:Creating package script '/home/marina/Senior-Design/NavQPlus/install/rover_project/share/rover_project/package.sh'
[12.089s] INFO:colcon.colcon_core.shell:Creating package script '/home/marina/Senior-Design/NavQPlus/install/rover_project/share/rover_project/package.bash'
[12.098s] INFO:colcon.colcon_core.shell:Creating package script '/home/marina/Senior-Design/NavQPlus/install/rover_project/share/rover_project/package.zsh'
[12.107s] Level 1:colcon.colcon_core.environment:create_file_with_runtime_dependencies(/home/marina/Senior-Design/NavQPlus/install/rover_project/share/colcon-core/packages/rover_project)
[12.112s] Level 1:colcon.colcon_core.environment:create_environment_scripts_only(rover_project)
[12.114s] Level 1:colcon.colcon_core.environment:checking '/home/marina/Senior-Design/NavQPlus/install/rover_project' for CMake module files
[12.121s] Level 1:colcon.colcon_core.environment:checking '/home/marina/Senior-Design/NavQPlus/install/rover_project' for CMake config files
[12.125s] Level 1:colcon.colcon_core.shell:create_environment_hook('rover_project', 'cmake_prefix_path')
[12.127s] INFO:colcon.colcon_core.shell:Creating environment hook '/home/marina/Senior-Design/NavQPlus/install/rover_project/share/rover_project/hook/cmake_prefix_path.ps1'
[12.130s] INFO:colcon.colcon_core.shell:Creating environment descriptor '/home/marina/Senior-Design/NavQPlus/install/rover_project/share/rover_project/hook/cmake_prefix_path.dsv'
[12.133s] INFO:colcon.colcon_core.shell:Creating environment hook '/home/marina/Senior-Design/NavQPlus/install/rover_project/share/rover_project/hook/cmake_prefix_path.sh'
[12.138s] Level 1:colcon.colcon_core.environment:checking '/home/marina/Senior-Design/NavQPlus/install/rover_project/lib'
[12.138s] Level 1:colcon.colcon_core.shell:create_environment_hook('rover_project', 'ld_library_path_lib')
[12.140s] INFO:colcon.colcon_core.shell:Creating environment hook '/home/marina/Senior-Design/NavQPlus/install/rover_project/share/rover_project/hook/ld_library_path_lib.ps1'
[12.144s] INFO:colcon.colcon_core.shell:Creating environment descriptor '/home/marina/Senior-Design/NavQPlus/install/rover_project/share/rover_project/hook/ld_library_path_lib.dsv'
[12.147s] INFO:colcon.colcon_core.shell:Creating environment hook '/home/marina/Senior-Design/NavQPlus/install/rover_project/share/rover_project/hook/ld_library_path_lib.sh'
[12.151s] Level 1:colcon.colcon_core.environment:checking '/home/marina/Senior-Design/NavQPlus/install/rover_project/bin'
[12.151s] Level 1:colcon.colcon_core.environment:checking '/home/marina/Senior-Design/NavQPlus/install/rover_project/lib/pkgconfig/rover_project.pc'
[12.154s] Level 1:colcon.colcon_core.environment:checking '/home/marina/Senior-Design/NavQPlus/install/rover_project/lib/python3.10/site-packages'
[12.157s] Level 1:colcon.colcon_core.environment:checking '/home/marina/Senior-Design/NavQPlus/install/rover_project/bin'
[12.161s] INFO:colcon.colcon_core.shell:Creating package script '/home/marina/Senior-Design/NavQPlus/install/rover_project/share/rover_project/package.ps1'
[12.166s] INFO:colcon.colcon_core.shell:Creating package descriptor '/home/marina/Senior-Design/NavQPlus/install/rover_project/share/rover_project/package.dsv'
[12.171s] INFO:colcon.colcon_core.shell:Creating package script '/home/marina/Senior-Design/NavQPlus/install/rover_project/share/rover_project/package.sh'
[12.175s] INFO:colcon.colcon_core.shell:Creating package script '/home/marina/Senior-Design/NavQPlus/install/rover_project/share/rover_project/package.bash'
[12.180s] INFO:colcon.colcon_core.shell:Creating package script '/home/marina/Senior-Design/NavQPlus/install/rover_project/share/rover_project/package.zsh'
[12.184s] Level 1:colcon.colcon_core.environment:create_file_with_runtime_dependencies(/home/marina/Senior-Design/NavQPlus/install/rover_project/share/colcon-core/packages/rover_project)
[12.187s] DEBUG:colcon.colcon_parallel_executor.executor.parallel:closing loop
[12.189s] DEBUG:colcon.colcon_parallel_executor.executor.parallel:loop closed
[12.189s] DEBUG:colcon.colcon_parallel_executor.executor.parallel:run_until_complete finished with '0'
[12.190s] DEBUG:colcon.colcon_core.event_reactor:joining thread
[12.231s] INFO:colcon.colcon_core.plugin_system:Skipping extension 'colcon_notification.desktop_notification.terminal_notifier': Not used on non-Darwin systems
[12.232s] INFO:colcon.colcon_core.plugin_system:Skipping extension 'colcon_notification.desktop_notification.win32': Not used on non-Windows systems
[12.232s] INFO:colcon.colcon_notification.desktop_notification:Sending desktop notification using 'notify2'
[37.257s] DEBUG:colcon.colcon_notification.desktop_notification.notify2:Failed to initialize notify2: org.freedesktop.DBus.Error.NoReply: Did not receive a reply. Possible causes include: the remote application did not send a reply, the message bus security policy blocked the reply, the reply timeout expired, or the network connection was broken.
[37.258s] DEBUG:colcon.colcon_core.event_reactor:joined thread
[37.260s] INFO:colcon.colcon_core.shell:Creating prefix script '/home/marina/Senior-Design/NavQPlus/install/local_setup.ps1'
[37.269s] INFO:colcon.colcon_core.shell:Creating prefix util module '/home/marina/Senior-Design/NavQPlus/install/_local_setup_util_ps1.py'
[37.286s] INFO:colcon.colcon_core.shell:Creating prefix chain script '/home/marina/Senior-Design/NavQPlus/install/setup.ps1'
[37.295s] INFO:colcon.colcon_core.shell:Creating prefix script '/home/marina/Senior-Design/NavQPlus/install/local_setup.sh'
[37.300s] INFO:colcon.colcon_core.shell:Creating prefix util module '/home/marina/Senior-Design/NavQPlus/install/_local_setup_util_sh.py'
[37.306s] INFO:colcon.colcon_core.shell:Creating prefix chain script '/home/marina/Senior-Design/NavQPlus/install/setup.sh'
[37.314s] INFO:colcon.colcon_core.shell:Creating prefix script '/home/marina/Senior-Design/NavQPlus/install/local_setup.bash'
[37.319s] INFO:colcon.colcon_core.shell:Creating prefix chain script '/home/marina/Senior-Design/NavQPlus/install/setup.bash'
[37.328s] INFO:colcon.colcon_core.shell:Creating prefix script '/home/marina/Senior-Design/NavQPlus/install/local_setup.zsh'
[37.333s] INFO:colcon.colcon_core.shell:Creating prefix chain script '/home/marina/Senior-Design/NavQPlus/install/setup.zsh'
