[0.981s] DEBUG:colcon:Command line arguments: ['/usr/bin/colcon', 'build', '--packages-select', 'rover_project']
[0.982s] DEBUG:colcon:Parsed command line arguments: Namespace(log_base=None, log_level=None, verb_name='build', build_base='build', install_base='install', merge_install=False, symlink_install=False, test_result_base=None, continue_on_error=False, executor='parallel', parallel_workers=4, event_handlers=None, ignore_user_meta=False, metas=['./colcon.meta'], base_paths=['.'], packages_ignore=None, packages_ignore_regex=None, paths=None, packages_up_to=None, packages_up_to_regex=None, packages_above=None, packages_above_and_dependencies=None, packages_above_depth=None, packages_select_by_dep=None, packages_skip_by_dep=None, packages_skip_up_to=None, packages_select_build_failed=False, packages_skip_build_finished=False, packages_select_test_failures=False, packages_skip_test_passed=False, packages_select=['rover_project'], packages_skip=None, packages_select_regex=None, packages_skip_regex=None, packages_start=None, packages_end=None, allow_overriding=[], cmake_args=None, cmake_target=None, cmake_target_skip_unavailable=False, cmake_clean_cache=False, cmake_clean_first=False, cmake_force_configure=False, ament_cmake_args=None, catkin_cmake_args=None, catkin_skip_building_tests=False, verb_parser=<colcon_defaults.argument_parser.defaults.DefaultArgumentsDecorator object at 0xffffaa02e980>, verb_extension=<colcon_core.verb.build.BuildVerb object at 0xffffaa02e3e0>, main=<bound method BuildVerb.main of <colcon_core.verb.build.BuildVerb object at 0xffffaa02e3e0>>)
[1.327s] Level 1:colcon.colcon_core.package_discovery:discover_packages(colcon_meta) check parameters
[1.328s] Level 1:colcon.colcon_core.package_discovery:discover_packages(recursive) check parameters
[1.329s] Level 1:colcon.colcon_core.package_discovery:discover_packages(ignore) check parameters
[1.329s] Level 1:colcon.colcon_core.package_discovery:discover_packages(path) check parameters
[1.329s] Level 1:colcon.colcon_core.package_discovery:discover_packages(colcon_meta) discover
[1.330s] Level 1:colcon.colcon_core.package_discovery:discover_packages(recursive) discover
[1.330s] INFO:colcon.colcon_core.package_discovery:Crawling recursively for packages in '/home/marina/Senior-Design/NavQPlus'
[1.331s] Level 1:colcon.colcon_core.package_identification:_identify(.) by extensions ['ignore', 'ignore_ament_install']
[1.332s] Level 1:colcon.colcon_core.package_identification:_identify(.) by extension 'ignore'
[1.332s] Level 1:colcon.colcon_core.package_identification:_identify(.) by extension 'ignore_ament_install'
[1.333s] Level 1:colcon.colcon_core.package_identification:_identify(.) by extensions ['colcon_pkg']
[1.334s] Level 1:colcon.colcon_core.package_identification:_identify(.) by extension 'colcon_pkg'
[1.334s] Level 1:colcon.colcon_core.package_identification:_identify(.) by extensions ['colcon_meta']
[1.334s] Level 1:colcon.colcon_core.package_identification:_identify(.) by extension 'colcon_meta'
[1.335s] Level 1:colcon.colcon_core.package_identification:_identify(.) by extensions ['ros']
[1.335s] Level 1:colcon.colcon_core.package_identification:_identify(.) by extension 'ros'
[1.462s] Level 1:colcon.colcon_core.package_identification:_identify(.) by extensions ['cmake', 'python']
[1.463s] Level 1:colcon.colcon_core.package_identification:_identify(.) by extension 'cmake'
[1.464s] Level 1:colcon.colcon_core.package_identification:_identify(.) by extension 'python'
[1.464s] Level 1:colcon.colcon_core.package_identification:_identify(.) by extensions ['python_setup_py']
[1.465s] Level 1:colcon.colcon_core.package_identification:_identify(.) by extension 'python_setup_py'
[1.466s] Level 1:colcon.colcon_core.package_identification:_identify(build) by extensions ['ignore', 'ignore_ament_install']
[1.467s] Level 1:colcon.colcon_core.package_identification:_identify(build) by extension 'ignore'
[1.468s] Level 1:colcon.colcon_core.package_identification:_identify(build) ignored
[1.469s] Level 1:colcon.colcon_core.package_identification:_identify(install) by extensions ['ignore', 'ignore_ament_install']
[1.470s] Level 1:colcon.colcon_core.package_identification:_identify(install) by extension 'ignore'
[1.470s] Level 1:colcon.colcon_core.package_identification:_identify(install) ignored
[1.471s] Level 1:colcon.colcon_core.package_identification:_identify(log) by extensions ['ignore', 'ignore_ament_install']
[1.472s] Level 1:colcon.colcon_core.package_identification:_identify(log) by extension 'ignore'
[1.473s] Level 1:colcon.colcon_core.package_identification:_identify(log) ignored
[1.474s] Level 1:colcon.colcon_core.package_identification:_identify(models) by extensions ['ignore', 'ignore_ament_install']
[1.475s] Level 1:colcon.colcon_core.package_identification:_identify(models) by extension 'ignore'
[1.475s] Level 1:colcon.colcon_core.package_identification:_identify(models) by extension 'ignore_ament_install'
[1.476s] Level 1:colcon.colcon_core.package_identification:_identify(models) by extensions ['colcon_pkg']
[1.476s] Level 1:colcon.colcon_core.package_identification:_identify(models) by extension 'colcon_pkg'
[1.477s] Level 1:colcon.colcon_core.package_identification:_identify(models) by extensions ['colcon_meta']
[1.477s] Level 1:colcon.colcon_core.package_identification:_identify(models) by extension 'colcon_meta'
[1.478s] Level 1:colcon.colcon_core.package_identification:_identify(models) by extensions ['ros']
[1.478s] Level 1:colcon.colcon_core.package_identification:_identify(models) by extension 'ros'
[1.479s] Level 1:colcon.colcon_core.package_identification:_identify(models) by extensions ['cmake', 'python']
[1.479s] Level 1:colcon.colcon_core.package_identification:_identify(models) by extension 'cmake'
[1.480s] Level 1:colcon.colcon_core.package_identification:_identify(models) by extension 'python'
[1.480s] Level 1:colcon.colcon_core.package_identification:_identify(models) by extensions ['python_setup_py']
[1.481s] Level 1:colcon.colcon_core.package_identification:_identify(models) by extension 'python_setup_py'
[1.482s] Level 1:colcon.colcon_core.package_identification:_identify(models/vosk-model) by extensions ['ignore', 'ignore_ament_install']
[1.483s] Level 1:colcon.colcon_core.package_identification:_identify(models/vosk-model) by extension 'ignore'
[1.483s] Level 1:colcon.colcon_core.package_identification:_identify(models/vosk-model) by extension 'ignore_ament_install'
[1.484s] Level 1:colcon.colcon_core.package_identification:_identify(models/vosk-model) by extensions ['colcon_pkg']
[1.484s] Level 1:colcon.colcon_core.package_identification:_identify(models/vosk-model) by extension 'colcon_pkg'
[1.485s] Level 1:colcon.colcon_core.package_identification:_identify(models/vosk-model) by extensions ['colcon_meta']
[1.485s] Level 1:colcon.colcon_core.package_identification:_identify(models/vosk-model) by extension 'colcon_meta'
[1.486s] Level 1:colcon.colcon_core.package_identification:_identify(models/vosk-model) by extensions ['ros']
[1.486s] Level 1:colcon.colcon_core.package_identification:_identify(models/vosk-model) by extension 'ros'
[1.487s] Level 1:colcon.colcon_core.package_identification:_identify(models/vosk-model) by extensions ['cmake', 'python']
[1.488s] Level 1:colcon.colcon_core.package_identification:_identify(models/vosk-model) by extension 'cmake'
[1.488s] Level 1:colcon.colcon_core.package_identification:_identify(models/vosk-model) by extension 'python'
[1.489s] Level 1:colcon.colcon_core.package_identification:_identify(models/vosk-model) by extensions ['python_setup_py']
[1.489s] Level 1:colcon.colcon_core.package_identification:_identify(models/vosk-model) by extension 'python_setup_py'
[1.490s] Level 1:colcon.colcon_core.package_identification:_identify(ros2_ws) by extensions ['ignore', 'ignore_ament_install']
[1.491s] Level 1:colcon.colcon_core.package_identification:_identify(ros2_ws) by extension 'ignore'
[1.491s] Level 1:colcon.colcon_core.package_identification:_identify(ros2_ws) by extension 'ignore_ament_install'
[1.492s] Level 1:colcon.colcon_core.package_identification:_identify(ros2_ws) by extensions ['colcon_pkg']
[1.493s] Level 1:colcon.colcon_core.package_identification:_identify(ros2_ws) by extension 'colcon_pkg'
[1.493s] Level 1:colcon.colcon_core.package_identification:_identify(ros2_ws) by extensions ['colcon_meta']
[1.493s] Level 1:colcon.colcon_core.package_identification:_identify(ros2_ws) by extension 'colcon_meta'
[1.494s] Level 1:colcon.colcon_core.package_identification:_identify(ros2_ws) by extensions ['ros']
[1.494s] Level 1:colcon.colcon_core.package_identification:_identify(ros2_ws) by extension 'ros'
[1.495s] Level 1:colcon.colcon_core.package_identification:_identify(ros2_ws) by extensions ['cmake', 'python']
[1.496s] Level 1:colcon.colcon_core.package_identification:_identify(ros2_ws) by extension 'cmake'
[1.496s] Level 1:colcon.colcon_core.package_identification:_identify(ros2_ws) by extension 'python'
[1.497s] Level 1:colcon.colcon_core.package_identification:_identify(ros2_ws) by extensions ['python_setup_py']
[1.497s] Level 1:colcon.colcon_core.package_identification:_identify(ros2_ws) by extension 'python_setup_py'
[1.498s] Level 1:colcon.colcon_core.package_identification:_identify(ros2_ws/build) by extensions ['ignore', 'ignore_ament_install']
[1.499s] Level 1:colcon.colcon_core.package_identification:_identify(ros2_ws/build) by extension 'ignore'
[1.499s] Level 1:colcon.colcon_core.package_identification:_identify(ros2_ws/build) ignored
[1.500s] Level 1:colcon.colcon_core.package_identification:_identify(ros2_ws/install) by extensions ['ignore', 'ignore_ament_install']
[1.501s] Level 1:colcon.colcon_core.package_identification:_identify(ros2_ws/install) by extension 'ignore'
[1.502s] Level 1:colcon.colcon_core.package_identification:_identify(ros2_ws/install) ignored
[1.503s] Level 1:colcon.colcon_core.package_identification:_identify(ros2_ws/log) by extensions ['ignore', 'ignore_ament_install']
[1.504s] Level 1:colcon.colcon_core.package_identification:_identify(ros2_ws/log) by extension 'ignore'
[1.504s] Level 1:colcon.colcon_core.package_identification:_identify(ros2_ws/log) ignored
[1.505s] Level 1:colcon.colcon_core.package_identification:_identify(ros2_ws/rover_project) by extensions ['ignore', 'ignore_ament_install']
[1.506s] Level 1:colcon.colcon_core.package_identification:_identify(ros2_ws/rover_project) by extension 'ignore'
[1.507s] Level 1:colcon.colcon_core.package_identification:_identify(ros2_ws/rover_project) by extension 'ignore_ament_install'
[1.507s] Level 1:colcon.colcon_core.package_identification:_identify(ros2_ws/rover_project) by extensions ['colcon_pkg']
[1.508s] Level 1:colcon.colcon_core.package_identification:_identify(ros2_ws/rover_project) by extension 'colcon_pkg'
[1.508s] Level 1:colcon.colcon_core.package_identification:_identify(ros2_ws/rover_project) by extensions ['colcon_meta']
[1.509s] Level 1:colcon.colcon_core.package_identification:_identify(ros2_ws/rover_project) by extension 'colcon_meta'
[1.509s] Level 1:colcon.colcon_core.package_identification:_identify(ros2_ws/rover_project) by extensions ['ros']
[1.509s] Level 1:colcon.colcon_core.package_identification:_identify(ros2_ws/rover_project) by extension 'ros'
[1.532s] DEBUG:colcon.colcon_core.package_identification:Package 'ros2_ws/rover_project' with type 'ros.ament_cmake' and name 'rover_project'
[1.532s] Level 1:colcon.colcon_core.package_discovery:discover_packages(recursive) using defaults
[1.533s] Level 1:colcon.colcon_core.package_discovery:discover_packages(ignore) discover
[1.533s] Level 1:colcon.colcon_core.package_discovery:discover_packages(ignore) using defaults
[1.533s] Level 1:colcon.colcon_core.package_discovery:discover_packages(path) discover
[1.534s] Level 1:colcon.colcon_core.package_discovery:discover_packages(path) using defaults
[1.703s] Level 1:colcon.colcon_core.package_discovery:discover_packages(prefix_path) check parameters
[1.704s] Level 1:colcon.colcon_core.package_discovery:discover_packages(prefix_path) discover
[1.735s] DEBUG:colcon.colcon_installed_package_information.package_discovery:Found 581 installed packages in /opt/ros/humble
[1.767s] Level 1:colcon.colcon_core.package_discovery:discover_packages(prefix_path) using defaults
[2.458s] Level 5:colcon.colcon_core.verb:set package 'rover_project' build argument 'cmake_args' from command line to 'None'
[2.459s] Level 5:colcon.colcon_core.verb:set package 'rover_project' build argument 'cmake_target' from command line to 'None'
[2.459s] Level 5:colcon.colcon_core.verb:set package 'rover_project' build argument 'cmake_target_skip_unavailable' from command line to 'False'
[2.459s] Level 5:colcon.colcon_core.verb:set package 'rover_project' build argument 'cmake_clean_cache' from command line to 'False'
[2.459s] Level 5:colcon.colcon_core.verb:set package 'rover_project' build argument 'cmake_clean_first' from command line to 'False'
[2.460s] Level 5:colcon.colcon_core.verb:set package 'rover_project' build argument 'cmake_force_configure' from command line to 'False'
[2.460s] Level 5:colcon.colcon_core.verb:set package 'rover_project' build argument 'ament_cmake_args' from command line to 'None'
[2.460s] Level 5:colcon.colcon_core.verb:set package 'rover_project' build argument 'catkin_cmake_args' from command line to 'None'
[2.460s] Level 5:colcon.colcon_core.verb:set package 'rover_project' build argument 'catkin_skip_building_tests' from command line to 'False'
[2.461s] DEBUG:colcon.colcon_core.verb:Building package 'rover_project' with the following arguments: {'ament_cmake_args': None, 'build_base': '/home/marina/Senior-Design/NavQPlus/build/rover_project', 'catkin_cmake_args': None, 'catkin_skip_building_tests': False, 'cmake_args': None, 'cmake_clean_cache': False, 'cmake_clean_first': False, 'cmake_force_configure': False, 'cmake_target': None, 'cmake_target_skip_unavailable': False, 'install_base': '/home/marina/Senior-Design/NavQPlus/install/rover_project', 'merge_install': False, 'path': '/home/marina/Senior-Design/NavQPlus/ros2_ws/rover_project', 'symlink_install': False, 'test_result_base': None}
[2.462s] INFO:colcon.colcon_core.executor:Executing jobs using 'parallel' executor
[2.469s] DEBUG:colcon.colcon_parallel_executor.executor.parallel:run_until_complete
[2.471s] INFO:colcon.colcon_ros.task.ament_cmake.build:Building ROS package in '/home/marina/Senior-Design/NavQPlus/ros2_ws/rover_project' with build type 'ament_cmake'
[2.472s] INFO:colcon.colcon_cmake.task.cmake.build:Building CMake package in '/home/marina/Senior-Design/NavQPlus/ros2_ws/rover_project'
[2.487s] INFO:colcon.colcon_core.plugin_system:Skipping extension 'colcon_core.shell.bat': Not used on non-Windows systems
[2.489s] INFO:colcon.colcon_core.shell:Skip shell extension 'powershell' for command environment: Not usable outside of PowerShell
[2.489s] DEBUG:colcon.colcon_core.shell:Skip shell extension 'dsv' for command environment
[2.556s] DEBUG:colcon.colcon_core.event_handler.log_command:Invoking command in '/home/marina/Senior-Design/NavQPlus/build/rover_project': CMAKE_PREFIX_PATH=/opt/ros/humble /usr/bin/cmake --build /home/marina/Senior-Design/NavQPlus/build/rover_project -- -j4 -l4
[38.554s] DEBUG:colcon.colcon_core.event_handler.log_command:Invoked command in '/home/marina/Senior-Design/NavQPlus/build/rover_project' returned '0': CMAKE_PREFIX_PATH=/opt/ros/humble /usr/bin/cmake --build /home/marina/Senior-Design/NavQPlus/build/rover_project -- -j4 -l4
[38.607s] DEBUG:colcon.colcon_core.event_handler.log_command:Invoking command in '/home/marina/Senior-Design/NavQPlus/build/rover_project': CMAKE_PREFIX_PATH=/opt/ros/humble /usr/bin/cmake --install /home/marina/Senior-Design/NavQPlus/build/rover_project
[39.180s] Level 1:colcon.colcon_core.environment:create_environment_scripts_only(rover_project)
[39.224s] Level 1:colcon.colcon_core.environment:checking '/home/marina/Senior-Design/NavQPlus/install/rover_project' for CMake module files
[39.243s] DEBUG:colcon.colcon_core.event_handler.log_command:Invoked command in '/home/marina/Senior-Design/NavQPlus/build/rover_project' returned '0': CMAKE_PREFIX_PATH=/opt/ros/humble /usr/bin/cmake --install /home/marina/Senior-Design/NavQPlus/build/rover_project
[39.245s] Level 1:colcon.colcon_core.environment:checking '/home/marina/Senior-Design/NavQPlus/install/rover_project' for CMake config files
[39.249s] Level 1:colcon.colcon_core.shell:create_environment_hook('rover_project', 'cmake_prefix_path')
[39.252s] INFO:colcon.colcon_core.shell:Creating environment hook '/home/marina/Senior-Design/NavQPlus/install/rover_project/share/rover_project/hook/cmake_prefix_path.ps1'
[39.256s] INFO:colcon.colcon_core.shell:Creating environment descriptor '/home/marina/Senior-Design/NavQPlus/install/rover_project/share/rover_project/hook/cmake_prefix_path.dsv'
[39.260s] INFO:colcon.colcon_core.shell:Creating environment hook '/home/marina/Senior-Design/NavQPlus/install/rover_project/share/rover_project/hook/cmake_prefix_path.sh'
[39.267s] Level 1:colcon.colcon_core.environment:checking '/home/marina/Senior-Design/NavQPlus/install/rover_project/lib'
[39.269s] Level 1:colcon.colcon_core.shell:create_environment_hook('rover_project', 'ld_library_path_lib')
[39.271s] INFO:colcon.colcon_core.shell:Creating environment hook '/home/marina/Senior-Design/NavQPlus/install/rover_project/share/rover_project/hook/ld_library_path_lib.ps1'
[39.275s] INFO:colcon.colcon_core.shell:Creating environment descriptor '/home/marina/Senior-Design/NavQPlus/install/rover_project/share/rover_project/hook/ld_library_path_lib.dsv'
[39.278s] INFO:colcon.colcon_core.shell:Creating environment hook '/home/marina/Senior-Design/NavQPlus/install/rover_project/share/rover_project/hook/ld_library_path_lib.sh'
[39.281s] Level 1:colcon.colcon_core.environment:checking '/home/marina/Senior-Design/NavQPlus/install/rover_project/bin'
[39.282s] Level 1:colcon.colcon_core.environment:checking '/home/marina/Senior-Design/NavQPlus/install/rover_project/lib/pkgconfig/rover_project.pc'
[39.284s] Level 1:colcon.colcon_core.environment:checking '/home/marina/Senior-Design/NavQPlus/install/rover_project/lib/python3.10/site-packages'
[39.288s] Level 1:colcon.colcon_core.environment:checking '/home/marina/Senior-Design/NavQPlus/install/rover_project/bin'
[39.291s] INFO:colcon.colcon_core.shell:Creating package script '/home/marina/Senior-Design/NavQPlus/install/rover_project/share/rover_project/package.ps1'
[39.298s] INFO:colcon.colcon_core.shell:Creating package descriptor '/home/marina/Senior-Design/NavQPlus/install/rover_project/share/rover_project/package.dsv'
[39.304s] INFO:colcon.colcon_core.shell:Creating package script '/home/marina/Senior-Design/NavQPlus/install/rover_project/share/rover_project/package.sh'
[39.311s] INFO:colcon.colcon_core.shell:Creating package script '/home/marina/Senior-Design/NavQPlus/install/rover_project/share/rover_project/package.bash'
[39.320s] INFO:colcon.colcon_core.shell:Creating package script '/home/marina/Senior-Design/NavQPlus/install/rover_project/share/rover_project/package.zsh'
[39.327s] Level 1:colcon.colcon_core.environment:create_file_with_runtime_dependencies(/home/marina/Senior-Design/NavQPlus/install/rover_project/share/colcon-core/packages/rover_project)
[39.332s] Level 1:colcon.colcon_core.environment:create_environment_scripts_only(rover_project)
[39.334s] Level 1:colcon.colcon_core.environment:checking '/home/marina/Senior-Design/NavQPlus/install/rover_project' for CMake module files
[39.340s] Level 1:colcon.colcon_core.environment:checking '/home/marina/Senior-Design/NavQPlus/install/rover_project' for CMake config files
[39.345s] Level 1:colcon.colcon_core.shell:create_environment_hook('rover_project', 'cmake_prefix_path')
[39.347s] INFO:colcon.colcon_core.shell:Creating environment hook '/home/marina/Senior-Design/NavQPlus/install/rover_project/share/rover_project/hook/cmake_prefix_path.ps1'
[39.351s] INFO:colcon.colcon_core.shell:Creating environment descriptor '/home/marina/Senior-Design/NavQPlus/install/rover_project/share/rover_project/hook/cmake_prefix_path.dsv'
[39.354s] INFO:colcon.colcon_core.shell:Creating environment hook '/home/marina/Senior-Design/NavQPlus/install/rover_project/share/rover_project/hook/cmake_prefix_path.sh'
[39.359s] Level 1:colcon.colcon_core.environment:checking '/home/marina/Senior-Design/NavQPlus/install/rover_project/lib'
[39.360s] Level 1:colcon.colcon_core.shell:create_environment_hook('rover_project', 'ld_library_path_lib')
[39.362s] INFO:colcon.colcon_core.shell:Creating environment hook '/home/marina/Senior-Design/NavQPlus/install/rover_project/share/rover_project/hook/ld_library_path_lib.ps1'
[39.365s] INFO:colcon.colcon_core.shell:Creating environment descriptor '/home/marina/Senior-Design/NavQPlus/install/rover_project/share/rover_project/hook/ld_library_path_lib.dsv'
[39.368s] INFO:colcon.colcon_core.shell:Creating environment hook '/home/marina/Senior-Design/NavQPlus/install/rover_project/share/rover_project/hook/ld_library_path_lib.sh'
[39.372s] Level 1:colcon.colcon_core.environment:checking '/home/marina/Senior-Design/NavQPlus/install/rover_project/bin'
[39.372s] Level 1:colcon.colcon_core.environment:checking '/home/marina/Senior-Design/NavQPlus/install/rover_project/lib/pkgconfig/rover_project.pc'
[39.375s] Level 1:colcon.colcon_core.environment:checking '/home/marina/Senior-Design/NavQPlus/install/rover_project/lib/python3.10/site-packages'
[39.378s] Level 1:colcon.colcon_core.environment:checking '/home/marina/Senior-Design/NavQPlus/install/rover_project/bin'
[39.381s] INFO:colcon.colcon_core.shell:Creating package script '/home/marina/Senior-Design/NavQPlus/install/rover_project/share/rover_project/package.ps1'
[39.386s] INFO:colcon.colcon_core.shell:Creating package descriptor '/home/marina/Senior-Design/NavQPlus/install/rover_project/share/rover_project/package.dsv'
[39.390s] INFO:colcon.colcon_core.shell:Creating package script '/home/marina/Senior-Design/NavQPlus/install/rover_project/share/rover_project/package.sh'
[39.394s] INFO:colcon.colcon_core.shell:Creating package script '/home/marina/Senior-Design/NavQPlus/install/rover_project/share/rover_project/package.bash'
[39.398s] INFO:colcon.colcon_core.shell:Creating package script '/home/marina/Senior-Design/NavQPlus/install/rover_project/share/rover_project/package.zsh'
[39.402s] Level 1:colcon.colcon_core.environment:create_file_with_runtime_dependencies(/home/marina/Senior-Design/NavQPlus/install/rover_project/share/colcon-core/packages/rover_project)
[39.404s] DEBUG:colcon.colcon_parallel_executor.executor.parallel:closing loop
[39.406s] DEBUG:colcon.colcon_parallel_executor.executor.parallel:loop closed
[39.407s] DEBUG:colcon.colcon_parallel_executor.executor.parallel:run_until_complete finished with '0'
[39.408s] DEBUG:colcon.colcon_core.event_reactor:joining thread
[39.444s] INFO:colcon.colcon_core.plugin_system:Skipping extension 'colcon_notification.desktop_notification.terminal_notifier': Not used on non-Darwin systems
[39.445s] INFO:colcon.colcon_core.plugin_system:Skipping extension 'colcon_notification.desktop_notification.win32': Not used on non-Windows systems
[39.446s] INFO:colcon.colcon_notification.desktop_notification:Sending desktop notification using 'notify2'
[64.474s] DEBUG:colcon.colcon_notification.desktop_notification.notify2:Failed to initialize notify2: org.freedesktop.DBus.Error.NoReply: Did not receive a reply. Possible causes include: the remote application did not send a reply, the message bus security policy blocked the reply, the reply timeout expired, or the network connection was broken.
[64.474s] DEBUG:colcon.colcon_core.event_reactor:joined thread
[64.477s] INFO:colcon.colcon_core.shell:Creating prefix script '/home/marina/Senior-Design/NavQPlus/install/local_setup.ps1'
[64.485s] INFO:colcon.colcon_core.shell:Creating prefix util module '/home/marina/Senior-Design/NavQPlus/install/_local_setup_util_ps1.py'
[64.499s] INFO:colcon.colcon_core.shell:Creating prefix chain script '/home/marina/Senior-Design/NavQPlus/install/setup.ps1'
[64.506s] INFO:colcon.colcon_core.shell:Creating prefix script '/home/marina/Senior-Design/NavQPlus/install/local_setup.sh'
[64.512s] INFO:colcon.colcon_core.shell:Creating prefix util module '/home/marina/Senior-Design/NavQPlus/install/_local_setup_util_sh.py'
[64.517s] INFO:colcon.colcon_core.shell:Creating prefix chain script '/home/marina/Senior-Design/NavQPlus/install/setup.sh'
[64.525s] INFO:colcon.colcon_core.shell:Creating prefix script '/home/marina/Senior-Design/NavQPlus/install/local_setup.bash'
[64.530s] INFO:colcon.colcon_core.shell:Creating prefix chain script '/home/marina/Senior-Design/NavQPlus/install/setup.bash'
[64.537s] INFO:colcon.colcon_core.shell:Creating prefix script '/home/marina/Senior-Design/NavQPlus/install/local_setup.zsh'
[64.542s] INFO:colcon.colcon_core.shell:Creating prefix chain script '/home/marina/Senior-Design/NavQPlus/install/setup.zsh'
