[0.090s] Invoking command in '/home/marina/Senior-Design/NavQPlus/build/rover_project': CMAKE_PREFIX_PATH=/opt/ros/humble /usr/bin/cmake --build /home/marina/Senior-Design/NavQPlus/build/rover_project -- -j4 -l4
[0.627s] [  1%] Built target rover_project__cpp
[0.710s] [ 12%] Built target rover_project__rosidl_generator_c
[0.731s] [ 12%] Built target ament_cmake_python_copy_rover_project
[0.885s] [ 26%] Built target rover_project__rosidl_typesupport_cpp
[0.892s] [ 34%] Built target rover_project__rosidl_typesupport_fastrtps_cpp
[0.899s] [ 46%] Built target rover_project__rosidl_typesupport_introspection_cpp
[0.908s] [ 57%] Built target rover_project__rosidl_typesupport_fastrtps_c
[1.018s] [ 68%] Built target rover_project__rosidl_typesupport_introspection_c
[1.027s] [ 79%] Built target rover_project__rosidl_typesupport_c
[1.136s] [ 79%] Built target rover_project
[1.258s] [ 80%] Built target rover_project__py
[1.406s] [ 90%] Built target rover_project__rosidl_generator_py
[1.551s] [ 95%] Built target rover_project__rosidl_typesupport_fastrtps_c__pyext
[1.557s] [ 96%] Built target rover_project__rosidl_typesupport_c__pyext
[1.562s] [100%] Built target rover_project__rosidl_typesupport_introspection_c__pyext
[3.296s] running egg_info
[3.522s] writing rover_project.egg-info/PKG-INFO
[3.525s] writing dependency_links to rover_project.egg-info/dependency_links.txt
[3.529s] writing top-level names to rover_project.egg-info/top_level.txt
[7.123s] reading manifest file 'rover_project.egg-info/SOURCES.txt'
[7.134s] writing manifest file 'rover_project.egg-info/SOURCES.txt'
[7.433s] [100%] Built target ament_cmake_python_build_rover_project_egg
[7.502s] Invoked command in '/home/marina/Senior-Design/NavQPlus/build/rover_project' returned '0': CMAKE_PREFIX_PATH=/opt/ros/humble /usr/bin/cmake --build /home/marina/Senior-Design/NavQPlus/build/rover_project -- -j4 -l4
[7.555s] Invoking command in '/home/marina/Senior-Design/NavQPlus/build/rover_project': CMAKE_PREFIX_PATH=/opt/ros/humble /usr/bin/cmake --install /home/marina/Senior-Design/NavQPlus/build/rover_project
[7.601s] -- Install configuration: ""
[7.603s] -- Up-to-date: /home/marina/Senior-Design/NavQPlus/install/rover_project/share/ament_index/resource_index/rosidl_interfaces/rover_project
[7.606s] -- Up-to-date: /home/marina/Senior-Design/NavQPlus/install/rover_project/include/rover_project/rover_project
[7.609s] -- Up-to-date: /home/marina/Senior-Design/NavQPlus/install/rover_project/include/rover_project/rover_project/msg
[7.610s] -- Up-to-date: /home/marina/Senior-Design/NavQPlus/install/rover_project/include/rover_project/rover_project/msg/rosidl_generator_c__visibility_control.h
[7.611s] -- Up-to-date: /home/marina/Senior-Design/NavQPlus/install/rover_project/include/rover_project/rover_project/msg/gps_fix.h
[7.612s] -- Up-to-date: /home/marina/Senior-Design/NavQPlus/install/rover_project/include/rover_project/rover_project/msg/detail
[7.613s] -- Up-to-date: /home/marina/Senior-Design/NavQPlus/install/rover_project/include/rover_project/rover_project/msg/detail/gps_fix__functions.h
[7.615s] -- Up-to-date: /home/marina/Senior-Design/NavQPlus/install/rover_project/include/rover_project/rover_project/msg/detail/imu_orientation__type_support.h
[7.616s] -- Up-to-date: /home/marina/Senior-Design/NavQPlus/install/rover_project/include/rover_project/rover_project/msg/detail/proximity__functions.h
[7.617s] -- Up-to-date: /home/marina/Senior-Design/NavQPlus/install/rover_project/include/rover_project/rover_project/msg/detail/waypoint_list__struct.h
[7.618s] -- Up-to-date: /home/marina/Senior-Design/NavQPlus/install/rover_project/include/rover_project/rover_project/msg/detail/nav_goal__type_support.h
[7.620s] -- Up-to-date: /home/marina/Senior-Design/NavQPlus/install/rover_project/include/rover_project/rover_project/msg/detail/proximity__functions.c
[7.623s] -- Up-to-date: /home/marina/Senior-Design/NavQPlus/install/rover_project/include/rover_project/rover_project/msg/detail/waypoint_list__functions.c
[7.625s] -- Up-to-date: /home/marina/Senior-Design/NavQPlus/install/rover_project/include/rover_project/rover_project/msg/detail/imu_orientation__functions.h
[7.626s] -- Up-to-date: /home/marina/Senior-Design/NavQPlus/install/rover_project/include/rover_project/rover_project/msg/detail/imu_orientation__struct.h
[7.627s] -- Up-to-date: /home/marina/Senior-Design/NavQPlus/install/rover_project/include/rover_project/rover_project/msg/detail/waypoint_list__functions.h
[7.628s] -- Up-to-date: /home/marina/Senior-Design/NavQPlus/install/rover_project/include/rover_project/rover_project/msg/detail/gps_fix__functions.c
[7.630s] -- Up-to-date: /home/marina/Senior-Design/NavQPlus/install/rover_project/include/rover_project/rover_project/msg/detail/gps_fix__type_support.h
[7.632s] -- Up-to-date: /home/marina/Senior-Design/NavQPlus/install/rover_project/include/rover_project/rover_project/msg/detail/nav_goal__functions.h
[7.635s] -- Up-to-date: /home/marina/Senior-Design/NavQPlus/install/rover_project/include/rover_project/rover_project/msg/detail/nav_goal__struct.h
[7.638s] -- Up-to-date: /home/marina/Senior-Design/NavQPlus/install/rover_project/include/rover_project/rover_project/msg/detail/waypoint_list__type_support.h
[7.639s] -- Up-to-date: /home/marina/Senior-Design/NavQPlus/install/rover_project/include/rover_project/rover_project/msg/detail/imu_orientation__functions.c
[7.641s] -- Up-to-date: /home/marina/Senior-Design/NavQPlus/install/rover_project/include/rover_project/rover_project/msg/detail/proximity__type_support.h
[7.642s] -- Up-to-date: /home/marina/Senior-Design/NavQPlus/install/rover_project/include/rover_project/rover_project/msg/detail/proximity__struct.h
[7.644s] -- Up-to-date: /home/marina/Senior-Design/NavQPlus/install/rover_project/include/rover_project/rover_project/msg/detail/gps_fix__struct.h
[7.645s] -- Up-to-date: /home/marina/Senior-Design/NavQPlus/install/rover_project/include/rover_project/rover_project/msg/detail/nav_goal__functions.c
[7.646s] -- Up-to-date: /home/marina/Senior-Design/NavQPlus/install/rover_project/include/rover_project/rover_project/msg/imu_orientation.h
[7.648s] -- Up-to-date: /home/marina/Senior-Design/NavQPlus/install/rover_project/include/rover_project/rover_project/msg/nav_goal.h
[7.649s] -- Up-to-date: /home/marina/Senior-Design/NavQPlus/install/rover_project/include/rover_project/rover_project/msg/proximity.h
[7.650s] -- Up-to-date: /home/marina/Senior-Design/NavQPlus/install/rover_project/include/rover_project/rover_project/msg/waypoint_list.h
[7.651s] -- Up-to-date: /home/marina/Senior-Design/NavQPlus/install/rover_project/share/rover_project/environment/library_path.sh
[7.652s] -- Up-to-date: /home/marina/Senior-Design/NavQPlus/install/rover_project/share/rover_project/environment/library_path.dsv
[7.653s] -- Up-to-date: /home/marina/Senior-Design/NavQPlus/install/rover_project/lib/librover_project__rosidl_generator_c.so
[7.654s] -- Up-to-date: /home/marina/Senior-Design/NavQPlus/install/rover_project/include/rover_project/rover_project
[7.655s] -- Up-to-date: /home/marina/Senior-Design/NavQPlus/install/rover_project/include/rover_project/rover_project/msg
[7.656s] -- Up-to-date: /home/marina/Senior-Design/NavQPlus/install/rover_project/include/rover_project/rover_project/msg/detail
[7.658s] -- Up-to-date: /home/marina/Senior-Design/NavQPlus/install/rover_project/include/rover_project/rover_project/msg/detail/imu_orientation__rosidl_typesupport_fastrtps_c.h
[7.659s] -- Up-to-date: /home/marina/Senior-Design/NavQPlus/install/rover_project/include/rover_project/rover_project/msg/detail/nav_goal__rosidl_typesupport_fastrtps_c.h
[7.661s] -- Up-to-date: /home/marina/Senior-Design/NavQPlus/install/rover_project/include/rover_project/rover_project/msg/detail/waypoint_list__rosidl_typesupport_fastrtps_c.h
[7.663s] -- Up-to-date: /home/marina/Senior-Design/NavQPlus/install/rover_project/include/rover_project/rover_project/msg/detail/proximity__rosidl_typesupport_fastrtps_c.h
[7.665s] -- Up-to-date: /home/marina/Senior-Design/NavQPlus/install/rover_project/include/rover_project/rover_project/msg/detail/gps_fix__rosidl_typesupport_fastrtps_c.h
[7.666s] -- Up-to-date: /home/marina/Senior-Design/NavQPlus/install/rover_project/include/rover_project/rover_project/msg/rosidl_typesupport_fastrtps_c__visibility_control.h
[7.667s] -- Up-to-date: /home/marina/Senior-Design/NavQPlus/install/rover_project/lib/librover_project__rosidl_typesupport_fastrtps_c.so
[7.668s] -- Up-to-date: /home/marina/Senior-Design/NavQPlus/install/rover_project/include/rover_project/rover_project
[7.669s] -- Up-to-date: /home/marina/Senior-Design/NavQPlus/install/rover_project/include/rover_project/rover_project/msg
[7.670s] -- Up-to-date: /home/marina/Senior-Design/NavQPlus/install/rover_project/include/rover_project/rover_project/msg/rosidl_typesupport_introspection_c__visibility_control.h
[7.671s] -- Up-to-date: /home/marina/Senior-Design/NavQPlus/install/rover_project/include/rover_project/rover_project/msg/detail
[7.672s] -- Up-to-date: /home/marina/Senior-Design/NavQPlus/install/rover_project/include/rover_project/rover_project/msg/detail/imu_orientation__rosidl_typesupport_introspection_c.h
[7.673s] -- Up-to-date: /home/marina/Senior-Design/NavQPlus/install/rover_project/include/rover_project/rover_project/msg/detail/gps_fix__rosidl_typesupport_introspection_c.h
[7.674s] -- Up-to-date: /home/marina/Senior-Design/NavQPlus/install/rover_project/include/rover_project/rover_project/msg/detail/nav_goal__type_support.c
[7.674s] -- Up-to-date: /home/marina/Senior-Design/NavQPlus/install/rover_project/include/rover_project/rover_project/msg/detail/waypoint_list__rosidl_typesupport_introspection_c.h
[7.675s] -- Up-to-date: /home/marina/Senior-Design/NavQPlus/install/rover_project/include/rover_project/rover_project/msg/detail/gps_fix__type_support.c
[7.676s] -- Up-to-date: /home/marina/Senior-Design/NavQPlus/install/rover_project/include/rover_project/rover_project/msg/detail/waypoint_list__type_support.c
[7.677s] -- Up-to-date: /home/marina/Senior-Design/NavQPlus/install/rover_project/include/rover_project/rover_project/msg/detail/nav_goal__rosidl_typesupport_introspection_c.h
[7.678s] -- Up-to-date: /home/marina/Senior-Design/NavQPlus/install/rover_project/include/rover_project/rover_project/msg/detail/proximity__rosidl_typesupport_introspection_c.h
[7.679s] -- Up-to-date: /home/marina/Senior-Design/NavQPlus/install/rover_project/include/rover_project/rover_project/msg/detail/proximity__type_support.c
[7.682s] -- Up-to-date: /home/marina/Senior-Design/NavQPlus/install/rover_project/include/rover_project/rover_project/msg/detail/imu_orientation__type_support.c
[7.683s] -- Up-to-date: /home/marina/Senior-Design/NavQPlus/install/rover_project/lib/librover_project__rosidl_typesupport_introspection_c.so
[7.684s] -- Up-to-date: /home/marina/Senior-Design/NavQPlus/install/rover_project/lib/librover_project__rosidl_typesupport_c.so
[7.685s] -- Up-to-date: /home/marina/Senior-Design/NavQPlus/install/rover_project/include/rover_project/rover_project
[7.687s] -- Up-to-date: /home/marina/Senior-Design/NavQPlus/install/rover_project/include/rover_project/rover_project/msg
[7.688s] -- Up-to-date: /home/marina/Senior-Design/NavQPlus/install/rover_project/include/rover_project/rover_project/msg/rosidl_generator_cpp__visibility_control.hpp
[7.689s] -- Up-to-date: /home/marina/Senior-Design/NavQPlus/install/rover_project/include/rover_project/rover_project/msg/proximity.hpp
[7.690s] -- Up-to-date: /home/marina/Senior-Design/NavQPlus/install/rover_project/include/rover_project/rover_project/msg/detail
[7.692s] -- Up-to-date: /home/marina/Senior-Design/NavQPlus/install/rover_project/include/rover_project/rover_project/msg/detail/proximity__type_support.hpp
[7.692s] -- Up-to-date: /home/marina/Senior-Design/NavQPlus/install/rover_project/include/rover_project/rover_project/msg/detail/waypoint_list__type_support.hpp
[7.693s] -- Up-to-date: /home/marina/Senior-Design/NavQPlus/install/rover_project/include/rover_project/rover_project/msg/detail/gps_fix__type_support.hpp
[7.694s] -- Up-to-date: /home/marina/Senior-Design/NavQPlus/install/rover_project/include/rover_project/rover_project/msg/detail/nav_goal__type_support.hpp
[7.695s] -- Up-to-date: /home/marina/Senior-Design/NavQPlus/install/rover_project/include/rover_project/rover_project/msg/detail/imu_orientation__type_support.hpp
[7.696s] -- Up-to-date: /home/marina/Senior-Design/NavQPlus/install/rover_project/include/rover_project/rover_project/msg/detail/nav_goal__struct.hpp
[7.697s] -- Up-to-date: /home/marina/Senior-Design/NavQPlus/install/rover_project/include/rover_project/rover_project/msg/detail/waypoint_list__traits.hpp
[7.698s] -- Up-to-date: /home/marina/Senior-Design/NavQPlus/install/rover_project/include/rover_project/rover_project/msg/detail/proximity__builder.hpp
[7.698s] -- Up-to-date: /home/marina/Senior-Design/NavQPlus/install/rover_project/include/rover_project/rover_project/msg/detail/imu_orientation__builder.hpp
[7.699s] -- Up-to-date: /home/marina/Senior-Design/NavQPlus/install/rover_project/include/rover_project/rover_project/msg/detail/proximity__traits.hpp
[7.700s] -- Up-to-date: /home/marina/Senior-Design/NavQPlus/install/rover_project/include/rover_project/rover_project/msg/detail/waypoint_list__struct.hpp
[7.701s] -- Up-to-date: /home/marina/Senior-Design/NavQPlus/install/rover_project/include/rover_project/rover_project/msg/detail/imu_orientation__struct.hpp
[7.702s] -- Up-to-date: /home/marina/Senior-Design/NavQPlus/install/rover_project/include/rover_project/rover_project/msg/detail/nav_goal__builder.hpp
[7.703s] -- Up-to-date: /home/marina/Senior-Design/NavQPlus/install/rover_project/include/rover_project/rover_project/msg/detail/waypoint_list__builder.hpp
[7.704s] -- Up-to-date: /home/marina/Senior-Design/NavQPlus/install/rover_project/include/rover_project/rover_project/msg/detail/gps_fix__traits.hpp
[7.704s] -- Up-to-date: /home/marina/Senior-Design/NavQPlus/install/rover_project/include/rover_project/rover_project/msg/detail/proximity__struct.hpp
[7.705s] -- Up-to-date: /home/marina/Senior-Design/NavQPlus/install/rover_project/include/rover_project/rover_project/msg/detail/imu_orientation__traits.hpp
[7.706s] -- Up-to-date: /home/marina/Senior-Design/NavQPlus/install/rover_project/include/rover_project/rover_project/msg/detail/gps_fix__struct.hpp
[7.707s] -- Up-to-date: /home/marina/Senior-Design/NavQPlus/install/rover_project/include/rover_project/rover_project/msg/detail/nav_goal__traits.hpp
[7.708s] -- Up-to-date: /home/marina/Senior-Design/NavQPlus/install/rover_project/include/rover_project/rover_project/msg/detail/gps_fix__builder.hpp
[7.709s] -- Up-to-date: /home/marina/Senior-Design/NavQPlus/install/rover_project/include/rover_project/rover_project/msg/waypoint_list.hpp
[7.709s] -- Up-to-date: /home/marina/Senior-Design/NavQPlus/install/rover_project/include/rover_project/rover_project/msg/imu_orientation.hpp
[7.713s] -- Up-to-date: /home/marina/Senior-Design/NavQPlus/install/rover_project/include/rover_project/rover_project/msg/nav_goal.hpp
[7.715s] -- Up-to-date: /home/marina/Senior-Design/NavQPlus/install/rover_project/include/rover_project/rover_project/msg/gps_fix.hpp
[7.716s] -- Up-to-date: /home/marina/Senior-Design/NavQPlus/install/rover_project/include/rover_project/rover_project
[7.717s] -- Up-to-date: /home/marina/Senior-Design/NavQPlus/install/rover_project/include/rover_project/rover_project/msg
[7.718s] -- Up-to-date: /home/marina/Senior-Design/NavQPlus/install/rover_project/include/rover_project/rover_project/msg/rosidl_typesupport_fastrtps_cpp__visibility_control.h
[7.719s] -- Up-to-date: /home/marina/Senior-Design/NavQPlus/install/rover_project/include/rover_project/rover_project/msg/detail
[7.720s] -- Up-to-date: /home/marina/Senior-Design/NavQPlus/install/rover_project/include/rover_project/rover_project/msg/detail/nav_goal__rosidl_typesupport_fastrtps_cpp.hpp
[7.720s] -- Up-to-date: /home/marina/Senior-Design/NavQPlus/install/rover_project/include/rover_project/rover_project/msg/detail/imu_orientation__rosidl_typesupport_fastrtps_cpp.hpp
[7.721s] -- Up-to-date: /home/marina/Senior-Design/NavQPlus/install/rover_project/include/rover_project/rover_project/msg/detail/waypoint_list__rosidl_typesupport_fastrtps_cpp.hpp
[7.722s] -- Up-to-date: /home/marina/Senior-Design/NavQPlus/install/rover_project/include/rover_project/rover_project/msg/detail/proximity__rosidl_typesupport_fastrtps_cpp.hpp
[7.723s] -- Up-to-date: /home/marina/Senior-Design/NavQPlus/install/rover_project/include/rover_project/rover_project/msg/detail/gps_fix__rosidl_typesupport_fastrtps_cpp.hpp
[7.724s] -- Up-to-date: /home/marina/Senior-Design/NavQPlus/install/rover_project/include/rover_project/rover_project/msg/detail/dds_fastrtps
[7.725s] -- Up-to-date: /home/marina/Senior-Design/NavQPlus/install/rover_project/lib/librover_project__rosidl_typesupport_fastrtps_cpp.so
[7.726s] -- Up-to-date: /home/marina/Senior-Design/NavQPlus/install/rover_project/include/rover_project/rover_project
[7.726s] -- Up-to-date: /home/marina/Senior-Design/NavQPlus/install/rover_project/include/rover_project/rover_project/msg
[7.727s] -- Up-to-date: /home/marina/Senior-Design/NavQPlus/install/rover_project/include/rover_project/rover_project/msg/detail
[7.728s] -- Up-to-date: /home/marina/Senior-Design/NavQPlus/install/rover_project/include/rover_project/rover_project/msg/detail/proximity__type_support.cpp
[7.729s] -- Up-to-date: /home/marina/Senior-Design/NavQPlus/install/rover_project/include/rover_project/rover_project/msg/detail/nav_goal__rosidl_typesupport_introspection_cpp.hpp
[7.732s] -- Up-to-date: /home/marina/Senior-Design/NavQPlus/install/rover_project/include/rover_project/rover_project/msg/detail/nav_goal__type_support.cpp
[7.733s] -- Up-to-date: /home/marina/Senior-Design/NavQPlus/install/rover_project/include/rover_project/rover_project/msg/detail/gps_fix__type_support.cpp
[7.734s] -- Up-to-date: /home/marina/Senior-Design/NavQPlus/install/rover_project/include/rover_project/rover_project/msg/detail/proximity__rosidl_typesupport_introspection_cpp.hpp
[7.735s] -- Up-to-date: /home/marina/Senior-Design/NavQPlus/install/rover_project/include/rover_project/rover_project/msg/detail/gps_fix__rosidl_typesupport_introspection_cpp.hpp
[7.736s] -- Up-to-date: /home/marina/Senior-Design/NavQPlus/install/rover_project/include/rover_project/rover_project/msg/detail/imu_orientation__type_support.cpp
[7.737s] -- Up-to-date: /home/marina/Senior-Design/NavQPlus/install/rover_project/include/rover_project/rover_project/msg/detail/imu_orientation__rosidl_typesupport_introspection_cpp.hpp
[7.738s] -- Up-to-date: /home/marina/Senior-Design/NavQPlus/install/rover_project/include/rover_project/rover_project/msg/detail/waypoint_list__rosidl_typesupport_introspection_cpp.hpp
[7.739s] -- Up-to-date: /home/marina/Senior-Design/NavQPlus/install/rover_project/include/rover_project/rover_project/msg/detail/waypoint_list__type_support.cpp
[7.740s] -- Up-to-date: /home/marina/Senior-Design/NavQPlus/install/rover_project/lib/librover_project__rosidl_typesupport_introspection_cpp.so
[7.741s] -- Up-to-date: /home/marina/Senior-Design/NavQPlus/install/rover_project/lib/librover_project__rosidl_typesupport_cpp.so
[7.743s] -- Up-to-date: /home/marina/Senior-Design/NavQPlus/install/rover_project/share/rover_project/environment/pythonpath.sh
[7.744s] -- Up-to-date: /home/marina/Senior-Design/NavQPlus/install/rover_project/share/rover_project/environment/pythonpath.dsv
[7.745s] -- Up-to-date: /home/marina/Senior-Design/NavQPlus/install/rover_project/local/lib/python3.10/dist-packages/rover_project-0.0.0-py3.10.egg-info
[7.746s] -- Installing: /home/marina/Senior-Design/NavQPlus/install/rover_project/local/lib/python3.10/dist-packages/rover_project-0.0.0-py3.10.egg-info/PKG-INFO
[7.747s] -- Installing: /home/marina/Senior-Design/NavQPlus/install/rover_project/local/lib/python3.10/dist-packages/rover_project-0.0.0-py3.10.egg-info/SOURCES.txt
[7.748s] -- Installing: /home/marina/Senior-Design/NavQPlus/install/rover_project/local/lib/python3.10/dist-packages/rover_project-0.0.0-py3.10.egg-info/dependency_links.txt
[7.749s] -- Installing: /home/marina/Senior-Design/NavQPlus/install/rover_project/local/lib/python3.10/dist-packages/rover_project-0.0.0-py3.10.egg-info/top_level.txt
[7.750s] -- Up-to-date: /home/marina/Senior-Design/NavQPlus/install/rover_project/local/lib/python3.10/dist-packages/rover_project
[7.751s] -- Up-to-date: /home/marina/Senior-Design/NavQPlus/install/rover_project/local/lib/python3.10/dist-packages/rover_project/rover_project_s__rosidl_typesupport_introspection_c.cpython-310-aarch64-linux-gnu.so
[7.752s] -- Up-to-date: /home/marina/Senior-Design/NavQPlus/install/rover_project/local/lib/python3.10/dist-packages/rover_project/_rover_project_s.ep.rosidl_typesupport_fastrtps_c.c
[7.754s] -- Up-to-date: /home/marina/Senior-Design/NavQPlus/install/rover_project/local/lib/python3.10/dist-packages/rover_project/__init__.py
[7.756s] -- Up-to-date: /home/marina/Senior-Design/NavQPlus/install/rover_project/local/lib/python3.10/dist-packages/rover_project/_rover_project_s.ep.rosidl_typesupport_introspection_c.c
[7.757s] -- Up-to-date: /home/marina/Senior-Design/NavQPlus/install/rover_project/local/lib/python3.10/dist-packages/rover_project/msg
[7.758s] -- Up-to-date: /home/marina/Senior-Design/NavQPlus/install/rover_project/local/lib/python3.10/dist-packages/rover_project/msg/_proximity.py
[7.759s] -- Up-to-date: /home/marina/Senior-Design/NavQPlus/install/rover_project/local/lib/python3.10/dist-packages/rover_project/msg/_nav_goal.py
[7.760s] -- Up-to-date: /home/marina/Senior-Design/NavQPlus/install/rover_project/local/lib/python3.10/dist-packages/rover_project/msg/_gps_fix_s.c
[7.761s] -- Up-to-date: /home/marina/Senior-Design/NavQPlus/install/rover_project/local/lib/python3.10/dist-packages/rover_project/msg/_imu_orientation.py
[7.762s] -- Up-to-date: /home/marina/Senior-Design/NavQPlus/install/rover_project/local/lib/python3.10/dist-packages/rover_project/msg/__init__.py
[7.763s] -- Up-to-date: /home/marina/Senior-Design/NavQPlus/install/rover_project/local/lib/python3.10/dist-packages/rover_project/msg/_imu_orientation_s.c
[7.764s] -- Up-to-date: /home/marina/Senior-Design/NavQPlus/install/rover_project/local/lib/python3.10/dist-packages/rover_project/msg/_waypoint_list_s.c
[7.765s] -- Up-to-date: /home/marina/Senior-Design/NavQPlus/install/rover_project/local/lib/python3.10/dist-packages/rover_project/msg/_waypoint_list.py
[7.766s] -- Up-to-date: /home/marina/Senior-Design/NavQPlus/install/rover_project/local/lib/python3.10/dist-packages/rover_project/msg/_gps_fix.py
[7.767s] -- Up-to-date: /home/marina/Senior-Design/NavQPlus/install/rover_project/local/lib/python3.10/dist-packages/rover_project/msg/_proximity_s.c
[7.768s] -- Up-to-date: /home/marina/Senior-Design/NavQPlus/install/rover_project/local/lib/python3.10/dist-packages/rover_project/msg/_nav_goal_s.c
[7.770s] -- Up-to-date: /home/marina/Senior-Design/NavQPlus/install/rover_project/local/lib/python3.10/dist-packages/rover_project/_rover_project_s.ep.rosidl_typesupport_c.c
[7.771s] -- Up-to-date: /home/marina/Senior-Design/NavQPlus/install/rover_project/local/lib/python3.10/dist-packages/rover_project/rover_project_s__rosidl_typesupport_c.cpython-310-aarch64-linux-gnu.so
[7.772s] -- Up-to-date: /home/marina/Senior-Design/NavQPlus/install/rover_project/local/lib/python3.10/dist-packages/rover_project/librover_project__rosidl_generator_py.so
[7.772s] -- Up-to-date: /home/marina/Senior-Design/NavQPlus/install/rover_project/local/lib/python3.10/dist-packages/rover_project/rover_project_s__rosidl_typesupport_fastrtps_c.cpython-310-aarch64-linux-gnu.so
[7.946s] Listing '/home/marina/Senior-Design/NavQPlus/install/rover_project/local/lib/python3.10/dist-packages/rover_project'...
[7.947s] Listing '/home/marina/Senior-Design/NavQPlus/install/rover_project/local/lib/python3.10/dist-packages/rover_project/msg'...
[7.998s] -- Up-to-date: /home/marina/Senior-Design/NavQPlus/install/rover_project/local/lib/python3.10/dist-packages/rover_project/rover_project_s__rosidl_typesupport_fastrtps_c.cpython-310-aarch64-linux-gnu.so
[8.001s] -- Up-to-date: /home/marina/Senior-Design/NavQPlus/install/rover_project/local/lib/python3.10/dist-packages/rover_project/rover_project_s__rosidl_typesupport_introspection_c.cpython-310-aarch64-linux-gnu.so
[8.005s] -- Up-to-date: /home/marina/Senior-Design/NavQPlus/install/rover_project/local/lib/python3.10/dist-packages/rover_project/rover_project_s__rosidl_typesupport_c.cpython-310-aarch64-linux-gnu.so
[8.009s] -- Up-to-date: /home/marina/Senior-Design/NavQPlus/install/rover_project/lib/librover_project__rosidl_generator_py.so
[8.011s] -- Up-to-date: /home/marina/Senior-Design/NavQPlus/install/rover_project/share/rover_project/msg/Proximity.idl
[8.013s] -- Up-to-date: /home/marina/Senior-Design/NavQPlus/install/rover_project/share/rover_project/msg/GpsFix.idl
[8.014s] -- Up-to-date: /home/marina/Senior-Design/NavQPlus/install/rover_project/share/rover_project/msg/ImuOrientation.idl
[8.016s] -- Up-to-date: /home/marina/Senior-Design/NavQPlus/install/rover_project/share/rover_project/msg/NavGoal.idl
[8.017s] -- Up-to-date: /home/marina/Senior-Design/NavQPlus/install/rover_project/share/rover_project/msg/WaypointList.idl
[8.019s] -- Up-to-date: /home/marina/Senior-Design/NavQPlus/install/rover_project/share/rover_project/msg/Proximity.msg
[8.020s] -- Up-to-date: /home/marina/Senior-Design/NavQPlus/install/rover_project/share/rover_project/msg/GpsFix.msg
[8.022s] -- Up-to-date: /home/marina/Senior-Design/NavQPlus/install/rover_project/share/rover_project/msg/ImuOrientation.msg
[8.022s] -- Up-to-date: /home/marina/Senior-Design/NavQPlus/install/rover_project/share/rover_project/msg/NavGoal.msg
[8.024s] -- Up-to-date: /home/marina/Senior-Design/NavQPlus/install/rover_project/share/rover_project/msg/WaypointList.msg
[8.024s] -- Up-to-date: /home/marina/Senior-Design/NavQPlus/install/rover_project/lib/rover_project/can_bridge_node.py
[8.025s] -- Up-to-date: /home/marina/Senior-Design/NavQPlus/install/rover_project/lib/rover_project/uart_node.py
[8.026s] -- Up-to-date: /home/marina/Senior-Design/NavQPlus/install/rover_project/lib/rover_project/autonomous_drive_node.py
[8.027s] -- Up-to-date: /home/marina/Senior-Design/NavQPlus/install/rover_project/lib/rover_project/bluetooth_node.py
[8.028s] -- Up-to-date: /home/marina/Senior-Design/NavQPlus/install/rover_project/lib/rover_project/path_planner_node.py
[8.029s] -- Up-to-date: /home/marina/Senior-Design/NavQPlus/install/rover_project/lib/rover_project/waypoint_follower_node.py
[8.030s] -- Up-to-date: /home/marina/Senior-Design/NavQPlus/install/rover_project/lib/rover_project/send_goal.py
[8.031s] -- Up-to-date: /home/marina/Senior-Design/NavQPlus/install/rover_project/lib/rover_project/audio_IO.py
[8.032s] -- Up-to-date: /home/marina/Senior-Design/NavQPlus/install/rover_project/share/rover_project/launch
[8.033s] -- Up-to-date: /home/marina/Senior-Design/NavQPlus/install/rover_project/share/rover_project/launch/rover_launch.py
[8.034s] -- Up-to-date: /home/marina/Senior-Design/NavQPlus/install/rover_project/share/rover_project/rover.dbc
[8.035s] -- Up-to-date: /home/marina/Senior-Design/NavQPlus/install/rover_project/share/rover_project/maps
[8.036s] -- Up-to-date: /home/marina/Senior-Design/NavQPlus/install/rover_project/share/rover_project/maps/UCR_Centerlines.shp
[8.037s] -- Up-to-date: /home/marina/Senior-Design/NavQPlus/install/rover_project/share/rover_project/maps/UCR_Centerlines.dbf
[8.038s] -- Up-to-date: /home/marina/Senior-Design/NavQPlus/install/rover_project/share/rover_project/maps/UCR_Centerlines.shx
[8.039s] -- Up-to-date: /home/marina/Senior-Design/NavQPlus/install/rover_project/share/rover_project/maps/UCR_Centerlines.prj
[8.040s] -- Up-to-date: /home/marina/Senior-Design/NavQPlus/install/rover_project/share/rover_project/package.xml
[8.041s] -- Up-to-date: /home/marina/Senior-Design/NavQPlus/install/rover_project/share/ament_index/resource_index/package_run_dependencies/rover_project
[8.042s] -- Up-to-date: /home/marina/Senior-Design/NavQPlus/install/rover_project/share/ament_index/resource_index/parent_prefix_path/rover_project
[8.043s] -- Up-to-date: /home/marina/Senior-Design/NavQPlus/install/rover_project/share/rover_project/environment/ament_prefix_path.sh
[8.044s] -- Up-to-date: /home/marina/Senior-Design/NavQPlus/install/rover_project/share/rover_project/environment/ament_prefix_path.dsv
[8.045s] -- Up-to-date: /home/marina/Senior-Design/NavQPlus/install/rover_project/share/rover_project/environment/path.sh
[8.046s] -- Up-to-date: /home/marina/Senior-Design/NavQPlus/install/rover_project/share/rover_project/environment/path.dsv
[8.047s] -- Up-to-date: /home/marina/Senior-Design/NavQPlus/install/rover_project/share/rover_project/local_setup.bash
[8.048s] -- Up-to-date: /home/marina/Senior-Design/NavQPlus/install/rover_project/share/rover_project/local_setup.sh
[8.049s] -- Up-to-date: /home/marina/Senior-Design/NavQPlus/install/rover_project/share/rover_project/local_setup.zsh
[8.051s] -- Up-to-date: /home/marina/Senior-Design/NavQPlus/install/rover_project/share/rover_project/local_setup.dsv
[8.052s] -- Installing: /home/marina/Senior-Design/NavQPlus/install/rover_project/share/rover_project/package.dsv
[8.053s] -- Up-to-date: /home/marina/Senior-Design/NavQPlus/install/rover_project/share/ament_index/resource_index/packages/rover_project
[8.054s] -- Up-to-date: /home/marina/Senior-Design/NavQPlus/install/rover_project/share/rover_project/cmake/export_rover_project__rosidl_generator_cExport.cmake
[8.055s] -- Up-to-date: /home/marina/Senior-Design/NavQPlus/install/rover_project/share/rover_project/cmake/export_rover_project__rosidl_generator_cExport-noconfig.cmake
[8.056s] -- Up-to-date: /home/marina/Senior-Design/NavQPlus/install/rover_project/share/rover_project/cmake/export_rover_project__rosidl_typesupport_fastrtps_cExport.cmake
[8.057s] -- Up-to-date: /home/marina/Senior-Design/NavQPlus/install/rover_project/share/rover_project/cmake/export_rover_project__rosidl_typesupport_fastrtps_cExport-noconfig.cmake
[8.058s] -- Up-to-date: /home/marina/Senior-Design/NavQPlus/install/rover_project/share/rover_project/cmake/rover_project__rosidl_typesupport_introspection_cExport.cmake
[8.060s] -- Up-to-date: /home/marina/Senior-Design/NavQPlus/install/rover_project/share/rover_project/cmake/rover_project__rosidl_typesupport_introspection_cExport-noconfig.cmake
[8.060s] -- Up-to-date: /home/marina/Senior-Design/NavQPlus/install/rover_project/share/rover_project/cmake/rover_project__rosidl_typesupport_cExport.cmake
[8.061s] -- Up-to-date: /home/marina/Senior-Design/NavQPlus/install/rover_project/share/rover_project/cmake/rover_project__rosidl_typesupport_cExport-noconfig.cmake
[8.063s] -- Up-to-date: /home/marina/Senior-Design/NavQPlus/install/rover_project/share/rover_project/cmake/export_rover_project__rosidl_generator_cppExport.cmake
[8.067s] -- Up-to-date: /home/marina/Senior-Design/NavQPlus/install/rover_project/share/rover_project/cmake/export_rover_project__rosidl_typesupport_fastrtps_cppExport.cmake
[8.069s] -- Up-to-date: /home/marina/Senior-Design/NavQPlus/install/rover_project/share/rover_project/cmake/export_rover_project__rosidl_typesupport_fastrtps_cppExport-noconfig.cmake
[8.070s] -- Up-to-date: /home/marina/Senior-Design/NavQPlus/install/rover_project/share/rover_project/cmake/rover_project__rosidl_typesupport_introspection_cppExport.cmake
[8.071s] -- Up-to-date: /home/marina/Senior-Design/NavQPlus/install/rover_project/share/rover_project/cmake/rover_project__rosidl_typesupport_introspection_cppExport-noconfig.cmake
[8.072s] -- Up-to-date: /home/marina/Senior-Design/NavQPlus/install/rover_project/share/rover_project/cmake/rover_project__rosidl_typesupport_cppExport.cmake
[8.073s] -- Up-to-date: /home/marina/Senior-Design/NavQPlus/install/rover_project/share/rover_project/cmake/rover_project__rosidl_typesupport_cppExport-noconfig.cmake
[8.075s] -- Up-to-date: /home/marina/Senior-Design/NavQPlus/install/rover_project/share/rover_project/cmake/export_rover_project__rosidl_generator_pyExport.cmake
[8.076s] -- Up-to-date: /home/marina/Senior-Design/NavQPlus/install/rover_project/share/rover_project/cmake/export_rover_project__rosidl_generator_pyExport-noconfig.cmake
[8.076s] -- Up-to-date: /home/marina/Senior-Design/NavQPlus/install/rover_project/share/rover_project/cmake/rosidl_cmake-extras.cmake
[8.077s] -- Up-to-date: /home/marina/Senior-Design/NavQPlus/install/rover_project/share/rover_project/cmake/ament_cmake_export_include_directories-extras.cmake
[8.079s] -- Up-to-date: /home/marina/Senior-Design/NavQPlus/install/rover_project/share/rover_project/cmake/ament_cmake_export_libraries-extras.cmake
[8.080s] -- Up-to-date: /home/marina/Senior-Design/NavQPlus/install/rover_project/share/rover_project/cmake/ament_cmake_export_targets-extras.cmake
[8.081s] -- Up-to-date: /home/marina/Senior-Design/NavQPlus/install/rover_project/share/rover_project/cmake/rosidl_cmake_export_typesupport_targets-extras.cmake
[8.085s] -- Up-to-date: /home/marina/Senior-Design/NavQPlus/install/rover_project/share/rover_project/cmake/ament_cmake_export_dependencies-extras.cmake
[8.086s] -- Up-to-date: /home/marina/Senior-Design/NavQPlus/install/rover_project/share/rover_project/cmake/rosidl_cmake_export_typesupport_libraries-extras.cmake
[8.088s] -- Up-to-date: /home/marina/Senior-Design/NavQPlus/install/rover_project/share/rover_project/cmake/rover_projectConfig.cmake
[8.089s] -- Up-to-date: /home/marina/Senior-Design/NavQPlus/install/rover_project/share/rover_project/cmake/rover_projectConfig-version.cmake
[8.092s] -- Up-to-date: /home/marina/Senior-Design/NavQPlus/install/rover_project/share/rover_project/package.xml
[8.093s] Invoked command in '/home/marina/Senior-Design/NavQPlus/build/rover_project' returned '0': CMAKE_PREFIX_PATH=/opt/ros/humble /usr/bin/cmake --install /home/marina/Senior-Design/NavQPlus/build/rover_project
