[0.969s] DEBUG:colcon:Command line arguments: ['/usr/bin/colcon', 'build', '--packages-select', 'rover_project']
[0.970s] DEBUG:colcon:Parsed command line arguments: Namespace(log_base=None, log_level=None, verb_name='build', build_base='build', install_base='install', merge_install=False, symlink_install=False, test_result_base=None, continue_on_error=False, executor='parallel', parallel_workers=4, event_handlers=None, ignore_user_meta=False, metas=['./colcon.meta'], base_paths=['.'], packages_ignore=None, packages_ignore_regex=None, paths=None, packages_up_to=None, packages_up_to_regex=None, packages_above=None, packages_above_and_dependencies=None, packages_above_depth=None, packages_select_by_dep=None, packages_skip_by_dep=None, packages_skip_up_to=None, packages_select_build_failed=False, packages_skip_build_finished=False, packages_select_test_failures=False, packages_skip_test_passed=False, packages_select=['rover_project'], packages_skip=None, packages_select_regex=None, packages_skip_regex=None, packages_start=None, packages_end=None, allow_overriding=[], cmake_args=None, cmake_target=None, cmake_target_skip_unavailable=False, cmake_clean_cache=False, cmake_clean_first=False, cmake_force_configure=False, ament_cmake_args=None, catkin_cmake_args=None, catkin_skip_building_tests=False, verb_parser=<colcon_defaults.argument_parser.defaults.DefaultArgumentsDecorator object at 0xffff839b2980>, verb_extension=<colcon_core.verb.build.BuildVerb object at 0xffff839b23e0>, main=<bound method BuildVerb.main of <colcon_core.verb.build.BuildVerb object at 0xffff839b23e0>>)
[1.313s] Level 1:colcon.colcon_core.package_discovery:discover_packages(colcon_meta) check parameters
[1.313s] Level 1:colcon.colcon_core.package_discovery:discover_packages(recursive) check parameters
[1.314s] Level 1:colcon.colcon_core.package_discovery:discover_packages(ignore) check parameters
[1.314s] Level 1:colcon.colcon_core.package_discovery:discover_packages(path) check parameters
[1.314s] Level 1:colcon.colcon_core.package_discovery:discover_packages(colcon_meta) discover
[1.315s] Level 1:colcon.colcon_core.package_discovery:discover_packages(recursive) discover
[1.315s] INFO:colcon.colcon_core.package_discovery:Crawling recursively for packages in '/home/marina/Senior-Design/NavQPlus'
[1.316s] Level 1:colcon.colcon_core.package_identification:_identify(.) by extensions ['ignore', 'ignore_ament_install']
[1.317s] Level 1:colcon.colcon_core.package_identification:_identify(.) by extension 'ignore'
[1.318s] Level 1:colcon.colcon_core.package_identification:_identify(.) by extension 'ignore_ament_install'
[1.318s] Level 1:colcon.colcon_core.package_identification:_identify(.) by extensions ['colcon_pkg']
[1.319s] Level 1:colcon.colcon_core.package_identification:_identify(.) by extension 'colcon_pkg'
[1.319s] Level 1:colcon.colcon_core.package_identification:_identify(.) by extensions ['colcon_meta']
[1.320s] Level 1:colcon.colcon_core.package_identification:_identify(.) by extension 'colcon_meta'
[1.320s] Level 1:colcon.colcon_core.package_identification:_identify(.) by extensions ['ros']
[1.320s] Level 1:colcon.colcon_core.package_identification:_identify(.) by extension 'ros'
[1.448s] Level 1:colcon.colcon_core.package_identification:_identify(.) by extensions ['cmake', 'python']
[1.448s] Level 1:colcon.colcon_core.package_identification:_identify(.) by extension 'cmake'
[1.449s] Level 1:colcon.colcon_core.package_identification:_identify(.) by extension 'python'
[1.450s] Level 1:colcon.colcon_core.package_identification:_identify(.) by extensions ['python_setup_py']
[1.450s] Level 1:colcon.colcon_core.package_identification:_identify(.) by extension 'python_setup_py'
[1.452s] Level 1:colcon.colcon_core.package_identification:_identify(build) by extensions ['ignore', 'ignore_ament_install']
[1.452s] Level 1:colcon.colcon_core.package_identification:_identify(build) by extension 'ignore'
[1.453s] Level 1:colcon.colcon_core.package_identification:_identify(build) ignored
[1.454s] Level 1:colcon.colcon_core.package_identification:_identify(install) by extensions ['ignore', 'ignore_ament_install']
[1.455s] Level 1:colcon.colcon_core.package_identification:_identify(install) by extension 'ignore'
[1.456s] Level 1:colcon.colcon_core.package_identification:_identify(install) ignored
[1.457s] Level 1:colcon.colcon_core.package_identification:_identify(log) by extensions ['ignore', 'ignore_ament_install']
[1.458s] Level 1:colcon.colcon_core.package_identification:_identify(log) by extension 'ignore'
[1.458s] Level 1:colcon.colcon_core.package_identification:_identify(log) ignored
[1.459s] Level 1:colcon.colcon_core.package_identification:_identify(models) by extensions ['ignore', 'ignore_ament_install']
[1.460s] Level 1:colcon.colcon_core.package_identification:_identify(models) by extension 'ignore'
[1.460s] Level 1:colcon.colcon_core.package_identification:_identify(models) by extension 'ignore_ament_install'
[1.461s] Level 1:colcon.colcon_core.package_identification:_identify(models) by extensions ['colcon_pkg']
[1.461s] Level 1:colcon.colcon_core.package_identification:_identify(models) by extension 'colcon_pkg'
[1.462s] Level 1:colcon.colcon_core.package_identification:_identify(models) by extensions ['colcon_meta']
[1.462s] Level 1:colcon.colcon_core.package_identification:_identify(models) by extension 'colcon_meta'
[1.463s] Level 1:colcon.colcon_core.package_identification:_identify(models) by extensions ['ros']
[1.463s] Level 1:colcon.colcon_core.package_identification:_identify(models) by extension 'ros'
[1.464s] Level 1:colcon.colcon_core.package_identification:_identify(models) by extensions ['cmake', 'python']
[1.464s] Level 1:colcon.colcon_core.package_identification:_identify(models) by extension 'cmake'
[1.465s] Level 1:colcon.colcon_core.package_identification:_identify(models) by extension 'python'
[1.465s] Level 1:colcon.colcon_core.package_identification:_identify(models) by extensions ['python_setup_py']
[1.466s] Level 1:colcon.colcon_core.package_identification:_identify(models) by extension 'python_setup_py'
[1.467s] Level 1:colcon.colcon_core.package_identification:_identify(models/vosk-model) by extensions ['ignore', 'ignore_ament_install']
[1.467s] Level 1:colcon.colcon_core.package_identification:_identify(models/vosk-model) by extension 'ignore'
[1.468s] Level 1:colcon.colcon_core.package_identification:_identify(models/vosk-model) by extension 'ignore_ament_install'
[1.468s] Level 1:colcon.colcon_core.package_identification:_identify(models/vosk-model) by extensions ['colcon_pkg']
[1.469s] Level 1:colcon.colcon_core.package_identification:_identify(models/vosk-model) by extension 'colcon_pkg'
[1.469s] Level 1:colcon.colcon_core.package_identification:_identify(models/vosk-model) by extensions ['colcon_meta']
[1.470s] Level 1:colcon.colcon_core.package_identification:_identify(models/vosk-model) by extension 'colcon_meta'
[1.470s] Level 1:colcon.colcon_core.package_identification:_identify(models/vosk-model) by extensions ['ros']
[1.471s] Level 1:colcon.colcon_core.package_identification:_identify(models/vosk-model) by extension 'ros'
[1.471s] Level 1:colcon.colcon_core.package_identification:_identify(models/vosk-model) by extensions ['cmake', 'python']
[1.472s] Level 1:colcon.colcon_core.package_identification:_identify(models/vosk-model) by extension 'cmake'
[1.472s] Level 1:colcon.colcon_core.package_identification:_identify(models/vosk-model) by extension 'python'
[1.473s] Level 1:colcon.colcon_core.package_identification:_identify(models/vosk-model) by extensions ['python_setup_py']
[1.473s] Level 1:colcon.colcon_core.package_identification:_identify(models/vosk-model) by extension 'python_setup_py'
[1.474s] Level 1:colcon.colcon_core.package_identification:_identify(ros2_ws) by extensions ['ignore', 'ignore_ament_install']
[1.475s] Level 1:colcon.colcon_core.package_identification:_identify(ros2_ws) by extension 'ignore'
[1.475s] Level 1:colcon.colcon_core.package_identification:_identify(ros2_ws) by extension 'ignore_ament_install'
[1.476s] Level 1:colcon.colcon_core.package_identification:_identify(ros2_ws) by extensions ['colcon_pkg']
[1.477s] Level 1:colcon.colcon_core.package_identification:_identify(ros2_ws) by extension 'colcon_pkg'
[1.477s] Level 1:colcon.colcon_core.package_identification:_identify(ros2_ws) by extensions ['colcon_meta']
[1.477s] Level 1:colcon.colcon_core.package_identification:_identify(ros2_ws) by extension 'colcon_meta'
[1.478s] Level 1:colcon.colcon_core.package_identification:_identify(ros2_ws) by extensions ['ros']
[1.478s] Level 1:colcon.colcon_core.package_identification:_identify(ros2_ws) by extension 'ros'
[1.479s] Level 1:colcon.colcon_core.package_identification:_identify(ros2_ws) by extensions ['cmake', 'python']
[1.480s] Level 1:colcon.colcon_core.package_identification:_identify(ros2_ws) by extension 'cmake'
[1.480s] Level 1:colcon.colcon_core.package_identification:_identify(ros2_ws) by extension 'python'
[1.480s] Level 1:colcon.colcon_core.package_identification:_identify(ros2_ws) by extensions ['python_setup_py']
[1.481s] Level 1:colcon.colcon_core.package_identification:_identify(ros2_ws) by extension 'python_setup_py'
[1.482s] Level 1:colcon.colcon_core.package_identification:_identify(ros2_ws/build) by extensions ['ignore', 'ignore_ament_install']
[1.483s] Level 1:colcon.colcon_core.package_identification:_identify(ros2_ws/build) by extension 'ignore'
[1.483s] Level 1:colcon.colcon_core.package_identification:_identify(ros2_ws/build) ignored
[1.484s] Level 1:colcon.colcon_core.package_identification:_identify(ros2_ws/install) by extensions ['ignore', 'ignore_ament_install']
[1.485s] Level 1:colcon.colcon_core.package_identification:_identify(ros2_ws/install) by extension 'ignore'
[1.486s] Level 1:colcon.colcon_core.package_identification:_identify(ros2_ws/install) ignored
[1.487s] Level 1:colcon.colcon_core.package_identification:_identify(ros2_ws/log) by extensions ['ignore', 'ignore_ament_install']
[1.488s] Level 1:colcon.colcon_core.package_identification:_identify(ros2_ws/log) by extension 'ignore'
[1.488s] Level 1:colcon.colcon_core.package_identification:_identify(ros2_ws/log) ignored
[1.489s] Level 1:colcon.colcon_core.package_identification:_identify(ros2_ws/rover_project) by extensions ['ignore', 'ignore_ament_install']
[1.490s] Level 1:colcon.colcon_core.package_identification:_identify(ros2_ws/rover_project) by extension 'ignore'
[1.491s] Level 1:colcon.colcon_core.package_identification:_identify(ros2_ws/rover_project) by extension 'ignore_ament_install'
[1.491s] Level 1:colcon.colcon_core.package_identification:_identify(ros2_ws/rover_project) by extensions ['colcon_pkg']
[1.492s] Level 1:colcon.colcon_core.package_identification:_identify(ros2_ws/rover_project) by extension 'colcon_pkg'
[1.492s] Level 1:colcon.colcon_core.package_identification:_identify(ros2_ws/rover_project) by extensions ['colcon_meta']
[1.492s] Level 1:colcon.colcon_core.package_identification:_identify(ros2_ws/rover_project) by extension 'colcon_meta'
[1.493s] Level 1:colcon.colcon_core.package_identification:_identify(ros2_ws/rover_project) by extensions ['ros']
[1.493s] Level 1:colcon.colcon_core.package_identification:_identify(ros2_ws/rover_project) by extension 'ros'
[1.515s] DEBUG:colcon.colcon_core.package_identification:Package 'ros2_ws/rover_project' with type 'ros.ament_cmake' and name 'rover_project'
[1.516s] Level 1:colcon.colcon_core.package_discovery:discover_packages(recursive) using defaults
[1.516s] Level 1:colcon.colcon_core.package_discovery:discover_packages(ignore) discover
[1.517s] Level 1:colcon.colcon_core.package_discovery:discover_packages(ignore) using defaults
[1.517s] Level 1:colcon.colcon_core.package_discovery:discover_packages(path) discover
[1.517s] Level 1:colcon.colcon_core.package_discovery:discover_packages(path) using defaults
[1.686s] Level 1:colcon.colcon_core.package_discovery:discover_packages(prefix_path) check parameters
[1.687s] Level 1:colcon.colcon_core.package_discovery:discover_packages(prefix_path) discover
[1.718s] DEBUG:colcon.colcon_installed_package_information.package_discovery:Found 581 installed packages in /opt/ros/humble
[1.750s] Level 1:colcon.colcon_core.package_discovery:discover_packages(prefix_path) using defaults
[2.431s] Level 5:colcon.colcon_core.verb:set package 'rover_project' build argument 'cmake_args' from command line to 'None'
[2.431s] Level 5:colcon.colcon_core.verb:set package 'rover_project' build argument 'cmake_target' from command line to 'None'
[2.432s] Level 5:colcon.colcon_core.verb:set package 'rover_project' build argument 'cmake_target_skip_unavailable' from command line to 'False'
[2.432s] Level 5:colcon.colcon_core.verb:set package 'rover_project' build argument 'cmake_clean_cache' from command line to 'False'
[2.432s] Level 5:colcon.colcon_core.verb:set package 'rover_project' build argument 'cmake_clean_first' from command line to 'False'
[2.432s] Level 5:colcon.colcon_core.verb:set package 'rover_project' build argument 'cmake_force_configure' from command line to 'False'
[2.432s] Level 5:colcon.colcon_core.verb:set package 'rover_project' build argument 'ament_cmake_args' from command line to 'None'
[2.433s] Level 5:colcon.colcon_core.verb:set package 'rover_project' build argument 'catkin_cmake_args' from command line to 'None'
[2.433s] Level 5:colcon.colcon_core.verb:set package 'rover_project' build argument 'catkin_skip_building_tests' from command line to 'False'
[2.433s] DEBUG:colcon.colcon_core.verb:Building package 'rover_project' with the following arguments: {'ament_cmake_args': None, 'build_base': '/home/marina/Senior-Design/NavQPlus/build/rover_project', 'catkin_cmake_args': None, 'catkin_skip_building_tests': False, 'cmake_args': None, 'cmake_clean_cache': False, 'cmake_clean_first': False, 'cmake_force_configure': False, 'cmake_target': None, 'cmake_target_skip_unavailable': False, 'install_base': '/home/marina/Senior-Design/NavQPlus/install/rover_project', 'merge_install': False, 'path': '/home/marina/Senior-Design/NavQPlus/ros2_ws/rover_project', 'symlink_install': False, 'test_result_base': None}
[2.435s] INFO:colcon.colcon_core.executor:Executing jobs using 'parallel' executor
[2.442s] DEBUG:colcon.colcon_parallel_executor.executor.parallel:run_until_complete
[2.444s] INFO:colcon.colcon_ros.task.ament_cmake.build:Building ROS package in '/home/marina/Senior-Design/NavQPlus/ros2_ws/rover_project' with build type 'ament_cmake'
[2.445s] INFO:colcon.colcon_cmake.task.cmake.build:Building CMake package in '/home/marina/Senior-Design/NavQPlus/ros2_ws/rover_project'
[2.460s] INFO:colcon.colcon_core.plugin_system:Skipping extension 'colcon_core.shell.bat': Not used on non-Windows systems
[2.461s] INFO:colcon.colcon_core.shell:Skip shell extension 'powershell' for command environment: Not usable outside of PowerShell
[2.461s] DEBUG:colcon.colcon_core.shell:Skip shell extension 'dsv' for command environment
[2.519s] DEBUG:colcon.colcon_core.event_handler.log_command:Invoking command in '/home/marina/Senior-Design/NavQPlus/build/rover_project': CMAKE_PREFIX_PATH=/opt/ros/humble /usr/bin/cmake --build /home/marina/Senior-Design/NavQPlus/build/rover_project -- -j4 -l4
[9.226s] DEBUG:colcon.colcon_core.event_handler.log_command:Invoked command in '/home/marina/Senior-Design/NavQPlus/build/rover_project' returned '0': CMAKE_PREFIX_PATH=/opt/ros/humble /usr/bin/cmake --build /home/marina/Senior-Design/NavQPlus/build/rover_project -- -j4 -l4
[9.284s] DEBUG:colcon.colcon_core.event_handler.log_command:Invoking command in '/home/marina/Senior-Design/NavQPlus/build/rover_project': CMAKE_PREFIX_PATH=/opt/ros/humble /usr/bin/cmake --install /home/marina/Senior-Design/NavQPlus/build/rover_project
[9.737s] Level 1:colcon.colcon_core.environment:create_environment_scripts_only(rover_project)
[9.774s] Level 1:colcon.colcon_core.environment:checking '/home/marina/Senior-Design/NavQPlus/install/rover_project' for CMake module files
[9.799s] Level 1:colcon.colcon_core.environment:checking '/home/marina/Senior-Design/NavQPlus/install/rover_project' for CMake config files
[9.805s] DEBUG:colcon.colcon_core.event_handler.log_command:Invoked command in '/home/marina/Senior-Design/NavQPlus/build/rover_project' returned '0': CMAKE_PREFIX_PATH=/opt/ros/humble /usr/bin/cmake --install /home/marina/Senior-Design/NavQPlus/build/rover_project
[9.809s] Level 1:colcon.colcon_core.shell:create_environment_hook('rover_project', 'cmake_prefix_path')
[9.811s] INFO:colcon.colcon_core.shell:Creating environment hook '/home/marina/Senior-Design/NavQPlus/install/rover_project/share/rover_project/hook/cmake_prefix_path.ps1'
[9.817s] INFO:colcon.colcon_core.shell:Creating environment descriptor '/home/marina/Senior-Design/NavQPlus/install/rover_project/share/rover_project/hook/cmake_prefix_path.dsv'
[9.822s] INFO:colcon.colcon_core.shell:Creating environment hook '/home/marina/Senior-Design/NavQPlus/install/rover_project/share/rover_project/hook/cmake_prefix_path.sh'
[9.829s] Level 1:colcon.colcon_core.environment:checking '/home/marina/Senior-Design/NavQPlus/install/rover_project/lib'
[9.831s] Level 1:colcon.colcon_core.shell:create_environment_hook('rover_project', 'ld_library_path_lib')
[9.833s] INFO:colcon.colcon_core.shell:Creating environment hook '/home/marina/Senior-Design/NavQPlus/install/rover_project/share/rover_project/hook/ld_library_path_lib.ps1'
[9.836s] INFO:colcon.colcon_core.shell:Creating environment descriptor '/home/marina/Senior-Design/NavQPlus/install/rover_project/share/rover_project/hook/ld_library_path_lib.dsv'
[9.839s] INFO:colcon.colcon_core.shell:Creating environment hook '/home/marina/Senior-Design/NavQPlus/install/rover_project/share/rover_project/hook/ld_library_path_lib.sh'
[9.843s] Level 1:colcon.colcon_core.environment:checking '/home/marina/Senior-Design/NavQPlus/install/rover_project/bin'
[9.843s] Level 1:colcon.colcon_core.environment:checking '/home/marina/Senior-Design/NavQPlus/install/rover_project/lib/pkgconfig/rover_project.pc'
[9.846s] Level 1:colcon.colcon_core.environment:checking '/home/marina/Senior-Design/NavQPlus/install/rover_project/lib/python3.10/site-packages'
[9.849s] Level 1:colcon.colcon_core.environment:checking '/home/marina/Senior-Design/NavQPlus/install/rover_project/bin'
[9.853s] INFO:colcon.colcon_core.shell:Creating package script '/home/marina/Senior-Design/NavQPlus/install/rover_project/share/rover_project/package.ps1'
[9.860s] INFO:colcon.colcon_core.shell:Creating package descriptor '/home/marina/Senior-Design/NavQPlus/install/rover_project/share/rover_project/package.dsv'
[9.865s] INFO:colcon.colcon_core.shell:Creating package script '/home/marina/Senior-Design/NavQPlus/install/rover_project/share/rover_project/package.sh'
[9.872s] INFO:colcon.colcon_core.shell:Creating package script '/home/marina/Senior-Design/NavQPlus/install/rover_project/share/rover_project/package.bash'
[9.879s] INFO:colcon.colcon_core.shell:Creating package script '/home/marina/Senior-Design/NavQPlus/install/rover_project/share/rover_project/package.zsh'
[9.886s] Level 1:colcon.colcon_core.environment:create_file_with_runtime_dependencies(/home/marina/Senior-Design/NavQPlus/install/rover_project/share/colcon-core/packages/rover_project)
[9.891s] Level 1:colcon.colcon_core.environment:create_environment_scripts_only(rover_project)
[9.894s] Level 1:colcon.colcon_core.environment:checking '/home/marina/Senior-Design/NavQPlus/install/rover_project' for CMake module files
[9.900s] Level 1:colcon.colcon_core.environment:checking '/home/marina/Senior-Design/NavQPlus/install/rover_project' for CMake config files
[9.904s] Level 1:colcon.colcon_core.shell:create_environment_hook('rover_project', 'cmake_prefix_path')
[9.906s] INFO:colcon.colcon_core.shell:Creating environment hook '/home/marina/Senior-Design/NavQPlus/install/rover_project/share/rover_project/hook/cmake_prefix_path.ps1'
[9.909s] INFO:colcon.colcon_core.shell:Creating environment descriptor '/home/marina/Senior-Design/NavQPlus/install/rover_project/share/rover_project/hook/cmake_prefix_path.dsv'
[9.913s] INFO:colcon.colcon_core.shell:Creating environment hook '/home/marina/Senior-Design/NavQPlus/install/rover_project/share/rover_project/hook/cmake_prefix_path.sh'
[9.918s] Level 1:colcon.colcon_core.environment:checking '/home/marina/Senior-Design/NavQPlus/install/rover_project/lib'
[9.919s] Level 1:colcon.colcon_core.shell:create_environment_hook('rover_project', 'ld_library_path_lib')
[9.921s] INFO:colcon.colcon_core.shell:Creating environment hook '/home/marina/Senior-Design/NavQPlus/install/rover_project/share/rover_project/hook/ld_library_path_lib.ps1'
[9.925s] INFO:colcon.colcon_core.shell:Creating environment descriptor '/home/marina/Senior-Design/NavQPlus/install/rover_project/share/rover_project/hook/ld_library_path_lib.dsv'
[9.928s] INFO:colcon.colcon_core.shell:Creating environment hook '/home/marina/Senior-Design/NavQPlus/install/rover_project/share/rover_project/hook/ld_library_path_lib.sh'
[9.931s] Level 1:colcon.colcon_core.environment:checking '/home/marina/Senior-Design/NavQPlus/install/rover_project/bin'
[9.932s] Level 1:colcon.colcon_core.environment:checking '/home/marina/Senior-Design/NavQPlus/install/rover_project/lib/pkgconfig/rover_project.pc'
[9.934s] Level 1:colcon.colcon_core.environment:checking '/home/marina/Senior-Design/NavQPlus/install/rover_project/lib/python3.10/site-packages'
[9.938s] Level 1:colcon.colcon_core.environment:checking '/home/marina/Senior-Design/NavQPlus/install/rover_project/bin'
[9.941s] INFO:colcon.colcon_core.shell:Creating package script '/home/marina/Senior-Design/NavQPlus/install/rover_project/share/rover_project/package.ps1'
[9.946s] INFO:colcon.colcon_core.shell:Creating package descriptor '/home/marina/Senior-Design/NavQPlus/install/rover_project/share/rover_project/package.dsv'
[9.951s] INFO:colcon.colcon_core.shell:Creating package script '/home/marina/Senior-Design/NavQPlus/install/rover_project/share/rover_project/package.sh'
[9.955s] INFO:colcon.colcon_core.shell:Creating package script '/home/marina/Senior-Design/NavQPlus/install/rover_project/share/rover_project/package.bash'
[9.959s] INFO:colcon.colcon_core.shell:Creating package script '/home/marina/Senior-Design/NavQPlus/install/rover_project/share/rover_project/package.zsh'
[9.963s] Level 1:colcon.colcon_core.environment:create_file_with_runtime_dependencies(/home/marina/Senior-Design/NavQPlus/install/rover_project/share/colcon-core/packages/rover_project)
[9.965s] DEBUG:colcon.colcon_parallel_executor.executor.parallel:closing loop
[9.967s] DEBUG:colcon.colcon_parallel_executor.executor.parallel:loop closed
[9.968s] DEBUG:colcon.colcon_parallel_executor.executor.parallel:run_until_complete finished with '0'
[9.968s] DEBUG:colcon.colcon_core.event_reactor:joining thread
[10.005s] INFO:colcon.colcon_core.plugin_system:Skipping extension 'colcon_notification.desktop_notification.terminal_notifier': Not used on non-Darwin systems
[10.006s] INFO:colcon.colcon_core.plugin_system:Skipping extension 'colcon_notification.desktop_notification.win32': Not used on non-Windows systems
[10.006s] INFO:colcon.colcon_notification.desktop_notification:Sending desktop notification using 'notify2'
[18.045s] DEBUG:colcon.colcon_notification.desktop_notification.notify2:Failed to initialize notify2: org.freedesktop.DBus.Error.TimedOut: Failed to activate service 'org.freedesktop.Notifications': timed out (service_start_timeout=120000ms)
[18.046s] DEBUG:colcon.colcon_core.event_reactor:joined thread
[18.048s] INFO:colcon.colcon_core.shell:Creating prefix script '/home/marina/Senior-Design/NavQPlus/install/local_setup.ps1'
[18.062s] INFO:colcon.colcon_core.shell:Creating prefix util module '/home/marina/Senior-Design/NavQPlus/install/_local_setup_util_ps1.py'
[18.075s] INFO:colcon.colcon_core.shell:Creating prefix chain script '/home/marina/Senior-Design/NavQPlus/install/setup.ps1'
[18.084s] INFO:colcon.colcon_core.shell:Creating prefix script '/home/marina/Senior-Design/NavQPlus/install/local_setup.sh'
[18.089s] INFO:colcon.colcon_core.shell:Creating prefix util module '/home/marina/Senior-Design/NavQPlus/install/_local_setup_util_sh.py'
[18.094s] INFO:colcon.colcon_core.shell:Creating prefix chain script '/home/marina/Senior-Design/NavQPlus/install/setup.sh'
[18.103s] INFO:colcon.colcon_core.shell:Creating prefix script '/home/marina/Senior-Design/NavQPlus/install/local_setup.bash'
[18.107s] INFO:colcon.colcon_core.shell:Creating prefix chain script '/home/marina/Senior-Design/NavQPlus/install/setup.bash'
[18.115s] INFO:colcon.colcon_core.shell:Creating prefix script '/home/marina/Senior-Design/NavQPlus/install/local_setup.zsh'
[18.120s] INFO:colcon.colcon_core.shell:Creating prefix chain script '/home/marina/Senior-Design/NavQPlus/install/setup.zsh'
