[0.068s] Invoking command in '/home/marina/Senior-Design/NavQPlus/build/rover_project': CMAKE_PREFIX_PATH=/opt/ros/humble /usr/bin/cmake /home/marina/Senior-Design/NavQPlus/ros2_ws/rover_project -DCMAKE_INSTALL_PREFIX=/home/marina/Senior-Design/NavQPlus/install/rover_project
[0.420s] -- The C compiler identification is GNU 11.4.0
[0.789s] -- The CXX compiler identification is GNU 11.4.0
[0.833s] -- Detecting C compiler ABI info
[1.238s] -- Detecting C compiler ABI info - done
[1.302s] -- Check for working C compiler: /usr/bin/cc - skipped
[1.303s] -- Detecting C compile features
[1.306s] -- Detecting C compile features - done
[1.328s] -- Detecting CXX compiler ABI info
[1.797s] -- Detecting CXX compiler ABI info - done
[1.865s] -- Check for working CXX compiler: /usr/bin/c++ - skipped
[1.867s] -- Detecting CXX compile features
[1.870s] -- Detecting CXX compile features - done
[1.893s] -- Found ament_cmake: 1.3.12 (/opt/ros/humble/share/ament_cmake/cmake)
[4.932s] -- Found Python3: /usr/bin/python3 (found version "3.10.12") found components: Interpreter 
[5.729s] -- Found rosidl_default_generators: 1.2.0 (/opt/ros/humble/share/rosidl_default_generators/cmake)
[5.758s] -- Using all available rosidl_typesupport_c: rosidl_typesupport_fastrtps_c;rosidl_typesupport_introspection_c
[5.830s] -- Found rosidl_adapter: 3.1.8 (/opt/ros/humble/share/rosidl_adapter/cmake)
[6.196s] -- Using all available rosidl_typesupport_cpp: rosidl_typesupport_fastrtps_cpp;rosidl_typesupport_introspection_cpp
[8.815s] -- Found ament_cmake_ros: 0.10.0 (/opt/ros/humble/share/ament_cmake_ros/cmake)
[10.209s] -- Using all available rosidl_typesupport_c: rosidl_typesupport_fastrtps_c;rosidl_typesupport_introspection_c
[11.970s] -- Using all available rosidl_typesupport_cpp: rosidl_typesupport_fastrtps_cpp;rosidl_typesupport_introspection_cpp
[12.135s] -- Found PythonInterp: /usr/bin/python3 (found suitable version "3.10.12", minimum required is "3.6") 
[12.153s] -- Found python_cmake_module: 0.10.0 (/opt/ros/humble/share/python_cmake_module/cmake)
[12.350s] -- Found PythonLibs: /usr/lib/aarch64-linux-gnu/libpython3.10.so (found suitable version "3.10.12", minimum required is "3.5") 
[12.351s] -- Using PYTHON_EXECUTABLE: /usr/bin/python3
[12.351s] -- Using PYTHON_INCLUDE_DIRS: /usr/include/python3.10
[12.352s] -- Using PYTHON_LIBRARIES: /usr/lib/aarch64-linux-gnu/libpython3.10.so
[12.510s] -- Found PythonExtra: .so  
[12.776s] -- Configuring done
[13.011s] -- Generating done
[13.094s] -- Build files have been written to: /home/marina/Senior-Design/NavQPlus/build/rover_project
[13.156s] Invoked command in '/home/marina/Senior-Design/NavQPlus/build/rover_project' returned '0': CMAKE_PREFIX_PATH=/opt/ros/humble /usr/bin/cmake /home/marina/Senior-Design/NavQPlus/ros2_ws/rover_project -DCMAKE_INSTALL_PREFIX=/home/marina/Senior-Design/NavQPlus/install/rover_project
[13.169s] Invoking command in '/home/marina/Senior-Design/NavQPlus/build/rover_project': CMAKE_PREFIX_PATH=/opt/ros/humble /usr/bin/cmake --build /home/marina/Senior-Design/NavQPlus/build/rover_project -- -j4 -l4
[13.382s] [  1%] [34m[1mGenerating C code for ROS interfaces[0m
[13.432s] [  3%] [34m[1mGenerating C++ code for ROS interfaces[0m
[13.483s] [  3%] Built target ament_cmake_python_copy_rover_project
[16.105s] running egg_info
[16.364s] creating rover_project.egg-info
[16.365s] writing rover_project.egg-info/PKG-INFO
[16.368s] writing dependency_links to rover_project.egg-info/dependency_links.txt
[16.371s] writing top-level names to rover_project.egg-info/top_level.txt
[18.839s] writing manifest file 'rover_project.egg-info/SOURCES.txt'
[19.747s] reading manifest file 'rover_project.egg-info/SOURCES.txt'
[19.756s] writing manifest file 'rover_project.egg-info/SOURCES.txt'
[20.099s] [  3%] Built target ament_cmake_python_build_rover_project_egg
[21.294s] [  4%] [32mBuilding C object CMakeFiles/rover_project__rosidl_generator_c.dir/rosidl_generator_c/rover_project/msg/detail/proximity__functions.c.o[0m
[21.315s] [  6%] [32mBuilding C object CMakeFiles/rover_project__rosidl_generator_c.dir/rosidl_generator_c/rover_project/msg/detail/gps_fix__functions.c.o[0m
[21.321s] [  7%] [32mBuilding C object CMakeFiles/rover_project__rosidl_generator_c.dir/rosidl_generator_c/rover_project/msg/detail/imu_orientation__functions.c.o[0m
[21.342s] [  7%] Built target rover_project__cpp
[21.401s] [  9%] [32mBuilding C object CMakeFiles/rover_project__rosidl_generator_c.dir/rosidl_generator_c/rover_project/msg/detail/nav_goal__functions.c.o[0m
[21.653s] [ 11%] [34m[1mGenerating C++ type support dispatch for ROS interfaces[0m
[21.656s] [ 12%] [34m[1mGenerating C++ type support for eProsima Fast-RTPS[0m
[21.666s] [ 14%] [34m[1mGenerating C++ introspection for ROS interfaces[0m
[21.766s] [ 15%] [32mBuilding C object CMakeFiles/rover_project__rosidl_generator_c.dir/rosidl_generator_c/rover_project/msg/detail/waypoint_list__functions.c.o[0m
[22.137s] [ 17%] [32m[1mLinking C shared library librover_project__rosidl_generator_c.so[0m
[22.434s] [ 17%] Built target rover_project__rosidl_generator_c
[22.496s] [ 19%] [34m[1mGenerating C type support for eProsima Fast-RTPS[0m
[28.118s] [ 20%] [32mBuilding CXX object CMakeFiles/rover_project__rosidl_typesupport_cpp.dir/rosidl_typesupport_cpp/rover_project/msg/proximity__type_support.cpp.o[0m
[28.694s] [ 22%] [32mBuilding CXX object CMakeFiles/rover_project__rosidl_typesupport_introspection_cpp.dir/rosidl_typesupport_introspection_cpp/rover_project/msg/detail/proximity__type_support.cpp.o[0m
[29.411s] [ 23%] [32mBuilding CXX object CMakeFiles/rover_project__rosidl_typesupport_fastrtps_cpp.dir/rosidl_typesupport_fastrtps_cpp/rover_project/msg/detail/dds_fastrtps/proximity__type_support.cpp.o[0m
[30.113s] [ 25%] [32mBuilding CXX object CMakeFiles/rover_project__rosidl_typesupport_fastrtps_c.dir/rosidl_typesupport_fastrtps_c/rover_project/msg/detail/proximity__type_support_c.cpp.o[0m
[30.636s] [ 26%] [32mBuilding CXX object CMakeFiles/rover_project__rosidl_typesupport_cpp.dir/rosidl_typesupport_cpp/rover_project/msg/gps_fix__type_support.cpp.o[0m
[32.305s] [ 28%] [32mBuilding CXX object CMakeFiles/rover_project__rosidl_typesupport_introspection_cpp.dir/rosidl_typesupport_introspection_cpp/rover_project/msg/detail/gps_fix__type_support.cpp.o[0m
[33.018s] [ 30%] [32mBuilding CXX object CMakeFiles/rover_project__rosidl_typesupport_fastrtps_cpp.dir/rosidl_typesupport_fastrtps_cpp/rover_project/msg/detail/dds_fastrtps/gps_fix__type_support.cpp.o[0m
[33.121s] [ 31%] [32mBuilding CXX object CMakeFiles/rover_project__rosidl_typesupport_fastrtps_c.dir/rosidl_typesupport_fastrtps_c/rover_project/msg/detail/gps_fix__type_support_c.cpp.o[0m
[33.179s] [ 33%] [32mBuilding CXX object CMakeFiles/rover_project__rosidl_typesupport_cpp.dir/rosidl_typesupport_cpp/rover_project/msg/imu_orientation__type_support.cpp.o[0m
[35.467s] [ 34%] [32mBuilding CXX object CMakeFiles/rover_project__rosidl_typesupport_cpp.dir/rosidl_typesupport_cpp/rover_project/msg/nav_goal__type_support.cpp.o[0m
[35.909s] [ 36%] [32mBuilding CXX object CMakeFiles/rover_project__rosidl_typesupport_introspection_cpp.dir/rosidl_typesupport_introspection_cpp/rover_project/msg/detail/imu_orientation__type_support.cpp.o[0m
[36.286s] [ 38%] [32mBuilding CXX object CMakeFiles/rover_project__rosidl_typesupport_fastrtps_c.dir/rosidl_typesupport_fastrtps_c/rover_project/msg/detail/imu_orientation__type_support_c.cpp.o[0m
[36.747s] [ 39%] [32mBuilding CXX object CMakeFiles/rover_project__rosidl_typesupport_fastrtps_cpp.dir/rosidl_typesupport_fastrtps_cpp/rover_project/msg/detail/dds_fastrtps/imu_orientation__type_support.cpp.o[0m
[37.799s] [ 41%] [32mBuilding CXX object CMakeFiles/rover_project__rosidl_typesupport_cpp.dir/rosidl_typesupport_cpp/rover_project/msg/waypoint_list__type_support.cpp.o[0m
[39.344s] [ 42%] [32mBuilding CXX object CMakeFiles/rover_project__rosidl_typesupport_introspection_cpp.dir/rosidl_typesupport_introspection_cpp/rover_project/msg/detail/nav_goal__type_support.cpp.o[0m
[39.453s] [ 44%] [32mBuilding CXX object CMakeFiles/rover_project__rosidl_typesupport_fastrtps_c.dir/rosidl_typesupport_fastrtps_c/rover_project/msg/detail/nav_goal__type_support_c.cpp.o[0m
[40.321s] [ 46%] [32m[1mLinking CXX shared library librover_project__rosidl_typesupport_cpp.so[0m
[40.366s] [ 47%] [32mBuilding CXX object CMakeFiles/rover_project__rosidl_typesupport_fastrtps_cpp.dir/rosidl_typesupport_fastrtps_cpp/rover_project/msg/detail/dds_fastrtps/nav_goal__type_support.cpp.o[0m
[40.598s] [ 47%] Built target rover_project__rosidl_typesupport_cpp
[40.653s] [ 49%] [32mBuilding CXX object CMakeFiles/rover_project__rosidl_typesupport_fastrtps_cpp.dir/rosidl_typesupport_fastrtps_cpp/rover_project/msg/detail/dds_fastrtps/waypoint_list__type_support.cpp.o[0m
[42.588s] [ 50%] [32mBuilding CXX object CMakeFiles/rover_project__rosidl_typesupport_fastrtps_c.dir/rosidl_typesupport_fastrtps_c/rover_project/msg/detail/waypoint_list__type_support_c.cpp.o[0m
[42.779s] [ 52%] [32mBuilding CXX object CMakeFiles/rover_project__rosidl_typesupport_introspection_cpp.dir/rosidl_typesupport_introspection_cpp/rover_project/msg/detail/waypoint_list__type_support.cpp.o[0m
[43.964s] [ 53%] [34m[1mGenerating C introspection for ROS interfaces[0m
[45.219s] [ 55%] [32m[1mLinking CXX shared library librover_project__rosidl_typesupport_fastrtps_cpp.so[0m
[45.886s] [ 57%] [32m[1mLinking CXX shared library librover_project__rosidl_typesupport_fastrtps_c.so[0m
[45.921s] [ 57%] Built target rover_project__rosidl_typesupport_fastrtps_cpp
[45.983s] [ 58%] [34m[1mGenerating C type support dispatch for ROS interfaces[0m
[46.536s] [ 58%] Built target rover_project__rosidl_typesupport_fastrtps_c
[46.908s] [ 60%] [32m[1mLinking CXX shared library librover_project__rosidl_typesupport_introspection_cpp.so[0m
[47.430s] [ 60%] Built target rover_project__rosidl_typesupport_introspection_cpp
[50.784s] [ 63%] [32mBuilding C object CMakeFiles/rover_project__rosidl_typesupport_introspection_c.dir/rosidl_typesupport_introspection_c/rover_project/msg/detail/gps_fix__type_support.c.o[0m
[50.785s] [ 63%] [32mBuilding C object CMakeFiles/rover_project__rosidl_typesupport_introspection_c.dir/rosidl_typesupport_introspection_c/rover_project/msg/detail/imu_orientation__type_support.c.o[0m
[50.787s] [ 65%] [32mBuilding C object CMakeFiles/rover_project__rosidl_typesupport_introspection_c.dir/rosidl_typesupport_introspection_c/rover_project/msg/detail/proximity__type_support.c.o[0m
[50.993s] [ 66%] [32mBuilding C object CMakeFiles/rover_project__rosidl_typesupport_introspection_c.dir/rosidl_typesupport_introspection_c/rover_project/msg/detail/nav_goal__type_support.c.o[0m
[51.004s] [ 68%] [32mBuilding C object CMakeFiles/rover_project__rosidl_typesupport_introspection_c.dir/rosidl_typesupport_introspection_c/rover_project/msg/detail/waypoint_list__type_support.c.o[0m
[51.246s] [ 69%] [32m[1mLinking C shared library librover_project__rosidl_typesupport_introspection_c.so[0m
[51.411s] [ 69%] Built target rover_project__rosidl_typesupport_introspection_c
[51.735s] [ 73%] [32mBuilding CXX object CMakeFiles/rover_project__rosidl_typesupport_c.dir/rosidl_typesupport_c/rover_project/msg/proximity__type_support.cpp.o[0m
[51.736s] [ 73%] [32mBuilding CXX object CMakeFiles/rover_project__rosidl_typesupport_c.dir/rosidl_typesupport_c/rover_project/msg/gps_fix__type_support.cpp.o[0m
[51.738s] [ 74%] [32mBuilding CXX object CMakeFiles/rover_project__rosidl_typesupport_c.dir/rosidl_typesupport_c/rover_project/msg/imu_orientation__type_support.cpp.o[0m
[51.740s] [ 76%] [32mBuilding CXX object CMakeFiles/rover_project__rosidl_typesupport_c.dir/rosidl_typesupport_c/rover_project/msg/nav_goal__type_support.cpp.o[0m
[51.914s] [ 77%] [32mBuilding CXX object CMakeFiles/rover_project__rosidl_typesupport_c.dir/rosidl_typesupport_c/rover_project/msg/waypoint_list__type_support.cpp.o[0m
[52.086s] [ 79%] [32m[1mLinking CXX shared library librover_project__rosidl_typesupport_c.so[0m
[52.299s] [ 79%] Built target rover_project__rosidl_typesupport_c
[52.393s] [ 79%] Built target rover_project
[52.490s] [ 80%] [34m[1mGenerating Python code for ROS interfaces[0m
[64.341s] [ 80%] Built target rover_project__py
[64.442s] [ 84%] [32mBuilding C object CMakeFiles/rover_project__rosidl_generator_py.dir/rosidl_generator_py/rover_project/msg/_gps_fix_s.c.o[0m
[64.443s] [ 84%] [32mBuilding C object CMakeFiles/rover_project__rosidl_generator_py.dir/rosidl_generator_py/rover_project/msg/_proximity_s.c.o[0m
[64.446s] [ 85%] [32mBuilding C object CMakeFiles/rover_project__rosidl_generator_py.dir/rosidl_generator_py/rover_project/msg/_nav_goal_s.c.o[0m
[64.450s] [ 87%] [32mBuilding C object CMakeFiles/rover_project__rosidl_generator_py.dir/rosidl_generator_py/rover_project/msg/_imu_orientation_s.c.o[0m
[65.239s] [ 88%] [32mBuilding C object CMakeFiles/rover_project__rosidl_generator_py.dir/rosidl_generator_py/rover_project/msg/_waypoint_list_s.c.o[0m
[66.079s] [ 90%] [32m[1mLinking C shared library rosidl_generator_py/rover_project/librover_project__rosidl_generator_py.so[0m
[66.335s] [ 90%] Built target rover_project__rosidl_generator_py
[66.435s] [ 93%] [32mBuilding C object CMakeFiles/rover_project__rosidl_typesupport_c__pyext.dir/rosidl_generator_py/rover_project/_rover_project_s.ep.rosidl_typesupport_c.c.o[0m
[66.436s] [ 95%] [32mBuilding C object CMakeFiles/rover_project__rosidl_typesupport_fastrtps_c__pyext.dir/rosidl_generator_py/rover_project/_rover_project_s.ep.rosidl_typesupport_fastrtps_c.c.o[0m
[66.438s] [ 95%] [32mBuilding C object CMakeFiles/rover_project__rosidl_typesupport_introspection_c__pyext.dir/rosidl_generator_py/rover_project/_rover_project_s.ep.rosidl_typesupport_introspection_c.c.o[0m
[67.184s] [ 96%] [32m[1mLinking C shared library rosidl_generator_py/rover_project/rover_project_s__rosidl_typesupport_introspection_c.cpython-310-aarch64-linux-gnu.so[0m
[67.194s] [ 98%] [32m[1mLinking C shared library rosidl_generator_py/rover_project/rover_project_s__rosidl_typesupport_fastrtps_c.cpython-310-aarch64-linux-gnu.so[0m
[67.205s] [100%] [32m[1mLinking C shared library rosidl_generator_py/rover_project/rover_project_s__rosidl_typesupport_c.cpython-310-aarch64-linux-gnu.so[0m
[67.411s] [100%] Built target rover_project__rosidl_typesupport_introspection_c__pyext
[67.424s] [100%] Built target rover_project__rosidl_typesupport_c__pyext
[67.425s] [100%] Built target rover_project__rosidl_typesupport_fastrtps_c__pyext
[67.487s] Invoked command in '/home/marina/Senior-Design/NavQPlus/build/rover_project' returned '0': CMAKE_PREFIX_PATH=/opt/ros/humble /usr/bin/cmake --build /home/marina/Senior-Design/NavQPlus/build/rover_project -- -j4 -l4
[67.539s] Invoking command in '/home/marina/Senior-Design/NavQPlus/build/rover_project': CMAKE_PREFIX_PATH=/opt/ros/humble /usr/bin/cmake --install /home/marina/Senior-Design/NavQPlus/build/rover_project
[67.581s] -- Install configuration: ""
[67.583s] -- Installing: /home/marina/Senior-Design/NavQPlus/install/rover_project/share/ament_index/resource_index/rosidl_interfaces/rover_project
[67.584s] -- Installing: /home/marina/Senior-Design/NavQPlus/install/rover_project/include/rover_project/rover_project
[67.585s] -- Installing: /home/marina/Senior-Design/NavQPlus/install/rover_project/include/rover_project/rover_project/msg
[67.586s] -- Installing: /home/marina/Senior-Design/NavQPlus/install/rover_project/include/rover_project/rover_project/msg/rosidl_generator_c__visibility_control.h
[67.587s] -- Installing: /home/marina/Senior-Design/NavQPlus/install/rover_project/include/rover_project/rover_project/msg/gps_fix.h
[67.588s] -- Installing: /home/marina/Senior-Design/NavQPlus/install/rover_project/include/rover_project/rover_project/msg/detail
[67.590s] -- Installing: /home/marina/Senior-Design/NavQPlus/install/rover_project/include/rover_project/rover_project/msg/detail/gps_fix__functions.h
[67.590s] -- Installing: /home/marina/Senior-Design/NavQPlus/install/rover_project/include/rover_project/rover_project/msg/detail/imu_orientation__type_support.h
[67.591s] -- Installing: /home/marina/Senior-Design/NavQPlus/install/rover_project/include/rover_project/rover_project/msg/detail/proximity__functions.h
[67.593s] -- Installing: /home/marina/Senior-Design/NavQPlus/install/rover_project/include/rover_project/rover_project/msg/detail/waypoint_list__struct.h
[67.594s] -- Installing: /home/marina/Senior-Design/NavQPlus/install/rover_project/include/rover_project/rover_project/msg/detail/nav_goal__type_support.h
[67.595s] -- Installing: /home/marina/Senior-Design/NavQPlus/install/rover_project/include/rover_project/rover_project/msg/detail/proximity__functions.c
[67.596s] -- Installing: /home/marina/Senior-Design/NavQPlus/install/rover_project/include/rover_project/rover_project/msg/detail/waypoint_list__functions.c
[67.597s] -- Installing: /home/marina/Senior-Design/NavQPlus/install/rover_project/include/rover_project/rover_project/msg/detail/imu_orientation__functions.h
[67.598s] -- Installing: /home/marina/Senior-Design/NavQPlus/install/rover_project/include/rover_project/rover_project/msg/detail/imu_orientation__struct.h
[67.599s] -- Installing: /home/marina/Senior-Design/NavQPlus/install/rover_project/include/rover_project/rover_project/msg/detail/waypoint_list__functions.h
[67.600s] -- Installing: /home/marina/Senior-Design/NavQPlus/install/rover_project/include/rover_project/rover_project/msg/detail/gps_fix__functions.c
[67.601s] -- Installing: /home/marina/Senior-Design/NavQPlus/install/rover_project/include/rover_project/rover_project/msg/detail/gps_fix__type_support.h
[67.602s] -- Installing: /home/marina/Senior-Design/NavQPlus/install/rover_project/include/rover_project/rover_project/msg/detail/nav_goal__functions.h
[67.603s] -- Installing: /home/marina/Senior-Design/NavQPlus/install/rover_project/include/rover_project/rover_project/msg/detail/nav_goal__struct.h
[67.604s] -- Installing: /home/marina/Senior-Design/NavQPlus/install/rover_project/include/rover_project/rover_project/msg/detail/waypoint_list__type_support.h
[67.605s] -- Installing: /home/marina/Senior-Design/NavQPlus/install/rover_project/include/rover_project/rover_project/msg/detail/imu_orientation__functions.c
[67.606s] -- Installing: /home/marina/Senior-Design/NavQPlus/install/rover_project/include/rover_project/rover_project/msg/detail/proximity__type_support.h
[67.607s] -- Installing: /home/marina/Senior-Design/NavQPlus/install/rover_project/include/rover_project/rover_project/msg/detail/proximity__struct.h
[67.608s] -- Installing: /home/marina/Senior-Design/NavQPlus/install/rover_project/include/rover_project/rover_project/msg/detail/gps_fix__struct.h
[67.609s] -- Installing: /home/marina/Senior-Design/NavQPlus/install/rover_project/include/rover_project/rover_project/msg/detail/nav_goal__functions.c
[67.610s] -- Installing: /home/marina/Senior-Design/NavQPlus/install/rover_project/include/rover_project/rover_project/msg/imu_orientation.h
[67.611s] -- Installing: /home/marina/Senior-Design/NavQPlus/install/rover_project/include/rover_project/rover_project/msg/nav_goal.h
[67.612s] -- Installing: /home/marina/Senior-Design/NavQPlus/install/rover_project/include/rover_project/rover_project/msg/proximity.h
[67.613s] -- Installing: /home/marina/Senior-Design/NavQPlus/install/rover_project/include/rover_project/rover_project/msg/waypoint_list.h
[67.614s] -- Installing: /home/marina/Senior-Design/NavQPlus/install/rover_project/share/rover_project/environment/library_path.sh
[67.615s] -- Installing: /home/marina/Senior-Design/NavQPlus/install/rover_project/share/rover_project/environment/library_path.dsv
[67.616s] -- Installing: /home/marina/Senior-Design/NavQPlus/install/rover_project/lib/librover_project__rosidl_generator_c.so
[67.617s] -- Set runtime path of "/home/marina/Senior-Design/NavQPlus/install/rover_project/lib/librover_project__rosidl_generator_c.so" to ""
[67.619s] -- Up-to-date: /home/marina/Senior-Design/NavQPlus/install/rover_project/include/rover_project/rover_project
[67.621s] -- Up-to-date: /home/marina/Senior-Design/NavQPlus/install/rover_project/include/rover_project/rover_project/msg
[67.622s] -- Up-to-date: /home/marina/Senior-Design/NavQPlus/install/rover_project/include/rover_project/rover_project/msg/detail
[67.623s] -- Installing: /home/marina/Senior-Design/NavQPlus/install/rover_project/include/rover_project/rover_project/msg/detail/imu_orientation__rosidl_typesupport_fastrtps_c.h
[67.624s] -- Installing: /home/marina/Senior-Design/NavQPlus/install/rover_project/include/rover_project/rover_project/msg/detail/nav_goal__rosidl_typesupport_fastrtps_c.h
[67.625s] -- Installing: /home/marina/Senior-Design/NavQPlus/install/rover_project/include/rover_project/rover_project/msg/detail/waypoint_list__rosidl_typesupport_fastrtps_c.h
[67.626s] -- Installing: /home/marina/Senior-Design/NavQPlus/install/rover_project/include/rover_project/rover_project/msg/detail/proximity__rosidl_typesupport_fastrtps_c.h
[67.635s] -- Installing: /home/marina/Senior-Design/NavQPlus/install/rover_project/include/rover_project/rover_project/msg/detail/gps_fix__rosidl_typesupport_fastrtps_c.h
[67.636s] -- Installing: /home/marina/Senior-Design/NavQPlus/install/rover_project/include/rover_project/rover_project/msg/rosidl_typesupport_fastrtps_c__visibility_control.h
[67.637s] -- Installing: /home/marina/Senior-Design/NavQPlus/install/rover_project/lib/librover_project__rosidl_typesupport_fastrtps_c.so
[67.638s] -- Set runtime path of "/home/marina/Senior-Design/NavQPlus/install/rover_project/lib/librover_project__rosidl_typesupport_fastrtps_c.so" to ""
[67.639s] -- Up-to-date: /home/marina/Senior-Design/NavQPlus/install/rover_project/include/rover_project/rover_project
[67.640s] -- Up-to-date: /home/marina/Senior-Design/NavQPlus/install/rover_project/include/rover_project/rover_project/msg
[67.641s] -- Installing: /home/marina/Senior-Design/NavQPlus/install/rover_project/include/rover_project/rover_project/msg/rosidl_typesupport_introspection_c__visibility_control.h
[67.642s] -- Up-to-date: /home/marina/Senior-Design/NavQPlus/install/rover_project/include/rover_project/rover_project/msg/detail
[67.643s] -- Installing: /home/marina/Senior-Design/NavQPlus/install/rover_project/include/rover_project/rover_project/msg/detail/imu_orientation__rosidl_typesupport_introspection_c.h
[67.644s] -- Installing: /home/marina/Senior-Design/NavQPlus/install/rover_project/include/rover_project/rover_project/msg/detail/gps_fix__rosidl_typesupport_introspection_c.h
[67.645s] -- Installing: /home/marina/Senior-Design/NavQPlus/install/rover_project/include/rover_project/rover_project/msg/detail/nav_goal__type_support.c
[67.646s] -- Installing: /home/marina/Senior-Design/NavQPlus/install/rover_project/include/rover_project/rover_project/msg/detail/waypoint_list__rosidl_typesupport_introspection_c.h
[67.647s] -- Installing: /home/marina/Senior-Design/NavQPlus/install/rover_project/include/rover_project/rover_project/msg/detail/gps_fix__type_support.c
[67.648s] -- Installing: /home/marina/Senior-Design/NavQPlus/install/rover_project/include/rover_project/rover_project/msg/detail/waypoint_list__type_support.c
[67.650s] -- Installing: /home/marina/Senior-Design/NavQPlus/install/rover_project/include/rover_project/rover_project/msg/detail/nav_goal__rosidl_typesupport_introspection_c.h
[67.651s] -- Installing: /home/marina/Senior-Design/NavQPlus/install/rover_project/include/rover_project/rover_project/msg/detail/proximity__rosidl_typesupport_introspection_c.h
[67.652s] -- Installing: /home/marina/Senior-Design/NavQPlus/install/rover_project/include/rover_project/rover_project/msg/detail/proximity__type_support.c
[67.654s] -- Installing: /home/marina/Senior-Design/NavQPlus/install/rover_project/include/rover_project/rover_project/msg/detail/imu_orientation__type_support.c
[67.655s] -- Installing: /home/marina/Senior-Design/NavQPlus/install/rover_project/lib/librover_project__rosidl_typesupport_introspection_c.so
[67.656s] -- Set runtime path of "/home/marina/Senior-Design/NavQPlus/install/rover_project/lib/librover_project__rosidl_typesupport_introspection_c.so" to ""
[67.657s] -- Installing: /home/marina/Senior-Design/NavQPlus/install/rover_project/lib/librover_project__rosidl_typesupport_c.so
[67.658s] -- Set runtime path of "/home/marina/Senior-Design/NavQPlus/install/rover_project/lib/librover_project__rosidl_typesupport_c.so" to ""
[67.659s] -- Up-to-date: /home/marina/Senior-Design/NavQPlus/install/rover_project/include/rover_project/rover_project
[67.660s] -- Up-to-date: /home/marina/Senior-Design/NavQPlus/install/rover_project/include/rover_project/rover_project/msg
[67.661s] -- Installing: /home/marina/Senior-Design/NavQPlus/install/rover_project/include/rover_project/rover_project/msg/rosidl_generator_cpp__visibility_control.hpp
[67.662s] -- Installing: /home/marina/Senior-Design/NavQPlus/install/rover_project/include/rover_project/rover_project/msg/proximity.hpp
[67.663s] -- Up-to-date: /home/marina/Senior-Design/NavQPlus/install/rover_project/include/rover_project/rover_project/msg/detail
[67.664s] -- Installing: /home/marina/Senior-Design/NavQPlus/install/rover_project/include/rover_project/rover_project/msg/detail/proximity__type_support.hpp
[67.665s] -- Installing: /home/marina/Senior-Design/NavQPlus/install/rover_project/include/rover_project/rover_project/msg/detail/waypoint_list__type_support.hpp
[67.666s] -- Installing: /home/marina/Senior-Design/NavQPlus/install/rover_project/include/rover_project/rover_project/msg/detail/gps_fix__type_support.hpp
[67.667s] -- Installing: /home/marina/Senior-Design/NavQPlus/install/rover_project/include/rover_project/rover_project/msg/detail/nav_goal__type_support.hpp
[67.668s] -- Installing: /home/marina/Senior-Design/NavQPlus/install/rover_project/include/rover_project/rover_project/msg/detail/imu_orientation__type_support.hpp
[67.669s] -- Installing: /home/marina/Senior-Design/NavQPlus/install/rover_project/include/rover_project/rover_project/msg/detail/nav_goal__struct.hpp
[67.670s] -- Installing: /home/marina/Senior-Design/NavQPlus/install/rover_project/include/rover_project/rover_project/msg/detail/waypoint_list__traits.hpp
[67.671s] -- Installing: /home/marina/Senior-Design/NavQPlus/install/rover_project/include/rover_project/rover_project/msg/detail/proximity__builder.hpp
[67.672s] -- Installing: /home/marina/Senior-Design/NavQPlus/install/rover_project/include/rover_project/rover_project/msg/detail/imu_orientation__builder.hpp
[67.673s] -- Installing: /home/marina/Senior-Design/NavQPlus/install/rover_project/include/rover_project/rover_project/msg/detail/proximity__traits.hpp
[67.674s] -- Installing: /home/marina/Senior-Design/NavQPlus/install/rover_project/include/rover_project/rover_project/msg/detail/waypoint_list__struct.hpp
[67.675s] -- Installing: /home/marina/Senior-Design/NavQPlus/install/rover_project/include/rover_project/rover_project/msg/detail/imu_orientation__struct.hpp
[67.676s] -- Installing: /home/marina/Senior-Design/NavQPlus/install/rover_project/include/rover_project/rover_project/msg/detail/nav_goal__builder.hpp
[67.677s] -- Installing: /home/marina/Senior-Design/NavQPlus/install/rover_project/include/rover_project/rover_project/msg/detail/waypoint_list__builder.hpp
[67.678s] -- Installing: /home/marina/Senior-Design/NavQPlus/install/rover_project/include/rover_project/rover_project/msg/detail/gps_fix__traits.hpp
[67.679s] -- Installing: /home/marina/Senior-Design/NavQPlus/install/rover_project/include/rover_project/rover_project/msg/detail/proximity__struct.hpp
[67.680s] -- Installing: /home/marina/Senior-Design/NavQPlus/install/rover_project/include/rover_project/rover_project/msg/detail/imu_orientation__traits.hpp
[67.681s] -- Installing: /home/marina/Senior-Design/NavQPlus/install/rover_project/include/rover_project/rover_project/msg/detail/gps_fix__struct.hpp
[67.682s] -- Installing: /home/marina/Senior-Design/NavQPlus/install/rover_project/include/rover_project/rover_project/msg/detail/nav_goal__traits.hpp
[67.683s] -- Installing: /home/marina/Senior-Design/NavQPlus/install/rover_project/include/rover_project/rover_project/msg/detail/gps_fix__builder.hpp
[67.684s] -- Installing: /home/marina/Senior-Design/NavQPlus/install/rover_project/include/rover_project/rover_project/msg/waypoint_list.hpp
[67.685s] -- Installing: /home/marina/Senior-Design/NavQPlus/install/rover_project/include/rover_project/rover_project/msg/imu_orientation.hpp
[67.686s] -- Installing: /home/marina/Senior-Design/NavQPlus/install/rover_project/include/rover_project/rover_project/msg/nav_goal.hpp
[67.687s] -- Installing: /home/marina/Senior-Design/NavQPlus/install/rover_project/include/rover_project/rover_project/msg/gps_fix.hpp
[67.688s] -- Up-to-date: /home/marina/Senior-Design/NavQPlus/install/rover_project/include/rover_project/rover_project
[67.689s] -- Up-to-date: /home/marina/Senior-Design/NavQPlus/install/rover_project/include/rover_project/rover_project/msg
[67.690s] -- Installing: /home/marina/Senior-Design/NavQPlus/install/rover_project/include/rover_project/rover_project/msg/rosidl_typesupport_fastrtps_cpp__visibility_control.h
[67.691s] -- Up-to-date: /home/marina/Senior-Design/NavQPlus/install/rover_project/include/rover_project/rover_project/msg/detail
[67.693s] -- Installing: /home/marina/Senior-Design/NavQPlus/install/rover_project/include/rover_project/rover_project/msg/detail/nav_goal__rosidl_typesupport_fastrtps_cpp.hpp
[67.694s] -- Installing: /home/marina/Senior-Design/NavQPlus/install/rover_project/include/rover_project/rover_project/msg/detail/imu_orientation__rosidl_typesupport_fastrtps_cpp.hpp
[67.695s] -- Installing: /home/marina/Senior-Design/NavQPlus/install/rover_project/include/rover_project/rover_project/msg/detail/waypoint_list__rosidl_typesupport_fastrtps_cpp.hpp
[67.695s] -- Installing: /home/marina/Senior-Design/NavQPlus/install/rover_project/include/rover_project/rover_project/msg/detail/proximity__rosidl_typesupport_fastrtps_cpp.hpp
[67.697s] -- Installing: /home/marina/Senior-Design/NavQPlus/install/rover_project/include/rover_project/rover_project/msg/detail/gps_fix__rosidl_typesupport_fastrtps_cpp.hpp
[67.697s] -- Installing: /home/marina/Senior-Design/NavQPlus/install/rover_project/include/rover_project/rover_project/msg/detail/dds_fastrtps
[67.698s] -- Installing: /home/marina/Senior-Design/NavQPlus/install/rover_project/lib/librover_project__rosidl_typesupport_fastrtps_cpp.so
[67.699s] -- Set runtime path of "/home/marina/Senior-Design/NavQPlus/install/rover_project/lib/librover_project__rosidl_typesupport_fastrtps_cpp.so" to ""
[67.700s] -- Up-to-date: /home/marina/Senior-Design/NavQPlus/install/rover_project/include/rover_project/rover_project
[67.700s] -- Up-to-date: /home/marina/Senior-Design/NavQPlus/install/rover_project/include/rover_project/rover_project/msg
[67.701s] -- Up-to-date: /home/marina/Senior-Design/NavQPlus/install/rover_project/include/rover_project/rover_project/msg/detail
[67.702s] -- Installing: /home/marina/Senior-Design/NavQPlus/install/rover_project/include/rover_project/rover_project/msg/detail/proximity__type_support.cpp
[67.703s] -- Installing: /home/marina/Senior-Design/NavQPlus/install/rover_project/include/rover_project/rover_project/msg/detail/nav_goal__rosidl_typesupport_introspection_cpp.hpp
[67.704s] -- Installing: /home/marina/Senior-Design/NavQPlus/install/rover_project/include/rover_project/rover_project/msg/detail/nav_goal__type_support.cpp
[67.704s] -- Installing: /home/marina/Senior-Design/NavQPlus/install/rover_project/include/rover_project/rover_project/msg/detail/gps_fix__type_support.cpp
[67.705s] -- Installing: /home/marina/Senior-Design/NavQPlus/install/rover_project/include/rover_project/rover_project/msg/detail/proximity__rosidl_typesupport_introspection_cpp.hpp
[67.706s] -- Installing: /home/marina/Senior-Design/NavQPlus/install/rover_project/include/rover_project/rover_project/msg/detail/gps_fix__rosidl_typesupport_introspection_cpp.hpp
[67.707s] -- Installing: /home/marina/Senior-Design/NavQPlus/install/rover_project/include/rover_project/rover_project/msg/detail/imu_orientation__type_support.cpp
[67.707s] -- Installing: /home/marina/Senior-Design/NavQPlus/install/rover_project/include/rover_project/rover_project/msg/detail/imu_orientation__rosidl_typesupport_introspection_cpp.hpp
[67.708s] -- Installing: /home/marina/Senior-Design/NavQPlus/install/rover_project/include/rover_project/rover_project/msg/detail/waypoint_list__rosidl_typesupport_introspection_cpp.hpp
[67.709s] -- Installing: /home/marina/Senior-Design/NavQPlus/install/rover_project/include/rover_project/rover_project/msg/detail/waypoint_list__type_support.cpp
[67.710s] -- Installing: /home/marina/Senior-Design/NavQPlus/install/rover_project/lib/librover_project__rosidl_typesupport_introspection_cpp.so
[67.710s] -- Set runtime path of "/home/marina/Senior-Design/NavQPlus/install/rover_project/lib/librover_project__rosidl_typesupport_introspection_cpp.so" to ""
[67.711s] -- Installing: /home/marina/Senior-Design/NavQPlus/install/rover_project/lib/librover_project__rosidl_typesupport_cpp.so
[67.712s] -- Set runtime path of "/home/marina/Senior-Design/NavQPlus/install/rover_project/lib/librover_project__rosidl_typesupport_cpp.so" to ""
[67.713s] -- Installing: /home/marina/Senior-Design/NavQPlus/install/rover_project/share/rover_project/environment/pythonpath.sh
[67.714s] -- Installing: /home/marina/Senior-Design/NavQPlus/install/rover_project/share/rover_project/environment/pythonpath.dsv
[67.714s] -- Installing: /home/marina/Senior-Design/NavQPlus/install/rover_project/local/lib/python3.10/dist-packages/rover_project-0.0.0-py3.10.egg-info
[67.715s] -- Installing: /home/marina/Senior-Design/NavQPlus/install/rover_project/local/lib/python3.10/dist-packages/rover_project-0.0.0-py3.10.egg-info/PKG-INFO
[67.716s] -- Installing: /home/marina/Senior-Design/NavQPlus/install/rover_project/local/lib/python3.10/dist-packages/rover_project-0.0.0-py3.10.egg-info/SOURCES.txt
[67.716s] -- Installing: /home/marina/Senior-Design/NavQPlus/install/rover_project/local/lib/python3.10/dist-packages/rover_project-0.0.0-py3.10.egg-info/dependency_links.txt
[67.717s] -- Installing: /home/marina/Senior-Design/NavQPlus/install/rover_project/local/lib/python3.10/dist-packages/rover_project-0.0.0-py3.10.egg-info/top_level.txt
[67.719s] -- Installing: /home/marina/Senior-Design/NavQPlus/install/rover_project/local/lib/python3.10/dist-packages/rover_project
[67.720s] -- Installing: /home/marina/Senior-Design/NavQPlus/install/rover_project/local/lib/python3.10/dist-packages/rover_project/rover_project_s__rosidl_typesupport_introspection_c.cpython-310-aarch64-linux-gnu.so
[67.720s] -- Installing: /home/marina/Senior-Design/NavQPlus/install/rover_project/local/lib/python3.10/dist-packages/rover_project/_rover_project_s.ep.rosidl_typesupport_fastrtps_c.c
[67.721s] -- Installing: /home/marina/Senior-Design/NavQPlus/install/rover_project/local/lib/python3.10/dist-packages/rover_project/__init__.py
[67.722s] -- Installing: /home/marina/Senior-Design/NavQPlus/install/rover_project/local/lib/python3.10/dist-packages/rover_project/_rover_project_s.ep.rosidl_typesupport_introspection_c.c
[67.723s] -- Installing: /home/marina/Senior-Design/NavQPlus/install/rover_project/local/lib/python3.10/dist-packages/rover_project/msg
[67.723s] -- Installing: /home/marina/Senior-Design/NavQPlus/install/rover_project/local/lib/python3.10/dist-packages/rover_project/msg/_proximity.py
[67.724s] -- Installing: /home/marina/Senior-Design/NavQPlus/install/rover_project/local/lib/python3.10/dist-packages/rover_project/msg/_nav_goal.py
[67.725s] -- Installing: /home/marina/Senior-Design/NavQPlus/install/rover_project/local/lib/python3.10/dist-packages/rover_project/msg/_gps_fix_s.c
[67.726s] -- Installing: /home/marina/Senior-Design/NavQPlus/install/rover_project/local/lib/python3.10/dist-packages/rover_project/msg/_imu_orientation.py
[67.727s] -- Installing: /home/marina/Senior-Design/NavQPlus/install/rover_project/local/lib/python3.10/dist-packages/rover_project/msg/__init__.py
[67.728s] -- Installing: /home/marina/Senior-Design/NavQPlus/install/rover_project/local/lib/python3.10/dist-packages/rover_project/msg/_imu_orientation_s.c
[67.729s] -- Installing: /home/marina/Senior-Design/NavQPlus/install/rover_project/local/lib/python3.10/dist-packages/rover_project/msg/_waypoint_list_s.c
[67.729s] -- Installing: /home/marina/Senior-Design/NavQPlus/install/rover_project/local/lib/python3.10/dist-packages/rover_project/msg/_waypoint_list.py
[67.730s] -- Installing: /home/marina/Senior-Design/NavQPlus/install/rover_project/local/lib/python3.10/dist-packages/rover_project/msg/_gps_fix.py
[67.731s] -- Installing: /home/marina/Senior-Design/NavQPlus/install/rover_project/local/lib/python3.10/dist-packages/rover_project/msg/_proximity_s.c
[67.732s] -- Installing: /home/marina/Senior-Design/NavQPlus/install/rover_project/local/lib/python3.10/dist-packages/rover_project/msg/_nav_goal_s.c
[67.732s] -- Installing: /home/marina/Senior-Design/NavQPlus/install/rover_project/local/lib/python3.10/dist-packages/rover_project/_rover_project_s.ep.rosidl_typesupport_c.c
[67.733s] -- Installing: /home/marina/Senior-Design/NavQPlus/install/rover_project/local/lib/python3.10/dist-packages/rover_project/rover_project_s__rosidl_typesupport_c.cpython-310-aarch64-linux-gnu.so
[67.734s] -- Installing: /home/marina/Senior-Design/NavQPlus/install/rover_project/local/lib/python3.10/dist-packages/rover_project/librover_project__rosidl_generator_py.so
[67.735s] -- Installing: /home/marina/Senior-Design/NavQPlus/install/rover_project/local/lib/python3.10/dist-packages/rover_project/rover_project_s__rosidl_typesupport_fastrtps_c.cpython-310-aarch64-linux-gnu.so
[68.000s] Listing '/home/marina/Senior-Design/NavQPlus/install/rover_project/local/lib/python3.10/dist-packages/rover_project'...
[68.001s] Compiling '/home/marina/Senior-Design/NavQPlus/install/rover_project/local/lib/python3.10/dist-packages/rover_project/__init__.py'...
[68.002s] Listing '/home/marina/Senior-Design/NavQPlus/install/rover_project/local/lib/python3.10/dist-packages/rover_project/msg'...
[68.002s] Compiling '/home/marina/Senior-Design/NavQPlus/install/rover_project/local/lib/python3.10/dist-packages/rover_project/msg/__init__.py'...
[68.003s] Compiling '/home/marina/Senior-Design/NavQPlus/install/rover_project/local/lib/python3.10/dist-packages/rover_project/msg/_gps_fix.py'...
[68.004s] Compiling '/home/marina/Senior-Design/NavQPlus/install/rover_project/local/lib/python3.10/dist-packages/rover_project/msg/_imu_orientation.py'...
[68.005s] Compiling '/home/marina/Senior-Design/NavQPlus/install/rover_project/local/lib/python3.10/dist-packages/rover_project/msg/_nav_goal.py'...
[68.006s] Compiling '/home/marina/Senior-Design/NavQPlus/install/rover_project/local/lib/python3.10/dist-packages/rover_project/msg/_proximity.py'...
[68.006s] Compiling '/home/marina/Senior-Design/NavQPlus/install/rover_project/local/lib/python3.10/dist-packages/rover_project/msg/_waypoint_list.py'...
[68.053s] -- Installing: /home/marina/Senior-Design/NavQPlus/install/rover_project/local/lib/python3.10/dist-packages/rover_project/rover_project_s__rosidl_typesupport_fastrtps_c.cpython-310-aarch64-linux-gnu.so
[68.055s] -- Set runtime path of "/home/marina/Senior-Design/NavQPlus/install/rover_project/local/lib/python3.10/dist-packages/rover_project/rover_project_s__rosidl_typesupport_fastrtps_c.cpython-310-aarch64-linux-gnu.so" to ""
[68.057s] -- Installing: /home/marina/Senior-Design/NavQPlus/install/rover_project/local/lib/python3.10/dist-packages/rover_project/rover_project_s__rosidl_typesupport_introspection_c.cpython-310-aarch64-linux-gnu.so
[68.058s] -- Set runtime path of "/home/marina/Senior-Design/NavQPlus/install/rover_project/local/lib/python3.10/dist-packages/rover_project/rover_project_s__rosidl_typesupport_introspection_c.cpython-310-aarch64-linux-gnu.so" to ""
[68.060s] -- Installing: /home/marina/Senior-Design/NavQPlus/install/rover_project/local/lib/python3.10/dist-packages/rover_project/rover_project_s__rosidl_typesupport_c.cpython-310-aarch64-linux-gnu.so
[68.062s] -- Set runtime path of "/home/marina/Senior-Design/NavQPlus/install/rover_project/local/lib/python3.10/dist-packages/rover_project/rover_project_s__rosidl_typesupport_c.cpython-310-aarch64-linux-gnu.so" to ""
[68.063s] -- Installing: /home/marina/Senior-Design/NavQPlus/install/rover_project/lib/librover_project__rosidl_generator_py.so
[68.065s] -- Set runtime path of "/home/marina/Senior-Design/NavQPlus/install/rover_project/lib/librover_project__rosidl_generator_py.so" to ""
[68.067s] -- Installing: /home/marina/Senior-Design/NavQPlus/install/rover_project/share/rover_project/msg/Proximity.idl
[68.068s] -- Installing: /home/marina/Senior-Design/NavQPlus/install/rover_project/share/rover_project/msg/GpsFix.idl
[68.069s] -- Installing: /home/marina/Senior-Design/NavQPlus/install/rover_project/share/rover_project/msg/ImuOrientation.idl
[68.070s] -- Installing: /home/marina/Senior-Design/NavQPlus/install/rover_project/share/rover_project/msg/NavGoal.idl
[68.071s] -- Installing: /home/marina/Senior-Design/NavQPlus/install/rover_project/share/rover_project/msg/WaypointList.idl
[68.072s] -- Installing: /home/marina/Senior-Design/NavQPlus/install/rover_project/share/rover_project/msg/Proximity.msg
[68.073s] -- Installing: /home/marina/Senior-Design/NavQPlus/install/rover_project/share/rover_project/msg/GpsFix.msg
[68.074s] -- Installing: /home/marina/Senior-Design/NavQPlus/install/rover_project/share/rover_project/msg/ImuOrientation.msg
[68.075s] -- Installing: /home/marina/Senior-Design/NavQPlus/install/rover_project/share/rover_project/msg/NavGoal.msg
[68.076s] -- Installing: /home/marina/Senior-Design/NavQPlus/install/rover_project/share/rover_project/msg/WaypointList.msg
[68.077s] -- Installing: /home/marina/Senior-Design/NavQPlus/install/rover_project/lib/rover_project/can_bridge_node.py
[68.078s] -- Installing: /home/marina/Senior-Design/NavQPlus/install/rover_project/lib/rover_project/uart_node.py
[68.079s] -- Installing: /home/marina/Senior-Design/NavQPlus/install/rover_project/lib/rover_project/autonomous_drive_node.py
[68.080s] -- Installing: /home/marina/Senior-Design/NavQPlus/install/rover_project/lib/rover_project/bluetooth_node.py
[68.082s] -- Installing: /home/marina/Senior-Design/NavQPlus/install/rover_project/lib/rover_project/path_planner_node.py
[68.083s] -- Installing: /home/marina/Senior-Design/NavQPlus/install/rover_project/lib/rover_project/waypoint_follower_node.py
[68.085s] -- Installing: /home/marina/Senior-Design/NavQPlus/install/rover_project/lib/rover_project/send_goal.py
[68.086s] -- Installing: /home/marina/Senior-Design/NavQPlus/install/rover_project/lib/rover_project/audio_IO.py
[68.087s] -- Installing: /home/marina/Senior-Design/NavQPlus/install/rover_project/share/rover_project/launch
[68.088s] -- Installing: /home/marina/Senior-Design/NavQPlus/install/rover_project/share/rover_project/launch/rover_launch.py
[68.089s] -- Installing: /home/marina/Senior-Design/NavQPlus/install/rover_project/share/rover_project/rover.dbc
[68.091s] -- Installing: /home/marina/Senior-Design/NavQPlus/install/rover_project/share/rover_project/maps
[68.092s] -- Installing: /home/marina/Senior-Design/NavQPlus/install/rover_project/share/rover_project/maps/UCR_Centerlines.shp
[68.095s] -- Installing: /home/marina/Senior-Design/NavQPlus/install/rover_project/share/rover_project/maps/UCR_Centerlines.dbf
[68.100s] -- Installing: /home/marina/Senior-Design/NavQPlus/install/rover_project/share/rover_project/maps/UCR_Centerlines.shx
[68.101s] -- Installing: /home/marina/Senior-Design/NavQPlus/install/rover_project/share/rover_project/maps/UCR_Centerlines.prj
[68.102s] -- Installing: /home/marina/Senior-Design/NavQPlus/install/rover_project/share/rover_project/package.xml
[68.103s] -- Installing: /home/marina/Senior-Design/NavQPlus/install/rover_project/share/ament_index/resource_index/package_run_dependencies/rover_project
[68.105s] -- Installing: /home/marina/Senior-Design/NavQPlus/install/rover_project/share/ament_index/resource_index/parent_prefix_path/rover_project
[68.106s] -- Installing: /home/marina/Senior-Design/NavQPlus/install/rover_project/share/rover_project/environment/ament_prefix_path.sh
[68.108s] -- Installing: /home/marina/Senior-Design/NavQPlus/install/rover_project/share/rover_project/environment/ament_prefix_path.dsv
[68.109s] -- Installing: /home/marina/Senior-Design/NavQPlus/install/rover_project/share/rover_project/environment/path.sh
[68.110s] -- Installing: /home/marina/Senior-Design/NavQPlus/install/rover_project/share/rover_project/environment/path.dsv
[68.111s] -- Installing: /home/marina/Senior-Design/NavQPlus/install/rover_project/share/rover_project/local_setup.bash
[68.112s] -- Installing: /home/marina/Senior-Design/NavQPlus/install/rover_project/share/rover_project/local_setup.sh
[68.113s] -- Installing: /home/marina/Senior-Design/NavQPlus/install/rover_project/share/rover_project/local_setup.zsh
[68.114s] -- Installing: /home/marina/Senior-Design/NavQPlus/install/rover_project/share/rover_project/local_setup.dsv
[68.115s] -- Installing: /home/marina/Senior-Design/NavQPlus/install/rover_project/share/rover_project/package.dsv
[68.116s] -- Installing: /home/marina/Senior-Design/NavQPlus/install/rover_project/share/ament_index/resource_index/packages/rover_project
[68.117s] -- Installing: /home/marina/Senior-Design/NavQPlus/install/rover_project/share/rover_project/cmake/export_rover_project__rosidl_generator_cExport.cmake
[68.118s] -- Installing: /home/marina/Senior-Design/NavQPlus/install/rover_project/share/rover_project/cmake/export_rover_project__rosidl_generator_cExport-noconfig.cmake
[68.119s] -- Installing: /home/marina/Senior-Design/NavQPlus/install/rover_project/share/rover_project/cmake/export_rover_project__rosidl_typesupport_fastrtps_cExport.cmake
[68.121s] -- Installing: /home/marina/Senior-Design/NavQPlus/install/rover_project/share/rover_project/cmake/export_rover_project__rosidl_typesupport_fastrtps_cExport-noconfig.cmake
[68.122s] -- Installing: /home/marina/Senior-Design/NavQPlus/install/rover_project/share/rover_project/cmake/rover_project__rosidl_typesupport_introspection_cExport.cmake
[68.123s] -- Installing: /home/marina/Senior-Design/NavQPlus/install/rover_project/share/rover_project/cmake/rover_project__rosidl_typesupport_introspection_cExport-noconfig.cmake
[68.124s] -- Installing: /home/marina/Senior-Design/NavQPlus/install/rover_project/share/rover_project/cmake/rover_project__rosidl_typesupport_cExport.cmake
[68.125s] -- Installing: /home/marina/Senior-Design/NavQPlus/install/rover_project/share/rover_project/cmake/rover_project__rosidl_typesupport_cExport-noconfig.cmake
[68.126s] -- Installing: /home/marina/Senior-Design/NavQPlus/install/rover_project/share/rover_project/cmake/export_rover_project__rosidl_generator_cppExport.cmake
[68.127s] -- Installing: /home/marina/Senior-Design/NavQPlus/install/rover_project/share/rover_project/cmake/export_rover_project__rosidl_typesupport_fastrtps_cppExport.cmake
[68.128s] -- Installing: /home/marina/Senior-Design/NavQPlus/install/rover_project/share/rover_project/cmake/export_rover_project__rosidl_typesupport_fastrtps_cppExport-noconfig.cmake
[68.130s] -- Installing: /home/marina/Senior-Design/NavQPlus/install/rover_project/share/rover_project/cmake/rover_project__rosidl_typesupport_introspection_cppExport.cmake
[68.131s] -- Installing: /home/marina/Senior-Design/NavQPlus/install/rover_project/share/rover_project/cmake/rover_project__rosidl_typesupport_introspection_cppExport-noconfig.cmake
[68.132s] -- Installing: /home/marina/Senior-Design/NavQPlus/install/rover_project/share/rover_project/cmake/rover_project__rosidl_typesupport_cppExport.cmake
[68.133s] -- Installing: /home/marina/Senior-Design/NavQPlus/install/rover_project/share/rover_project/cmake/rover_project__rosidl_typesupport_cppExport-noconfig.cmake
[68.134s] -- Installing: /home/marina/Senior-Design/NavQPlus/install/rover_project/share/rover_project/cmake/export_rover_project__rosidl_generator_pyExport.cmake
[68.135s] -- Installing: /home/marina/Senior-Design/NavQPlus/install/rover_project/share/rover_project/cmake/export_rover_project__rosidl_generator_pyExport-noconfig.cmake
[68.136s] -- Installing: /home/marina/Senior-Design/NavQPlus/install/rover_project/share/rover_project/cmake/rosidl_cmake-extras.cmake
[68.137s] -- Installing: /home/marina/Senior-Design/NavQPlus/install/rover_project/share/rover_project/cmake/ament_cmake_export_include_directories-extras.cmake
[68.138s] -- Installing: /home/marina/Senior-Design/NavQPlus/install/rover_project/share/rover_project/cmake/ament_cmake_export_libraries-extras.cmake
[68.139s] -- Installing: /home/marina/Senior-Design/NavQPlus/install/rover_project/share/rover_project/cmake/ament_cmake_export_targets-extras.cmake
[68.140s] -- Installing: /home/marina/Senior-Design/NavQPlus/install/rover_project/share/rover_project/cmake/rosidl_cmake_export_typesupport_targets-extras.cmake
[68.141s] -- Installing: /home/marina/Senior-Design/NavQPlus/install/rover_project/share/rover_project/cmake/ament_cmake_export_dependencies-extras.cmake
[68.142s] -- Installing: /home/marina/Senior-Design/NavQPlus/install/rover_project/share/rover_project/cmake/rosidl_cmake_export_typesupport_libraries-extras.cmake
[68.143s] -- Installing: /home/marina/Senior-Design/NavQPlus/install/rover_project/share/rover_project/cmake/rover_projectConfig.cmake
[68.144s] -- Installing: /home/marina/Senior-Design/NavQPlus/install/rover_project/share/rover_project/cmake/rover_projectConfig-version.cmake
[68.145s] -- Up-to-date: /home/marina/Senior-Design/NavQPlus/install/rover_project/share/rover_project/package.xml
[68.156s] Invoked command in '/home/marina/Senior-Design/NavQPlus/build/rover_project' returned '0': CMAKE_PREFIX_PATH=/opt/ros/humble /usr/bin/cmake --install /home/marina/Senior-Design/NavQPlus/build/rover_project
